2333846504
2334932187
2334329202
2334667715
2335703293
2335083897
2334528190
2334746193
2336183093
2335996851
2337163118
2337221170
2337145463
2338612781
2338108023
2338358517
2338674493
2338358070
2338498064
2337985734
2335690950
2338357605
2335522484
2339509491
2341276901
2333986213
2343236002
2343235616
2341319294
2339320494
2339946078
2340152764
2339345564
2339345544
2340440228
2341929036
2337721839
2339821207
2341582961
2341539758
2336627547
2344094130
2338060088
2345817913
2341309250
2336461450
2342238548
2339570980
2336461400
2339505948
2334839016
2341593555
2343836283
2344091156
2335807280
2343693174
2346957824
2344262587
2335888189
2341326538
2344823447
2342906596
2336462096
2339825706
2344860561
2346406055
2345457521
2346099989
2337814329
2348099242
2344497067
2349661883
2351150071
2354608448
2339830400
2350203047
2338162686
2345835983
2352062220
2346807382
2338289155
2341553461
2351878976
2351395010
2338902601
2350164296
2336662823
2351744060
2347126181
2347757456
2355794416
2358487123
2354552985
2359158759
2356592565
2349847069
2345939763
2356592695
2358912998
2357454310
2354065314
2360550323
2355394511
2337372664
2357260732
2362608469
2357445783
2351631752
2362295481
2352872049
2357869396
2358386342
2356293014
2359616596
2358933967
2355219654
2347942419
2358702966
2362862543
2358888427
2355789272
2356434322
2363039854
2358756054
2359473354
2353192767
2358144477
2359369151
2353198378
2355002704
2361543403
2359753651
2349406033
2359594932
2365164204
2358109083
2360102124
2355424101
2359690705
2356602858
2349691384
2341588035
2361988070
2356488109
2358497604
2358205629
2361628963
2360957299
2368207236
2360983369
2364509893
2365016513
2366736683
2365088255
2365714607
2367484449
2369964593
2352388416
2368607295
2363122602
2368599029
2373817696
2369925663
2363448584
2372751199
2373950504
2352586910
2369183637
2370205123
2375898410
2373760137
2360369952
2364726592
2348287072
2362338450
2345724080
2352626296
2374226293
2374582921
2365194078
2373623483
2373654633
2375407801
2378729053
2374988419
2371903527
2373850304
2347007593
2373498090
2373307975
2371882037
2367562333
2375496099
2368444560
2371861460
2340640856
2349880996
2348178344
2376889741
2383078990
2372731973
2355252036
2373989617
2375864459
2359042015
2377094803
2385541508
2380805902
2379320279
2377931753
2377371078
2383678375
2383283978
2378281459
2378361248
2365365767
2360297017
2383706734
2357219595
2380775109
2370930525
2377545993
2377759655
2383572563
2386951840
2378861155
2383799499
2380926542
2363261874
2373869479
2390609289
2389427628
2386723117
2378193397
2386739434
2381807384
2386041145
2347527987
2386803296
2381806826
2364977509
2363192063
2362925026
2385877267
2392211286
2385904568
2381965108
2370771300
2374860762
2347041970
2392529473
2355881375
2365705785
2391036473
2376928530
2393514802
2377718466
2393227450
2349512482
2387332474
2397233299
2396817626
2393263216
2393859252
2395658178
2362315925
2394401451
2391185816
2390949301
2391537249
2375833820
2356932938
2397668865
2372451191
2365459457
2386675734
2384480137
2391406804
2342602648
2375973561
2404168428
2365436940
2401766969
2393970355
2392240017
2380670906
2404185483
2404137216
2399479471
2405462787
2399264342
2354223116
2396339497
2401503676
2367413740
2368065830
2384355492
2396117260
2372179250
2405131823
2409978480
2393190136
2406466509
2377125647
2408408203
2406568296
2406157112
2405154813
2393365121
2394307050
2408501381
2409201176
2407143813
2407789555
2409164857
2401457945
2368695531
2397148970
2408360466
2410844506
2407883201
2408389158
2386014672
2409524714
2412172154
2409503142
2411948706
2399883309
2412145414
2411656206
2410187578
2414525310
2404756234
2394637857
2395493652
2419455060
2415970413
2417187009
2374918181
2416174754
2416829661
2418009331
2416444198
2348822251
2414852457
2390237443
2421496053
2418811363
2376366374
2424442127
2399832246
2414513100
2398271351
2419411943
2416047480
2335089985
2425403541
2392858407
2426565597
2420619985
2383895967
2429133394
2428132875
2421315597
2425888651
2378355608
2360417019
2388939985
2398147576
2426642444
2429991290
2403312923
2431433023
2360417425
2342413260
2430295459
2428543215
2427752105
2430959936
2393304086
2405313834
2431957081
2380804120
2434417189
2420165482
2348814967
2393471602
2341304520
2435881267
2430875344
2418186472
2436042202
2377050613
2431462404
2377415548
2431208947
2378187272
2392770246
2420587541
2358825256
2420504387
2426152876
2433399556
2407227951
2404769446
2381477265
2423273170
2432147217
2354824427
2436274923
2413058576
2441438938
2434394632
2426746013
2414197064
2435546050
2432988480
2436961241
2419064835
2434150695
2388287211
2439621013
2435711583
2389564523
2434470862
2436408473
2409067802
2437129466
2434396020
2439884547
2431939428
2440416613
2424964985
2447325869
2426278620
2431738058
2409439338
2409772073
2440952563
2441613927
2418013678
2411756961
2414615898
2446836023
2342254088
2447844787
2408997818
2424616270
2446652962
2440634367
2389165405
2431581540
2450797814
2444559616
2396371019
2432716566
2438223724
2402552039
2453364937
2451736170
2454969815
2382713167
2412475187
2401796881
2436069394
2436541879
2447094188
2342328157
2444238567
2440520450
2457410868
2366340927
2447539529
2421056543
2407929756
2418058980
2456796076
2440896666
2441799584
2454356995
2404797484
2440885736
2457176766
2430169153
2446792002
2455392556
2366340557
2441604758
2437105768
2439155320
2459387683
2369022029
2371480927
2436522897
2442190728
2418440247
2456691011
2460242437
2452372627
2448884693
2357431135
2390710443
2408237645
2397394878
2457839037
2340331956
2445210797
2355015741
2460282202
2456421223
2346240870
2447469903
2446927853
2447712546
2461736458
2464904256
2414069204
2462358747
2425710022
2460599423
2458984556
2465207855
2444198660
2389636697
2472001684
2461091702
2464504123
2459709528
2463868249
2460689695
2456947205
2455798131
2453106433
2433735900
2465335825
2463035947
2440789251
2410280660
2454049715
2395785347
2401916077
2442265181
2441989728
2456698192
2464850206
2469256200
2470619593
2371907799
2467034433
2472567024
2455522709
2414332692
2426516717
2470977163
2468773439
2471754455
2472798924
2448894334
2452793271
2474696143
2473518744
2467900241
2474152544
2453298956
2472498792
2443545016
2390611981
2433779062
2439254014
2348988642
2398069316
2435314103
2477455312
2481976518
2350739958
2476317478
2457115883
2475917037
2421830388
2475513426
2478444213
2399183023
2484533644
2480507397
2488421143
2485280248
2489286556
2486203453
2417303188
2481975738
2483605780
2424336994
2479246302
2419348804
2481651397
2471881584
2460068867
2484013030
2482217037
2485468725
2482908738
2415457796
2383545405
2430806706
2473571857
2395255434
2493008949
2404723897
2488873085
2497905625
2476806436
2492025566
2489779647
2466369593
2407631099
2496351298
2491969323
2405672856
2495696370
2397911907
2493563103
2499009859
2447414133
2481275276
2507736483
2496985706
2478045517
2454496559
2451612250
2374202131
2479971867
2443680209
2503356822
2480139393
2438903707
2480162469
2434671015
2510201046
2500069939
2439702373
2494400147
2509002675
2507577932
2433675926
2472979908
2406533046
2464975297
2503985472
2471831356
2384995869
2477524466
2502778563
2507198945
2506764440
2397995567
2431692243
2513979283
2518024663
2508106956
2508937251
2482354632
2452234167
2496287739
2471059344
2415666442
2509301650
2497650811
2417966117
2425909730
2510094689
2517807342
2405674421
2515906933
2510923376
2463720977
2485763844
2493943155
2503519124
2457893793
2346510095
2445900753
2402824442
2518636962
2440303657
2446890149
2346790070
2499648632
2520363247
2472642695
2479820938
2487078278
2524413937
2438513204
2524927031
2481661373
2505212396
2465836250
2507608624
2525496275
2497638973
2368661967
2450554575
2406427358
2521129489
2520648616
2509203659
2482501553
2498450037
2512140404
2391243640
2508752137
2517763197
2355314843
2453510834
2523619289
2394374344
2533325945
2391596953
2458986125
2481961406
2464566474
2413832886
2522621425
2532854945
2453255060
2500071906
2441031826
2356753288
2495174991
2492690184
2453956167
2465407694
2509884736
2506831469
2492465308
2529847175
2522331678
2530532867
2535967151
2533013146
2469718171
2457666357
2508225540
2538461477
2545276144
2440103224
2534324375
2441743121
2519196150
2473664780
2515658376
2477443805
2538939502
2541309232
2542353197
2542941933
2527002544
2536283371
2461146418
2524356203
2542044104
2537863893
2542484150
2485562548
2538014732
2470594916
2543082121
2505564430
2543860331
2538367786
2520175084
2548930158
2515279353
2484538309
2548431895
2410879253
2549254643
2481815944
2539115976
2542656993
2557556545
2550775847
2508709186
2407744531
2541822206
2482800985
2519084173
2450113261
2551410753
2357812881
2394079674
2550495187
2514313411
2553128196
2451201404
