2333333452
2333783736
2333783533
2333333781
2336813271
2336200903
2339171575
2337068456
2335514012
2336787469
2334625961
2341511308
2337417222
2338312644
2341114446
2334492591
2333422656
2339929078
2339947712
2337656481
2342379410
2339372040
2342068328
2336559868
2334942221
2338177734
2333333779
2335012870
2342522890
2335291812
2335287375
2335967311
2340691937
2344609105
2343000492
2336210312
2337076703
2339316345
2336660303
2336210848
2336145831
2336947305
2335564465
2337279627
2345283359
2345686967
2337768432
2338100722
2349755070
2338500803
2344416501
2337488228
2346418543
2341009293
2351301061
2345827114
2340409519
2339493733
2340603773
2346805717
2347264796
2343095814
2336050187
2347765256
2348239407
2350729071
2351576889
2343516528
2342747745
2348903172
2342571343
2342356446
2341112771
2342166246
2341847813
2343874456
2355204981
2348808563
2344357687
2350846956
2337520453
2354569368
2343931944
2345265610
2345127215
2352341664
2356678071
2343390885
2341573168
2346225195
2345373146
2346933448
2360791806
2354133442
2359615433
2346501201
2346433081
2353985080
2354314045
2345684298
2353223107
2353094160
2347955206
2358667085
2345591440
2347287865
2357356223
2359372326
2354588527
2343915590
2352332330
2364321518
2342388698
2362287806
2343935265
2364231512
2343557671
2359395282
2348272805
2358849349
2349203288
2351395179
2368693241
2350399669
2369206700
2358294230
2347879056
2369943190
2358273074
2369205392
2370358397
2340319037
2371840507
2344813198
2378718291
2379179001
2348705609
2367727572
2376734034
2351436207
2369415244
2356798737
2374859452
2369720406
2369720470
2377618412
2365869187
2355172076
2343285437
2385666222
2368867555
2354664200
2347453242
2364308596
2382509657
2360632703
2356405084
2370532448
2375154335
2360953594
2386268585
2371779456
2383585440
2365231344
2371038627
2357709023
2354219269
2339074373
2371880469
2372298055
2377185078
2350517635
2364991427
2390400956
2356773980
2352513168
2342722224
2389571722
2361580769
2365974945
2371240773
2378618425
2380176963
2365169343
2368281221
2354987063
2384678962
2380592589
2381738072
2354095431
2369064498
2388673881
2390910503
2368995442
2388175806
2391067773
2380415481
2387709275
2378205687
2397486211
2369058384
2392661613
2355731294
2393683228
2374532683
2350056794
2354180759
2394173086
2372727191
2362377035
2388091738
2370629743
2366330461
2383530049
2379727881
2393198985
2379799691
2345634619
2388413335
2362119073
2384012243
2393894447
2369613671
2368538028
2361683330
2373894610
2382159194
2397222469
2352158524
2365891547
2392090330
2399567805
2379051885
2399790752
2405960333
2336956124
2360900923
2351796699
2405636611
2384667562
2394046115
2396315874
2374646453
2380731436
2404549290
2372251714
2380972653
2399113579
2398350468
2391035275
2349455079
2405030603
2358970031
2351438464
2383172307
2397365586
2403217880
2397508060
2363617402
2362531593
2380281925
2360739392
2378687829
2375859313
2408550492
2406338972
2363513403
2399362125
2393923972
2406028407
2413435349
2400070879
2411268957
2371865584
2400055471
2412909550
2362680691
2410624882
2408810472
2354468734
2404316710
2384319621
2366059627
2351236940
2352725600
2379531631
2405573393
2396138384
2378085469
2371797517
2397905305
2350954738
2396435998
2397092411
2394053340
2408583145
2404820397
2367931343
2403826599
2406806871
2417932919
2419704837
2414597222
2367174070
2387390538
2411031622
2371751413
2358827107
2384963879
2394926055
2375665971
2387435136
2409478188
2378744134
2360077011
2425802849
2344361211
2413580600
2427671939
2359212935
2378671621
2420373843
2409845941
2418701644
2420470737
2419205457
2402441635
2426312712
2358848368
2415390746
2384830074
2419026083
2373257076
2348186072
2420022145
1000000000000000
2428117405
2413689634
2416482085
2350462413
2423111952
2384887596
2415368389
2388040465
2395987029
2397209190
2429805788
2418387454
2390647756
2417944236
2418460492
2427863389
2383427585
2419935203
2398599319
2362186694
2408470575
2416024455
2425717543
2423679797
2422865730
2423846439
2390823155
2410157098
2427081279
2355421899
2429226811
2425866802
2424072392
2431191035
2428738423
2392088357
2416293386
2348857643
1000000000000000
2416158873
2420826748
2405543989
2401974258
2365298794
2417194115
2426995147
2437534412
2415546103
2433206927
2429834747
2393207752
2429580369
2417558175
2428802075
2422990996
2391639867
2439800392
2442481922
2377902423
2431793719
2436167858
2442076171
2432859950
2373021018
2394395111
2440136882
2439909251
2430039950
2422588057
2412524301
2395521126
2348599440
2394552363
2389629769
2385990432
2361973130
2419399723
2360522454
2393806939
2440925475
2435801490
2427642809
2383263216
2383035402
2344622996
2434684119
2436168882
2443843602
2448015118
2360488954
2441178581
2432640999
2399386179
2356498302
2362124838
2445793232
2403663719
2342748510
2438469320
2422154294
2432867335
2421670939
2360657130
2447923963
2439274893
2435381649
2452000511
2356113021
2452573880
2414962452
2442695536
2415174043
2449113715
2419824600
2452042629
2461643878
2404688581
2385815134
2453913922
2461472409
2392634667
2412580392
2345070349
2393304305
2437057113
2366689018
2372051357
2388107398
2436546627
2437152424
2446203219
2452986616
2460659470
2458933335
2436611812
2420183640
2416133926
2430028958
2457439535
2442301667
2413727947
2412247778
2465881115
2466068703
2465352639
2452850005
2438248918
2384879373
2460647186
2429225398
2364035960
2443317355
2384866249
2379698254
2439396860
2453672724
2437627626
2406933019
2444566206
2465676341
2461176610
2387394753
2423897676
2407374903
2478889171
2366037281
2444083020
2392330322
2449463493
2440369341
2450089859
2359673722
2430596669
2447650549
2363138265
2362508690
2425055139
2462630927
2435800456
2459675425
2386300878
2439144837
2442979799
2393183063
2452744502
2454421559
2470880845
2449828027
2414674320
2450168215
2397678608
2463868888
2486983717
2443080852
2471463660
2486079361
2461116266
2463310470
2406622803
2392118898
2460017551
2438703656
2411637351
2384665277
2406888351
2387585949
2480562858
2427899103
2477977728
2397004851
2391043417
2434475964
2459907215
2490470752
2396968997
2490983252
2377534417
2444046481
2467458160
2491549396
2405188909
2420865250
2360077217
2401791331
2484269065
2472246234
2397783911
2425811486
2476014858
2485574623
2469038294
2440732476
2369184660
2387909250
2487535247
2476924167
2497953424
2460206669
2481206732
2475428227
2475172783
2353818493
2461838159
2491327160
2371918902
2492289813
2418918779
2483900972
2457301406
2397140112
2463121884
2448477026
2379743138
2465015671
2450400504
2465666290
2377220824
2499199062
2401344402
2414777908
2489440266
2346425176
2416481701
2492460368
2430074633
2376281042
2444329812
2492688559
2469263940
2497255812
2480043194
2466711500
2475162696
2376818460
2490190189
2454783748
2342400918
2470326791
2496681788
2471052422
2416471424
2502803796
2423399193
2470789995
2440530093
2406399951
2359175698
2504977442
2475814600
2473291870
2486201589
2367156744
2494369880
2491067688
2466553564
2492533686
2468610944
2502196219
2378682514
2426698615
2485985502
2372665233
2474568521
2409628248
2462008184
2419939333
2430118074
2376544638
2501589980
2438089592
2403129255
2376946030
2412102451
2403192603
2457037301
2404632012
2458929554
2460098177
2382400541
2420697841
2498727892
2481537456
2404510044
2405071830
2469602804
2483844101
2449161676
2437592900
2484440515
2495211953
2416508801
2499996887
2492720552
2508377001
2432873169
2411293083
2378499186
2404922156
2413444764
2477433135
2480157830
2499082097
2462075474
2438034868
2487894408
2503176507
2430088706
2512813030
2506692013
2520861282
2488840236
2361756668
2515231211
2510592281
2380106551
2463867551
2501056521
2500947588
2357625176
2515088872
2511900978
2499891142
2491108841
2492073773
2369954001
2516787321
2439433089
2507406341
2492562267
2435902618
2516109044
2466390507
2382438135
2517823627
2513473524
2347527298
2529478397
2456139693
2515032841
2444570927
2509679207
2486677408
2511682813
2523766369
2507223514
2507491892
2530157145
2506562118
2507352278
2532461268
2506969408
2519940076
2334892300
2520578118
2440526685
2505185291
2419005619
2466316663
2514103716
2423295682
2471415114
2385166644
2527558695
2526527979
2406944787
2455324079
2498667256
2395969244
2499934024
2365561851
2490682156
2464566160
2445248734
2469626281
2540480776
2532403607
2483551083
2397426763
2427832259
2529702244
2530982177
2542212233
2420174043
2445655670
2506998449
2521671693
2524089112
2451791370
2525122635
2512758131
2456563772
2506314360
2534561669
2435574021
2451089669
2384042364
2530266343
2551636774
2527604294
2424434900
2506493789
2529255404
2550747712
2347949246
2551455609
2474299505
2431426491
2507507662
2538848232
2533698096
2481389808
2492818481
2413873862
2541577380
2513273099
2396256864
2401516647
2499428126
2507312234
2386743362
2541830548
2522379898
2543869999
2535367690
2335351678
2520935121
2538103247
2496528679
2451792775
2534303876
2536577184
2388263313
2478321282
2524309822
2534086506
2550354088
2522435122
2425747236
2543075247
2550659718
2356314467
2493717657
2522601006
2493808445
2546198667
2561001322
2474480453
2543850005
2540273341
2429813312
2378902656
2444575713
2562768728
2373212141
2566136645
2500107100
2529260192
2564980832
2507131996
2523627388
2528560885
2374503841
2517088928
2388647125
2534815958
2528734116
2420151361
2433513364
2395048933
2420430799
2401429150
2358451534
2406675067
2532553318
2379805847
2517964639
2529217272
2551636413
2528881271
2553538884
2482323398
2496169904
2541049053
2528577662
2372725834
2497026851
2561667890
2561989077
2424793259
2518617964
2451506737
2571921379
2495153527
2524978520
2561059669
2495153527
2424388334
2455395493
2417507476
2534737946
2517017135
2569816705
2467147431
2542614054
2367856780
2424304443
2501532033
2537203537
2395051930
2561339437
2547998543
2474220472
2535538519
2404735593
2577919506
2433795391
2541495604
2461132363
2516611111
2564221359
2521278435
1000000000000000
2505496863
2511140919
2532167838
2391341081
2388323100
2540944889
2497784639
2476243021
2443099261
2449418006
2557343642
2516472743
2464117692
2523055955
2549193488
2545454064
2428141512
2488990451
2532819042
2570624408
2413733038
2562037438
2494208592
2421281213
2516768143
2542228941
2493136395
2536052195
2578371315
2408120819
2520048715
2459629155
2548927352
2339852474
2472683367
2536408309
2550995841
2577138914
2462529368
2575410925
2502985126
2437655563
2356594597
2481320585
2513575345
2459999305
2435005835
2472787490
2569297150
2569857106
2553992028
2538044048
2568126699
2566329639
2569553771
2515863099
2561288437
2583700179
2568082443
2461660725
2529001695
2521866367
2537418483
2450141077
2583972883
2468605333
2397225568
2487971832
2484801173
2491737549
2433012310
2508619567
2575105275
2463850120
2501276421
2553931345
2553429953
2510790550
2597351327
2581694072
2597024574
2433147448
2595578402
2590085508
2543930519
2528462920
2546133026
2433875263
2435356602
2491303856
2443953214
2558682769
2394432076
2582590330
2443711563
2580842108
2495912254
2454918754
2603757398
2373321588
2579392269
2417269478
2552926946
2390877221
2571311699
2588696278
2348351571
2592119154
2595994988
2344846369
2588478122
2610920687
2553483894
2443915302
2411091307
2574605874
2441784810
2399922157
2387133017
2609713203
2445401474
2562828713
2600801148
2604943171
2419800071
2438360856
2558399351
2593609871
2385462394
2589020779
2584950429
2560942725
2599032121
2439034737
2575571135
2516132647
2598330944
2606503569
2602392630
2372252380
2591069780
2499573338
2425187800
2558635030
2488149299
2431089069
2476863905
2474376401
2570846501
2602852474
2567822579
2528640047
2576804235
2598851211
2400883783
2523539521
2581565775
2605645173
2602576229
2601521128
2521980529
2387858405
2616880094
2444872604
2374451218
2453135180
2463618936
2454328260
2491417418
2565481553
2619395321
2519061071
2573863350
2611932053
2446018937
2400795971
2574853577
2597218588
2492193057
2452876124
2529069415
2608457323
2407616998
2358380371
2581258824
2613398644
2481585133
2374642081
2429867626
2602583185
2577500429
2414843375
2568910409
2622856088
2577164270
2426875250
2444634848
2579969480
2573621942
2599672602
2602811003
2538724381
2578452766
2426057032
2604856070
2604007433
2604704796
2568959556
2616865408
2607456797
2606991633
2441860199
2607503619
2623042116
2421828461
2539420581
2589829558
2442974915
2625311542
2470201208
2610360889
2469902883
2589259158
2609844814
2437434969
2590705810
2414647577
2625822924
2598933792
2629601122
2589257161
2531368010
2567709305
2389008289
2555085011
2589909062
2585929189
2498212085
2608889973
2472624543
2575137527
2359066123
2632674079
2470360174
2506921810
2618045979
2386540085
2459030629
2539064261
2596922286
2558444784
2515138639
2457871076
2579709567
2580444896
2558766375
2406665762
2505294694
2511804720
2617584302
2611211129
2614749094
2387998783
2546841585
2630725173
2621619265
2553842508
2627818604
2641098255
2581154941
2402243987
2638938852
2619065746
2605966751
2606039904
2598451089
2554110129
2623674436
2635617015
2642825247
2624796363
2455776174
2380904885
2555156044
2621462019
2567174422
2636734498
2607052905
2616740214
2617606870
2539717446
2553917442
2648682670
2624455129
2649916655
2648165816
2582141141
2596556800
2505728660
2510757160
2571059152
2429363684
2637140088
2496235730
2584724555
2351601505
2573575423
2571058453
2528298254
2471571551
2476820927
2590571151
2649563657
2501595340
2592263025
2647990090
2634262403
2557688451
2505066636
2552958762
2449921787
2628876010
2613140567
2655889972
2640549134
2560595802
2376358888
2634139241
2605331832
2608483601
2595722301
2577570115
2659242860
2436784189
2632073840
2495309497
2558147232
2641523205
2638731303
2619785470
2646602151
2600644456
2413257640
2651371875
2664416984
2397667691
2620302760
2591446651
2585501794
2622811818
2652676527
2661977727
2579369537
2628937471
2669977366
2656964604
2439162517
2393902700
2647535607
2640986125
2653148310
2670228614
2414245576
2578062812
2484013320
2460863977
2612044416
2608332373
2627282178
2597806398
2628959412
2516469875
2630884622
2665834545
2496378644
2470511377
2669055859
2613185612
2518231077
2663437706
2615726626
2662858476
2665991848
2684464803
2627380582
2425260819
2445361637
2513922373
2467801578
1000000000000000
2664948457
2632586869
2665246482
2622664597
2416462870
2639749869
2444932865
2617000811
2676591972
2580428477
2468550447
2661090612
2661619317
2575512098
2545814598
2643173817
2481471965
2601485714
2464496644
2667928792
2384140788
2410283032
2606169709
2603392821
2637625601
2486904124
2451068817
2488461923
2669151710
2643685178
2644408609
2501520987
2419415879
2560222024
2489275904
2400156855
2497403780
2673768712
2639524958
2664334848
2639479557
2687612684
2684103557
2667459976
2696569139
2651042445
2610011897
2453055884
2405047435
2626307856
2665294030
2625178179
2610097183
2551718985
2672368045
2631316316
2621054916
2589833725
2677420296
2626310491
2655055083
2629679590
2583086758
2679875926
2485094154
2685550118
2676432469
2685709216
2502695555
2508925869
2411902362
2407850168
2687297684
2608532292
2506836850
2689443425
2507709648
2422457152
2448939631
2654299384
2672000773
2686289326
2396114459
2457790920
2538783083
2618894900
2492941205
2686395696
2618370484
2654175472
2558763737
2659150767
2633715824
2692462598
2689017708
2675654930
2445622899
2689990631
2707306430
2702038257
2689808913
2688188274
2632301147
2642392092
2692583752
2704115133
2659244221
2521383554
2657564468
2480422269
2553145937
1000000000000000
2706694040
2657121331
2615703897
2601918596
2675484833
2413336198
2627754654
2696002802
2628498018
2547634011
2619700828
2600100288
2700029326
2639313539
2669061085
2689651593
2700330443
2468272927
2671402551
2673228675
2720396240
2629189950
2668116259
2644459189
2696879703
2693453231
2533925534
2676360398
2525220462
2706523178
2632489724
2703166153
2546007593
2695156337
2669376802
2695677383
2566090265
2555594097
2673562204
2647726278
2603968192
2718074499
2674202835
2448842126
2695305189
2673688575
2698318359
2595509575
2653758378
2709215770
2694625174
2684279349
2709507732
2568224658
2481061646
2677357692
2701001628
2560099487
2665951840
2701683638
2440557773
2657842763
2729694946
2494133024
2698105983
2701732779
2546599625
2675725653
2711487588
2730463489
2608280396
2613440479
2678221757
2523071476
2602797492
2504768854
2646022934
2685404929
2575527994
2397918757
2718492325
2535450668
2662388049
2713734373
2653134222
2517547539
2562464259
2721937803
2660155093
2523206690
2706765603
2478994172
2531871707
2538546522
2738868924
2606878146
2690152878
2688606434
2657870679
2514021320
2709946931
2667437666
2615988252
2653964173
2643700354
2563299301
2724894716
2693601172
2623241442
2660134893
2685420258
2734451049
2452916463
2723819199
2619437853
2388509996
2451000265
2662229724
2653976269
2503749852
2551690894
2712571954
2721508895
2580307276
2391996950
2587420630
2729563367
2727226653
2442552092
2714745481
2604663740
2651628262
2720696609
2667683838
2719940152
2726515759
2616335175
2738039596
2634372751
2725397507
2707414412
2676415496
2731842166
2539040643
2532831770
2418230272
2682482505
2704974938
2749192351
2687337731
2497901241
2521966623
2620051819
2737391498
2673017648
2588291139
2671013143
2568849177
2693988074
2683229053
2659332761
2650367001
2732530355
2432957063
2705286662
2726436509
2621716656
2562088987
2705565563
2706656447
2739815970
2743887073
2738020418
2628138477
2635641384
2714093001
2741996159
2752093948
2759302774
2674355780
2739042905
2704947997
2540794525
2723628074
2410573591
2700744953
2625086496
2558018431
2586711155
2533744411
2746615320
2368832630
2599496159
2704862993
2699904611
2658987727
2738044945
2469950012
2731518030
2549640128
2555848480
2600444452
2751115895
2620757499
2724607735
2720610989
2672290027
2438856303
2470695580
2390232249
2716513093
2760558858
2645285530
2594806430
2756328902
2756053614
2746278915
2603935049
2691679696
2718414471
2421020627
2651742253
2755644514
2723502812
2686476076
2752087761
2761092202
2643911969
2697709822
2472603050
2474305730
2691326346
2750344437
2527068894
2716026720
2673388595
2731847221
2763364636
2647851645
2758118118
2766253989
2753804552
2753654617
2553075945
2403058071
2764311863
2708067196
2769745788
2694751443
2745561319
2496875763
2757724659
2689315078
2746860676
2697016268
2759635841
2695163206
2465704111
2531814888
2374876433
2710221873
2350320514
2731130144
2555448468
2705136924
2734521411
2404731045
2703466788
2755609700
2756096727
2734742127
2771461707
2786514439
2614540509
2764294478
2568577786
2550797215
2606340421
2731613928
2786805107
2512047000
2547340388
2732920208
2430099411
2770617078
2776974228
2740913753
2793830705
2454386982
2777996855
2537812621
1000000000000000
2705132433
2405025795
2642797136
2683315537
2743591030
2704723560
2362490176
2779088761
2588167213
2519643568
2404318197
2610166242
2552429456
2771375256
2718655674
2759445283
2692180089
2709296725
2545970662
2783139416
2784612259
2779720072
2622902888
2784622254
2724735257
2784353225
2557202882
2765584781
2802224228
2400515925
2458313014
2751128815
2712886445
2626640007
2767301448
2797209667
2779175309
2759629782
2724241816
2731225337
2739410068
2788706655
2795985781
2611018301
2808761208
2746226218
2640164955
2793721956
2571242902
2635624384
2635691523
2634708142
2782374121
2726565892
2767801646
2481813987
2473844798
2494674014
2628714771
2792310232
2453030724
2605753669
2675038474
2790627684
2631518255
2793034145
2808889524
2480342299
2706912580
2587720445
2720382430
2730117038
2745523591
2765368583
2732378522
2551206263
2412796779
2677185893
2785217033
2673517055
2696784264
2738612984
2773585493
2663891955
2790754603
2813595862
2790050699
2801099077
2651526714
2802537916
2779362709
2485907876
2713028935
2712396031
2411889942
2569754636
2765218263
2798892856
2726763256
2796837146
2624212402
2801665094
2458236610
2803649500
2737449320
2714848040
2728790534
2809004691
2798744243
2804650165
2366453367
2809893219
2598845550
2559962666
2791621771
2663810162
2543154581
2800462701
2812726614
2553399643
2792776138
2813875686
2776871378
2564752721
2433487438
2565813659
2764255009
2553839301
2500034585
2488860056
2721709686
2801178822
2629170170
2806325649
2786641311
2532409816
2829189993
2803406346
2765395090
2795003971
2727088342
2576080204
2416032722
2808234309
2804256637
2729758160
2542973473
2829712606
2811885619
2427343214
2439786002
2536788008
2618464490
2725692002
2727492581
2629219134
2835376685
2763603412
2818902119
2781195189
2689333393
2705990226
2640514917
2720317199
2815933144
2642495575
2568913155
2817370131
2837053938
2580708048
2699134380
2483717999
2420090244
2786626461
2822063223
2803279446
2813061596
2816121266
2818333001
2825857867
2765554543
2496886056
2769046395
2477322612
2805055896
2729889469
2826046837
2466264862
2801791146
2824021008
2724238493
2737518746
2567696704
2677537275
2740902194
2445055798
2839994079
2813493595
2798562792
2745024552
2725403459
2790793342
2759965284
2797976652
2737649429
2687642491
2747830298
2764890255
2803731248
2408006046
2739400227
2801213781
2850112117
2744117278
2752372201
2338265503
2829561807
2752574377
2753531340
2646730104
2830627398
2721289255
2624268006
2846388481
2840250416
2742927267
2806886455
2749538037
2582746295
2748961705
2490061567
2696577338
2830991752
2558731953
2808762337
2800141771
2744351607
2812648410
2506340850
2429634501
2782585308
2798690935
2816710584
2728640091
1000000000000000
2794402068
2816171444
2814522446
2704042180
2778017207
2849344859
2628152587
2822412107
2344051696
2680621816
2824590671
2833956189
2399232494
2849372744
2745221264
2717761962
2844068225
2598544551
2399238901
2852465845
2860188950
2485649037
2720431541
2735776069
2849625810
2692273217
2630943754
2805173606
2849408287
2768847366
2822408434
2624184355
2825141544
2703258205
2763036564
2710670797
2774456138
2762410654
2368675327
2802184667
2708043942
2414656309
2830086966
2635175666
2841290438
2771179559
2809752629
2764338133
2599446919
2693926184
2852884576
2608736468
2819688936
1000000000000000
2836885366
2828995450
2827995171
2767114296
2825347398
2615327245
2851709982
2549721838
2751760110
2628700267
2780982213
2508570182
2848850045
2802818929
2511523054
2517525269
2615379809
2697550648
2813139906
2783238638
2536327417
2540414626
2851914918
2485428731
2849945863
2656911728
2710952079
2761969790
2849716457
2355095688
2870830138
2467557880
2389968227
2551081549
2785288644
2811388530
2822713876
2862733513
2740081602
2801479818
2862913547
2393865586
2864788395
2698650653
2762659110
2749286245
2750962910
2827169846
2826556232
2782192989
2760217316
2762194715
2656722234
2726763322
2856933593
2783482371
2866023190
2861846293
2426235402
2865496730
2552859762
2829324963
2851560701
2870456215
2572792328
2866074265
2869274835
2776833882
2458141757
2867708123
2556265259
2874178235
2838555067
2491721326
2846127400
2763451043
2743586417
2674425177
2680587152
2862199486
2764156923
2589445425
2773273454
2798789969
2871590010
2812773249
2834687048
2867157502
2787815610
2864148117
2845772895
2870209800
2797537971
1000000000000000
2865072800
2551368336
2755258019
2634476851
2831060498
2498332508
2648296820
2649992701
2842322783
2767994930
2835296535
2880276659
2871015157
2803270735
2551793622
2872398691
2877308595
2879847682
2783009179
2834662027
2766185412
2882555383
2813249216
2606970740
2607160850
2639997502
2500591990
2809386022
2881377255
2794346292
2690990476
2869619635
2877173698
2829301609
1000000000000000
2499745290
2566680584
2775904694
2814209849
2779541098
2883169382
2645478215
2770427038
2842260526
2520512564
2888576503
2890067820
2809937192
2540575995
2620968063
2858883254
2881801955
2892174284
2815880744
2888888969
2452173459
2475270931
2813693888
2698536970
2866127417
2900838060
2685088942
2880411010
2823037241
2892426030
2883613707
2883414216
2811159920
2669823207
2909742973
2898083143
2872054262
2372026051
2746104018
2663619600
2893617459
2897443720
2882364062
2795541380
2569701557
2893179996
2755629643
2893201859
2892141300
2796907018
2906900085
2907039904
2896635507
2533276374
2760609855
2904355713
2813174090
2908502209
2920599973
2857726277
2906952532
2789210698
2837537580
2910544669
2641554759
2899670442
2900885194
2867151310
2475152471
2877639024
2700582932
2649814494
2699982179
2350907086
2795128302
2610867176
2597489651
2371254657
2835377003
2829578448
2705787841
2625040917
2674526308
2498260703
2861875034
2927377230
2897904413
2461764762
2915904689
2871437231
2699197031
2733106381
2833715392
2887032518
2539713274
2917084229
2919477188
2787460272
2922826978
1000000000000000
2513220809
2830983744
2906571096
2914625865
2789761629
2887924264
2819339692
2601271560
2630851457
2563809729
2776604522
2851644168
2494444877
2923560881
2885954769
2862161995
2762760241
2885041174
2487285276
2863277563
2835158061
2544672534
2462618120
2926946096
2925292769
2810116915
2786392010
2680541503
2818603082
2511419604
2911327746
2750069300
2787794378
2899156694
2760027408
2851996911
2913211536
2924252047
2436308325
2897020266
2843906810
2928100582
2544277174
2705362562
2784293142
2928993835
2796513983
2671626486
2834862149
2899727398
2884615654
2743744962
2752110293
2677989810
2938201234
2930672554
2736311671
2884154925
2465816390
2945057375
2775580493
2937753719
2936058577
2925683641
2906948574
2825123103
2769601635
2463188679
2927473073
2820562613
2885936190
2635664840
2940600423
2935397481
2663106808
2902107422
2929444237
1000000000000000
2574106373
2652796910
2887590441
2935844935
2665192951
2585051741
2792835643
2849898248
2763334473
2830613182
2863464297
2891813112
2574749606
2738489511
2931870139
2911154666
2877155311
2930961137
2907166547
2875356950
2909688720
2882477237
2633904824
2863582073
2790481772
2633364695
2934441925
2840518019
2870257114
2656885773
2587713475
2937021079
2893562049
2909585214
2496667970
2522461211
2493290752
2847771321
2949673146
2919831464
2400637546
2939756772
2888730979
2947091079
2477772489
2650239554
2935116893
2751727645
2944337509
2578280085
2661347633
2963872977
2633521470
2948538786
2522303077
2562237075
2536296714
2632428144
2908736344
2404553348
2924912712
2956433636
2792466866
2944949024
2824954138
2638103490
2555515955
2930185884
2956639423
2473615342
2848160023
2921464122
2894085763
2959245651
2595481231
2920627903
2939344579
2699865448
2949013678
2946056968
2735513077
2977572217
2792157259
2961547721
2947495410
2956845503
2832631684
2489671522
2751539692
2963514546
2926661978
2870917091
2792989629
2747101877
2871942546
2624387529
2516549824
2431486523
2789493344
2473834286
2586279292
2658941410
2952424985
2953266431
2834084419
2902284189
2388454046
2794465628
2469361146
2969901690
2875898987
2968314412
2834441938
2967373076
2346210272
2548567883
2850196985
2968939631
2735573091
2902018437
2938484327
2697967010
2545534958
2682018921
2822802203
2973923255
2922885099
2834760320
2474809810
2970866329
2724167705
2591165980
2801303759
2801911248
2705790669
2434826532
2957460733
2961000739
2985655616
2940501437
2805837848
2919149583
2475957861
2814691554
2917378856
2866848613
2602146616
2783165035
2731808165
2802743897
2492546501
2553017568
2976490415
2945619818
2980578770
2964279510
2804023386
2867550594
2680314738
2879585982
2809271854
2992139858
2940746293
2670182320
2385331359
2431372467
2982446950
2995851354
2855964971
2794179668
2516722351
2987756826
2858161597
2982658403
2407947557
2871934561
2905812551
2946675544
2975754257
2650280435
2762513743
3001206665
2697795834
2682125775
2986826917
2953878495
2976735330
2597742828
2979022806
2995459103
2955088451
2927071824
2848890671
2989373953
2993195050
2454001984
2555278032
2998553512
2920013515
2900404738
2515282653
2962987618
2624640545
2973481029
2987950476
2960988885
2849438205
2987202801
2862221784
2913563537
2851697997
2999952380
2998476680
2816203288
2868012307
2995172640
2699841325
2718501751
2737086939
2821651197
2899733618
2839143021
2970905293
2894370707
2989932123
3004121584
2987589199
1000000000000000
2675697257
2775261706
2611838289
2557220853
3013748845
3005100349
3001125919
2434841420
2635920609
2868037912
2932084292
2650110786
2955101649
2884981095
2819412994
2923457003
2946525175
2899332398
3003362772
2880679828
3005538551
2654597085
2559600576
2914508940
2917926121
2768134789
3008698190
3014141848
2746932574
2979929740
2923554458
1000000000000000
2548858470
2997999612
2442948834
2928152670
2815770034
3018808160
2807521877
2446882905
2510191086
2994220466
2906472425
3011497499
2915196138
2936068298
2481337312
2605646466
2733195157
3021987504
2560248308
2931014941
2988802843
3015498180
3015816928
3016689799
3000407037
2962491415
2914113262
2624572974
2732058563
2857975616
2471951617
2835695281
2939068246
3003662433
2544876843
2922767359
3026113049
2884240927
2704651474
2874851214
2916578140
2746237629
2877287617
2967759125
2809362972
3003279510
3030717426
2766134040
2881067357
2980983714
2518843534
2991402773
2926450581
2545899010
2999574568
3004913827
3004158883
2537600039
3010762748
2677944771
2869847559
2761268570
2859016918
2943536374
2798809008
2918779491
3025723146
2587080375
3025795366
2968534821
2999049930
3037555017
3044592059
2994484676
3008462351
2924475284
3012249179
2854345304
2518470314
2961105147
3012807387
2862381733
2627771574
2586906155
3007417024
2543531554
3026708168
2744679447
2929687257
2893704175
3046815745
1000000000000000
2761548134
2994729001
2649409163
2969743988
2458247068
2990415051
3020731207
3034286890
3034530715
2910993950
2698433164
3054431803
2622094767
2701758405
2644668536
2817456107
3010715428
2699752194
2671634241
3027106123
3050426441
2840351536
2960789837
2974465955
3035523075
2764757217
3033946691
3035507253
2756719937
2489175057
3048799646
2615603192
3034419545
3012656551
3038425476
2965145894
2969923528
1000000000000000
2698112312
3049148902
3040821660
2478888688
2973123718
2793787083
2996806310
3039274353
2994191613
2994438670
3050554389
2694232663
3058662363
3034066607
3053953709
2663889768
3041549471
2692909725
2995656674
3023945231
2995598121
2765156852
2661514558
2943463742
2784718422
2907632008
3041506545
2768440505
2571577086
2946700860
3038948137
2712286409
2936555446
2616612235
3038179590
2767517624
2908375971
3029644693
2926429596
2957571029
3051742881
3034137416
2734343570
2658048284
2681443319
2997369285
3014998113
2772151333
3050594436
2813144260
2574470067
2985052201
3061180810
2449169929
2935503601
2982076291
2935518381
2938544209
3020548841
2993552024
2707236767
3059455325
2695976702
2789850550
3061076939
2766459318
3078581214
3030328313
2885601732
2990762846
2721291181
2881420614
2422117029
2789360004
2720882303
2377566496
2894050753
2732457612
2916280773
2821722824
2907691444
2601970855
3034913527
3066793743
2680974362
3044580709
2489838483
2874490804
2911802459
3067822185
3052364947
2673801974
3085244780
3070257531
2997707311
2991102204
3054793101
3052953996
2792745486
2784441367
2977195440
3088147890
3083400886
3093672245
2951797284
2858299743
3074655697
2589101772
2712992577
2544841026
2671360663
2621829430
2944511974
2994619161
3033323688
3048524003
2924746787
3092014826
2809863597
2863880453
2558933051
2954663526
2945728685
2785487292
2567046517
2907826989
3001975186
2513221018
3066243844
2636582049
3016849013
2795445626
2945729927
3079326343
2920442299
2666527072
3078806269
2532675358
3033959666
3059952236
3069781301
3082566388
2871804735
3033324960
2531384076
2769255201
2905029190
3063700653
3017324680
2906515685
3064366479
2932870833
3059632317
2511191589
3096847898
2824423106
3086991349
2739986311
2554868557
2587228492
2967225376
2909276993
3053309965
2489361783
2721679182
2382364787
2712245800
2970475882
3053834591
2509048772
2892416478
3107433979
2921630081
3073650869
2562627028
3036124332
2978562121
3098551743
3009979597
2778798832
2974769395
2410304798
3084255318
3080995502
3058786877
3096431033
3078522893
3057986235
2726749467
2992774551
3113883825
3026396695
2808468930
2751943076
3114807060
3098524605
2995387665
3040832571
3058160635
2551512602
2585481716
3101301638
3103779496
3003929905
3090416723
3098998873
3100044495
2887648109
3104733062
2472144945
2889015427
2844384138
3051349622
2844913899
3104676102
3106451039
3060252716
3112699286
2861545356
3089320681
2941338068
2887472386
3092529866
2578560182
2925699349
2888083304
3024194569
2566471795
3032637099
3012975947
2519379993
2781981988
2942866368
3108395890
2956325542
2657686181
3103224307
2935014438
2809244752
2371442405
3108388118
2449304545
3000394223
2739924507
3003836252
3112137487
2969889790
3111578650
2538618129
2780562556
3080313698
3070977191
3130743402
3051513660
3116299259
2573108925
2731198827
2386816783
3058740788
2994259381
3091815414
2958795553
2884663719
3061446078
3101199775
3076785904
3119707650
2944901602
2740373364
3020806225
2903901022
2959861188
2910255084
3052361503
3021371676
3121634377
3103010606
3122439972
2947362278
2706518415
3124105354
2593288944
3013120715
2991794155
2997150604
2730867677
3109535658
2892672285
2896214724
2646605323
3080971978
3060082787
2989125304
3083639747
3127470790
2989952469
3128730146
3134874210
2641177983
2794032694
3128125766
2648583371
2999509879
3130094900
3085239399
2824820154
3069898301
2919066699
2547304471
2596745318
2840160310
3016741539
2649880079
2594714837
2779099291
2554451956
1000000000000000
3093955245
2593039321
3096881706
3058223308
2894382785
2633538837
2525112862
3001473305
1000000000000000
3117619134
3000659867
3143204627
2986728130
2769326279
3063854910
3138636473
3059053891
3079377616
2968780269
2843746918
2569223708
3041065686
3008072606
3157583977
3067186125
2980048580
3141305267
2604463527
3139350378
3147900674
2981798056
3129197234
2595323315
2856011366
3011559390
3147396679
3105419440
2814439467
3009341104
3157495581
3140952195
3154669981
3127544623
2783850930
2714824135
3150688630
2786779931
3149837292
3157918443
3033189081
2988898892
3098743249
2882558441
2821155331
2720735065
3123925651
3151506983
3161136368
2507272767
2807931751
3092209287
3153720809
2830781075
3065715000
3150228992
3147608874
2809625553
2837673263
3103032042
3085594053
3145489726
2977030116
1000000000000000
2838166517
2677504089
2796018700
3152046494
3038901522
3085560884
2775665597
2690723695
2973442049
3156359787
3121334809
2854349043
2619481161
3130985304
2645163151
2584070099
3159823943
3130914290
3174999429
2899815487
3179618420
3027709983
3142382719
3025583884
3145329983
3053462085
3078066789
2751541416
2822450276
2745218307
2973205169
3066283377
2952974467
3163231765
3010132864
3027192668
3158993428
3082036212
3181203235
3115592525
2712164868
3117559404
3149626445
3102795956
3147057162
3024850786
2474314581
3120139029
3091295365
3104928571
1000000000000000
2635699952
2822346330
2777402950
2926579621
2752163693
2925521690
2646396518
3086958847
3168910263
2785293372
2814721544
3191541554
3009170037
2346734100
3154591394
3167948019
3141167222
3048379250
2906514398
3089322406
2862233440
3116290649
3157786387
2899667850
2867372061
2992038300
3113789407
3100647987
3071127038
2962997223
2978024722
2602681780
2706177635
2700347387
3036552862
2846063513
3135023885
2606061538
3194123230
2629245028
2771183816
3180475116
1000000000000000
3082437697
2956771818
3182144470
2660472220
3114648124
2877532072
3204740674
3189049212
2668270176
3123527949
2871333682
3022112768
2876539623
3170761919
2780511559
3198445692
2468349799
3068919408
2942800746
2455076703
2922855070
3203743954
3076146642
3191625720
3176178666
3053489639
2429196875
3208597454
2571127258
3081659022
3177333356
2791077554
3206255608
2571670413
2743793422
2618188932
3107447863
2876311497
3208707824
3198386934
3042874121
2630943694
2879694743
3016310888
3200122379
3210308380
2757415127
2574006552
3181263122
3185201641
2880292592
2801987135
2747040630
2818632066
2584647559
3210070016
3040598875
2923276261
3076658933
3087482368
3199287950
3137735246
3063731797
2524411509
2821419221
3183731856
3187316375
3097638793
2557529982
3200568513
3041763699
2594415140
3206652593
2781655798
3202360836
2953033619
3200076245
2810970729
3201257365
3066004977
2566553836
2995665273
2931483886
3194776589
3137002802
3130374233
3161884479
3189086192
3226279676
2839691588
3081481590
2647177225
3219412875
3154224995
2624139238
3120176026
3086613232
3193214797
2815227622
3123113282
3153980274
2491601402
3096525326
2987470244
3079854756
3197084519
3146683508
3028119211
3205391393
2855856621
3152186445
2617739398
3199415059
3123035198
2700029006
3205405024
2799640769
3001800973
2699582798
3204044428
2639233578
3053750741
3229723801
3154989843
2953592479
3232066048
3202000688
3217158586
2686156702
3056848696
2845107244
1000000000000000
2880149164
3079567229
3162818805
3166782693
3034465624
2505186143
3087771226
2816749933
3148623442
3206560865
2851383816
2999856854
3220933784
3208623425
2598849697
3217044838
3037641179
3167358843
3222262913
3150103657
3133942231
3189205273
3219432876
2970232321
3166327479
2427000673
3222890003
3221609413
2855124511
3211641656
3223261268
3210499024
2395732891
3141698432
2835520630
2707763268
3031455722
3247291799
3009337214
3175364723
3214477970
3169934051
3092147095
3234598086
3177460815
2596361459
3067682437
3069537810
3058232353
3081859210
3111409632
3227190872
3221302962
3215671389
3221634680
3157079939
3212566156
2402115200
2851212983
3184959970
2837992723
2759031305
2817196881
3073992737
2867664461
2521264229
3235302174
2793123352
3219328436
3215737914
3218615296
3219149768
3159107701
2961530107
3032230706
3219602304
3177153971
3051583120
2689758445
2636778449
2864569983
3238367835
2390423339
2662303795
3100258845
3140854396
3245330612
3253900691
3112495237
3220295911
3242911297
3248546658
3238238997
3239211046
3239199237
3238580984
3226269740
3226080803
3252996819
1000000000000000
2761027575
3248745095
3204217304
2888161785
3068189103
3232850800
3068297992
2876309288
3211277598
2699385335
2807648625
3089783066
3254331195
2554146803
3147852695
3019638688
3138428170
2924469086
3239208561
3203530570
3123649309
2941775846
3105651065
3200030544
3249167734
3232611395
3238504426
2923034812
2768058991
3130012357
3269576089
3248985940
3253751388
3240036608
2873500695
3260372829
3209508048
2730964448
2609264980
2898191337
2784856927
3054171934
3254011436
2994185487
2664451216
3204790528
2390333018
3242287289
3237129438
2997812645
3066178902
3227775017
2881670126
3255530728
3277128930
3079188026
3188359826
3243998385
3151731487
3265279518
3261135887
3263566022
3218314144
2591462133
3047860936
3188466935
3250196679
3031348744
2958149827
3072207668
2600047307
2976211639
3251483736
3268004773
2392853955
3272248932
3037383127
3112960798
2810122715
3203881734
3226453157
3203835425
3227622858
2879749570
2921318575
3267423392
2785100580
2611665851
3271497116
2602578188
3227373125
3063602828
3156340167
3255033409
2688049765
2464514796
3274521365
2860575062
2776554251
3109081462
2436929118
2996956939
2485081461
3133795496
3225291180
2602309968
2621873438
2625474276
3277060931
3104822845
3055804680
3197844117
3258451173
3034462861
2901464471
1000000000000000
3199060249
2989746368
3017824023
2807582732
3284872109
2887076817
2854362390
2436929118
3035902377
3186494988
2907954656
3298796592
3274730771
3283484651
3202070699
3180784998
3280000474
2557177221
3174019835
3235897510
2904545645
3007199078
3288271002
3216876706
3286240589
3037594021
3284301242
2706363753
2702636248
2737772068
3256226121
2616606006
3219590076
3208345664
2757044633
3293410045
3295762064
3274350143
3197008521
1000000000000000
2434618675
3027044370
3155899543
3228217858
3196353887
2756139159
2616640710
3214603048
2601734809
3215035919
3163428074
2912146113
3309635598
3296665686
3290533778
1000000000000000
3282974969
3304135679
2994663693
3296640145
3176958344
2690792911
3308350042
3052892311
3283470340
3015440601
2704601692
3199240606
2806686881
3270050384
3013111101
2815084272
3011018156
2702943272
3108171232
3231569012
3251830103
3312379705
3285365655
3090283841
3042217782
3301043665
2822436073
3244660561
3270297470
3228818760
2616599093
3279348504
3164045809
3256783875
3258341263
2856114993
2732272586
3307365443
3161416943
2584283945
3180871347
3309401186
3309043104
3054170676
3302819624
2770036027
3172475613
1000000000000000
3276934019
1000000000000000
3313994207
3087792970
3307926264
2887347392
3098464392
2784154819
3209832807
3145378085
2424211207
3305391832
2608166834
2656638863
3310501300
2758757425
3277060013
2762670383
3188934967
2535614195
3314868393
3296184219
2865989967
3124013301
2421189652
3326718491
2865366987
3301999902
2814763899
3111514089
3167001586
1000000000000000
3319243786
3323622968
3330924513
2695174170
3206413878
3281499451
3314849531
2472697838
3282311717
3091218168
3177796745
3321907225
2681353297
3333390737
3268171337
2836907100
2573293346
3187836197
3182462895
3320579016
3229485550
3043281317
2629809322
2826101137
2372527492
3166585008
3324068062
3330174472
1000000000000000
2736752642
3323414817
3319884348
3003309547
2930181353
2621579350
3016836432
2922816807
3324605340
3290750732
3200148070
2882342512
2961003374
2466585278
3264228479
3046393914
3324533223
3303131566
3309609513
2816019338
3006334870
3319785213
3228001473
3279703814
3306089836
3056442900
3144320400
3266786954
3327887264
3317337209
3328259790
3330785989
2876226975
3272096652
3308772041
3348498998
2409856401
3232616775
3074750971
3324547580
2866552819
3204265652
3184656125
2475039315
2784173592
3210321776
3016147418
2874775095
3356174637
3209785143
3211556004
2960536148
3342803628
3139822141
2429895189
2948525222
3043258253
2967455309
3320884504
3343406438
3342598830
3113705585
3346069293
2831773198
3344017153
3319036539
3045576078
3321927544
3353904779
3333988405
2646889791
3283142232
3194031466
2923804485
3057785429
3239568457
3115199866
3341122280
2923304414
2872108973
3363517459
3068915641
3347726853
3299545726
3208609574
3219568254
2909403945
2755453153
3277904760
2755905815
2527621865
3134973116
3330124839
3107226189
3156350364
3274862984
2671497394
3108855853
2687433088
2934965909
3353109375
3321882010
3086051851
2757210966
2951847664
3247391304
2538955403
3329181033
3314675210
3293044297
2912813987
2803538573
3295709623
3245707427
3203871157
3245578919
3330627883
3364925158
3232258707
3358081295
2340325502
2690220301
3366904199
3356816577
3103736858
3258882590
3307861633
2354801404
3361215464
3169086394
3349362261
3282857354
2673727580
2652470737
2612349557
3354756440
3363682821
3373771910
3364756053
3189718722
3088632456
3174385616
3357650232
2947882113
3248914424
3077684396
3164396740
2502729642
3341267537
2835482493
3127958113
2804322268
2823082441
2674720017
2956969842
2913445946
3228759952
3325535748
3328167294
2547743737
2649256771
3021625831
2490932504
3167852871
3182824087
2705315669
2998966930
3360404931
3354507943
3258016629
3367677803
3323702969
3280121746
3284002065
3210765935
2522372692
3368998728
3307237289
3231659846
3259255315
3178904076
3365395364
3375819862
3180984337
2969799179
2731234927
3074842943
2575920183
3376383089
3307378721
3350345637
3216931889
2962952723
2782827789
3145241497
3342362428
3381100560
3294904932
3191929400
2995807764
2725602761
3370573073
2837244917
3387703098
3188538872
3248367102
2383681896
2638981078
3225320844
2972378144
3355834592
3214947914
3374233879
3112295348
3384287864
3164937496
3304596308
3375339574
3282237142
3244275206
3271873766
3247905174
3379916243
3386976318
2934203652
3349619961
3393840580
3353451514
2851512303
3100061796
3173853617
3269817686
3003131770
3394837944
3388260216
3381895550
3168794216
3391443986
3386264615
3381881593
2943865723
3364343301
3388841068
2921457021
3117829258
3360716324
3169441459
3376182298
3121174743
2961592874
3287752416
3377189272
2598822869
3386506868
3368383006
3057484098
3173919411
3389637557
3233797818
3233204429
3239673062
2792412636
3327557791
2980831532
3193340886
3178819960
3297729228
3397529146
3014762390
3191030416
3119505451
2749102419
2505049463
3147595306
3004508794
3399046749
3259901163
3367753497
3386444394
3370921852
2847887273
3395888828
3390429533
2983775822
2771899835
3152557283
3385486699
3405905093
3399896685
2757105158
3118261474
2906113439
3411198846
3131197924
2411200711
3095926222
3409454934
3239684775
3122176439
3325054806
3393151690
3383662239
3201778827
3328129796
3380458956
3379502800
3397226017
3363518633
3399101295
2744402073
3341145666
3326542762
3160003815
2865412610
2858049882
3295056695
3107215841
3070125810
2658078371
1000000000000000
2922622352
3251523843
