2333381910
2333333529
2334925821
2333333570
2333382143
2334230102
2333994221
2335455545
2335455748
2333333414
2334729795
2335043554
2334149203
2336632547
2334772696
2333644200
2336992473
2337528889
2334459722
2336759095
2335086137
2334459314
2335465513
2334459142
2335085925
2334459416
2337559372
2338211508
2336377489
2337540320
2334149132
2336237256
2336383120
2337393650
2336594081
2337631541
2339525554
2337176155
2333333858
2339525437
2334729112
2338066554
2336789288
2338377797
2339354578
2339060553
2340434117
2340433925
2340969923
2342255810
2340079394
2341817203
2340487219
2338931828
2338931907
2341324491
2338888654
2339703210
2339759125
2343048567
2342111839
2340809447
2344034009
2344321358
2342554430
2342215428
2342215347
2343777566
2344259153
2345604474
2348173687
2348848135
2345283596
2346929868
2348856749
2350532168
2344370411
2349717830
2348741197
2348251092
2340879243
2348775414
2351314619
2352421219
2351327118
2351412457
2354965018
2352096885
2352245519
2345640243
2347817861
2350023302
2350674089
2348963522
2342532259
2352663076
2349578124
2352202912
2356058159
2355652430
2357711045
2354232792
2344508548
2353349481
2355369953
2346049189
2351645781
2353731513
2351237563
2354529979
2358569069
2354321555
2344508113
2341590054
2357741229
2358061040
2343525654
2354256444
2358313777
2356083638
2355121930
2354150768
2333952881
2353827435
2361214434
2355781874
2361183300
2360871789
2358131704
2363398458
2363145910
2359335193
2344653911
2363398136
2363075927
2362833149
2355101443
2363783396
2364390164
2361371743
2364354278
2364354778
2362752993
2347252102
2363691797
2355654825
2357294961
2367400695
2361423394
2364124776
2346703529
2359694958
2362205787
2355933831
2358660388
2366642107
2359865154
2345982719
2371268206
2367418895
2369022234
2367022071
2371501705
2367392423
2373380040
2369374066
2355511955
2372057268
2375728990
2354816830
2347441602
2375875788
2371730115
2375176980
2369484256
2368258929
2377764323
2376608287
2377156773
2372076836
2371678736
2351692148
2373463085
2379266191
2370444972
2364871323
2374999088
2365141867
2377216506
2380406204
2351068482
2374556600
2351528583
2370652400
2385325527
2354769689
2353032655
2364411022
2380244357
2371048819
2382091758
2383727286
2339355832
2381032196
2370236417
2376926153
2376637927
2375399519
2390399587
2374911656
2357592919
2389349256
2388165009
2375822756
2374605777
2388889567
2381709810
2371937725
2377306835
2390884136
2389965489
2389465871
2352004603
2380133438
2357086494
2396755804
2380343860
2386224924
2381945700
2379152781
2396376029
2361945250
2340305194
2391726041
2395736922
2389175947
2400031122
2351353319
2384606966
2396176668
2379117167
2395804903
2362601469
2381783415
2395734808
2373928368
2360444498
2398978601
2342824425
2395110930
2399855100
2363097906
2389152619
2381854668
2398324991
2395009798
2384828395
2380558595
2402657609
2385100439
2399569716
2399455698
2399447065
2391588186
2370597608
2398482387
2399567339
2380602758
2348456496
2391537043
2381908160
2339955268
2383065519
2388590135
2377802248
2384620693
2391217239
2388007489
2398782364
2404260469
2361622145
2353975199
2390142606
2393590357
2374112946
2404610304
2366425117
2373076019
2402774818
2365416650
2342230650
2335771226
2410058429
2410076768
2387338106
2396378473
2372012133
2362732887
2390409849
2401177603
2377955721
2396925791
2413113940
2404218893
2402573070
2368354447
2416091137
2397586178
2368851117
2380075034
2406076833
2380544057
2346994842
2383062404
2368364199
2389234045
2377709090
2402378419
2409686265
2336197362
2416930548
2411562350
2422184840
2416348203
2352751328
2397438471
2412580274
2393111979
2404090573
2421401413
2382351830
2423380867
2339696208
2400162975
2412482713
2384463800
2393593699
2395692366
2375366674
2413297525
2414032108
2355531018
2369742525
2344422999
2390839176
2381373602
2407125542
2368215950
2419209893
2373533008
2419276491
2410436726
2423575395
2424694703
2397891566
2381815056
2384355134
2375778916
2426035008
2390729502
2426977880
2400194221
2423323049
2402879670
2405585666
2385614958
2418982784
2424804435
2395714841
2394221494
2427872484
2400671961
2361509599
2337228360
2407449918
2404229309
2413774040
2422955109
2402834592
2378014329
2406156699
2386670934
2430476013
2362325050
2387978865
2417003647
2417340075
2440700075
2407238651
2402331064
2409197711
2390305799
2423119005
2437578488
2425437303
2427356615
2440966287
2378600768
2402819677
2409139144
2348771069
2440624872
2441103664
2395987966
2364008045
2437155459
2439698237
2442224218
2424883860
2442127090
2441987217
2443480453
2411879848
2353882360
2401456618
2404923201
2437112960
2430938057
2438286212
2442277656
2426506813
2387304220
2406499455
2455485668
2432928017
2427713785
2341384559
2387709597
2458099853
2450149682
2449579637
2435481399
2450860518
2441870123
2439109008
2419380827
2360380524
2409888287
2389772090
2429992001
2424583457
2448231588
2457353619
2452139019
2440011012
2437919068
2457564525
2460280873
2401952829
2418772146
2452812587
2406589134
2456014442
2388581268
2439801688
2444167635
2410371423
2401837257
2382043269
2449210146
2457406207
2425072352
2448308412
2458229874
2446103970
2459971008
2420956560
2388509227
2426965603
2409018702
2399132857
2418530695
2453963070
2466448313
2376460463
2453855141
2438483980
2456646229
2452288475
2363801747
2383332615
2458070939
2384866547
2461005942
2443497917
2431219858
2441836748
2470448295
2457543780
2442237863
2457640745
2460300656
2439544023
2458875661
2450451091
2431697214
2425560962
2431853426
2476971626
2474025401
2458334667
2458252917
2478124880
2399610727
2482921014
2475843505
2370069712
2480985063
2397039592
2456995235
2369367004
2481281866
2390693051
2459916526
2421043030
2438120190
2430682786
2426675840
2472732109
2477519708
2454129365
2480681969
2438235966
2342850713
2418744428
2360879453
2461168466
2448969649
2467588823
2452268003
2414438040
2410062168
2480951829
2484519089
2480891554
2410934822
2449394194
2360399044
2434902397
2447946504
2477810849
2421368854
2470576655
2477363736
2428430111
2398929234
2488455261
2460421378
2465341977
2472532747
2424739364
2489277961
2481660226
2486541495
2488464628
2491195122
2394387275
2456376519
2484328777
2492259992
2488083932
2410349372
2492792218
2343233965
2369818231
2479080312
2473209472
2466418285
2479183924
2487428698
2438014937
2359783673
2487300533
2485864539
2480534773
2439564932
2438232072
2433027756
2412049235
2428816241
2473264488
2485184869
2367071145
2490629289
2384239460
2491794554
2492993350
2362731757
2495662950
2446818241
2434667762
2461893708
2459896602
2445657550
2499050183
2502318929
2420101602
2377583829
2494434361
2447823087
2497039701
2422705121
2421000255
2429388172
2480568139
2434778557
2483740779
2449528807
2484673877
2369572635
2488067653
2473584295
2496113813
2487560793
2486108334
2367180668
2489836783
2470381961
2496701532
2448340384
2398240718
2377998388
2508227335
2427798081
2496931289
2434963053
2503785251
2471019864
2422511172
2433053276
2493682727
2432514729
2371792874
2386649837
2438752304
2349127607
2502407166
2456695345
2508924029
2439906804
2487965816
2378311737
2479359694
2443547120
2466899137
2513770832
2464978245
2467340933
2504551363
2484675260
2482115397
2446793322
2509007733
2509977836
2506452428
2455078475
2468518775
2511968717
2445286064
2443114803
2467345495
2499068383
2493304141
2500579953
2495405162
2427043427
2514397723
2518470326
2489260215
2446356245
2440692241
2444459149
2446127255
2526430527
2356087469
2470496158
2524304315
2511106858
2491901510
2412614237
2493111459
2506362339
2455657182
2521949906
2461994604
2406366758
2526964106
2447432811
2410081084
2492488273
2483259119
2515784150
2522210703
2500040063
2521430701
2410101639
2509468524
2502519178
2500775949
2441673425
2514009480
2402608873
2424285218
2487416033
2506172700
2472420823
2387047703
2520814341
2533132406
2463073207
2508893072
2515808365
2526296065
2470096097
2440288694
2480356032
2471764869
2523053732
2485832729
2522071640
2529657962
2535897732
2519328109
2509539579
2523495791
2397781006
2529023649
2514023858
2509104282
2530728152
2485848462
2476171164
2537548089
2463739698
2493667704
2518693652
2477854324
2376743055
2441369364
2425378864
2412333143
2525514468
2425495870
2477464251
2430956453
2525195549
2485643652
2534288918
2534644990
2409969268
2505203149
2443932674
2501114752
2530258296
2525513380
2456216264
2485226213
2540176851
2528720676
2535723473
2366155460
2494312209
2528091238
2545298751
2472374263
2510467973
2509217333
2539363021
2528495943
2458766386
2509482994
2462942372
2536334979
2522578824
2505876322
2534179472
2505628938
2490741315
2442956384
2532740779
2545212494
2521716478
2475145235
2522612854
2482463361
2469687205
2503973391
2545892401
2470762912
2422044835
2534354507
2542707813
2542479203
2421040759
2529924946
2476972341
2539313841
2532106187
2549068240
2538195376
2548707901
2551421815
2499933447
2551248082
2545676475
2522612627
2545721277
2456590786
2524646368
2414800933
2451768144
2373192810
2540567110
2553665967
2437768375
2422149455
2502047307
2448157858
2542190497
2555021958
2440599637
2561815454
2535280725
2453585141
2512153458
2423113040
2549658637
2566734281
2567841606
2552407464
2529733323
2450435169
2488351900
2559798939
2517765450
2365840265
2553269632
2540814221
2351907574
2564083528
2555200718
2517511640
2370228138
2491374778
2562003370
2470885966
2411555172
2481189443
2556240441
2548819018
2496310157
2557584424
2430804842
2355211692
2440887690
2443973765
2462886715
2546419081
2523919497
2425623702
2471519589
2556562728
2559855813
2536082999
2564402873
2488112673
2533713052
2558257757
2552118903
2488357369
2540475291
2539459762
2560596517
2557885894
2474674029
2472031220
2447764858
2558119537
2543872696
2558639852
2580162562
2373531789
2573462253
2401457875
2391446534
2345579540
2477030859
2560656617
2562839174
2413366521
2566750371
2554780379
2576604769
2581189898
2480487970
2521277906
2553280782
2495008257
2503040242
2541147832
2557984351
2575680289
2556778049
2555539401
2567105136
2509438978
2565070544
2550421352
2410564395
2427992955
2548645101
2584573875
2583460157
2562651407
2365318329
2576414620
2438381093
2583837296
2470520225
2489358395
2588255164
2376389482
2549582396
2576315867
2590384552
2544964221
2534090637
2584042021
2447543401
2512814214
2491262076
2458123524
2578313903
2587714662
2522799627
2537031416
2473055008
2528155103
2558039181
2592084570
2435706853
2512318385
2592595971
2584045632
2539356884
2471940711
2466226259
2578747347
2571063252
2595402450
2580047195
2503525544
2568712730
2465702779
2569708087
2568439398
2529073465
2540309666
2521969859
2472029519
2595335663
2544923481
2417075298
2559838494
2504568736
2580017463
2539234645
2553980776
2585781937
2510687592
2432331610
2573338534
2365342382
2600039480
2600079460
2554949711
2575996269
2538925265
2539043814
2552122457
2597987794
2601805552
2594897041
2482680103
2533622764
2608967288
2524471629
2475873273
2444913767
2598661195
2593109034
2597690972
2579383691
2386986398
2427486640
2600569674
2530033924
2489696545
2513564330
2573465786
2582431829
2473535530
2531762921
2485981081
2525293542
2604858780
2498600398
2537259202
2613224635
2590786965
2590082219
2585695744
2607955389
2495530960
2587881401
2606053412
2591136013
2607288930
2608628605
2609071247
2474621154
2547883968
2506016581
2486301548
2564375648
2610851276
2561837833
2510637674
2619407056
2495193649
2466128382
2584123167
2625868099
2518954775
2600320104
2563830478
2544940593
2382863016
2582769459
2600351828
2482032066
2529016803
2602049202
2362951170
2531296149
2512391341
2594754041
2443156476
2614291247
2484604584
2453546158
2424732763
2440170798
2608167890
2603711639
2627421896
2605369022
2522634284
2572591202
2476679571
2622816603
2619874289
2606640351
2566204499
2550320949
2600582931
2518223409
2590985118
2622799573
2495961910
2632067302
2633004402
2502820866
2536700930
2598772960
2411882480
2614357287
2622674301
2614635110
2623870602
2508791667
2631669909
2561948505
2516148140
2604465243
2619540680
2629794101
2566744163
2626933023
2425336980
2602084739
2556899407
2599953177
2608475362
2472928495
2460220125
2607801811
2615249060
2498638656
2620386239
2626186309
2604296763
2608043636
2478225906
2639000768
2502960359
2469452364
2459090832
2389226909
2607452531
2598932750
2638662296
2522408027
2641825370
2380284414
2613462265
2589766483
2601988230
2530748062
2572437870
2545078390
2614723393
2467491374
2573884146
2486079332
2440309968
2639170212
2396766507
2528218904
2536454677
2463559069
2441157684
2537437880
2638439819
2628815462
2632998128
2633381470
2600413085
2636221783
2567349456
2621244226
2541907090
2640144344
2615506659
2417853546
2595325956
2503027482
2345088116
2626219650
2643870272
2553764143
2540889548
2618971194
2608887961
2617195187
2595533450
2625273472
2639898146
2533270628
2590980572
2564862947
2549036657
2382494761
2574867668
2487682181
2623035360
2464767834
2609763153
2339631733
2643125078
2646736349
2505297452
2632653117
2359196399
2531191603
2631183682
2587259594
2423364894
2665045007
2451383780
2640488536
2502876520
2453170431
2464258234
2519204130
2659135296
2357550933
2654033028
2515824850
2655297238
2562185874
2517838755
2647985068
2611188170
2607974704
2595879504
2474159345
2497888770
2589617741
2653673332
2598405316
2575849177
2367389769
2587743028
2473327214
2556359836
2486674244
2372903061
2657512739
2553736025
2556119568
2460384447
2478752450
2661583351
2592759845
2619873995
2638876728
2418974536
2512375137
2482797347
2497188606
2534015334
2569687853
2578635906
2598487948
2648107078
2657467019
2567841426
2404591514
2642809428
2452936682
2571252437
2392954051
2666670248
2345812547
2675710409
2658068321
2540606275
2385465281
2590034387
2669487785
2427349897
2660099179
2479451045
2595874341
2678823920
2655712303
2678516927
2675830761
2657033037
2476581501
2600742503
2545912367
2444732815
2682016812
2664825174
2664549663
2423169505
2564309551
2498075001
2476665063
2623009256
2476480248
2522183896
2542266075
2526045068
2668748830
2612341889
2615734465
2672356884
2612768223
2427525154
2667898603
2662630839
2652536274
2645845418
2506116054
2675752209
2565915276
2551885017
2591504819
2467059434
2565149403
2433984438
2600971489
2545101558
2674664623
2420135479
2506131670
2566248318
2673030090
2657580331
2674750535
2619099382
2521806315
2398741722
2561894582
2674822670
2480140507
2678245120
2584244110
2512769091
2460956782
2604656648
2584570159
2686971115
2584764912
2506055973
2601900569
2683355985
2546382905
2544183395
2570207255
2531556809
2664413276
2678585628
2520264341
2649549981
2620252704
2555780767
2590282931
2582549875
2684114948
2673759359
2539082402
2676257664
2449733537
2552872583
2387246824
2650066345
2688016994
2430311170
2594752574
2382398250
2699559387
2600934715
2650373281
2546654793
2622572712
2694104061
2700983954
2374746442
2580155643
2657019546
2680377516
2579113219
2477886160
2508755365
2673878527
2663487504
2656565779
2438189537
2360849006
2616155809
2618029440
2654754906
2543655950
2610071244
2688158503
2649847229
2538581742
2692348333
2567867760
2591341646
2608535029
2606807211
2684384983
2675991446
2696853379
2580500646
2707187416
2555066763
2513832588
2675366066
2702827959
2674497000
2646613308
2663461413
2700495560
2459757980
2374884400
2667259796
2698422242
2598117570
2710712044
2504923007
2510085061
2498999847
2581417785
2582714834
2475797963
2716023972
2649624143
2536865285
2566600678
2624129319
2639071273
2515151436
2642589688
2687413170
2704024975
2391622726
2586089291
2532248752
2688428392
2701916293
2649457790
2686330173
2663515795
2696308933
2599931085
2502882529
2625642273
2607400708
2656179550
2518219065
2701933352
2719656664
2606058810
2690200098
2571232364
2378162009
2673483531
2507013015
2579349815
2702603250
2709620443
2721132300
2580594772
2672331063
2380941527
2655675188
2523020791
2712485214
2701747542
2664570919
2680130393
2645493764
2635235304
2460549978
2703786864
2599808735
2715805229
2523450773
2687487326
2722271462
2701810144
2576526853
2607292423
2682111555
2636965299
2659817861
2677383234
2363162610
2693409646
2691213251
2618563382
2582090192
2401060912
2694431574
2706035290
2701073478
2694578545
2648044485
2531118409
2450389691
2704860053
2680201775
2504619982
2523130996
2493527954
2673932011
2707448793
2661459415
2730981240
2709083095
2342365157
2418196401
2690832469
2696624916
2568910375
2710467689
2573573632
2712358388
2720546571
2653444331
2535035287
2364235828
2513415567
2648401952
2630723228
2724406385
2719478877
2605265636
2690251148
2716815230
2689462102
2701869585
2677090999
2540654654
2703016828
2728871277
2670971538
2732778111
2610769424
2693525136
2625603118
2646008542
2456079141
2735430760
2419060287
2692224794
2453193839
2466886118
2612848864
2706694676
2650638990
2738356277
2708241942
2591694710
2554552989
2711791971
2528568987
2661401245
2716785806
2569727235
2431114715
2738020627
2621882160
2405607073
2590554376
2747499296
2342490529
2568499820
2578405065
2704860035
2497541589
2724207509
2705693688
2661828109
2642503502
2732029476
2724133077
2723993935
2457896276
2684915762
2737637200
2722347253
2605158256
2400652756
2750478589
2527764740
2676537044
2648980134
2742657084
2366666181
2716823656
2579390122
2575498360
2599890476
2632867883
2701245349
2530642685
2692980946
2753020042
2631268421
2508614229
2577766154
2555967316
2731015345
2713078891
2602619712
2431612786
2708449265
2727632082
2719575744
2524354468
2474263247
2730560115
2666873070
2691860915
2645364167
2720578677
2745908618
2646497007
2445419760
2759047460
2709899407
2719948911
2398242941
2708761672
2554833171
2648232595
2700137871
2735259334
2562142578
2753769663
2583617363
2735412835
2749435383
2711193879
2665711353
2709019918
2736993156
2608583078
2464047259
2567325627
2697095021
2432532275
2739458939
2750325358
2599636624
2620387389
2512621815
2731014742
2714541646
2755184051
2465645134
2702030343
2357816164
2601045866
2415411826
2517656642
2749189959
2749213192
2693078971
2745037288
2637871487
2615830982
2754865226
2725030918
2663416615
2762041004
2746716702
2561910773
2626695579
2743274025
2759049405
2640487394
2644362287
2770239087
2693139077
2766939763
2725836043
2745239235
2579536215
2659286708
2629562285
2699238576
2497526592
2609790981
2732393123
2748469315
2400257687
2657259796
2726810998
2572898930
2374515058
2591176651
2758134697
2772785290
2726382263
2688862941
2636762988
2635520114
2595325147
2667635514
2470902910
2770820907
2541999902
2712685888
2604079080
2352168574
2705720461
2519732838
2551468508
2516171602
2621964792
2719138027
2538876661
2734878417
2622448521
2675977502
2705066126
2753300849
2644097276
2754814994
2766235987
2676774407
2765583700
2410637873
2581729271
2773761906
2772537991
2623139279
2546642228
2754997073
2448089833
2603452111
2694579571
2502345000
2702052392
2766824912
2776356588
2765237843
2791045463
2795587034
2608278012
2771207318
2740567452
2779623567
2750281481
2587422910
2780234221
2678834287
2358702256
2763348494
2726453798
2743022945
2482785075
2532578054
2754024034
2724451826
2692663921
2747055753
2759131448
2540090241
2742329636
2698822627
2784984094
2697881177
2702600049
2789944252
2752419599
2750499420
2744013742
2770915467
2796051584
2794397052
2744877924
2772514662
2676858662
2737908396
2790743537
2382162502
2648984671
2778682573
2567209962
2782459690
2652468605
2591016305
2408897406
2617919823
2750731006
2614813502
2577142955
2411365370
2768575864
2658949664
2706201823
2798940475
2793118875
2780778072
2671124044
2678979553
2772519562
2448370009
2785410938
2802889710
2720594478
2761322943
2784836102
2748140633
2753402402
2582579256
2620857643
2422179066
2639753858
2652534700
2779576572
2653930945
2733659991
2712286701
2530387586
2804696986
2707482055
2423625265
2674760704
2791503200
2710766680
2693434567
2542450487
2750909804
2731388694
2630399666
2707670167
2506010374
2673724798
2740230860
2706871221
2783295180
2689037666
2613851276
2558023713
2670138495
2506648906
2468385589
2498477611
2787389315
2442874960
2785341389
2600526238
2529003824
2594924955
2660300490
2645024437
2511850064
2746506951
2588184641
2742760846
2786197330
2794734143
2720363767
2741034736
2815104549
2642929581
2662644992
2763929635
2802416515
2768691457
2617097858
2720595262
2423333716
2792709010
2784325176
2616788427
2699538239
2785027678
2560464616
2655949374
2723249231
2730604672
2557142906
2765561871
2516874307
2480224101
2751716016
2647310108
2792987082
2685254192
2558127509
2420543378
2799020825
2712534589
2407647817
2810449645
2768771089
2535689805
2559967550
2706341457
2748596829
2625180751
2776060989
2761185051
2555001803
2674551991
2761355621
2823019107
2767058210
2646928090
2694524177
2722843877
2686569105
2800733372
2737075052
2822598484
2651324614
2621673833
2804964924
2831664795
2555236200
2786594905
2801350450
2807040538
2612426119
2834182719
2639664978
2825745095
2654193548
2804994409
2656926278
2586728629
2775185278
2737286741
2752966707
2790705902
2633028616
2594386701
2619994565
2775135608
2801211937
2822287648
2375300832
2709181080
2613041939
2821588133
2585575725
2747337780
2798153816
2721128622
2823592295
2831593777
2822877584
2514815627
2819081151
2681882968
2546194089
2766761861
2395372515
2795366668
2684257511
2801703216
2448395890
2815512938
2696638404
2581636251
2815919165
2706305454
2697134527
2817439686
2829157748
2690211879
2811011550
2793006204
2542018770
2480131118
2542245860
2550691305
2805355141
2824313269
2350886447
2815983919
2805753861
2784504510
2828908722
2830030292
2661756778
2772084074
2817326034
2820143479
2832915445
2733432111
2456306026
2694252651
2712313808
2846557454
2565401790
2791963752
2839822292
2621916774
2635667911
2611155838
2799708718
2847996954
2729459858
2430875799
2625873102
2821744277
2843208662
2815812947
2686080065
2707182364
2711275993
2820066451
2537757528
2409893624
2641500825
2822724783
2863349799
2600551369
2817849071
2811325781
2740922929
2674222940
2598707953
2752604612
2604724278
2724112520
2809549378
2667843960
2855301767
2507686994
2849586908
2786124981
2751328477
2744515573
2737360317
2732904377
2568870275
2848739233
2819045919
2775335171
2783266690
2613666788
2726246668
2809103548
2748925787
2790899868
2397060590
2855830481
2828116924
2692064875
2853070589
2672680650
2875877949
2803464034
2790169000
2871138129
2879347256
2873273016
2796188666
2750631020
2849038125
2539533378
2681569995
2701348443
2562250850
2823022549
2861150761
2867102946
2509659134
2743690110
2862244156
2705013833
2853263079
2839568158
2660952672
2758181871
2884496911
2824567964
2527377144
2817500044
2798441853
2392658560
2511671896
2708191169
2763353408
2533025613
2876880914
2775186145
2727220306
2657650734
2499096774
2861612324
2858036313
2866414867
2820835187
2848617662
2742293205
2887080970
2703345358
2867322150
2891242788
2762059720
2874501071
2738590702
2685189639
2749416697
2841368989
2833090658
2440381803
2417198074
2555834914
2814056055
2751007620
2806022613
2639200144
2872930698
2874423782
2480639822
2834914120
2750944150
2341646750
2739829836
2642510202
2834312877
2889211479
2777802158
2372347353
2423073613
2709559235
2520075961
2863567584
2682934977
2716226603
2902597906
2755302888
2870379616
2830445696
2899110891
2858946200
2885688379
2801119780
2884871482
2842252060
2430970594
2878137246
2897321147
2865121262
2877728114
2671726852
2534019345
2449423996
2778581573
2762693907
2641076931
2628204925
2659063712
2761668355
2760653492
2703153859
2911156586
2886630393
2880592742
2631246930
2843147692
2855983834
2650539970
2754392102
2553901657
2839429377
2850226773
2750084224
2659649505
2402753154
2745759618
2782116388
2821764160
2907559611
2421119745
2725672574
2854996310
2906362569
2862703860
2758420788
2837504332
2803129520
2875585909
2910755959
2892380910
2627503953
2612111583
2914208880
2894630159
2879958567
2853529332
2637356769
2853253143
2774402896
2919761336
2678619840
2809075798
2801602870
2749219778
2634692085
2887825767
2888385627
2914276181
2855445625
2566241587
2928037890
2757596913
2827821196
2814541927
2695588302
2755824358
2662214954
2871011038
2871373941
2596856796
2894352434
2758448841
2633287908
2796316944
2894145653
2921515695
2603066170
2814634133
2929193332
2671531924
2532084103
2854351784
2907492726
2898197809
2836390745
2914786000
2641476907
2797210869
2927246458
2908770481
2903562001
2775641385
2466929728
2428675094
2363921298
2790037009
2931087749
2839450875
2748281677
2550646865
2897569990
2885643126
2818741656
2823580015
2799684606
2806005871
2837770141
2575540505
2697111703
2516270957
2590250628
2856556433
2839082548
2815388486
2624047085
2781797198
2539783734
2794541272
2922632840
2841488820
2553328252
2884886289
2890730455
2580537501
2613850845
2759811924
2865983282
2872781397
2758303561
2942958819
2874594861
2702210927
2666082664
2869149186
2882813010
2784657218
2849243811
2698816727
2629885765
2920880221
2698909021
2776921888
2621860853
2657886659
2792688612
2892778485
2793223285
2720366479
2723253990
2455532488
2679069210
2923160370
2587667069
2348811796
2744148562
2805652742
2839449544
2939877035
2872759948
2952427280
2790858721
2888651668
2945421410
2640228230
2943560906
2848512359
2922518412
2885207303
2953291123
2870251869
2882846449
2503656448
2796615836
2796577970
2858856410
2952212577
2519741832
2424114089
2637740578
2689328180
2888113416
2819675973
2526327517
2933839598
2807437869
2843303365
2946784372
2884751245
2647026069
2958565433
2929404075
2930031585
2948725448
2899379204
2764402565
2841389573
2952265162
2940434378
2915485033
2905861840
2962323205
2392762746
2826266215
2926165089
2951344451
2941139719
2957293451
2949221974
2956673082
2897132036
2713866126
2342194946
2845068482
2667948464
2567413035
2693086698
2390513242
2894076046
2872813695
2939074133
2425772745
2735243606
2732833913
2507128623
2729168009
2722494854
2964220508
2964836139
2967626565
2601393367
2893576567
2663147685
2899667288
2911596480
2967551403
2680694771
2876285434
2771540039
2603327612
2432709215
2398874178
2940215445
2945333633
2813246703
2947175153
2606344563
2901430893
2553745084
2598187923
2889396208
2916177655
2877481311
2978830403
2795892989
2740855848
2947919973
2799370854
2928111057
2453274331
2857569410
2980608362
2740794623
2660673288
2751868738
2879829684
2914525674
2801113464
2438900078
2947070469
2714458292
2478741078
2914568547
2708250386
2986762381
2824194201
2521439283
2527946730
2478246194
2717757740
2911484615
2543016257
2794192278
2413475477
2976599162
2762346579
2893020861
2605869612
2937690542
2791285012
2920372487
2843014989
2991569047
2867408232
2888875464
2558497566
2355015088
2941193596
2453836969
2749098226
2744497015
2960896924
2974440605
2524461532
2979314976
2760426466
2811426992
2370512814
2626063072
2851580285
2508077255
2675910111
2968604453
2930074186
2699423936
2982005452
2569784156
2839072386
2512509931
2941654346
2623868134
2817513759
2972572387
2958418348
3005779864
2960832958
2964527839
2959640885
3004979497
2804448973
2799676558
2709628600
2942847407
2505447133
2982047482
2739462917
2966362182
2974413376
2731341356
2938787803
2858444941
2951793337
2653447241
2755848791
2994321347
2881086292
2795473582
2923338535
2794979344
3013172680
2813651794
2937101043
2812352361
2990221263
2888430353
2501443423
2626308917
2860736456
2971407574
2981976590
2816577372
2690948263
2929945729
2970301863
2590912926
2496143650
2937896959
2989474604
2815026447
2560724051
2851656607
2630591753
2514015422
2785146916
2931142264
2931636139
2674675449
2760433494
2781214352
2941920228
2808964429
2906617195
2972940312
2779249920
2763471402
2864339559
2990173402
3013219825
2844978412
2511253771
2804934150
2635856120
2826487028
2773898772
2953745095
2657605439
2940656032
3008913872
2490651427
2869804474
2932766541
2947321591
2817330656
2945576399
3013876646
2980839150
2837197750
2935287667
2868829453
2819303987
2878941834
2381683845
2955205099
2931599158
2695209035
2868845831
3003587398
2814811822
3009277658
2925958334
3003707716
2741867435
2738011830
2925421767
2813209415
2968309274
2957569471
2996313089
2947657487
2908085008
2511474842
2999301763
2990951969
2798461301
2769542402
2822795671
3027812182
2727688079
2940377745
2870942809
3024696280
2531609960
2811170005
3013667208
2542064413
2904004627
2954436979
2990429733
2991158653
3013356057
2606962613
2889280250
3015808857
2823372007
2837974980
2887569260
2957393721
2963398801
3023821676
2629974936
2814624398
3031837154
2774113103
3024462172
2940821539
2689249173
2886672996
2392615034
2958816594
2889357193
3001649087
2911230588
2912026220
2820885705
2993441894
2888730729
3012169332
2835367553
2453549186
3032467383
2688038516
2812077421
2372604553
3032774771
2965654005
2851912335
2799012112
3035928095
2914004133
3010601298
2816978211
2685851335
2817743188
2966958137
2968734910
2814205825
2954558141
2918478808
2741601360
3041497253
3017361602
3049932213
2605182320
2886273465
2713856741
2358816979
2604083583
3056161616
3052719775
2974618516
3033637033
2856792420
3005951192
2967201350
3003228099
2954568705
2742610085
3031698213
2842458748
2922737700
2759941984
2488908534
2899858307
2542942724
3056384974
3036096398
3019363705
2958298959
2744569367
2901768536
2823545291
2936638491
2970873952
2951935139
2884343605
3034498737
3057483493
3023290053
2942254442
2993262709
2746658627
2845970561
2734989398
3048346891
2515249404
3044724482
2894620563
2893706260
2971793217
2806669670
2905025293
3048584996
2703818272
2898786892
2997496114
3064737849
3034197446
2999171179
2916921616
2957403430
3020698768
2658097482
2747325042
3023697164
2896798124
3021523768
2740950295
2897181722
2676782482
2934737277
2735033460
2742223376
3007144902
3013394844
2368831372
2867424432
2561225078
3058529054
2688645379
2839366870
3005496849
2810586121
2920421292
2521397406
2991283904
2795932510
3048096758
2785729303
3071070990
2694459019
2903481225
3024068566
2376984350
2777269302
2829624127
2748181491
2748553455
2916446141
2837919956
2956346262
2442798709
2999808434
2801592855
3044648254
2797062226
3064151820
2705502823
2753961698
2941928583
2935272710
2994205062
2756937117
3032324422
3057193623
2884540407
2584937961
2872487023
3076758837
2778406452
2354420655
2560748927
2938962764
3056036783
2832058118
2821882761
3079100059
2952312837
2904870106
3086097758
3087424910
3048829650
2855488341
2403342774
2758371471
3065973752
2498691702
2935096606
2844630659
2913344930
3014191223
2972629741
3056552645
3042894394
2702534897
2653274738
2990526550
2846778241
2657703607
2822865371
2716257702
2866958245
3090795459
2837559880
2409886591
2771045336
2951514149
2960463491
2670881283
2796888550
2620871788
2879904424
2820455774
2982196503
2793853699
2871138952
3023843354
2815101693
3089180612
2374050166
2489915307
2973962147
3014509253
3051015557
3064130106
2542122396
3089216525
3023504585
2623994723
3100372925
2662653193
2949913728
2504903876
3081088842
2731020153
3098925862
3010821356
2957368479
2689615040
2524679853
2932898779
2815789100
2826280283
2703747783
2891110009
3094124082
2828996820
2822862318
2707308509
2667874544
2986607057
3060190051
2779262152
2905713957
2661752255
3003750870
2801633968
3063752153
2918612666
2893299160
3086441406
3088371909
3109918397
2568779433
2938860630
2915549015
3058791043
3025004096
3029005704
2810952555
2520696108
2705891311
3108515669
2970377838
3035533848
2558104767
3099171455
3030837108
3023032978
3063687870
2919144924
2837738376
2402777610
3115722850
2968861663
2598888040
2880228716
2924765138
2993293394
3116123716
2969851710
3109205407
2972431682
2593376876
3065725935
2514312279
2710875898
3079543101
2971891429
3035888717
3026569965
3087569985
2682712587
2672918919
2503318779
2921499092
3092405089
2699483390
2928448325
2974357506
2813666451
2884982374
2485488488
2891185027
2920093504
2790709898
2908165117
3088990231
2805195488
2949583609
2980385941
3075088006
2939648855
3117329438
3110751687
3004419827
3117562773
2444506982
2595402360
3064148144
2844066843
2967223873
3091598393
3118142721
2643702258
2962613419
2709689143
3049535883
2834975471
2420631784
3087464991
2930838270
3125447459
2870292573
2695470681
3026005634
3033505541
2882433237
2695926715
3026672146
2930279078
2975159692
2607068474
2893354957
2898931841
2701961615
3044956009
2830302339
3137795247
2966069049
3038224972
2466178835
3140776816
2937075799
3133332621
2955446197
3133066587
3046873897
2915175502
2854231361
2820253115
2953955325
3078329304
2740355034
2342442055
2935538762
3135307177
2880341604
3045941106
3080002529
3062582613
2834620628
3097893016
2856289848
3067577304
2867186901
3037617806
3097344605
3070940774
2934459974
3041160611
2926861025
3045008666
2965698523
3036978586
3123758865
3033106370
2977365268
2917461048
3100667365
2998166242
2671350986
2391561155
2914133808
2977884463
3149298924
3115627661
3070495169
2985891647
3053810183
2976483758
3079854169
2979376486
3145356008
3053585139
3124253362
2840012324
2753707627
3140092322
2727116163
3117081562
3102831082
3120317721
3112463257
2850897018
3078099186
2562717784
3010359359
3123876557
2797475689
2895216753
2663513627
3106249526
3080871343
3130354077
2955024801
3115401845
2719428705
2798027853
2896329521
3088646821
2592190405
2655829628
3135139596
3076639586
3031161192
3154968128
3074262239
2923989219
2810633791
3100549951
3147035792
2698029027
3146642834
2765402222
2976571257
2759516139
3049926271
3130716081
2759584987
3152813354
3156500612
3051288237
2984485190
2890378397
2906636680
2944773179
3141042512
3137335946
3149183423
2911194002
2860009310
3119475196
2656407633
3115086757
3146470906
3098919461
3093243205
3168154280
2637312286
3165315766
3093782673
3058738618
3149572030
3003565709
2642311490
2696009347
2909101833
3140712135
2510726632
3087785414
2968571690
2581142122
3114261658
2994442843
2986105340
2548314412
2632313022
2725489042
2753197323
3112180146
2943006673
2970702669
2649641828
3163570591
3168757513
3111479042
3085700583
3143174528
3136899527
3067055982
2770051773
3037578694
2904977777
2785173423
3097859187
3147507674
2681256977
3152812842
2919804278
2922788246
2736053957
2623487697
2827327965
2880862199
2924446108
3151575060
3008267984
3098223564
2888573463
2764214117
2668400449
2782021008
3182249005
2646811243
2641255554
3063682808
3180419632
2957467368
3074808578
2893955428
2386258999
3042299601
2829061370
2823207330
2500704089
2812795662
3017433893
2818609073
3064824129
3111708829
3162122299
3151852873
2871363038
2618041232
2547781892
2857427702
3103489875
3159292493
2789658805
2393261243
2477115536
3191026234
3138384874
3144338452
2744555021
2556401680
3149464273
3093549901
3165322829
3186773524
3097560255
3132505593
2571965779
2963354814
3181234329
3102033666
3023473386
2877104359
3177034078
3180383620
2349169132
3027375408
3120039388
2581524957
2681627721
3165568027
3149619505
2759319802
3134758424
2925380829
2521200731
3072615348
3133408823
3091252616
2778036381
2636725110
2832116665
2975136310
3081758229
3103766622
3143543094
3077229611
3157720853
3165341364
3190608347
3056924105
2923319136
2951600192
3100919307
2611154170
2991550696
3170966066
2653958288
3007188907
2700525949
3061971311
3193064425
2698242150
2716046415
3079717040
2960391609
2681370682
3152984949
2545881262
3030668026
3207772483
3061097487
3092301539
2624944126
3204220553
3092418908
3057336133
2980825270
2770669553
2990040301
3099374651
2735463890
3153134938
3173849652
2825362176
3005940017
3057289849
2983612661
3145596928
3085225206
3157161385
2387008283
3208716686
2606323302
3211208354
2924092337
3150070686
3184699712
3213285626
3215679214
2998540905
2964423797
3041341601
3053564188
2997383393
2991001575
3030580073
3173805909
3166722311
2991925343
3183080016
2951217317
2651563384
3062138758
2905136733
2858133079
3098444487
2979168224
3211858150
2945759360
2840727253
3214271295
2799973572
3039287844
3099179860
2912162015
2748451327
3136118615
3095899795
3026023524
3213512112
3023445051
2780717648
2441281640
3178233283
3079823297
2952344731
2723404826
2905429223
3097969008
3058621357
2951252759
2618503652
2449142417
3162783293
3077349101
3062823905
3112761971
3044778344
3045801216
3117769054
2974761432
3194920236
3026819503
2999465781
3198061360
2512449878
3226805405
3110062068
3137689604
3149959740
3103708506
2776402673
2838195690
2717611776
3213379274
2963278139
3192293378
3224092037
2506128227
2899466350
3208096038
2915995485
2698492914
2928876441
3218033814
3153249522
2980618112
2996823690
2525363641
3062576283
2616304535
3221426812
3135914162
3237357498
3108629731
2977763889
2962875058
3039030777
2939033441
3209012448
2858294004
2676230468
3065773271
3007524697
2562290909
3131080255
2731209282
3188848664
2924210508
3218671551
3240178605
3189630916
2454758397
2859063145
3219241903
3101736135
2850199661
3075962705
2910276930
2683453245
3041474752
3118232930
3035751404
3059383089
3240794077
3182534928
3187027162
3106659908
2989761760
2699778658
2928266064
3111032567
3210110215
3175314370
3031451042
3233904798
2922060424
2764917184
3227366554
3220840978
3096498207
2881680057
3127764483
3065438962
3122531062
3219597802
3176016038
3144905013
2717011192
2937265371
3203767761
3041420807
2887525853
3023800723
3009438450
3151211083
2808400103
3167449389
2706306853
2922880328
3214757922
2951727388
2923744562
3052152190
3168552878
3142061054
3166981948
3254642944
3213988993
3244947124
3003717077
2881107722
3153695300
3068458089
3021820626
2940467730
3080507811
2512769483
3238431143
3125479501
2442508680
2969020321
2848528443
2458009966
3181752531
3148715797
2997226118
2371253604
3152518115
3162498307
2937780667
3232326762
3255082856
3081454091
3225769792
3239734795
2738723735
3215326670
2619940603
3225395053
3227502215
3171735519
3233691948
2946511263
3235456727
2619025214
3212950849
3080004278
3069354240
2790681884
3008258858
3176969596
2663072301
3230190570
3257921810
3175289906
3152508486
2390939933
3176121165
2769763336
3048209776
3090239176
3100622601
2642062953
3132295202
3205086583
3000841733
2873352228
3011265038
3156951851
3211194318
3087128035
2860255076
2439052277
2874592680
3242658997
3223358174
3062128506
2879715414
2972686768
3153677633
2684559503
3215117652
3275822761
3201579867
3269151194
3033607759
3239179043
2785400898
3068652182
2432998657
3246572947
2790836424
2548680821
3036267228
3187499918
3068612391
2827345596
3024131627
3243820946
3246938736
2877667310
3097176350
2654197883
3193987846
3174929957
3157605116
3010458180
3143964041
2959213232
2716165470
2921043664
3189645961
3168278748
3250975259
3136775077
2865080220
3274626318
2983179100
2988291009
2671140908
3273008134
2445477631
3272547582
3129335483
3218634430
3240872882
3022317839
3254867148
3179447550
3139606623
3221711695
3194357834
2902177937
2586204881
2822100423
3232336281
2882861851
2986104490
2997075043
2796432837
3277568110
3196644982
3128145705
3142898683
3258815639
3193282455
3030494702
2888263232
3101055616
2968991147
2903396912
3103375661
2817731075
3119887024
2981981630
2806417500
3262291144
2646403123
3173010824
3038566125
3210881452
3255032847
2647132899
2423905785
3298753958
3239072860
3173084238
2561656325
2808895838
3236791689
3265784796
3117297885
3267864606
2839435557
2709930178
2922771973
2976577885
2834393786
3268354608
3248254632
2664550327
3198939500
2421620939
3287773849
3117266815
2787178161
3277649064
3092930979
3150968012
3225876243
3214615717
2958082869
2727290532
2925634150
2798667692
3274834175
3181260070
3123398903
3284145994
3254724802
3270360306
3037459108
3189704485
2815234213
3256419916
2749022381
3216160917
3292295986
3199209932
2710819072
3041892503
3151635086
2966915663
3301839716
3261774775
2946451943
3249849012
2726857916
3254510357
2615272154
3022936459
2779034542
3191945665
2941925996
3298145144
2906417476
3272434200
2901300574
3137956675
3282674657
3298545127
2878807954
3029001151
2689936764
2697075047
2794903546
2764751115
2924143142
3311502248
2785102293
2807230233
2903275784
3321912434
3138410543
2562363431
3297817712
3326606050
3274513600
2503097472
3149551557
3218620514
3231252254
2842451216
2915199274
3322195673
3324228228
3300759570
3043009569
2596037352
3276642429
3147173263
3086889903
2690989010
3028024998
3021917485
3268168165
3321944840
3155033623
3264076516
3250377687
3299471353
2922611078
3293003879
3306999573
3227893419
3222598913
3187679741
3148600304
2575409633
3208310145
2614781155
3320084960
2943726853
2739118880
2482584168
3186812855
3306849466
3215752088
3276511405
2757254031
3259527993
3215845123
3323476711
2548034044
2914585200
3329942429
3298171937
3227456192
3198420390
3336602109
2904986993
3275575980
3304393449
2771906545
3340582614
3166004606
3208180470
3270641136
2901378549
3131372987
3193896190
3313428479
3039841580
3161048320
3053396523
3311649292
2996406990
3200087211
3266354120
3340621252
2990113936
2753339909
2995384438
2979264357
3233910013
3160166623
2500758616
3286568746
3208160615
2910631378
3149605306
2982497725
2639738084
3098277722
2836345474
2925025283
3344923088
3288748972
2837175996
2666223771
2983526172
3203150923
3242086884
2903845015
3136155303
3128565688
3096313565
3333058743
2393312946
3353693316
3322762776
3356145408
2916492778
3062830493
2819255308
3309501382
3233712186
2544241725
3286017578
3297011275
2677040180
2808167945
2968819222
3211501746
3184015998
3337242058
3026786116
2351221301
2776537888
3294745124
3284289263
2853376612
3235661194
2507540678
3290830348
3213026370
2684315524
3176155578
3021138055
2881316238
3078906209
3355445443
3345889399
3213363728
3243297999
3285504849
3355048220
3316159098
2977960277
3354644604
3314469893
2586871656
2980289417
3059406887
3349980246
3359023212
3331189077
2739484242
3026260519
3303773897
3252862447
3184139678
2626577611
3118855306
3043522564
3232039342
3250554743
3357661647
3105461891
2850947724
2582706234
3026481610
3080760203
3336262926
2792310516
2935499948
3150243547
2456055835
3340836206
2880642532
3051110172
3218472159
3362308954
2821587819
3110034940
2614124099
2761491364
3253024709
3274570863
3076625239
3248459144
2819331933
3354470402
2760389371
3165298619
3344544960
3153750168
3359693282
3190609417
3294380568
2516106341
2826786097
3092201600
3114909724
3115038228
2934089712
3136932105
3350348862
3272167246
3364959391
2828436698
2655736599
3100703221
3367547499
3246570353
2897651134
2703567935
3358125204
3337759729
3127252723
2960789665
3040705357
3237437143
2631837870
3098562916
3369185931
3369646434
3051340857
3364094047
3351367615
2709974371
3310701532
3385119201
3175511587
3286640541
3241355756
2495327197
3351059040
2859110359
2800615884
3311339834
3384670703
3037691457
3387403461
3076320512
3340981456
2382986627
3043307541
3225846638
3203627042
3155963406
3352751895
3316969199
3038686001
3315993638
3250868557
3361628186
2921107671
2653163321
3241855025
2641329262
3184864967
2729703869
2662614302
2815516199
2934522019
2575046580
3025843237
3246400504
3337213592
3266658018
2727842835
3205759363
2833690112
2872991985
3249172992
3297463407
2777481190
3265361073
2973493943
3223546183
3246681086
2634607670
3096941981
3397760436
3321038884
3084386581
3358351503
2939038132
2624203533
3359407935
3331782997
3386689238
3258385080
2683687764
3315849450
3061694415
3379275511
3388869110
2931926286
2653036951
3371320651
3297075563
3108006119
3269168543
3337402392
3343936396
3405424528
2409181946
3146227388
2528860480
3211392308
3381385388
3071747178
3340833453
3089714648
3225649545
3409939489
3410948548
3413370224
3292175962
2410947525
3218335816
3328805760
3003140310
3396203864
2878560066
3224769162
3193274956
3353370837
3068458411
3204515881
3358277601
2717378262
2580551241
3282663627
3417943279
3344504746
3134656885
3409441221
3422053314
3305380558
3038012939
2551900916
3402917973
3329099521
3173682521
2815885553
2964306533
2655644717
2567740418
3208727335
3009261871
3262744497
3111226379
3355296924
3426029076
3366387667
3214325210
2363229829
3398416114
3031945040
3196618209
3413640891
3119343250
3229591616
2788904371
3035280014
3412422946
3363564564
3355419754
3374992568
3431920627
3318644109
3204361115
3430621083
2765202919
3364501192
2493329525
2863417235
2474887838
3213177578
3418160405
2768767822
3153697893
3301433374
2965859998
2628405932
3306939047
3415385337
3430652572
2879399768
3383207671
3433054262
2344469673
3393683459
2762782057
3149016059
2992899684
3307180632
3164274381
3371030810
2898937169
3348532970
3418491468
3177485910
3404924843
3213407767
3373600264
3309229798
2791089891
2965954467
3373965698
3089055117
3019284508
3219549523
3430373287
3377625471
2883709831
2890242308
2603167591
3110429878
2437830416
3329375615
3350466046
3429981610
3350466695
2828439763
2991638556
3299430659
3074487008
2409784768
3029526835
3353921733
3410250026
3311125760
3283070373
3436389777
3047719204
2530290999
3350370995
3441869470
3105673923
2855181696
3438459961
2560179020
3357847991
3425748447
3348403303
2920012500
3094469624
3274795067
2788927611
3328504088
2973513828
3279778779
2641391810
3207127974
2888639783
3370011132
3375407668
3405459974
2667203770
