2333333424
2333611750
2335968643
2335039064
2335691546
2337286242
2336220347
2337656581
2338892195
2335670475
2336422278
2338583163
2339921579
2337263213
2335775803
2338779604
2337550602
2341364461
2342075040
2339433887
2334864545
2342390039
2343347931
2338641870
2342947027
2342751635
2343494200
2342423820
2343271544
2343225677
2334975848
2339613649
2344127079
2344636077
2340323374
2344460092
2344460092
2348527036
2343622786
2344381961
2337819796
2349101691
2343340639
2335529762
2342317696
2350076063
2347577367
2349254471
2351267549
2343385302
2342953378
2346001335
2343512298
2348279654
2335990815
2350325436
2346760068
2355096523
2353762156
2343277210
2346788656
2342826467
2353481793
2358192666
2354827826
2356120563
2350112842
2358297596
2356916775
2349275091
2348141714
2355565742
2340886901
2359428349
2352422303
2346610948
2355411446
2352534545
2357785694
2351562693
2339034536
2350615259
2353921202
2367291144
2365553496
2337471565
2342882190
2336308537
2361462468
2361794463
2368312918
2352200872
2345596791
2358938807
2355277106
2354948547
2361781755
2349706895
2364082570
2368991409
2373911123
2377129749
2369908506
2374698373
2344250975
2337477446
2363284979
2340597344
2347018964
2374151637
2368322793
2374138834
2373731544
2373373076
2372273802
2350473295
2374454593
2359872418
2370609891
2336201470
2374301024
2384435257
2377402668
2377311284
2367681133
2378771639
2372479437
2360439745
2365914080
2362633744
2360057943
2368650914
2377087911
2357437539
2350120397
2372639066
2372621575
2372621742
2342301025
2386216605
2372689982
2388325360
2373671117
2359366683
2347168164
2358958750
2386807109
2380288868
2374227030
2368816957
2366341461
2385777405
2378473765
2355654587
2381351470
2354343919
2387660542
2343670054
2362223767
2363868955
2387997802
2363011279
2376327164
2381814758
2387437924
2387377027
2382850441
2367861354
2370143081
2388557057
2395521472
2396146423
2388316419
2376506173
2392238488
2377042171
2370619464
2341708457
2344453584
2382520199
2368469451
2380527729
2391814854
2391621118
2382102315
2392649420
2349294922
2373254607
2395226334
2390521375
2355393730
2383885795
2373087801
2362386486
2390626219
2367216435
2365035817
2387681504
2387364428
2377949926
2375025169
2400800468
2393433802
2399903157
2341298774
2386276996
2347842138
2389361398
2400340136
2392432987
2390433493
2401104485
2387565212
2404649751
2376773474
2406837081
2406118602
2396510947
2403094585
2360191382
2378766031
2409001983
2363346170
2406804826
2414636963
2414433763
2396066411
2416928199
2363346170
2408551643
2385042387
2415904557
2410017634
2416240889
2407911243
2397782355
2411073683
2391771788
2355538704
2404471657
2395617004
2405515995
2390253560
2399137194
2403718005
2417682279
2391618385
2400219795
2413882774
2415398605
2404732068
2352894121
2387582026
2395291509
2378540490
2416168953
2409609831
2342103354
2395008393
2426284751
2386301489
2395466674
2417913343
2357506153
2429217462
2419435275
2414323181
2425278715
2408862901
2347513088
2381709860
2401143222
2420241656
2427295248
2431267873
2408212234
2385355800
2398844147
2424228394
2421811595
2421933262
2433796983
2414979907
2429640232
2430062243
2422256636
2416466738
2399620443
2423994556
2427374263
2401658726
2388102852
2436023531
2408801044
2436052564
2373128217
2430229783
2417046476
2425674449
2391703575
2423799772
2387219777
2424072656
2399785604
2403072999
2423024998
2374725908
2394124999
2399038835
2421684938
2425943953
2403549617
2428564192
2405470960
2434754690
2412538667
2411009458
2428964832
2429197801
2411830577
2438025330
2431878426
2413888026
2387732461
2425443135
2390467939
2420798068
2354442694
2371384057
2394271601
2437073297
2377499457
2436433507
2374832976
2408793062
2381233220
2445857213
2427061794
2377409515
2404467730
2421524439
2432967057
2424682605
2423782567
2418450976
2400964731
2408806186
2351260366
2406499280
2434848969
2388201650
2433148275
2446032658
2431106045
2396809046
2440780864
2431719614
2430931237
2360149687
2445942227
2424491580
2448061329
2411343054
2375049501
2438328410
2431488240
2433986776
2425129196
2433238202
2445633727
2419759260
2441583844
2358202749
2426021186
2436168493
2378802210
