2333333906
2333333602
2333334293
2334031119
2333482113
2334179670
2335523830
2335083069
2334173605
2336111062
2336111168
2334826566
2334322416
2335459970
2336110793
2333919845
2333919859
2334359559
2336173413
2333334106
2337002207
2335316638
2334833123
2334700444
2339877484
2334832783
2335678979
2335721344
2335080632
2341615628
2334932220
2342388887
2337520670
2340133580
2337953924
2340193002
2335937920
2336872493
2344713877
2340460702
2339577557
2339351204
2336802168
2345924289
2337613954
2345029351
2343597573
2349959856
2344899119
2344899860
2345620725
2335791140
2343566111
2349451719
2342976721
2343566623
2342298896
2346946333
2346690277
2344256465
2351039114
2337918340
2351793417
2351329269
2353400010
2353400073
2351585320
2343047359
2337122713
2346507041
2350298457
2354700171
2348006972
2338129903
2351306067
2353353544
2353363107
2346191897
2339167838
2334146908
2344621928
2352272756
2347242781
2354671840
2352874545
2350485155
2359670172
2355524216
2351266753
2354308735
2356681467
2360464745
2355153366
2362313529
2360520481
2356524917
2361984518
2355345506
2336253472
2355981151
2353161949
2352501413
2353352571
2347245875
2360224886
2358083814
2353352704
2355158513
2360222872
2359701144
2362193080
2361045545
2363277085
2352638738
2362734164
2339318199
2365047784
2359607153
2359972351
2357138732
2340073522
2346081695
2365442878
2364572002
2360234351
2343163296
2361157614
2363216049
2368210991
2361249459
2370126625
2370423292
2351427951
2368161838
2371378889
2347056328
2340185140
2342820666
2373369109
2336109976
2370929969
2369806665
2372653930
2368741881
2367553332
2341754285
2371141706
2373313297
2373448324
2368807002
2370187277
2365836349
2354008420
2367738553
2374322664
2371956898
2353028762
2375578585
2379076088
2375570370
2379510692
2345536231
2355864594
2380047590
2379027156
2375548936
2351443220
2356356269
2379801796
2378139680
2376421458
2380986122
2379274399
2378118131
2363257899
2378226972
2378073845
2380582816
2365142903
2378915971
2366896878
2358539476
2358053112
2381072629
2383071321
2381407225
2381655009
2377070976
2340721113
2384134889
2378415505
2364566359
2374506535
2386966169
2378400397
2384913004
2383936876
2382953426
2371157486
2385090852
2356706882
2385754111
2380726984
2377647742
2385586710
2375226074
2385385403
2385168732
2378174330
2337586483
2344971588
2387829133
2377561662
2341403672
2371803380
2383549340
2381660578
2390047546
2382223613
2385738747
2378834720
2388399398
2383600518
2390747778
2392270017
2381476088
2383946697
2388023512
2388986035
2392976262
2346939819
2376211308
2337946367
2389663815
2389426960
2378389581
2387150607
2340587290
2367355470
2360569736
2384962358
2378067176
2391668296
2380957041
2338650025
2378744504
2367637812
2389903137
2385122962
2393213531
2358684713
2342629392
2398274223
2385208876
2388519015
2398023419
2397911709
2358247941
2399207599
2360148275
2396090845
2382524723
2384553020
2341197527
2398168687
2396890930
2387571375
2394134661
2363517124
2365765747
2393455441
2391390747
2368241618
2401166687
2390952658
2363154326
2392826347
2399285866
2405560648
2390144527
2397810711
2396827905
2396908434
2349608604
2404698018
2367278490
2384421874
2372873519
2361899370
2374095644
2398455553
2400362081
2388174633
2387284353
2400425271
2411775309
2396429645
2358257370
2387633797
2405685209
2396342134
2404562312
2403680048
2405635809
2383741300
2413402578
2406189409
2405783081
2390659253
2407415441
2403336178
2415660783
2415509590
2417170881
2366452392
2415048988
2409231199
2365788267
2378053714
2409007539
2362194332
2408031527
2421067180
2370908548
2412147925
2406806871
2401902227
2368056841
2348574004
2405076960
2420681326
2378179808
2377517126
2363741542
2413473973
2406036302
2412417482
2407883701
2407908140
2409417662
2415805577
2423309619
2336327408
2414589888
2415915961
2410839038
2379139307
2393337532
2417233686
2385440868
2402373206
2425130827
2417185654
2359703420
2419737636
2416579238
2379431738
2387382285
2418603058
2415003752
2426995922
2370788800
2388458825
2394109375
2358642979
2408613039
2387882657
2419318805
2429492828
2398630263
2430216697
2376361618
2421877281
2384225840
2414645932
2425818728
2428181886
2401046554
2410670511
2355586034
2430036589
2381758644
2354280534
2399696821
2424431256
2415404367
2411784242
2426465413
2433481555
2423555858
2424556294
2424008460
2376955431
2427017589
2406594942
2425492183
2433428995
2359812699
2433083239
2419182554
2423590705
2423631902
2413187676
2418009439
2417972849
2366933699
2403948399
2433725432
2427909811
2422296232
2415041453
2440133700
2429148388
2405012043
2434000318
2391410021
2416859872
2402337200
2406063616
2419249481
2430879535
2403279485
2428382778
2362372113
2430715455
2425839334
2394857335
2378891774
2430973154
2444871955
2437403991
2430571624
2421569965
2398811430
2389279792
2439186859
2435987263
2436295642
2434146449
2413344196
2436369366
2366451637
2400015659
2402346053
2435889478
2380488456
2433712439
2379961237
2417060745
2422252047
2427654045
2435263983
2427541869
2421015447
2397328857
2346796507
2343656792
2438542565
2449098795
2442932767
2444741346
2441107768
2435848192
2427006290
2358095700
2451933796
2389137156
2429372218
2445799459
2444350427
2387147638
2385641419
2448996932
2450491003
2442387946
2410716584
2431457586
2442172767
2444799694
2456355289
2427265912
2447280104
2441834620
2435919641
2354911761
2423095873
2455329146
2424885071
2439162180
2407056258
2411983071
2402258226
2445339369
2453659421
2399205336
2454326678
2385328835
2377021885
2435212689
2439825925
2419989819
2457825684
2447043290
2433809662
2446400602
2454982480
2431428191
2416570740
2405734524
2458059257
2408623636
2388689733
2460842428
2440189744
2410008060
2462805835
2455208818
2406485594
2464083700
2454542690
2470252315
2443402539
2394479464
2441920603
2452874972
2450358492
2399354091
2395466225
2346182340
2434386034
2436014086
2454799199
2461378091
2422925257
2450282299
2443801570
2419500087
2414288814
2416726104
2451435644
2469346790
2445212565
2459150790
2397914491
2406210291
2471193602
2467146909
2468357275
2465159362
2467331030
2382164550
2477754752
2471894692
2464794721
2462698317
2369969163
2471608529
2414576911
2452936978
2471829344
2456325104
2450611213
2472028036
2461566386
2368520414
2464329627
2469749628
2469767049
2374302509
2477784873
2364658683
2474033984
2386758969
2463430836
2401277638
2421375816
2372823697
2376296683
2477417588
2418664414
2334729832
2407962664
2424156561
2469803478
2469091010
2425747100
2420233092
2414648079
2344919942
2388528002
2434503694
2459090459
2477052109
2411692071
2486693475
2473366132
2479518858
2425523001
2423332446
2447222911
2362804212
2494196505
2457240375
2393672357
2481384003
2432326257
2394563869
2460458682
2475335574
2478928598
2430532301
2475812500
2476680263
2371902955
2392962131
2422779932
2440733425
2495580400
2421231018
2457180136
2491527762
2371171994
2478399671
2494863565
2366691399
2471363794
2354816862
2491395881
2469699845
2481558471
2369325397
2429056707
2492123988
2489511198
2447098872
2398369760
2452108434
2473695732
2490686157
2491594426
2498656942
2480958294
2490236140
2462911153
2421067231
2455448787
2497794319
2489453955
2422869054
2400820084
2494922702
2374892717
2492282835
2438122430
2444009905
2500737663
2482882931
2430305919
2487681356
2472765519
2496496405
2497001105
2409323165
2496830666
2437002311
2482775588
2454222477
2487302354
2502457257
2478628191
2398215572
2486335064
2472337387
2487106269
2371448554
2475687055
2434663207
2497757433
2414321606
2506653799
2509521379
2432714821
2501616159
2498674713
2500026981
2418684869
2402656320
2490361173
2502561147
2501459007
2477562902
2490224223
2495003866
2437886161
2489712219
2475702382
2403766674
2505342511
2408663302
2400426945
2436875099
2357475934
2505890241
2454839857
2450878931
2382575998
2515394198
2446932741
2506620935
2507881009
2494897289
2502037890
2404044108
2434703046
2507831816
2506680789
2510833705
2388554055
2505954839
2432831081
2506838101
2516732671
2516625499
2509051532
2517227453
2512684664
2488225390
2428228505
2475423357
2506137813
2348712899
2447132456
2479532354
2497164823
2508943291
2504349423
2382890674
2491733256
2491738399
2397532885
2371712241
2501269869
2424404136
2491543491
2506463932
2491545555
2478136701
2406963722
2515758349
2500853824
2497412257
2516055384
2474910791
2522309351
2406587565
2490734904
2518154808
2506558646
2372095173
2393162767
2358895291
2494438409
2519260427
2506242327
2507614664
2530863575
2479871117
2380691016
2521715066
2518353504
2478361114
2508537261
2468853241
2520807639
2532785886
2522431845
2501510247
2513008671
2344723057
2445259509
2511339946
2363446960
2516186712
2486405247
2381333653
2507589293
2525577558
2468157568
2525395250
2509605220
2499515087
2422696089
2526917453
2483189061
2488143576
2525120549
2457902625
2528363267
2538182932
2505470112
2457902025
2474913743
2528706494
2387008867
2488347831
2369717801
2496697432
2531262762
2381203754
2504591602
2459598666
2536220146
2465253895
2515677763
2523761266
2531764060
2539668080
2422095467
2486775536
2482521498
2508272853
2424016811
2497263664
2548964720
2350722642
2541341101
2538189839
2393425401
2513775624
2550315717
2544066955
2515345591
2552192959
2455632360
2524667439
2543920489
2529805328
2530236228
2551845125
2551134956
2473740992
2509655528
2537936184
2491757974
2529407879
2543967833
2543192188
2410467837
2524427610
2552330163
2540048927
2529206475
2532917223
2393547492
2555562145
2534936189
2417550374
2481914193
2527476153
2498133883
2522164628
2544244480
2470671440
2562600684
2562229941
2441863488
2525820281
2563609930
2540323985
2564466247
2443321363
2473844210
2557975136
2465181439
2546302263
2461220436
2475601764
2568267472
2520570433
2527232116
2570244585
2495628362
2572518262
2446012605
2545082862
2436991209
2359118818
2424966595
2539677509
2574931169
2451150621
2537595907
2565582710
2460763082
2540938505
2523334121
2535038524
2457417545
2376147076
2502549987
2381588645
2545405155
2510879354
2580178179
2578439671
2550913782
2551601924
2579821733
2572858850
2551252736
2571952139
2547904718
2424965119
2527277711
2470646090
2473506482
2543364587
2404731764
2533481925
2552268016
2550695635
2565604587
2465154724
2579471339
2569492476
2572705660
2542065488
2529002418
2581242291
2478919526
2336442401
2584874927
2522982900
2526339569
2487887442
2472229147
2513987776
2440113483
2491279018
2585509102
2584631334
2584182727
2550571756
2430585934
2339929553
2568367015
2567487127
2487798964
2543453597
2431632552
2576798381
2482953452
2544064089
2559563170
2503423166
2375149441
2559681105
2519066626
2580938275
2553561127
2355417144
2471686700
2590016284
2570211279
2516418529
2576312973
2591125923
2465044778
2555343574
2537546628
2375136330
2593284533
2507499485
2447190421
2580989756
2465044987
2593579234
2578215204
2508127379
2536575631
2574646497
2570896533
2477946271
2593055745
2587889203
2595371464
2558249789
2510727230
2573802254
2519220453
2552777275
2601363804
2555927611
2440706671
2404998598
2464973291
2413060781
2575765748
2575299960
2599283075
2494555976
2556416538
2519576130
2588574442
2585836585
2573799250
2600505315
2471283286
2549264392
2557752821
2604365060
2499514553
2575463561
2605052931
2481940359
2586191789
2517036428
2588616690
2522741322
2608304584
2549280803
2556093488
2581369502
2563595054
2527699022
2592657385
2587532632
2417251267
2531326868
2575986699
2484983956
2582444934
2577151383
2476622234
2580345751
2525238175
2593710529
2596815578
2609120541
2488551583
2550121964
2568034067
2612906396
2453519672
2556459183
2501798665
2588796943
2581095595
2608264982
2579514600
2521831827
2557181058
2573025129
2505674648
2553720504
2603676809
2517980499
2614291993
2537069147
2514768161
2555069913
2375551802
2398574318
2611836109
2607861854
2613299534
2583581761
2517353694
2615198924
2477892612
2593491300
2385422756
2370117025
2588705842
2528853373
2555567408
2582914308
2587336561
2492689675
2464569735
2557821465
2581332097
2595842305
2615533477
2578607602
2582602352
2446983805
2524387194
2585862057
2599191734
2611430357
2562691177
2586672719
2457214583
2464243316
2561182622
2462210741
2594811789
2511566922
2555869224
2599514156
2617541878
2580614327
2575536943
2504258806
2532031096
2593343867
2606511018
2422226078
2492557393
2556283336
2561679517
2454619864
2564122502
2630299502
2595295789
2609911919
2546934553
2430268366
2510820873
2601220328
2422636513
2559439515
2573123484
2440733443
2428610693
2632719735
2529942386
2407189683
2604352770
2401843565
2612000029
2512135035
2548781777
2585666086
2527013913
2625044324
2640964485
2606256116
2574902326
2468148264
2587695170
2451590114
2602132636
2645057445
2548851283
2507548116
2409821490
2484512600
2565406992
2628858738
2609263771
2454777570
2634849858
2619127640
2512454123
2356861835
2477451198
2595988418
2621292165
2645286816
2377711320
2632147147
2455440398
2531055531
2574957539
2634055359
2626812884
2621913950
2516926380
2485233865
2630138924
2616629971
2599270699
2632633261
2553357044
2554921610
2608844837
2581099356
2370679675
2636934964
2610313423
2472840576
2600925544
2634214238
2594654103
2584675636
2514426709
2572234222
2625178088
2543578069
2638595190
2628269745
2374782382
2617805031
2550715544
2524660561
2630220865
2619199594
2652937815
2615643432
2527888960
2570559762
2439685600
2606680303
2512843893
2637984873
2365413254
2570432601
2644020925
2465363445
2558956664
2627612172
2645424759
2579203989
2632389401
2612077816
2637909271
2544860973
2630817764
2429129536
2643472861
2381011913
2515051097
2474262298
2553291793
2638483536
2433583836
2557638787
2483251356
2639089996
2486989866
2659177198
2528017193
2646383219
2624986791
2640269453
2557164107
2602265809
2657905439
2659155696
2642504452
2459499607
2452900730
2642050114
2605158131
2632751002
2665077509
2630132781
2537054724
2611354817
2481008594
2463068706
2628978428
2624884565
2667683479
2580817582
2645483296
2462547744
2612764624
2613433798
2634931138
2514573238
2628684444
2612670554
2630567151
2651413271
2663268777
2664702114
2606636210
2357150127
2597533193
2409660034
2597384675
2591216981
2646805863
2584148958
2652535496
2580601838
2659742610
2592145910
2505508253
2666089296
2531045593
2565522801
2449650425
2660585077
2638928350
2597104291
2603040011
2659099304
2459743496
2456335018
2477304331
2677248802
2515545758
2496992657
2632705090
2637358653
2569273448
2665067739
2644140721
2439053701
2601033516
2668012373
2654212517
2584575641
2486579217
2455881386
2569181755
2608667295
2661020896
2353867357
2501029951
2592064579
2604401567
2429336070
2676238814
2609996404
2689136116
2587292893
2679534438
2616297906
2677563474
2665961629
2626996014
2523230972
2501363014
2393175538
2682204271
2656059217
2650570329
2631761374
2576785629
2431102862
2513124365
2626905689
2661836304
2596454682
2397282646
2608129862
2652212935
2646061257
2577387531
2597502855
2639419927
2697934988
2542442178
2695860223
2630750497
2468211006
2530693203
2653803498
2578843666
2651506154
2663935409
2637406199
2504113031
2404468480
2694624591
2558281986
2690127096
2534904342
2531949574
2496510921
2482066804
2497723395
2564679412
2657117910
2700243503
2484257597
2530568646
2570845014
2602767644
2697762615
2705839845
2416404744
2706566891
2702792459
2680966388
2656471126
2634963018
2471712710
2346259000
2703934756
2435854549
2683104993
2498375906
2683391381
2669929720
2449248728
2655357542
2668419658
2593504859
2456876970
2643134107
2638657467
2597859464
2467341828
2679159577
2535326887
2616131102
2656551473
2647224044
2624089552
2393625757
2694198263
2538828148
2652215390
2646208313
2656989942
2702558662
2600073861
2676231590
2710573581
2529247091
2367745256
2473444531
2425091302
2619678888
2596511166
2686685109
2536953118
2700020889
2622156195
2566502579
2536223050
2638175903
2630041523
2516799207
2678968943
2630711160
2657686955
2642388881
2706387186
2469793184
2716548714
2695326110
2652138993
2715986219
2704728217
2628054456
2708143688
2568844105
2507085008
2550436378
2683367737
2717562369
2541059970
2461278740
2719122611
2697246722
2707174577
2337878486
2598149532
2440090232
2704818590
2589187799
2633422610
2704491454
2679628079
2360263716
2653646594
2687949792
2643870688
2651323784
2693357006
2606156669
2632854272
2650641461
2441026150
2726233259
2519485252
2648698610
2718328658
2560389570
2442768683
2720271593
2553352552
2481673881
2343786697
2502624926
2730206564
2515504584
2633357476
2577030091
2564800935
2575602985
2581210504
2447760837
2737720896
2700982435
2578206799
2642151919
2702962487
2550740841
2684910062
2553855135
2641943715
2641943433
2697146522
2565027210
2547901057
2574569534
2703781122
2519060587
2368803575
2552597917
2733517152
2643244502
2728051975
2547172711
2620345896
2681237160
2689459039
2711729871
2736809435
2642546716
2700718492
2694716892
2740740111
2689631343
2738923480
2454235924
2622972872
2720179494
2342953086
2579138245
2688887188
2429191371
2543835024
2697364515
2711663219
2724665672
2737989567
2661682532
2600855126
2469253967
2697384934
2738537941
2728254617
2698806760
2698063999
2644546407
2610435645
2727826158
2728931040
2444768165
2379826700
2633145176
2669431586
2742553901
2749128615
2584342131
2724279869
2696194102
2570817117
2543690489
2687570859
2605423719
2621144414
2547895507
2725239588
2646858620
2679451771
2637388499
2711594544
2745690885
2737479110
2753858402
2678552091
2527162277
2724575307
2710633582
2717432484
2722096609
2510605302
2726333502
2587512182
2749780614
2747362859
2598309510
2520433637
2759440641
2564826201
2747266185
2712697528
2651338864
2704949823
2512772279
2741939888
2744524098
2758222645
2646489184
2757386873
2715114379
2758347202
2725266643
2434043663
2692156178
2486743955
2635089714
2339407778
2659180293
2567670846
2669256350
2551760179
2635470113
2636646450
2721388967
2612878990
2657210822
2733926363
2432257344
2767140147
2733473358
2739840921
2630046409
2694316439
2666273948
2340869081
2368763072
2410710465
2490836735
2774983501
2461405491
2469888658
2492026582
2699605648
2663156995
2438028355
2517943443
2719034544
2771524978
2623538329
2491218996
2453455093
2771618039
2486381621
2671115682
2697546097
2504879512
2742435805
2557738778
2552944947
2761063921
2703861129
2726092600
2652524490
2667826636
2752495695
2673404230
2533731532
2727741283
2749399000
2781629115
2563392024
2361176521
2730294724
2769672621
2737594547
2729084520
2409173396
2753150033
2783650788
2640882143
2524049629
2743919024
2782407225
2783773824
2716823210
2776341182
2720103225
2779515131
2695406688
2742336753
2776071498
2783626426
2672319906
2344850419
2662141102
2580595239
2787706125
2769577961
2412069516
2485248569
2636011046
2516892312
2641092027
2736880364
2778025237
2724491338
2671353244
2439383809
2711175185
2707688838
2512920475
2720981047
2777342394
2788059535
2726882423
2768275672
2587258139
2527792808
2786944267
2762685177
2457641345
2720288002
2671357931
2778320200
2613130704
2681495485
2549839715
2677269372
2779753578
2648459609
2551829471
2487464192
2441009702
2722472151
2615448054
2744672508
2499331495
2618359669
2564213382
2629240576
2426126585
2775751102
2780638445
2509007621
2723469699
2790240113
2773094098
2543558202
2707453893
2663075275
2592940851
2685044764
2763343167
2739381182
2553916082
2445897833
2672458891
2748081017
2764692832
2748751945
2666538797
2684351060
2791090487
2547545638
2543855024
2745266553
2795217701
2627065008
2724229198
2785214447
2791680870
2472476632
2693895631
2472696430
2766020223
2796617224
2785174376
2806918307
2631102824
2512212925
2478062210
2766756176
2458844665
2489528917
2717900946
2678980985
2624566083
2791184411
2693397415
2687363626
2539740929
2745914376
2626950599
2768917117
2461891417
2774695136
2476117084
2750419463
2749757439
2811301713
2679301636
2812486822
2610378796
2785327186
2701596559
2734144864
2684657192
2627546337
2648770086
2462339034
2656333276
2765530126
2710055575
2662636338
2780135779
2800111522
2471772994
2765062009
2579578972
2671277623
2766252336
2816314405
2802974565
2816249400
2482864443
2766185295
2768353520
2370135269
2599405809
2779767102
2806476800
2530116923
2743390621
2807516237
2803523170
2754646619
2639342024
2515218418
2801719127
2668115914
2455513765
2380326845
2779567043
2787962666
2775043541
2631799896
2822219885
2550844585
2822909540
2826573360
2523253727
2467608510
2692160852
2752321752
2827916212
2797098155
2651817724
2370515145
2679766298
2730444032
2801284390
2768163027
2796735301
2528858749
2525601517
2350486548
2791995718
2636548860
2780993196
2758222240
2816018339
2827201598
2645648969
2371598066
2441948206
2833829846
2565969604
2687154532
2753268896
2714850620
2836156425
2720646308
2750777317
2785208664
2660103629
2685020200
2517616506
2813421347
2532660445
2571754497
2792794786
2765521840
2803801504
2743273977
2809587821
2844129744
2814852451
2497003753
2848631861
2562665515
2842441391
2850965880
2554824804
2811848694
2790313335
2716008512
2616509042
2738802183
2845327035
2707133308
2605394423
2661045189
2606567133
2646727040
2835573856
2835461960
2834972702
2715764171
2712097813
2550642536
2473742687
2810134981
2741897085
2837051120
2618029979
2684497640
2574539638
2809460085
2844001539
2634442595
2748644936
2487762414
2792830318
2660638763
2728736065
2725051812
2829102215
2741169619
2675979069
2685331680
2719821380
2753906530
2852300193
2620364883
2782113197
2695812828
2575044016
2699939873
2704293096
2854666956
2726120313
2835699911
2843670252
2775286517
2821816424
2772289825
2762397431
2645880715
2440114300
2827784737
2703204282
2844564166
2796627138
2801736043
2777651578
2666264118
2761337256
2842056903
2632277464
2583883760
2776823285
2642219096
2702009093
2661400428
2842589212
2865485181
2674839437
2799536833
2466539495
2535767909
2573278167
2769504990
2569177514
2840487613
2751660995
2839933162
2808864310
2463958159
2428400098
2792455293
2778183364
2775448288
2493350731
2738361987
2731838122
2803655254
2837913309
2756759441
2830924605
2862253767
2465157565
2645792333
2857325519
2802726502
2630643699
2621520570
2832285353
2805679997
2682799453
2642143632
2835014673
2570822553
2870550714
2819060705
2670143624
2872557534
2546992176
2588548183
2775388708
2861268685
2775064727
2836205728
2857800368
2760567869
2576314076
2809314268
2467285287
2859284600
2841105161
2794573837
2810685674
2822321113
2823625998
2698238224
2707092631
2499024439
2879051465
2696511049
2852746356
2806362627
2404627941
2388204738
2849545395
2746188765
2788806526
2635208953
2766425158
2817334640
2614680640
2565274036
2854479337
2880283709
2533728665
2886542035
2865239458
2627711201
2861947609
2656725112
2878496137
2536028838
2641439888
2798779385
2503121945
2873110987
2588175766
2873688585
2829543937
2648096705
2833974426
2830838950
2679775345
2761582560
2708616803
2593854203
2815162692
2807403293
2724122918
2886170880
2615251053
2582903149
2788223639
2647547360
2573815626
2887841321
2664402346
2819780790
2664795892
2821968334
2721653895
2698313309
2866325310
2871185464
2804904205
2784728884
2650339652
2568728523
2873126653
2829428629
2856039759
2873384474
2894258799
2533400355
2784970363
2868940248
2890115781
2821241769
2714484456
2535918675
2793049635
2804496102
2861733790
2594506150
2893703633
2764003110
2809373511
2839204698
2836213120
2627289876
2784650322
2442761124
2875472721
2585837455
2839598709
2813654942
2492104947
2874420460
2891693967
2900535955
2787000052
2557767968
2340967249
2785899211
2742103697
2844800977
2562009342
2789902195
2505954094
2869893310
2599748815
2879725806
2590445604
2865417539
2800135378
2805428474
2583921763
2808608606
2820513428
2661370548
2887366538
2487054574
2895698203
2891942322
2647320548
2890158144
2866646849
2866478546
2911569564
2868661386
2816404264
2764229361
2428408447
2846743871
2537128776
2728080601
2882608498
2908870952
2911982963
2892100802
2488250633
2838556160
2799951313
2831180051
2901022673
2901403850
2913106600
2661144040
2900657579
2534923569
2906562453
2845023922
2855665743
2910307550
2855916078
2899316347
2432208174
2616299584
2806409385
2863701970
2684648031
2665343581
2902233035
2710350358
2863432190
2858452241
2864221114
2804156394
2845720232
2789372807
2890403564
2446719136
2873733749
2531488063
2812287004
2924290205
2851365688
2556785506
2667544425
2926262567
2917525120
2732002880
2887586671
2502081281
2549228599
2565671218
2729738184
2801552577
2864291462
2643357576
2899217037
2921404812
2845132910
2846279552
2827029726
2937221257
2458411855
2928419224
2736495245
2918102699
2806700629
2601476762
2933632748
2711579682
2586416994
2353372188
2839402583
2930075740
2717718938
2935872105
2820848424
2509694766
2922486208
2701395862
2924075294
2873661669
2776587350
2657596670
2933738009
2916967558
2891717052
2567641747
2903825076
2736642378
2848418650
2928363958
2780720514
2927275187
2939875130
2684711697
2713499596
2656085993
2943277617
2600936497
2867587498
2919418748
2683173637
2903899678
2676774375
2875497432
2720243092
2919916837
2901880594
2906091552
2871940549
2930250818
2764823601
2880001539
2715441104
2823483499
2866211751
2633117475
2562876196
2935745776
2866878348
2933403773
2857111467
2926468289
2863090825
2906279138
2813407489
2935071681
2802451706
2901955243
2894976521
2687526344
2813801551
2434611404
2562347994
2883833202
2910529006
2729861374
2795733083
2643704004
2826437313
2945445700
2838040305
2920713891
2935540728
2882958722
2927607905
2719483460
2345568569
2947375255
2726070161
2517029279
2395956081
2690370483
2838356299
2920551766
2807603470
2948007162
2706087268
2674594112
2515290243
2626191888
2933526378
2732880357
2873014417
2717460365
2832024846
2648017581
2792372290
2761051029
2938075432
2807013911
2683826592
2469563109
2952160666
2820625573
2491465386
2816165689
2417518536
2932186700
2891122134
2789890048
2924382327
2933675822
2757855869
2896121240
2938986151
2941514176
2530517521
2884569609
2676160914
2948143502
2857818888
2719562471
2952614760
2532424677
2907995384
2782335518
2571143555
2897159540
2939150246
2674770979
2928849535
2955596529
2932246384
2736714753
2937472813
2690822036
2728394801
2867280572
2851306835
2508962628
2877453464
2829240032
2597309586
2924802258
2925074100
2787676024
2943777460
2886424105
2407777512
2946229512
2817990329
2930097871
2901952616
2892505008
2929239774
2958496675
2792112964
2584559514
2745229146
2674627134
2898018971
2962184809
2907764066
2953926329
2813801913
2956429589
2830934975
2578069947
2956564510
2694385245
2967715087
2759838899
2962471990
2542957187
2965320335
2709929873
2946230671
2848710713
2615186481
2970149951
2714240671
2611533271
2938442751
2967219125
2656591201
2911355468
2381995896
2965569421
2892255249
2617795439
2892191273
2933551082
2843126051
2381306333
2970334453
2473965458
2575961941
2838937975
2946966710
2514583787
2962024245
2952596938
2752831338
2810577231
2851782343
2835706496
2857607242
2939813883
2712100316
2521777449
2873123592
2711026081
2715618938
2967431509
2943461230
2977390479
2693745745
2904337337
2959067246
2851153514
2414158112
2964826138
2854177894
2905503407
2731722312
2974216538
2801988471
2740215782
2604362327
2818358290
2831100648
2905106423
2979070478
2953931656
2919870745
2863117015
2579594062
2927340186
2588980827
2973221242
2911332422
2886008307
2735574110
2836852815
2919430925
2874504290
2968585777
2979975701
2828753351
2927757030
2958795852
2777397404
2871552281
2607439037
2929872617
2983046328
2433451400
2981099569
2983982802
2864371439
2447357389
2990426261
2578800356
2909957461
2984181587
2968841199
2672475932
2993987989
2792230535
2566790661
2867398332
2580826508
2932239394
2999720463
2735678174
2761018014
2870650149
2835257142
2764495590
2979971041
2945103650
2977002048
2716501723
2491757847
2799191021
2969140621
2602780318
2712845838
2940328812
2834054828
2983391240
2937077602
2989028750
2664294472
2554730781
2718219264
2914488862
2834714472
2796306785
2741451196
3005643575
2501795781
2862512615
2835695229
2618279037
3009990241
3007248618
2624522440
2924189918
2986256778
2996492033
2942926922
2566146362
2519815136
2767272460
2929454721
2934584824
2633035762
3004925920
3010290310
2753151764
2998355729
3013380878
3015363738
2998263722
2900973924
2771633856
2460322413
3013315990
2945759518
3012364008
2515546588
2636580349
2976689040
2978538061
2886470331
2544297090
3021275025
3002804250
2652374015
2962831893
2864689328
2633642106
2746615684
2855964475
2947479493
2875267742
2957382823
2742638812
2727778519
3015835927
2964165488
2742166229
2975535937
2953461233
2746675517
2493717713
2549322409
2504836569
2512721806
2900505436
2883806125
2789893464
2813516767
2759034239
3002827839
2894285358
2884543688
2993856233
2729071017
2919629119
2921807418
3030115774
2756287944
2828529220
2959823750
2981608595
2855152254
3032127453
2665317615
2862034050
2669271803
2709332619
3028605716
2576201378
3027315133
2788468101
2852721018
2927830551
2751481357
3031116438
2532357916
3016174196
2930699475
3026802132
2708731736
3012088809
2745900552
3029710577
2854474453
2515935154
2756365490
2994384826
2491909659
2987795161
2547266609
3043055265
2701194686
2690681412
3011925942
2475014084
2754492052
2795999894
2961010709
2937042764
2713979152
2940224267
2966713315
3013685185
3010051142
2873145770
2478985540
3037429516
2974657712
2904716180
2762842106
2883107475
2998752980
2980409836
2728549829
2516934582
2938365994
2999230543
3027648544
2488678049
2834153274
2863628851
2713224266
2640743733
3049472154
3020513939
2840827263
2654186551
2481575103
3039540042
2984225370
2738375190
3047887190
3042169322
2933261953
3008765461
3042061819
2507219815
2832015886
2668063963
2393445957
2896098500
2605713232
2780778440
3049723461
2957818563
2924921978
3051092394
3047388914
2955551827
3059379015
2910283267
2925174082
2985140437
3037391949
2909251701
2820052709
2476239059
2976942840
2684276716
2942534349
3009403796
3029270584
2431762740
3042781500
2449557738
3044564602
2942449880
2996349299
2656487099
2664595631
3038962143
2896385344
3040441605
3047108819
2747216234
2835419687
2659557269
2550512708
2917547513
2608760153
2982729689
2920376881
2788422527
3005989473
2850669447
2366570084
2983418073
3030437356
2946315785
2613030535
3009018438
3051167040
3066545570
3012562523
2977568269
2853597157
3037106464
3026064975
3069483825
3002158417
2632548810
2946050464
3072758817
2727475636
2812804158
2897581206
3064547336
3062218417
2665777823
2852552684
3048739868
2875259755
2595374539
3029139621
2836695346
3067068950
2992511527
2980841732
2675961272
3002721374
3069190168
2393372792
2727863240
2930614878
2729073284
2996001789
2676612522
3028133283
2997831800
3029889902
2955254982
3051951135
3069636048
2957018648
2619705289
2779950725
2906139210
2415923763
3044375690
2947559456
3055801504
3006812331
3006689657
2972473546
2462288218
2915640174
2935307371
2750591946
3078955127
3051284403
2802047396
2588001962
2990534989
3048872777
3074280901
3057911261
3068558240
2732191973
3076852465
2673312263
3015074316
3049710776
2817677615
2747718039
3074214524
3028497322
3043259897
2771093826
3045261636
2702691388
3053904270
2965504035
3041215813
3080979560
2770086448
2815158629
3011478834
3047788850
2726518780
2798319774
3045835723
2959983749
2773585654
2835751962
2900744457
2986412635
2485410163
2942977681
2866523961
2830327185
3093808042
3068438775
2466046163
3091989268
2743032114
3029276129
3024215738
2587093271
2689646449
3034676697
2624682762
2531568086
2703863199
3069906409
3090312383
2949557395
3058251928
3059152653
2519007582
3068375691
3073862156
2933372102
2639406134
2749571510
2560065518
2776621996
2974087144
2852576253
3081351547
3072696812
3089700957
3102750987
3058129489
2624276647
2587133130
3091392186
2925994990
3099481186
2863527748
3029938708
2540158722
2741636193
2947732231
2623801104
2880005901
2617352059
2812017943
2732130633
2894058515
2814114286
3036175455
3103829356
3089673520
3014240888
2755328486
3099550104
3063638783
2699253754
2949094521
2970863269
2554183325
2686898331
2417479406
3026938654
2917482453
2682407555
2911763274
3095595586
2933693168
3032556911
2944813880
2341707140
3081435255
3091284915
2414603476
2823250114
3102053914
2536385502
3085917537
2835107220
2947845072
3104913965
2792870707
3070042523
3085070043
2545692245
3072762027
2932473995
2609811229
3080177457
3069458415
2962789811
2981183311
3095913709
2709849640
3119418607
2737161136
3046334833
2622847837
3024646756
2841881288
2581184935
2921972704
2953899646
3097369609
2700128860
3117212360
3062332363
3117145839
3117992171
2947291160
3122255430
3114734706
2812978181
3055765882
2957474335
3119458861
2641424652
3084712881
2863041832
3027251834
3118900044
2576810826
2520322785
2970614113
2549341132
3108749545
3063393994
2849373392
3127506709
3126634815
2973688567
2959489078
2599133857
2877257420
3046132893
2955822423
2851399027
2778530952
3091261853
3066003519
2724545195
3003698237
3103652028
3057445287
2717456260
3129415406
3062912491
2854390693
3130913328
3118481187
3087919548
3093898578
3010325836
3044410181
3126372646
2649097343
3148352626
3137934896
2569522853
2773734274
3143102243
2682320259
2615230901
3111588442
2952176506
2663031732
3124323886
3101094306
2820697419
2638284992
2893841560
3120281836
2832099554
2423252449
3079429044
3145304558
3088552980
3115521372
3130864084
2960136277
3077836783
2844045595
2905351295
2733731017
2951130047
3127761476
2616925337
3123031798
3034141242
2582032627
3128952766
2734103618
3092727159
2635816263
2949944977
2976135950
3116142698
3100813504
3122998703
2780870832
2409352563
3085283677
3157555491
2639862512
3140287702
3153533721
2991116191
3071002907
2804379527
2904461875
3080637624
3147868251
2707751919
3136961428
2754710181
3093792216
2837971681
2961217929
2791765671
3142024338
2904469786
3038426939
3087341291
3011268995
2398676419
3115881003
3032767995
2971342093
3056424147
2637801187
2586652074
2911762852
2977044410
2800818037
3170553173
3115596538
2443654766
2874867308
3136417946
2950098592
3070575828
3122683402
3163756730
3120968928
3017348857
2789148400
2911945764
2506059274
3008516335
3139681688
2602191370
3056333692
3108338103
2909725817
2611391752
3166484488
3099787795
3123436738
2973810342
3031060521
3061518284
2838000767
2956371402
3006728294
2970033517
2717954330
3171734331
3176866897
3175540094
2973491126
3147962268
2928830094
3108864247
3178421717
2888335182
3177826532
3160554718
2670350473
3186277103
2810411031
2808074543
3003640298
2851486648
3000501167
3079717786
2986714557
3153646043
3008175381
2943216982
3117298751
3172396187
3017319193
3168746154
3193129518
3161064578
3155173399
3009059844
3027907507
3157830159
3164414072
3168617277
2640278379
3021602648
3186166740
3101842362
2974903255
3096074636
3032879534
3180009302
3132877620
3186967593
2964106666
2960325766
2997356543
2400373686
3126341572
2830118294
3084141200
3145364438
3120609767
3118537144
2933218234
2951983673
2476360021
3202119548
2834450137
2862906079
2981755225
2545302890
3148580687
2684930874
3099689536
2779623260
2680572193
3188664127
3201823493
2600863270
3069502671
3168971729
2956787766
3104474597
3081049101
3142809309
2994519991
2870737417
3158365409
2500564656
2538983791
2858292328
2909774414
3169177065
3211496404
2964357661
3197419608
3038783423
3128196187
2793696383
3211362654
2847570824
2833143260
3183238640
2978429737
3116260787
2667990680
3205462593
2434227829
3186369145
2974883966
2968434542
3170992001
2885787409
2931454656
3066036646
3075438319
3047412615
2836847372
2761109963
3203675777
2737942608
3202120914
3207993908
3109865024
2732098490
3176296726
3187754562
3146836062
3012813521
2719265658
3169621197
2796763322
2895700473
3234739527
3025486203
2786628573
3133702967
2902979113
3177928611
3175027589
3125130194
2979127847
3200037227
3227480682
3190059608
3132207246
3202864258
2671486972
2903725070
2892974262
3103750838
3140804605
2649317020
3179092459
3171597027
3061739068
3064229962
2689187363
3232865520
3181125730
3121654081
3229377096
2458901594
3240740111
3170843582
3026536346
2488485544
2766707853
2957664747
3114925441
3166699809
3048732281
2796172705
3225901362
3181172925
2490897572
3243867346
3197568480
3152624748
3108169311
3041386689
2719662822
2552422515
3198082404
3027747142
3145740265
3187584936
2913131142
3183330494
3064904408
2727294739
3187520912
3215815869
3096622913
3145858546
2935689168
3154523880
2958641562
2872415089
3185490298
3090581540
3224439633
2935557188
2660491844
3250554716
2611467968
3177270603
3048088923
3147359937
3152632761
3101438851
3220150077
3163493396
3022891542
3023759608
3251650674
3194063869
3223004323
2754466152
3061636150
2672199507
3200651167
2678107834
3191109573
3070081267
2834368727
3228865540
3029944966
3216978022
2983757977
3171081222
3255161502
3095456633
3245177697
3152768793
3187249253
2904680060
2544883930
3207316298
2971967065
3259351738
3043682984
3120421807
3022018551
3271974389
3235470975
2994745266
3089914003
2715136207
3203835277
2680308018
2763379993
2839383975
3093945719
3159553734
2985851305
3238585429
3264203582
3099990587
3203340528
2802807934
3069828223
3130789354
3221043229
3251665303
3203616653
3070892752
3252349530
3129971510
3155034129
3236609297
3098766369
2946679295
3205095207
3183907906
2553296827
3166175476
2483149027
2643649708
3244054606
2897973274
3113619669
3139172337
3261053236
2747435932
3040791562
2863228884
3260535923
3087329133
2714019483
3060911984
3168868090
2798356715
3258948788
2689218798
2562946414
2877660688
3105224696
3274746704
3215261521
3055477169
3171463234
2838711419
2714201091
3216648420
2846076226
3085033487
2993669793
2643709427
3266045009
3067999359
2799684938
2848827460
3238396038
3226704898
3214140919
3194364147
3200878266
2957727195
3197367886
2908321789
3039484288
3167151769
2590006106
3162614859
3277407598
2629986000
3276769805
3214209807
2922006631
3183099372
3005929641
3261105544
3253792903
2511369691
3280923861
3199552951
3228842214
2504336476
2786107922
3219965484
3028176258
3270267441
2921676917
3237492998
2698095874
2922656508
3196170944
3285638634
2495603491
3289731025
2949778225
3279618393
3158855179
3215786652
3081281112
3232495968
3214699438
3162392696
2744077766
3265091436
2346404276
3270392580
2856119354
2916445086
2728073522
3292616734
2532313867
3291564964
3095281788
2668332642
3195668136
2555009016
2929933873
3223031452
3198331843
2514855855
3231064005
3164714554
3295832556
3270055513
3231557170
3154724043
2938028461
3030019182
3267419837
3212584541
3181924364
3147239697
3265565843
3066385645
3069493893
3215064382
3298962669
2869971857
3261199742
3302731033
2541503826
3010151373
2997293782
3304856057
3303606900
3296748753
2630034911
3262510905
3275305420
3238838007
3230034423
3095528630
3249762571
2993456779
3094536220
2950625319
2541503826
2985884923
2858020092
3228195907
3159939176
2968166358
3166617841
2996290670
3251220934
2754639562
3309722326
2798859199
3301642167
2701947781
3270172017
3112771953
3196522234
2480215045
3250742663
2912193857
3190380761
2710357787
3138039886
3288594535
3284071760
2597486405
2885989599
3305529565
3269664917
3277009503
3003811347
3284971143
2834938998
3129287496
3207473538
3282910636
3257701578
2646095014
3235595796
3317156053
3263340824
3113015143
2846183924
2787241866
3290137982
2691956146
3209061842
2717466837
3178137822
3281803941
3328687740
3254345396
2954361487
3133838252
2604004740
3227833673
3261063324
3297410491
3293484426
3059718152
2976806863
3234160493
3322122797
2433897693
3149776868
3265079360
2600181293
3303404446
3070516394
3202204594
3259442764
3182398972
3245376588
3279913156
2633030959
2814542316
2844642365
2545610431
2587726906
2834228092
3233859445
2967910372
3175165639
3242264350
3292110394
3231900524
3332583152
3131354954
2525754652
2747737236
2744381305
3062352292
3045660355
3162024064
2516647630
3283514634
3239040929
2768361221
3282628192
3350478917
3141880899
3296598241
3203806323
2923277811
3259328713
2858299548
2821779948
2926179694
2878500130
2695386416
2406755230
3012726754
3306405771
3117540271
3235775119
3155727916
3003006530
3190736352
3334050795
3324369261
2984089765
3343559681
3180464931
3118321316
2727636133
3249383419
2937620474
2920261391
2809110904
2462563385
3000320848
2753998417
2788814196
3301222256
2891514978
3036487310
3323170715
3268074543
2686628171
2413665448
2955248010
3209089070
3285973980
2458919932
2722403104
2779098319
3000674782
3327979776
3295362134
3296814072
3289161907
2906121298
3296148655
3102344585
3149857968
3163145737
2519774098
3339530982
3356027134
2562972329
2777527964
2987669660
3344083163
3288552496
3294922204
2894399133
3138729831
3158052110
3330609104
3102497687
3350512306
3056875743
3371681977
3157134019
3368430186
3275271436
2936611508
3325102512
2894669274
3111807418
3164291416
3233394862
2418090281
3302066833
3315595270
3315704575
2908352729
3155965831
2852897109
2982308075
3273120740
2996690826
3298390593
3322482033
3153046042
3328488315
2988257627
3287030973
2877026495
3236920000
2963677770
3358892831
3336168432
3324058747
3038770616
3210978120
2879853180
2812244599
3351066947
2913178242
3206003105
3335414821
3319332887
3333397949
3312936197
3329765867
3002065862
3331904497
3023859260
3318671558
3196753918
2967021286
3015493819
3374707346
3239499743
3223595498
3118200113
3284834219
2910722912
3196499744
2391742662
3348740375
3261314895
3346431226
3149605041
2826133681
2996868753
3361117848
3331351574
3356853266
3359523512
3036418477
3383887262
3358943181
3304970504
3077170471
3046740770
3292934602
3046740770
3326293480
2754429016
3054134246
3332935728
3177272537
3360163746
3358321026
3045979082
3265843143
3050348760
3384080961
3175490578
2887648689
3331928705
3116064904
3011586070
2935528298
3234449427
3040375666
2860543051
3231816354
3122741228
2757609157
3314747984
3024767135
2594619325
3086036705
2411472521
3208191461
3342689088
3408823419
3136477658
3150499696
3223444675
3352824343
2929786580
3278813042
3027259082
3319916830
2905409624
2961328165
3016692028
3363203471
3374243840
3317390045
2743218502
3378170106
3253015835
2788372382
2757661586
2773703438
3337460126
3351984852
3131345606
3119710447
3223404599
3291621476
2946788670
3160236550
3387580258
3186925085
3381494023
3103554351
3312122571
3406358389
3373064568
2821273428
3359292746
2623964195
3156929982
3161675519
2880889191
2529783802
3352384950
3129628646
3343476100
3389438205
3244338501
2374688213
3063154253
3398971335
3299857711
3416995993
2411410722
3385894572
2378444875
3216406452
2947098743
2811446770
3329315280
3329887541
3289055664
2812598879
3252035127
3251770570
3217802176
3182591348
3180825896
2907944146
3068859409
3268515887
3210068961
3392530329
3222084325
3313672697
3287237420
3160139969
2998810191
3227337500
3133211581
2898269939
3117681845
3279380267
2937682458
3347516627
2823279678
2856582353
3097126106
3255511338
2832641429
2615747817
2997494882
3414419343
3176593347
3235760912
3340857770
2852622781
3421423742
3421012315
2960667034
3260633719
3371892563
2801047486
3260163001
3297005466
3419173884
3283924917
3363205130
3052159504
3088670058
2355875546
3372101819
3379193708
3423119421
3343524776
2954425107
3155301934
2929998704
3079932285
3030592309
3402256021
3396726868
3404375714
2946649719
2913303493
3423102861
2954535130
3428768095
3340809346
3388254696
3405483011
2943192114
3136757709
3443849548
2626209847
2755639049
3216368814
3431924299
2954934768
2566943379
3083663830
3077369224
2368780128
3435134037
3330678539
3193260780
3059461776
2797880429
3423189149
3436654106
2813325301
3441927686
3192192150
3200415765
3376977979
3140791885
3437238064
3443650869
3121141406
3021950881
3102579744
3188732801
3280616189
3341621366
3200076770
3439066127
2537630367
2772684323
3265613059
3417554701
2664066531
3223595149
3422866247
3327226555
3375445573
3378524136
3430791293
3062984233
2508598314
3421672973
3404222176
3372369176
3384465881
2714293501
2961561996
