2333333571
2333333526
2333333507
2333333923
2334386507
2335374512
2333874086
2335644234
2336699125
2335643945
2336930588
2337326445
2336803402
2335852926
2336402343
2334469137
2337180765
2336222231
2340169746
2335681302
2341933064
2336693210
2338333470
2337692214
2337289483
2335219538
2338806414
2333768929
2343395998
2338601500
2345141419
2341463367
2345540125
2339371668
2339164043
2337476622
2344596405
2345564993
2343044072
2346639782
2340911127
2340831406
2341183806
2337302090
2342445718
2347263806
2342445143
2341570515
2347421127
2347298647
2340134242
2337666705
2339268469
2337666705
2346021362
2350824275
2344994757
2350824337
2351340093
2340031280
2343920754
2343231409
2347563640
2343400287
2351080282
2351793450
2348814575
2343343838
2353678454
2345550248
2346544374
2344482979
2352868085
2350614971
2347844675
2352972277
2345353438
2339577646
2335972587
2354647365
2352424330
2344670866
2354633848
2347017125
2355210841
2350838241
2350788811
2342345732
2353140573
2336695692
2348201654
2351158790
2351421510
2354787540
2353564259
2350204498
2350372200
2338568558
2356058981
2345491184
2354335021
2341159326
2346547547
2354749140
2357104641
2355286719
2342280835
2347181993
2347124468
2347283933
2356414495
2358262763
2349860909
2358274977
2350176398
2353082491
2350227223
2350662200
2355945451
2346531924
2358660120
2349662200
2349729437
2348114521
2361594482
2361692772
2345560944
2357532042
2358692452
2360356576
2354001779
2347860760
2357042431
2349357801
2363391725
2365203608
2353564897
2363449912
2353783549
2355953165
2360145244
2367129000
2364420953
2350502616
2356066123
2365597975
2349800531
2361266525
2346393693
2334657861
2363395117
2356053248
2370266200
2366513094
2358557743
2368826144
2353358287
2368842525
2353122138
2353383839
2345232818
2359146855
2365792111
2367622688
2366086601
2360673223
2350692268
2366510232
2353380632
2369656892
2345475593
2363513677
2354727162
2347054191
2367487173
2353632153
2352247480
2357196514
2355176838
2369755367
2339116110
2345475568
2374442449
2337386960
2342291918
2356572793
2354074148
2337386960
2375088093
2371773224
2374000946
2365340909
2356123255
2358386592
2370084109
2379087287
2374461947
2373269942
2379185972
2380474875
2370563067
2372365913
2371871498
2353556708
2366414442
2374190405
2377853193
2374663938
2377979334
2357390161
2372311993
2374424031
2369872992
2359274738
2373487463
2359810521
2365172415
2382032673
2371886969
2377721672
2368465126
2372808735
2358713567
2372434687
2344297986
2378348641
2380866944
2345776073
2367841966
2378988209
2368895888
2378848283
2380523377
2375235848
2384817686
2361223347
2387057262
2344380347
2380094696
2379548775
2373360321
2379413097
2383456915
2385293336
2384409019
2387242837
2380686842
2361823274
2363291642
2380834910
2380958938
2379825429
2353228834
2386907316
2390599392
2342835186
2391763539
2392034945
2388892858
2365771805
2362104301
2376886764
2357347198
2363313888
2388145423
2369117098
2381443429
2372546390
2394699724
2393736291
2391582925
2384079179
2353469638
2384416668
2393258482
2384380444
2391928683
2390632239
2391562964
2382962393
2388972209
2397922531
2399059137
2395675668
2365290136
2386464305
2384452475
2398426997
2398187007
2378166361
2394206168
2398758972
2397222303
2393106943
2373661620
2402754628
2396155352
2390383884
2401692883
2399283085
2363096626
2364469779
2400029411
2392904050
2372281954
2374698128
2392932493
2401024426
2397668352
2353160694
2386955125
2372283386
2399503572
2401366333
2369706054
2405391688
2378571164
2391064161
2396775909
2396242103
2375171739
2401774454
2401487858
2404321096
2346387724
2410970746
2371504093
2395013167
2388022571
2401946397
2374999216
2401392008
2376361200
2407781878
2384528794
2409089678
2405080041
2407150429
2362163173
2408544268
2414974607
2408222349
2399175747
2401521806
2343516055
2413403414
2412166246
2386635734
2410133277
2409940292
2417356849
2347276281
2411256959
2416210691
2395796152
2373061926
2408786728
2413118908
2408953357
2407152145
2416935959
2412674621
2371798646
2406689654
2417811930
2404880505
2417020924
2406970835
2406789001
2408174643
2402072708
2381488798
2400400489
2416461107
2417703946
2414880947
2401360476
2419364813
2400445041
2430233999
2379448951
2380946943
2374493958
2357327524
2427635150
2417035258
2425481632
2355127465
2423465470
2370970052
2426714042
2394800120
2421966602
2427720620
2422378309
2435477037
2387533849
2390534908
2427408001
2391592245
2434995593
2408734523
2427149232
2421660245
2384443972
2421275156
2430584688
2435841744
2370217629
2412678169
2390823515
2399221372
2432705366
2410669098
2438694408
