2333333809
2333639986
2333333816
2333639785
2333333979
2333333840
2333967148
2333884854
2333334094
2333920716
2334840332
2334190290
2334035415
2335608411
2336378092
2336378627
2336102937
2334762450
2337381361
2335355912
2337108713
2336096671
2336097178
2336037574
2336800516
2337422519
2337422804
2339587452
2338703146
2339927856
2340202224
2340798729
2340316593
2341255240
2335759570
2340344951
2336622305
2339449318
2342769371
2337267312
2340217951
2342024288
2342840473
2341488835
2341755630
2338568064
2342543912
2344144623
2344131144
2343585418
2343924028
2344276525
2340563918
2336933484
2343524941
2342937256
2342140068
2344620602
2345329172
2346196425
2336089000
2349445862
2347518514
2347921152
2348238730
2343779250
2337040326
2352481001
2355748982
2347849961
2345332941
2356699927
2352849014
2353770633
2353109066
2355185432
2349791670
2343866041
2337039871
2354317733
2350699952
2345847815
2356050815
2353048304
2345373596
2345673799
2352345532
2344503563
2342248361
2345983501
2357752412
2356254017
2346290687
2358553452
2354269522
2342414981
2350759328
2356111663
2342414927
2360490130
2347627948
2346932937
2359613721
2358810832
2355760664
2357050755
2360484236
2355994002
2352710777
2360239479
2347121280
2356800663
2355930707
2357541568
2351184006
2359732640
2363005701
2339509658
2345884853
2361137481
2347625711
2364216938
2363689206
2367147699
2363606482
2367599777
2368293627
2354439406
2360904527
2370069354
2373132270
2374818822
2363745256
2375730221
2375874941
2346161790
2375600253
2375236867
2371407228
2381433571
2366326051
2380759091
2374996131
2377017706
2365033722
2380666304
2382005589
2367715394
2380877895
2361766403
2370217599
2363199704
2362522881
2374405596
2345592893
2378897223
2356986265
2345403575
2385634305
2385131036
2361855058
2370439148
2383753759
2387496948
2386221266
2370825887
2344814640
2373831689
2390380484
2374068220
2369592309
2388107781
2357999147
2352495151
2394446085
2366760513
2361860773
2382886939
2396646086
2370538507
2397614742
2397561662
2398180631
2372291487
2396968526
2382259595
2373215623
2400595084
2400274854
2401542177
2382141182
2404237561
2362295794
2341499659
2353954226
2399658257
2385131727
2400915074
2384850358
2376129225
2387552046
2370402892
2374904501
2362782121
2368877327
2375471581
2402815995
2389586922
2364600981
2367377327
2354357287
2337093991
2400065925
2404731471
2405327652
2388514050
2405684298
2403936773
2393851182
2412994894
2391634180
2384771164
2404484689
2403946718
2406803237
2385877870
2377206617
2396807247
2398423788
2409130894
2395203291
2411045292
2413658168
2415033812
2376147064
2397399818
2410858647
2389233953
2394139358
2381935744
2343277042
2411342362
2411511741
2411828248
2390206945
2336827638
2397570369
2376104912
2343475180
2397460716
2399622062
2386330133
2400035171
2410720721
2376946333
2419123475
2392881741
2390222450
2413762796
2406432155
2419288299
2350048110
2394333095
2392169701
2409450201
2402290905
2419631938
2406943658
2394653935
2392416053
2339557521
2382063398
2419528911
2416687995
2357468976
2421731471
2428815308
2424111827
2397002977
2422033554
2379239370
2343907745
2406223162
2415001873
2408537476
2419641464
2409492769
2431013612
2387515936
2395124666
2429651876
2408492988
2419987866
2420421498
2425007011
2401892406
2423951882
2432219012
2420496129
2412273968
2416216814
2428981041
2395427848
2412893840
2356190965
2396306107
2433053182
2403423259
2382501917
2413013065
2430403532
2414920977
2433855683
2428671304
2354330283
2398363810
2437269179
2412316688
2432956716
2414452559
2429260347
2439300410
2440035423
2412060103
2442077849
2438668172
2414605792
2432348655
2391221291
2423939255
2418672591
2418526199
2398383795
2415817790
2437027555
2429778201
2435678743
2421350862
2440783022
2405040425
2440890755
2444217875
2432745133
2406818106
2437204438
2442051492
2426548713
2401941196
2443321633
2440454162
2397859080
2438269023
2421291945
2348761001
2442383257
2426247450
2411916906
2408681246
2396255842
2442492490
2386496027
2445609110
2437144790
2438409078
2369105014
2438842842
2423049356
2401790926
2383800442
2408087398
2439669807
2449304999
2402769419
2369932296
2425885933
2410003231
2441171213
2383022013
2423408049
2365264508
2449428842
2412772961
2445555483
2403870927
2443046701
2448087872
2443443325
2426704198
2434388486
2362947530
2421871927
2358399441
2341360001
2449856686
2396766222
2426499418
2381079891
2447188865
2451340677
2450951642
2447594374
2432341006
2447529828
2386046168
2448438261
2416704698
2370998390
2434546330
2449576942
2430556630
2457801517
2459716398
2460139838
2373474313
2418429706
2436186482
2421967342
2394238729
2459926064
2450254642
2463689610
2457402186
2352480609
2434141241
2401502424
2405960353
2457341414
2445783052
2463053236
2392820399
2463624309
2430661480
2426450186
2421429401
2460140928
2402924970
2424540315
2435769718
2438895169
2442430777
2392485269
2449175248
2434223259
2406511322
2465080168
2407388844
2424406486
2469078983
2345135493
2460894336
2444544246
2416737225
2415808976
2465476569
2464616643
2448099541
2473173561
2469733198
2470996144
2432759693
2476325968
2333509387
2445568645
2456257988
2421887595
2437229571
2469685201
2467088793
2365536364
2472639302
2444477651
2478827065
2473108721
2463101462
2451905170
2477065885
2476793167
2398555987
2453482653
2475542797
2361229766
2477893769
2454416778
2483361290
2478905317
2436161452
2481033040
2457793861
2478262464
2449477921
2456088266
2478946654
2446852208
2477676853
2458647632
2486833275
2371873819
2481970779
2399397176
2438513956
2439439106
2484421956
2480710520
2458544062
2459731819
2484250048
2442136514
2486008541
2359089449
2391929269
2456236430
2459147102
2473552420
2429738310
2483225750
2448051027
2377620992
2445065347
2373723606
2422553612
2344538827
2470046565
2458310745
2485121022
2463781321
2452491916
2452399863
2451972970
2487952784
2450029116
2459824454
2483770728
2393997631
2431475848
2457709979
2478072004
2361848343
2445592126
2488593351
2486966333
2464725935
2492182012
2385314623
2369868780
2494045546
2456618185
2444479928
2495080990
2492664565
2489814490
2418518755
2430603958
2492851005
2402155705
2461890892
2404640083
2466061973
2400671765
2495261717
2441570554
2435278906
2486119743
2456708419
2337820339
2459253530
2432797351
2463181566
2490778430
2434291689
2491622014
2470912756
2498885534
2424002535
2496161028
2499232332
2491959991
2473546918
2476004360
2462576819
2495385946
2497171152
2501095816
2452605384
2496732806
2503667494
2464817963
2488345109
2498132835
2456469913
2499700743
2497198372
2454418639
2502746571
2456281995
2504092502
2499102515
2439745421
2498126473
2499893102
2507957863
2378501730
2500729235
2503706361
2479892952
2372069539
2500983589
2439723195
2410678701
2405877330
2487580246
2401324471
2456658163
2423842891
2393203895
2504480787
2489570928
2467099763
2504566930
2443263938
2446047266
2436295341
2512731474
2403525943
2478400891
2509775123
2486036804
2510273290
2511010146
2462434568
2464641128
2480007816
2457599539
2514222847
2448743490
2478383773
2515694838
2359946295
2474185220
2467794477
2464113538
2513851209
2519821686
2520100114
2515358275
2464447374
2490685753
2498038078
2447689781
2415218892
2401477260
2432358573
2518494783
2496094239
2485858483
2341092939
2405467702
2517402504
2490084072
2518107916
2521052198
2522347189
2495213814
2523034706
2503725411
2470234414
2482922918
2500731947
2455617739
2440667425
2524554052
2388340465
2514814580
2522756171
2526536024
2374261063
2523133807
2522045961
2496277007
2520791737
2513280717
2526506783
2516995982
2418944240
2528371572
2400601501
2526830822
2529599096
2493707105
2429961976
2529349690
2522365403
2446593303
2528927383
2531060970
2512150849
2438772754
2530282912
2531807124
2482774390
2486177291
2442174174
2449705627
2477194001
2454044420
2460623230
2532114320
2437440966
2426251328
2439500739
2507402876
2499857500
2437867062
2509765321
2416576407
2514700443
2392433405
2533018796
2504035679
2492878121
2539023203
2430990516
2540239459
2509894585
2516306297
2536868548
2528886969
2520042475
2461541447
2544054287
2444025564
2470330029
2512930022
2480423289
2548578730
2540260574
2542593739
2462951759
2540286084
2533893693
2542005260
2483622196
2404786196
2461077421
2499654564
2545352156
2393063924
2492711163
2511753269
2377663423
2512380485
2550149397
2434306090
2546880588
2486903819
2512208581
2519083946
2547450968
2524544095
2420670035
2545622488
2392988258
2506055954
2521189327
2505747514
2498627954
2468094693
2363050982
2533726532
2391433777
2518145711
2558049905
2553077420
2556640821
2431237546
2493334382
2534642747
2555286505
2556478545
2555492832
2447248649
2380690063
2557285449
2560172747
2550853241
2560145234
2547881292
2446889671
2449679271
2545977340
2417106672
2559224896
2500371381
2432378989
2522702404
2549630212
2518922469
2560882097
2485705177
2512387714
2465511660
2508285885
2550889673
2439812324
2560280837
2558523401
2519539420
2340818693
2497492231
2562571817
2473728933
2566303206
2529653982
2415379739
2542663123
2558761551
2530809052
2535923127
2439458432
2507000521
2561851187
2544139971
2572211828
2566028595
2529368286
2421562928
2566371799
2569593474
2564605399
2507042124
2507472475
2568192857
2570212812
2504396250
2340736258
2509798637
2525576878
2499490176
2572731029
2459446677
2523866912
2500670096
2526023630
2514503218
2574041789
2573218959
2531838463
2535430644
2461830876
2575954295
2550736722
2575455896
2569440905
2558678083
2573865403
2582455386
2424816771
2351461399
2577157038
2583724209
2580315945
2577577869
2581560217
2578593378
2510716251
2443313740
2521033309
2530454065
2503392011
2553808706
2579199336
2543207562
2564167545
2579965322
2483039401
2584613370
2578941261
2541369610
2402895457
2586723701
2585539780
2377040099
2389290099
2347737008
2516093337
2495858641
2568278172
2583927139
2588323726
2533852140
2584811886
2579091784
2580540251
2588132627
2536274464
2590162157
2586415073
2590573235
2585596483
2501668692
2432343415
2587640903
2586063318
2589197224
2596878351
2576165101
2462856299
2585765776
2590758422
2501152615
2588433328
2565413247
2489637605
2590193123
2549413199
2410633755
2589029935
2427892617
2512904043
2593545825
2550324616
2542018282
2604067358
2602967721
2484313680
2410471588
2601566553
2335392025
2525664305
2584014228
2536108205
2586977826
2528204779
2549085110
2606849662
2595951808
2606165620
2529402369
2609745318
2562648420
2507099994
2601619541
2559805217
2550645725
2474421133
2479371280
2583923642
2549147290
2601297209
2375852500
2608890863
2576254677
2353836811
2611443746
2542510244
2557260124
2525295209
2535202920
2604913537
2591382834
2614220749
2536684901
2543847391
2484158339
2540005331
2606373224
2605955895
2435270371
2583429867
2457223452
2619176904
2568650366
2611504898
2528148516
2613016816
2506654133
2620350179
2593890990
2611418808
2481983828
2570728106
2620867991
2535674456
2617180623
2555951723
2621863338
2618528813
2552959801
2520190711
2619391423
2622937752
2613406798
2624445081
2497193324
2619421639
2620376539
2523730843
2506078425
2622827439
2451789989
2622993309
2435847353
2345617451
2492871013
2565500255
2611701430
2604671970
2622324056
2618180751
2625652913
2556986746
2568880434
2615536628
2626676427
2493588204
2625965850
2612597117
2622618230
2368819781
2549949168
2554307570
2556452421
2526968693
2626139045
2496739044
2626639630
2457305528
2585054472
2520411181
2564755283
2471165525
2630089138
2629268143
2554650303
2409440611
2574167332
2499213975
2528554681
2552645355
2630903016
2567733608
2516398648
2623146871
2593022611
2378205354
2635588685
2404893116
2468959575
2623463399
2618026595
2569866632
2613913397
2636506267
2557183256
2386403229
2491913665
2604364493
2633100854
2497275671
2564483639
2634523564
2488641677
2636052794
2421107825
2574562803
2587683993
2637061332
2562293256
2631207352
2634300628
2629040875
2593582043
2589761806
2473510954
2480445043
2608519815
2524062581
2643968317
2632744756
2638499810
2638414699
2639385190
2590140750
2596795957
2548350745
2579067879
2549401703
2630455245
2440547454
2640476466
2637929563
2633489808
2457722802
2584006468
2388846718
2588531924
2642029303
2466423107
2401708158
2456892513
2642123813
2577148256
2436558788
2401494475
2607209979
2646365479
2605554593
2506709811
2577291833
2639378348
2643333007
2530961344
2649172417
2558899939
2601859129
2648641334
2650808100
2632242227
2650476757
2650702482
2341775754
2652187635
2646617808
2386314165
2590656017
2416890071
2502270200
2650924987
2654288510
2483788613
2585117498
2650007560
2615025557
2647500258
2648015309
2375732314
2648213566
2543348655
2457231016
2655225982
2654032604
2605613604
2565152909
2502404901
2653276309
2550099371
2655992278
2658229021
2650572421
2468488832
2477322540
2512200833
2531241396
2661501517
2551649680
2400586830
2658318766
2663353824
2668852384
2637963853
2607231789
2591221092
2483277364
2638043343
2583905761
2605050980
2507982197
2614780794
2668381151
2660660201
2590201261
2667125576
2674657659
2666298507
2646039649
2662815791
2661567865
2561265594
2520549060
2668598544
2670147742
2616293209
2675159464
2574966648
2543019703
2668604983
2517690768
2585020239
2516031244
2611614640
2601156735
2671898008
2646212266
2678282043
2650326251
2406367092
2594487840
2619655627
2673213751
2525601838
2676389114
2530140695
2628228329
2664789078
2610518072
2602951354
2676727013
2574868975
2551447863
2619162558
2679217911
2657177836
2611990920
2615878938
2501701228
2636588300
2602327540
2672329874
2673380402
2593932631
2626621910
2680848290
2677673337
2583320262
2683468724
2590310386
2681956375
2448536085
2622905378
2577600419
2520062140
2671877860
2681606576
2401395407
2675924077
2685231661
2659244540
2515229775
2684687998
2675276427
2682303833
2617210435
2681829885
2679511210
2483823829
2679544974
2530307079
2682395834
2527098702
2685384077
2410610748
2664798212
2678744123
2687377837
2538469002
2380075189
2515410976
2630534668
2443027202
2574845235
2667792643
2562753824
2406975844
2681327473
2685453755
2690127049
2690492333
2391760630
2690747922
2342485096
2417320280
2690816372
2692163104
2690349877
2588889429
2637007152
2453767388
2691007893
2688146823
2369319512
2683180814
2691365223
2541132815
2454575933
2692519498
2695922841
2693715511
2632680922
2484335021
2625829965
2572077289
2619516615
2688700383
2630547089
2696581940
2626804226
2619330558
2498048730
2682648380
2412605836
2688989727
2633896709
2696305059
2688220454
2428947909
2622668386
2689598977
2696330656
2695716696
2684211746
2625074637
2697978069
2458938111
2681102670
2690619581
2613139712
2635059978
2645449007
2698634355
2648042221
2677115882
2623750865
2440019943
2699192068
2589021433
2688881019
2533362651
2653547754
2637262488
2667828152
2688767614
2692931755
2636036882
2416858808
2546340295
2653567316
2499908428
2666077130
2703364314
2502900512
2703652937
2703197006
2676975827
2545388805
2676899869
2704040684
2659857433
2695637611
2704520305
2614744959
2612696307
2632265574
2657676060
2662149931
2703785828
2665183769
2511042387
2619725807
2639033293
2687281800
2704075010
2714263837
2680505904
2607738999
2526080010
2703292116
2708207393
2708107156
2706311589
2700031757
2666198823
2706240219
2700658197
2615768406
2636355854
2667354642
2647998246
2702154420
2705904765
2620385879
2638644928
2505657201
2713057893
2712195410
2608201119
2410683267
2506367447
2575083065
2658162600
2705780256
2498528385
2654111951
2712925821
2607940881
2713850674
2716669733
2646314938
2713562943
2707730471
2708309512
2714212638
2543567359
2489818578
2687636034
2669872724
2715742838
2714822719
2516122755
2721006627
2714961258
2652998772
2711643419
2711637499
2700005210
2579531479
2715707558
2713836669
2343593365
2671644987
2718097537
2471781213
2674011594
2664176218
2720642901
2701406782
2719761604
2675541303
2719281656
2596664318
2538404064
2546794611
2417531959
2717666593
2719671820
2646850583
2485416064
2415530318
2393444442
2498930598
2647644790
2720802832
2728443562
2715695802
2727137694
2629101349
2645419369
2413726289
2391969379
2605725542
2634079403
2668740706
2604605532
2661136267
2587879522
2722791841
2720318120
2722708243
2720045923
2724820583
2474166029
2699458410
2589325807
2681521390
2726705127
2729714660
2727044559
2625678112
2727377894
2633999187
2668177046
2651219354
2494557441
2723767524
2690017690
2696256440
2668495959
2625498400
2560693380
2687739608
2414290174
2496586145
2702758499
2432960801
2560309460
2737362878
2730451244
2729679969
2734196486
2658042439
2612600273
2694670842
2611163850
2661545487
2509230138
2729774248
2523085078
2739156550
2403257603
2525734958
2553039594
2706981495
2729009268
2687913050
2693879988
2450046888
2450511658
2738861373
2715537956
2740163404
2739741293
2454580978
2723314707
2748825343
2714059444
2735618960
2479828728
2613286671
2745236577
2493499779
2683261145
2682326015
2714442041
2606409523
2664189010
2524957905
2739584608
2749229945
2670089915
2602620179
2678319678
2690766425
2746393808
2740671094
2751489592
2747433871
2511921219
2751512849
2562332105
2607946821
2655734144
2742037061
2520055773
2687154143
2739609281
2742320412
2694211929
2704533310
2722473204
2759491636
2746975714
2700331762
2751400464
2449570919
2578256416
2752280001
2372548677
2691834421
2749273111
2760995981
2651865549
2757520177
2683048121
2685937016
2651686864
2684071583
2760583297
2769587081
2356663438
2687119505
2604653289
2766083741
2745778266
2632632331
2700883082
2761672352
2753755730
2659723601
2716281529
2764994863
2626219065
2750812036
2708252404
2467625411
2622286820
2745701658
2759504893
2701892317
2610957813
2756859833
2740444118
2487775493
2747507337
2584996414
2769283642
2755296955
2616058340
2711178751
2763002416
2668837454
2698958601
2770370901
2341558408
2673896169
2758765335
2650882609
2714534002
2746108285
2697090079
2754584769
2708355305
2757908448
2760521230
2606949509
2394939023
2762797656
2765076377
2689683826
2773192610
2781389236
2778395520
2578232143
2777521383
2762806201
2594443531
2552171888
2570279589
2769579324
2336069709
2756300065
2744817118
2775339341
2779926408
2778983467
2615506821
2705351044
2632837239
2768278964
2548673729
2719967714
2771208455
2773527324
2688809222
2688243106
2638944527
2656029847
2764873367
2683555129
2772020478
2723882012
2775361795
2683566723
2773240706
2369375399
2779538041
2772458087
2786013580
2657793280
2786222916
2766866329
2787267670
2666550235
2764607535
2784422323
2791080031
2730934969
2512710858
2673266116
2586488010
2779101138
2703187019
2645346245
2770197163
2777284419
2787504238
2683934575
2752201199
2353497300
2791671243
2775964228
2779749803
2696209715
2790368840
2788611955
2780494094
2772623316
2394732375
2491442695
2785934049
2787041553
2493372168
2790824117
2588174843
2769745401
2777552167
2767074624
2787683661
2551640645
2680465631
2791865063
2740119607
2784513712
2729255213
2794256744
2632953598
2782090571
2792505794
2648269094
2626599059
2786327846
2501436462
2781765225
2782851799
2796853602
2793545650
2733206760
2792958642
2785990133
2623873681
2792949268
2434691858
2580138140
2619602786
2384520175
2782101375
2791143735
2590467028
2792872968
2678560704
2536668696
2731224665
2545979638
2640795855
2462691783
2796528929
2689939018
2794050868
2746774146
2794144702
2768246952
2448459070
2735271588
2429081728
2711325844
2783818399
2760860668
2796635830
2651725213
2804632262
2494533701
2540087819
2693859734
2508541131
2752707374
2802035755
2596053480
2734794795
2768484683
2788625771
2794823966
2624873874
2807717059
2671414178
2799769751
2535301984
2578764544
2712692064
2786495110
2661663643
2656123218
2770537002
2805959441
2672670487
2798734661
2771916485
2540205957
2812987117
2802310941
2803811640
2748520104
2667640678
2791981050
2732364121
2776967479
2608691521
2553519228
2804203567
2796452164
2805421869
2708151125
2812889635
2815314777
2811517178
2811600002
2694368841
2340745495
2797747233
2703158999
2362945175
2782714484
2809630605
2814163164
2521722938
2801987518
2814261272
2806184183
2724265648
2818654585
2668849770
2820025018
2741638103
2464228729
2627255240
2809903912
2713316651
2594389680
2817891504
2821220855
2819866943
2819901743
2821255191
2824543714
2754618833
2817371371
2588290513
2819587892
2815786418
2463408348
2800528447
2571170915
2727266484
2823802781
2816657968
2673913888
2832614788
2827457885
2827572420
2731558016
2480674634
2758230085
2829642255
2825083676
2731450939
2790101787
2650933680
2813627939
2822525386
2799563357
2816219052
2824220623
2818654771
2382917827
2821987232
2822291011
2815680127
2676009329
2822893415
2806487700
2745819099
2826523076
2821235328
2791742078
2380966975
2828151440
2814674766
2817686276
2672687000
2820089472
2662981078
2826311879
2472669362
2794109669
2336474403
2829764047
2832473256
2814959614
2826637843
2424965814
2360226072
2623681142
2828834776
2807057028
2837823627
2719436380
2837482325
2836244844
2597990802
2809253308
2369313064
2560406177
2602124910
2374946913
2834589359
2535001493
2603994526
2835411412
2770363232
2675979965
2608259920
2540968330
2528178347
2834699906
2831153379
2620720708
2675545564
2764806546
2518557315
2680037613
2832899205
2710511230
2717087925
2836810338
2654862688
2818819427
2776243588
2525829842
2555902464
2678442577
2807310459
2769995233
2803467641
2337296297
2574851524
2739510655
2354329877
2831796143
2833273812
2844238153
2717044364
2703648102
2351664450
2812009380
2373081996
2687259584
2819340360
2691889101
2827978061
2840378982
2780570897
2822990199
2536721384
2738988584
2842620580
2721756303
2846136578
2513671374
2849695789
2846188143
2815865005
2775046548
2762644672
2555871062
2734090218
2729860089
2839887638
2852591273
2660657453
2624831377
2709083631
2849279363
2730037217
2671717827
2850280638
2855189947
2854615366
2829239250
2828754253
2854258322
2652641088
2852679044
2616143494
2552549940
2812513061
2823651552
2774987662
2826001343
2788220998
2856276614
2784996620
2863705349
2861972092
2511824121
2466875899
2861882623
2803657907
2468840342
2837902921
2790587311
2801620728
2872778537
2865399907
2859660828
2795963298
2469827502
2847272533
2693961790
2642784217
2865359431
2403562504
2841305399
2687241562
2785775893
2873263117
2843801950
2864444356
2877121736
2711071353
2855607392
2860842713
2863682396
2829819220
2863874127
2829891734
2862698824
2851338547
2862843000
2861784889
2610193783
2628569608
2448181874
2472814570
2871548396
2871220924
2860559924
2879180993
2516084522
2424483580
2569082708
2674109275
2777318993
2590421677
2877947517
2873854832
2834089611
2805419628
2879315139
2667068884
2875768174
2721988148
2861997206
2879729102
2699878963
2835165308
2885322361
2878187563
2682539278
2810656685
2877550106
2877662154
2889230429
2883713166
2866884785
2866690025
2871389999
2783149810
2412019570
2878988315
2882881847
2496673866
2551074220
2829469332
2454065654
2889814226
2417862276
2410602555
2884702664
2894693784
2824041032
2613560067
2882757193
2621022332
2876221406
2764156475
2791770590
2516881364
2815091889
2792204930
2733337225
2894746638
2882754931
2826198172
2847901211
2832373639
2829189919
2896874099
2848070459
2888342668
2803726623
2830727171
2437544724
2829489701
2903095146
2482197499
2884510797
2872359612
2714021287
2898461804
2636589129
2898751181
2713726767
2439404411
2897733554
2905615112
2804212399
2636678378
2895785984
2861514534
2374056082
2899972770
2775487015
2899749677
2872391563
2872786137
2606341906
2904631510
2863566728
2790972937
2905464745
2900666341
2878102143
2891707329
2868290509
2441342347
2907190219
2876460957
2895419731
2910820317
2912083578
2525669903
2904524105
2579911363
2823050514
2675039513
2732388139
2792570688
2555210464
2885624254
2756574766
2355257670
2642294962
2737121257
2853730966
2859228292
2721571229
2912725934
2695269983
2623602554
2485007460
2753460305
2907396103
2521285035
2912817574
2858838845
2889656075
2919238858
2919665411
2917714777
2907229791
2517691240
2904308309
2818650607
2913303165
2867639044
2920914068
2712014955
2564015239
2922260650
2906711126
2919108342
2415548595
2925444487
2389982075
2425170133
2863232231
2516553087
2798150146
2616256204
2834172480
2928875090
2912568606
2928180728
2465185507
2621239560
2937352023
2926455930
2930223478
2475191798
2923145091
2389505262
2796694807
2883031900
2782569749
2573327012
2918759187
2928470018
2386575200
2779523024
2432347164
2905403217
2928245392
2933912892
2928196287
2830875464
2931937518
2578444620
2903310963
2936242001
2832870934
2714498511
2848165317
2936361285
2836201410
2919418450
2920166473
2932023110
2932285920
2931271642
2908700990
2938482607
2929501279
2805367292
2847077789
2645207119
2910034492
2925419347
2942055795
2835493686
2708810186
2939344606
2566393070
2811877004
2838214070
2721344412
2848273792
2929509822
2533214161
2923069039
2942416533
2946197641
2826587542
2669269953
2806239271
2879480271
2582832155
2901158273
2917521064
2791289034
2750850809
2609696904
2849911222
2812480555
2929256050
2906483998
2796600531
2938152393
2923642870
2736991428
2797801497
2900987548
2943782179
2827925530
2946694354
2821348184
2930645949
2900519052
2925384046
2947939363
2921523119
2405965501
2942689641
2875624083
2949586999
2943718212
2801141109
2949197790
2756380886
2840246488
2339420692
2927528831
2775842401
2420718400
2797767721
2938790290
2455165141
2934086234
2441962711
2858806854
2540997178
2800588066
2653914580
2834335564
2657423854
2400493433
2683730757
2750978655
2407182341
2860905292
2779748218
2406807419
2951393095
2710074998
2947693022
2494723241
2738780245
2946550083
2920017223
2953535142
2948332012
2889127856
2953084533
2732741459
2942440627
2644766231
2463612170
2508369055
2620470391
2819305301
2767723162
2917907822
2753243789
2512818290
2823106970
2471433071
2831662111
2853676929
2932869171
2957762943
2936754136
2958773022
2957510300
2866950378
2805775460
2945156658
2516884074
2886333829
2945503420
2612331282
2680347545
2822682127
2874576828
2669944819
2849513298
2604987286
2587065388
2836269921
2903281977
2965226215
2931822930
2952202396
2962685607
2950402949
2816514274
2575942219
2966413960
2640430506
2862203700
2607132114
2467988530
2708169001
2407595900
2460858247
2936696174
2831147828
2968274765
2967002590
2740724251
2815887895
2382123040
2956667262
2806520770
2717708457
2903962916
2935259277
2950963794
2972682120
2963133885
2921623089
2941278926
2861002611
2705966810
2939932134
2968980983
2939554381
2977952370
2820202086
2708444912
2843195575
2978889939
2925052557
2421535994
2925128278
2957622883
2956522897
2818031675
2956403603
2800053740
2611941288
2793804480
2665884817
2958373990
2965107750
2497993785
2912274442
2914382893
2412868298
2652682877
2385756325
2712814933
2967956515
2952533636
2985084362
2768023083
2967631298
2980142482
2822133850
2633597424
2940661966
2638191783
2673739393
2930342877
2449582117
2399503629
2870810242
2972932718
2790976485
2811644611
2881085696
2959213776
2983786326
2435251424
2969002593
2993618662
2441366360
2815320420
2567597201
2973842106
2668491379
2960234158
2907814432
2984234016
2991827110
2979308535
2988155817
2684104613
2580934441
2501815892
2902090561
2930950143
2971678471
2527296513
2995298580
2827568239
2431319820
2995904172
2984515870
2777806444
2987096773
2993829541
2982645134
2848069633
2998869789
2992653261
2994192290
2605317694
2537641139
2687318550
2854441228
2999172814
2680408175
2938173132
2819694040
2998618874
2877838460
2994978087
2836287825
2668523314
2970448830
2984383868
3000708853
2983845439
2797561295
2693230706
2960590151
2615218642
2559779472
2908164161
2625619819
2887926451
2969191989
2828240403
2403906467
2791937875
2924534776
2479199961
2980246813
2976260506
2875189933
2860409940
2944993041
2998478662
2469380569
3000609436
3000850154
2818571941
3005546171
2988950668
2996227072
2775067190
2905666335
2986053994
2840609942
2747465619
2611827658
3001657393
2951444284
2976988138
2973819443
2831461550
2895736300
2991945987
2901850335
2982296164
2798499231
3017144272
3008885267
2629627329
2668956564
2875617956
2991433981
2860734414
2860094359
3006170769
3010959819
2975657578
3019406390
2991935771
2913767491
2763279356
2626622708
2936328506
2991295332
2404274533
2967570581
2969201628
2778370913
2873065697
2859909393
2896018900
2880152929
2978284856
2908812651
3018488123
3019649777
2686998750
3016337757
2871487002
2362556332
2916504481
2353669301
2996362975
2516464743
2965247325
3022747343
2742515468
2962235529
2989625557
2879657327
2805998905
2963397021
2869475197
3023678581
2461279590
2903718652
3018674463
2432195715
3007192732
3023890007
2885616317
2940979593
2528460741
3031200419
3003201767
2887803656
2661104969
2370535574
2933898138
3038849175
2841085979
2986645154
2795385582
3030328823
3027897221
2777352485
2821421416
3041484971
2604233902
3030510842
2940123056
2564263103
3031756709
2997072137
3008538663
3033835150
2856398444
2940951340
2808424957
2895426840
3004676865
3029573100
2930059787
2433745488
2886783331
3011751490
3036046137
2882763230
2894088115
2931053172
2488270278
3033324919
2851591206
3025029490
2849998474
2932052980
2744420679
2594764516
2961259549
3044349168
3046247457
3031378910
3012146843
2877591698
2995732177
3044443979
3030523355
2852929243
2498611007
3038222314
2878868009
3015693932
2783204192
2784897594
2656633358
2759777340
2996825186
2495204741
3006769666
2681989258
2807859076
2952680535
3018801180
3039336515
3018604057
3030517716
3040366500
2769163211
2345627020
2863150532
3034030613
2696441617
2910912743
2797351835
3042394843
3049212382
2986093263
3047344517
3005213528
3047603252
2983239400
3042349012
3011384391
3039599971
2882204602
2697144049
2905747104
2991321493
2628962572
2703893754
2854010039
2939446422
3035051986
2972878550
3049010811
3045628266
2987490832
2351588528
2789825610
2838595620
2938605875
2605914610
2993972924
2711216449
2874829356
3056152401
3017805416
2714447531
3033811815
3050801414
2351936495
2434492610
2716838383
3053967887
3027083495
2648565766
2625617474
3056430206
3038000462
3053334816
3031134536
3052134734
3025341219
2991596641
3018207961
3055466222
2952844535
3005219540
2712521094
3039734373
3016332773
3061398453
2502450011
2836504803
3062422330
2733073742
2846844564
3067134201
3060772273
3036742965
3032279221
2899874142
2752364072
3037797869
2904185034
2747587717
2526148177
2571467849
2940144325
2711791129
2712013769
2798555624
2968317772
2991889128
3065941352
2947604249
2817106329
3028942535
3048732593
3071124619
3068703312
2938534412
3075836309
3028654359
2469593287
2776332194
2604830452
2850123618
2782713360
3071485351
2929171987
3045261613
3071713016
3081809655
2965233818
2939174486
2863469080
2612621949
2733396512
3082608678
2802856629
3066008329
3049561794
3057128275
3069435995
3014211765
3054670741
2889075587
2805223898
2648265140
3063654249
2788463140
2413345819
3091944668
2902829063
2966905171
2912667085
2893576588
2874375264
3084852810
2471105386
2721282302
2938506951
2841264914
2975162783
2871521925
3071131010
3066857906
2822494306
3077073946
3070698124
3010692496
3095949530
2651260860
3023722086
2906172136
3085622643
2822196330
3086200625
2971997598
3012218320
3095982040
3054775011
2699573701
2877538019
3071680545
3101845121
2909423096
3090291213
2858744851
2582963285
2547703243
2447797127
3106777567
2926020441
2971499688
2997872587
2913028409
2897720344
2741222652
3093908704
2895878417
2924606938
2894693727
2659054668
3083097914
2837212166
3101003247
2810335128
2877651362
3034640801
3084645928
3105525498
2898427846
3019916138
2683933002
3058654005
2904594507
2934463738
3112867945
2944056942
2962428355
3107491026
2664933904
3089486177
3076627910
2862087511
2802366193
2985599554
2903479233
3036365352
2897580061
2942407821
2818531928
3092490664
2931561189
3078933904
3044589830
2937266566
3060755176
3039538652
2657450326
2917543076
2736043735
3062252735
3115900845
3091622027
2909226641
3113300310
3102605869
2731189313
2567296981
2781033055
2842868063
3093229927
3101868919
2734865683
2981743754
2991892060
3124172782
2730692413
2957397626
2467661106
3003460346
3108570806
2703815845
3114924908
2977828953
2876217458
2852472097
3118456818
2962151215
3049566635
3111627406
3014072731
2914045268
2456506079
2905110132
3089457294
2602643984
3119599654
2808675071
2751156519
2883022186
3108733345
2548407478
3114054722
3079677281
2759363735
2961180952
3121030312
2527565524
3092235977
3116139386
2943003163
3120833358
2922572324
3127717717
3002363631
3124233838
2544747690
2729097391
3104498506
3126250488
2572217670
3116248742
3054262589
2749406757
2553216511
3042650182
2407980158
2970892871
3027852507
3094182063
2972185616
3127316173
3086222694
2849510037
3092485831
3075943125
2782181669
2836409525
3019881189
2886404323
2917710510
3132430557
2876603945
3001390199
2962230968
3136465608
3115221031
3144945456
2911367578
2789101689
2631966643
2940992890
3017753165
2705283444
3005776470
2347966236
3037032112
3140486116
2390081531
2893910424
2781379575
2553571525
2775769338
3096386539
3133727889
3007907881
2511586521
2883840469
3102687929
2758789486
2964295604
3138406515
3024870662
3103329574
3133834577
2994065427
3114417488
3070637763
3055181458
3139103531
2927397814
3074543114
3120187159
3139342567
3036148741
2991218986
2921609991
3116457512
3077669970
2709350533
3012599317
2767673789
2959173214
3124192375
3074300126
3133720617
2860988987
2889786762
2601303828
3120144816
2724574619
2354438017
3140418150
2910616803
2940242545
3141023794
3137040522
3141375236
3106203889
3127710961
3089498415
2765139778
3005639308
2827554311
2539254528
3112236558
2788463040
3120156454
3046368518
3127383383
3150627213
2863298683
3018555070
2492909173
3084337987
3135608210
3111090937
2778819664
3099982189
2576734370
3151225721
2408618946
3120815272
3086483163
3080403965
2576913261
2693106581
3142912278
3142493990
2770941058
3145066608
2996879436
3001587844
2512920309
3158711286
2955487487
3024373044
3095730657
2952687895
2864703038
3146180890
3053703750
3149893616
3158267076
2902816974
2907753950
3137211706
3120922517
3150454543
2444607729
2401677608
2527628208
2996835378
3159783849
3165701077
3121555364
3075075217
2566708103
2612262796
2959721707
3159708036
2720281535
2881096192
2990078740
3137518822
3164276662
3078000413
2429772445
3162864352
3149742468
3171260955
2978725805
3160994321
3057333995
2941245500
3175126552
2804102851
2553316957
3126812348
3061503948
2467671288
2787939756
3165205220
3138214075
3171569149
3118689235
2876508330
2362044868
2565119732
2797599415
2895095949
3132118237
3164434116
2691487421
2953905342
2467814275
3169528838
2615746822
3168572469
2687839091
2376898579
2849177747
3035157056
3161447346
3173161527
3168533914
2724251124
3164708504
3165602264
3156970517
3143017147
2441275256
2988099296
2943704408
3121772995
3027272017
2587297975
3151306615
3089840268
2990428597
3075941581
3179598173
3098245667
2982570850
3166318173
3167339999
3146780780
3154626571
2919885057
2577213015
3068461096
2495045152
3168842301
3112381241
3132898227
3146189212
3174052045
3090534812
3175025267
3002840857
3176786198
3183424379
2906032270
3034714925
2971715828
3158361537
3171627355
3145429765
3152421555
3106369429
2544769708
3150150318
2602107861
2962101350
3036076811
3175787732
3139809546
3180040144
3035767758
3181966217
2704417089
2950796958
3144713238
3125454547
2836967765
2463103116
3171748493
2621797788
3144337019
3195123690
3142678930
2948514001
3190231350
3186187350
3170392970
2755878903
2786930564
3175443354
3079789949
3175806550
3096893083
2675710633
2574618411
3009600775
2907033992
2934845555
3030520281
2967443415
3179796776
2736494843
3192503345
3025360644
2976611998
2988796792
2562954521
3141035121
3192162703
2970169691
3000366285
2643738131
3054761564
3151224977
3184990926
3176569265
3187231748
2492610551
3110494960
3193041814
3195875419
2367708094
3194867273
3190182003
3049836535
2982069102
2662344345
2837329396
3160444842
3081556578
2916664913
3171401002
2859941835
2587521418
3162100502
3200247261
3202398533
3049505053
3115701673
2893603936
2513058827
3067046306
2620296753
3062684194
3197784652
2567216234
2919773998
2978417231
2612467814
2506281310
2975950568
3158088511
3197717735
3203035627
3127125020
3199372104
2918389990
2626848923
3159773418
3215970459
3036018104
3174152215
3061509304
3136615493
3132171022
3201842881
3187165776
2882197313
2609013618
3209723809
3203535546
2528760366
2610259634
3119638428
3176083164
2857099301
3214160949
2716742042
3207865042
3208070699
2705445604
3207865042
3193430066
3202278694
3163240514
2531376115
3158055207
3210762190
3213283230
3101048889
3070055079
2933113832
2785511966
2932507232
3220279119
3075643099
2863228983
2486670780
2916076085
3032811183
3214667167
3121240110
2989856233
2987751872
2950012178
3136888084
3227156812
2714897888
3166523137
2736583630
2861537050
2664465378
3037386755
3069154060
3167524964
2862853798
3091949462
3081668227
3066728367
2867719977
3215181123
2937281975
3056922127
3076479705
3223723328
3039367970
3228394311
3022105628
3056765348
3170987825
2933693409
3032696995
3229080929
3124389355
3237368263
3017266577
3210152743
2534739428
2636614718
3230135639
3011053876
3000541518
3037245575
2919601208
2956388140
3239390565
2751592509
3081566550
3208196057
3239995928
3191117369
3209339098
3218018307
3191411947
3209703571
2778543351
3237779136
3252807324
2875091924
3238509796
2759364450
2544091545
3218634414
3239769886
2955991924
3246259402
2924433009
2710485593
3180348232
3224107646
3186969543
2912241670
3240668991
2637201754
3243445335
3095553682
3194248561
3073007608
3244370998
3112272138
3236754990
3254470785
3156373573
3110331542
2899601724
3197605695
3154973715
2809016499
2816744457
3215328803
2385562169
3187186150
3223778236
2801510832
3246077685
3042983694
3049212244
2909047512
2839974481
3249680901
3233240464
3087435659
3240646243
3039720021
3198702550
2724599303
3144365761
3236559102
3146733505
3000458122
2800012048
3051660448
3196959225
3248939878
3208606387
3102268196
3091193381
2790405860
2840587281
2806265201
2780961700
2747161175
2764438677
3263454435
2970480923
2797151315
3197271264
2441489124
3264297018
2795723293
3259192745
3219235875
3232258561
3246382394
3034872162
3027360066
2847057326
3240195597
3249263287
2665266287
3231269530
3218282871
3263150716
2969347426
2791502894
3111333567
3062004262
3264298352
3120626845
3134378128
3258030543
2544921811
3077671724
3266924376
3260051934
2655665979
3111857341
3193740427
3086054136
2665453673
2721167465
2910024852
2686752738
2913734033
3174989073
3223797073
2954035442
3276978440
3268224570
3268299109
3128145778
2909576688
3264254559
2903215311
3056708645
2845294346
3268312977
3217355516
3171890102
3071742682
2808136994
2969939696
3269261906
3218912083
3239946368
2797843252
3269878136
3274613679
2968826892
3275196595
3245807304
3229162832
2699220761
3193158062
3275004344
3270594118
2998247584
3260867066
3286136667
3259364968
3249680823
3067392651
3214658904
3042825596
3155673002
3238176987
3110718173
2967863668
3223712510
2988314985
3201781797
2979548659
3042056040
2953027119
3273020012
3145661487
3086743109
3238712490
2682153278
2861579635
2504725098
2640317551
3275803750
2849011096
3045880218
3265287081
2441895701
2685514025
2433857771
3252596167
2610360037
2746349088
3087293455
3104021123
2668707757
3072819457
3116569103
2767402177
3080915081
3118280335
3020473385
3235952615
2729178314
3174757038
3280023146
3261048944
3288466030
3134456966
3215340296
3147914972
3250063636
2662324037
3247779534
2700785929
3289707761
2522845327
3287177520
3246061121
3301506293
3290253731
3288237125
3235959996
3057562475
3283947060
3241908712
2608751988
3242730423
3178136512
3247634406
3298347801
2660664807
2861518006
3209010189
3297886977
3278059762
3295207617
3161679323
3064510882
2980375460
3297991200
2402181207
2414362982
3143500690
3100339407
2953167744
3272259663
2770207720
3082557163
3286636084
2823523436
3303299571
2409632158
3058431110
3206864808
3302314133
2914277707
3268277707
3072868477
3098352407
3248765434
3302217982
2981996340
3068191471
3130144757
2530867435
3286545001
3264211306
2803274382
2984975002
3304903161
3300551489
3086020628
3090082253
2490149806
3152200462
2944560563
3176405803
2880010005
3246764173
3075143065
3307959961
2641669638
2568248987
3276189297
2698819219
3295800758
3309574212
3282348039
3324743330
3310798546
3255130708
3149893478
3311759273
3140854406
3227237475
3200446996
3300706264
2603645939
3100261574
3266972457
2904929936
2440426756
2673768328
3155394777
3311718952
3295632978
3165631061
3194503854
2853211453
3262920929
3283159299
3006578908
3310537785
3308503427
2807432533
2962691538
3169834773
3320224292
3306573927
3323146926
3322889659
3208528694
3204537232
2772719659
3108670480
3261244174
3100329742
3306798632
3233781842
3175931778
2816903418
3322182820
3303697814
3156489966
3195618791
3320224562
3006542730
2388310927
3327611276
2931916572
3235269026
2707098447
3249202303
2967119782
3321858751
2801852339
2659585431
2761021614
3194039739
3006775474
2634306951
2812519284
3314016067
2643325243
3185729739
3335715412
3296789920
2886937873
2507061772
3323301355
2891502136
2628293560
3221374183
3329823334
3136288386
3336738483
2610065249
3160241525
3299864182
3336176060
3337090964
2772949332
3346782092
3319667574
2598684578
3136348173
2914998969
3296570745
2755539672
3184868399
3342507063
3177788282
3327536067
3328089647
3254059154
2611991787
3352476402
2652561310
2914081126
3048284055
2383408426
2902347196
2698325065
3347923369
2797336338
3274515591
3203663641
3164541398
3093343438
3289911653
2815320392
2681396088
3185581729
2751327410
3321873055
3078623722
3152466507
2512046224
3089158424
3299616956
3355527117
2473427204
2908088140
3316927415
3190162125
3271084167
3346361704
3247926257
3351167855
3045582003
2774310785
3152580294
3241304576
2594503713
3077352388
2749343912
2918217309
3081828772
3162318040
3108563947
3142882219
3328592200
3175575529
3336704157
3367385084
2971369391
3316442023
3194054666
2450662203
3134284232
3245681484
3091230053
3199125483
3367909597
3237373189
3337178649
3265716440
3149156497
3109198021
3261078986
3374396912
2897490406
3223244776
3351657827
2747089895
3232622124
3095663913
3332470144
3363168386
3071510303
3204469425
3357535652
2428040628
3298182806
2970746614
3332406229
3300003737
3158966293
2844204405
3230483657
2824242002
2722945009
2686272903
2920724617
3004920168
3302209380
2956580798
3375004369
2979785636
3294774814
3364498950
3017909654
3222027351
3365210053
3186662152
3143814830
3377017276
2706526149
3212755381
3378836083
2433214525
2900942770
3095058296
2878440216
3104796161
3095523359
3366864544
3374219591
3141894662
3349010049
3382899760
3316957476
2460128327
3267543953
3254031701
2411284645
3372728309
2859633552
3386179446
2935124702
3385629367
3294331989
3166256112
3363991661
3341600240
3297450253
2893783388
3174684560
3013456902
3283111117
3336540226
3374056910
2722204150
3388968227
2620167026
3118620691
3007772703
3395374761
3043093289
3347535366
3245703461
3209784204
2614233442
2473294079
3344397189
3372342342
3347888981
3361946996
3157433770
3112750114
2513749695
2897283889
2824896304
3348869558
3162346000
3358175463
3387398694
2963237910
3293172688
3394338934
2948116223
3361138480
3389718061
3387863278
3359650229
3237969453
3172148770
3381661684
3327048690
3116427132
3119242906
3114066446
3403516257
2895728619
2991061886
3225502738
3148059861
3372715377
3387657743
3353803507
2355432160
2693070093
3362939784
2883711256
2442197839
3404739139
2966627135
3404342101
2595371944
2581454618
3302614235
3050963979
3259645532
3367634592
3381288585
2486555404
2962257476
2911037437
3181987985
3381500377
3393574874
3282266659
3029799959
2961800860
3414866406
3066574800
3397557677
3416663058
3412728427
3210392148
2764681635
3206882196
3362890146
3381178568
2898079896
3209078505
3130014294
3178866919
3411587088
2756968823
3413940368
3299574781
2825427786
3166501044
3281673289
3418930421
3142757016
3233704503
3397556417
3376444654
3401874754
3163520213
3415096852
3230116453
3042026994
3408807116
3222620480
2988843563
3344077401
3366245410
2492686284
3273675977
2518995116
3390991023
3230435439
3382203884
3171404470
3192105950
3420660119
2990162494
2999883444
3239916459
3122045470
2468998310
3396582320
3419992139
3254620966
3294617377
3384207023
