2333333452
2333783659
2333783442
2333333770
2336813187
2336200903
2339171460
2337068356
2335513981
2336787311
2334625828
2341511302
2337387087
2337701768
2341114172
2334492576
2333422524
2339929025
2339947689
2337656333
2342379081
2339372040
2342064653
2335728843
2334942157
2338177666
2333333676
2335012786
2342522886
2335291798
2335287375
2335967196
2340691872
2344608941
2343000399
2336210285
2337076676
2339316259
2336660276
2336210828
2335993375
2336900290
2335564465
2337279612
2345283310
2345686772
2337764640
2338100697
2349293004
2338500730
2344416340
2337488125
2345842912
2340420157
2351300881
2345826636
2340409405
2339130850
2339980870
2346587721
2347217708
2343095428
2336049568
2347765146
2348239099
2350728844
2351576637
2343516361
2342747735
2348902583
2342571291
2342165234
2341112695
2342166157
2341847813
2343874448
2355025482
2348679441
2344357430
2350666594
2337520442
2354158874
2343862409
2345265507
2344942151
2352341624
2356678048
2343390623
2341573168
2346224878
2345372881
2346468524
2360594113
2354133329
2359577595
2346432950
2346432917
2353984686
2354293189
2345684149
2352738880
2352739099
2347423074
2358303573
2345139146
2347287865
2357355882
2359372059
2354588388
2343915548
2352332293
2364181403
2342336985
2361840511
2343915780
2364038402
2343557647
2359395213
2348272554
2358566860
2349203250
2351394860
2368692439
2350399649
2368275586
2358293806
2347879041
2369943012
2358093568
2369205320
2370320913
2340318789
2371724057
2344646854
2378099146
2378380420
2348705609
2367054102
2376733905
2350879043
2369395945
2356798277
2374859226
2368695726
2369645360
2377411174
2365509892
2355171926
2343285437
2385665721
2368816650
2354663747
2347453242
2364308444
2382508984
2360232502
2356111000
2370532338
2375126284
2360232502
2386268291
2371729873
2383504308
2365212847
2371038405
2357708878
2354219241
2339074373
2371880390
2372297880
2377128463
2349690676
2364974593
2390400931
2356773980
2352176523
2342722168
2389423926
2361412490
2365974709
2370004584
2378617995
2379703884
2364832609
2368280303
2354986462
2384678742
2380582843
2381484498
2353914327
2368701240
2388673428
2390666084
2368485126
2387710092
2390910092
2379635419
2385271274
2378033114
2397428454
2369057486
2392661613
2355243230
2393606798
2374532659
2350056757
2353860320
2394091860
2372614053
2361702418
2388091729
2370629578
2366330461
2383529698
2379727646
2393186906
2379799691
2345316912
2388364095
2361932820
2383503744
2393829964
2369467131
2367878552
2360569220
2373547695
2382079519
2397222457
2351956876
2365891175
2391773385
2399269974
2378294820
2399559867
2405895546
2336956124
2360900778
2351796699
2405282678
2384667157
2393777707
2396315874
2374334370
2379935200
2404332907
2372251090
2380709877
2399032050
2398104334
2391034762
2349007685
2404973640
2358970001
2351228528
2382827654
2397350524
2403193517
2397365588
2363617068
2362531288
2378401154
2360539699
2378274077
2375859088
2408356687
2406028566
2362639097
2399339024
2393787540
2406023549
2413339936
2399514247
2411158503
2371160420
2399471879
2412852688
2362680306
2410564517
2408674361
2354065612
2403717961
2384319426
2366059179
2351236924
2352725456
2379501343
2405425269
2396131431
2377963835
2371403678
2397336239
2350954595
2396435584
2397092337
2393413732
2408410913
2404783496
2365402002
2402865811
2406806593
2417719532
2419422179
2414491063
2366332250
2387390403
2411031101
2371701907
2358430104
2384963781
2393119026
2375062318
2387209069
2409321155
2378744128
2359088498
2425802677
2344360898
2413270120
2426789679
2359212233
2378376317
2420165648
2409845766
2418701202
2420189937
2419205321
2402441531
2425693414
2358848344
2415345972
2384593794
2418732223
2373179806
2348185888
2419954171
2374984969
2426502081
2413439190
2416458777
2350462352
2423088602
2384570828
2415368353
2387694044
2395986330
2396706082
2429639592
2418387019
2389892336
2417944235
2418443818
2426848540
2383124588
2419222035
2398541920
2362186694
2406799289
2414693915
2425717543
2423625193
2422815824
2423770446
2390822846
2409882468
2427002137
2355286547
2429188057
2425831760
2424072381
2431148214
2428540814
2392088240
2415732711
2348857480
2441485086
2415867758
2419234894
2405237815
2401974258
2365298794
2417194115
2426977324
2437377572
2415466786
2432922225
2429747529
2392785965
2429580369
2417137503
2428654744
2422626440
2391581300
2439365098
2442423314
2376678788
2431410423
2435912302
2441988836
2432484071
2373020826
2394319755
2439669960
2439689222
2429863848
2422356547
2410498649
2395521085
2346743989
2393964144
2389191039
2385004530
2361973130
2415002626
2360522454
2393213742
2440925415
2435753915
2427598194
2383262620
2382852411
2344622996
2434301087
2436136484
2443843602
2447452491
2360488954
2440986603
2431889722
2399352229
2355545455
2362124778
2445707517
2403663379
2342748510
2437397878
2417756907
2432087111
2420414764
2360657130
2447658449
2438945345
2434103323
2451813080
2354946296
2452549373
2414362442
2442423399
2414742621
2449112970
2419824584
2451934867
2461425565
2403614508
2385122042
2453796591
2460973534
2392634110
2411352384
2344996113
2391537114
2436574477
2366688870
2370488863
2387934677
2436546373
2436973803
2446036166
2452962999
2460640868
2458810871
2436147967
2419830795
2414465726
2430028382
2456729492
2442301553
2411070285
2412247596
2464420429
2464975014
2465346934
2452675665
2438248482
2384879373
2460294198
2428191003
2363131558
2443317146
2384865840
2379697977
2437236187
2453564549
2437627626
2406599894
2444064379
2465484075
2460973588
2387099398
2423886510
2406742939
2478824626
2366037281
2444082435
2392028168
2448676409
2439404557
2449828945
2359247481
2430596309
2447230331
2363138167
2362154916
2423157784
2462626510
2435343909
2459541194
2386300878
2438375524
2442979222
2393182995
2452552418
2453985574
2470213007
2449780796
2413815966
2449282864
2397678248
2463492449
2486983346
2440337451
2471103781
2485791270
2459253211
2463056984
2406220014
2391644647
2460017461
2438526442
2411636604
2383931195
2406074109
2387585949
2480454083
2427373669
2477559846
2395291563
2391034857
2434475416
2459748470
2489299756
2396706979
2490750509
2377333399
2443527181
2465304401
2491501384
2402740674
2419818327
2360077083
2401562489
2484023637
2471889713
2397104750
2425582392
2475040100
2485300006
2468991622
2439654479
2369184316
2387768190
2487380502
2476343906
2497953392
2460185309
2480760606
2475220098
2473218147
2353818493
2461066910
2491058373
2371727903
2491715057
2418746578
2483690747
2454632311
2396471428
2463080438
2448228177
2376196445
2464682872
2449880265
2464516679
2376767714
2498980726
2400310340
2414161678
2489354608
2346425176
2416480779
2492391803
2429067730
2373786036
2444329721
2492629239
2469082641
2497255629
2479761699
2465437169
2474267754
2376818082
2490090615
2454783748
2340942740
2470326748
2496681767
2470940726
2416407638
2502803503
2420104811
2470610207
2439972888
2406097383
2359175698
2504977442
2475104832
2472882556
2485344613
2367156573
2494199152
2490764959
2465828788
2492456506
2468412108
2501668422
2378681912
2426698472
2483737259
2372665031
2473755102
2409314363
2461123529
2419568068
2429845943
2376544569
2501508298
2436740202
2401985628
2376945949
2411697612
2403192190
2455959149
2403633716
2458737838
2460098019
2382400209
2420577264
2498692651
2481032442
2403706418
2400838800
2467801925
2483844101
2448061870
2435665419
2484368652
2494617632
2416197922
2499916383
2492491520
2508369391
2432407578
2411118277
2375697183
2404810663
2412201821
2474762360
2477487633
2498959860
2461511285
2438030851
2487669983
2502809967
2429456205
2512671579
2506602793
2520282453
2488093680
2359796317
2514781691
2509651133
2379872489
2463867435
2500306374
2500520899
2352348309
2514836891
2511799035
2497802960
2490408489
2491212938
2369953771
2516620045
2437462438
2507347761
2492362400
2435724959
2516108912
2466022802
2382437691
2517590744
2513438034
2347527298
2529152386
2456139369
2514990595
2441734562
2508069261
2485911298
2510901105
2523737640
2507137647
2506977206
2528692967
2506511296
2507224012
2532410120
2506811372
2519572874
2334892300
2520577638
2440410003
2502748035
2416874428
2463066811
2512040091
2423295368
2469914847
2384499368
2527515779
2526403513
2406944787
2452939484
2498087549
2395969244
2499791116
2365561851
2487814239
2464566160
2443867266
2469241124
2540411374
2532229754
2483484863
2397115031
2426882688
2529577620
2530800405
2541527903
2417288423
2444774198
2506792778
2521082502
2524088976
2449389525
2524977769
2511998537
2454898363
2506276562
2534561437
2435081755
2449921111
2384042194
2530214134
2550745047
2527334262
2423637145
2505961838
2529075301
2550600840
2347949246
2551436963
2469894144
2431010466
2507507662
2538348683
2533274234
2478405976
2491897630
2413873748
2541082824
2513024743
2396256458
2397756850
2498398271
2506548257
2385695073
2541830548
2522012437
2543631277
2534805466
2335351678
2520730061
2537762965
2496528679
2451355206
2533707918
2536201008
2388244625
2478260010
2524035703
2533659103
2549906999
2522276978
2423974516
2542844377
2549865722
2356314467
2492529743
2521664071
2489623111
2545840634
2560900167
2474299958
2543595121
2538862176
2429812821
2378902534
2444061108
2562474620
2372738907
2565385785
2500107022
2529064726
2564813826
2504505440
2522268775
2527975154
2373122320
2516791046
2387958815
2533122683
2528548726
2419805841
2433513267
2391616530
2420331829
2397806973
2358451534
2402751614
2532381967
2379805733
2517937559
2527942493
2551073417
2528743397
2553538640
2481970903
2494792514
2541013188
2528176723
2372504904
2496146298
2560820745
2561742221
2423992818
2517470232
2450770654
2571846380
2491706080
2524978047
2560769345
2492169292
2421974367
2455128930
2417507476
2533929689
2513916172
2568000540
2464888615
2541825374
2366617823
2424184313
2499882250
2536899115
2394986670
2561339288
2547932809
2470914686
2535538485
2404735593
2577364712
2432460500
2541206667
2460395600
2514131892
2564004374
2520976945
2544659432
2505023103
2510113743
2531277092
2388468876
2386266357
2540944716
2497783917
2474647370
2443098446
2448656357
2557284450
2515552378
2464117692
2521761754
2549041448
2544464425
2427743834
2485807455
2532528268
2569567476
2408089273
2562006354
2492901192
2421181770
2516579355
2542021459
2489776419
2534814270
2577640260
2406670627
2519431802
2459254751
2548790973
2339852474
2471874877
2535861918
2550995705
2575661951
2460859558
2574780535
2500549159
2435517930
2356594597
2477875667
2512823745
2459522340
2433655747
2471092684
2568271678
2568271345
2553808370
2537391912
2568118587
2564612148
2569553771
2513062063
2560201319
2583107468
2564322030
2461464075
2528242782
2520539822
2536026161
2447665641
2583467615
2466371725
2396184763
2484485519
2484706782
2488741673
2432704757
2508619446
2574707622
2460279164
2500833107
2553654049
2552714615
2510334899
2597212087
2581149526
2596881153
2433065954
2595578219
2589799679
2543930088
2528309527
2542040707
2431587274
2434429189
2491197819
2440538979
2558682671
2389566665
2582258847
2443711563
2580406716
2493748518
2446288591
2603201343
2367738813
2579241206
2417056486
2551696006
2390877221
2571292686
2588477383
2348270022
2592118853
2595981586
2344846369
2588477600
2610528711
2552598271
2441795788
2411091307
2574309653
2441784637
2398467792
2387026718
2609682677
2445401012
2562061763
2600065512
2603597493
2417365013
2437015892
2558281150
2593070219
2385461571
2588967808
2584196333
2560536028
2598964721
2439034278
2575431758
2513291142
2598245143
2605666400
2600002798
2372252380
2591028840
2499068486
2424894034
2558091387
2486849664
2430593552
2476863745
2472244604
2570587220
2602851778
2566292114
2527848989
2575205221
2598693177
2400684392
2521357859
2581565509
2605281952
2602028105
2601168213
2516980490
2387858405
2615889240
2444341391
2373877276
2448648170
2463618128
2454188038
2490564541
2564150123
2619354320
2515042938
2573479682
2611716680
2445733716
2399730784
2574776807
2593055209
2491254660
2451933889
2526226720
2608315033
2407616929
2358380371
2579178978
2613341962
2480608687
2374642081
2425678403
2602261290
2575876511
2410775944
2568535772
2622851480
2576879003
2426589015
2440031533
2578629195
2572771723
2599444268
2602810983
2537302235
2577393941
2426057032
2604599199
2603900642
2604295777
2567387370
2616504258
2607456797
2606778249
2441860199
2607503619
2619803501
2417274217
2539420017
2589710001
2441947673
2623478597
2469414106
2609940240
2467506386
2588479731
2609198506
2436938999
2590645103
2414647096
2623488887
2598624598
2629511366
2587528509
2531367786
2564544332
2388388275
2554219127
2589754173
2584917720
2496960580
2608485618
2472007836
2574956445
2358957054
2631770867
2469045828
2506684527
2617616227
2386540079
2458385571
2537318193
2593613525
2557769506
2513917058
2451948834
2579709446
2580326724
2558728000
2406647074
2502582039
2509641186
2617069246
2610809526
2614564520
2387676958
2544614070
2629810728
2621565286
2552671727
2626921873
2641098255
2581154941
2401108273
2638543235
2618994671
2605185844
2604377793
2597911747
2550888116
2623173212
2634651330
2642515169
2624537675
2455162354
2380675508
2554859167
2620875306
2567052254
2635881859
2607052905
2616430661
2616619173
2539717291
2548492603
2648656752
2624219751
2649664713
2648050364
2581182745
2592501347
2498815484
2510627698
2570653215
2427202572
2635165415
2490610814
2583786865
2351601505
2573575423
2570667457
2526910697
2469341179
2471881616
2590077758
2648886153
2500823564
2591209922
2647989400
2634190306
2556003656
2501562373
2552860677
2449121576
2628513383
2612424750
2655370354
2638928809
2559606728
2376358888
2633802681
2603309762
2606990846
2595419085
2576998951
2658875901
2435911450
2631610853
2490792472
2556852236
2640573151
2638392134
2619310934
2645976449
2599877227
2413257640
2650621395
2664351699
2396540932
2620302199
2586482622
2583131705
2621998495
2652586296
2661001100
2575255586
2626308089
2669649877
2656568209
2438575390
2393017368
2647321041
2640741303
2652639427
2669388128
2412542605
2577493793
2483394890
2459364035
2610969081
2608031950
2626633462
2597083977
2628155628
2515636052
2630761685
2665794471
2496170655
2470418613
2668230911
2611132960
2517596314
2663203971
2615027373
2662606568
2665704262
2684318752
2625148081
2425260819
2445188127
2513297233
2462959003
2517124809
2664948457
2630501980
2665016475
2622326679
2413332456
2639724674
2444932865
2614170134
2675712873
2580388331
2468484204
2660758861
2661511510
2571293529
2544930674
2642556870
2480494548
2599784084
2463356507
2667506543
2380163805
2406180298
2606140262
2601989390
2637481985
2485909670
2447115419
2486904124
2668868760
2642701927
2643890132
2500588084
2419181079
2560222024
2486518081
2399015280
2491790459
2673331548
2636973928
2663934871
2637442441
2687089701
2683840885
2666880132
2696081258
2650845444
2609695051
2453055573
2404608477
2626152562
2662046790
2624986557
2608845351
2548062291
2670747783
2631315550
2619979905
2586382412
2676691306
2623193162
2653995248
2628929307
2582473598
2678498977
2485094154
2685550118
2676309914
2685709216
2498287434
2508925869
2411592914
2405531215
2687066892
2607603310
2505421245
2688693052
2502897416
2422457066
2448892395
2654279068
2670469114
2686181548
2395704917
2451139502
2538783077
2618214170
2492455970
2686257006
2617301598
2654023737
2558763737
2658639665
2633683701
2692246899
2688766838
2675312639
2445622899
2689515739
2707056716
2701511797
2689808913
2687460096
2631566922
2639929705
2692003271
2700150828
2658860787
2520464096
2657249639
2477622965
2553004808
2714534540
2706082760
2653422359
2614623872
2601470168
2671686051
2412098677
2627607618
2695713821
2628466744
2546243108
2619700649
2599531847
2699745066
2638197073
2668692150
2687994078
2700121912
2466550042
2671079071
2672781075
2720019041
2628414038
2667069687
2644091198
2696093403
2692179679
2532905651
2675089581
2525220462
2706053300
2631768822
2703165740
2544277926
2694785656
2667486642
2695039462
2564088494
2555397423
2673286843
2646736318
2601227320
2717085106
2673542691
2448841786
2695158615
2672746835
2697980118
2591666194
2652377154
2709056925
2694625174
2682879883
2709187364
2563665730
2480614690
2676934796
2700604780
2559970557
2665744728
2701348483
2440557494
2654105999
2729057036
2494132837
2697402672
2701344268
2537329028
2674852100
2711256226
2730128202
2606992603
2611680315
2677285433
2522126636
2595648676
2501628242
2645526868
2684926084
2575106575
2397918757
2718446283
2533328129
2660155093
2712478423
2652269286
2514342797
2561381099
2721443873
2658950162
2522275065
2706691246
2478160315
2530106116
2538381652
2738572375
2606271269
2689661407
2686780881
2657770679
2507643111
2709465444
2666970700
2615570738
2650711229
2642275898
2563237989
2724659087
2693360941
2617047638
2659533220
2684841365
2730537532
2444539733
2723818484
2615664913
2386081810
2450280226
2662229724
2653728804
2503544411
2548323807
2711805048
2720445313
2580304174
2391996950
2584442538
2728981614
2726616109
2442552092
2713250988
2601894803
2651399050
2720387802
2667507843
2719794183
2725695558
2616335175
2736150773
2630033809
2725042890
2705286539
2675139217
2731639677
2538137854
2531748048
2418230272
2681557564
2704490392
2749191724
2686378366
2497034342
2519887810
2620051703
2736685918
2672354011
2583471144
2670870738
2568848459
2693682876
2683228631
2657269157
2650310178
2732253237
2431771087
2705286578
2726436509
2621404501
2559097220
2705565563
2703368161
2739651538
2743640909
2737451515
2626339339
2635640937
2713332967
2741996159
2750779724
2759103067
2671834369
2738826206
2704138020
2540313607
2722708540
2409963989
2700744953
2622081625
2556765292
2586564650
2533744161
2746435574
2368478842
2598470677
2704742342
2699904611
2658292894
2737926662
2468061563
2731417024
2549505328
2552800058
2597358922
2750779061
2610806853
2723783093
2720004923
2672162652
2436523569
2470335306
2390232249
2716281457
2760291900
2644430896
2591195196
2755736388
2755736038
2745712113
2599931726
2691098679
2718388832
2421020627
2645675077
2755407394
2719156945
2682559501
2751615890
2760711565
2643650172
2697049527
2466537635
2474251377
2690936639
2749976689
2522350356
2715796032
2672376907
2727104691
2763050627
2646443587
2757852135
2765709289
2753660551
2753426116
2543272616
2403058071
2763893795
2703849179
2769413311
2693470589
2745229642
2496875763
2756765273
2689091734
2743832250
2696800265
2759111589
2691850578
2465704111
2527758618
2374876433
2706707771
2350320514
2729464281
2555447975
2704425779
2732690309
2404402212
2703153769
2754144114
2755869611
2734139863
2770487742
2784678743
2614053922
2763929909
2564312010
2549762909
2603731572
2731546221
2783892663
2510416984
2540608791
2732630443
2430098839
2770499837
2776830358
2740488481
2793753341
2454122149
2777904373
2537805141
2644312066
2703878935
2405025795
2635445887
2682215718
2743248859
2704071892
2355276370
2778601111
2584742983
2519107901
2401525132
2610093747
2551264561
2771302095
2718175762
2759286326
2688909470
2707625769
2545209309
2782590493
2784267233
2779621749
2622902730
2784135101
2724139143
2784280606
2556026635
2764126770
2801802628
2400019624
2458312373
2749132611
2712209966
2620664329
2766069413
2797071180
2779102213
2759297220
2722581991
2731096157
2738907829
2788173217
2795857063
2609632618
2808087344
2746226210
2634829412
2793709492
2571242902
2632639202
2630497421
2633851979
2781815792
2725483035
2767458612
2478720347
2473737592
2494674014
2626057537
2791862752
2453030283
2603912203
2673582533
2790418690
2630345202
2792443365
2808585037
2476538672
2705658249
2587720445
2720244689
2729089544
2742721327
2764716790
2732373451
2551206263
2412796779
2676757019
2783294467
2668173982
2680956793
2738313440
2772628172
2663524840
2790052697
2812484531
2789668378
2800744168
2644356008
2802041698
2778843254
2485907876
2712475996
2712092239
2409905707
2567959892
2763587316
2798709983
2726145078
2796426397
2617363769
2801158306
2457272133
2803469685
2737349406
2714848040
2725056160
2808633062
2798264696
2804308192
2366453367
2809881475
2598845550
2551102260
2788437753
2656049864
2539949286
2800061705
2811583646
2553023489
2792231320
2812495697
2774544718
2563494390
2433487438
2565675438
2762548567
2553161415
2496745655
2486183733
2721604416
2801172888
2628184211
2806262531
2783784270
2531891443
2827862130
2802969528
2761483584
2792136653
2726523776
2576080204
2416032466
2807978491
2803381119
2727118362
2540812133
2828942138
2811810540
2425899522
2439785793
2536538289
2618449671
2725692002
2727235567
2628173121
2834144214
2760632563
2818532122
2779335291
2689019236
2705989813
2635713099
2718718844
2815678795
2642004483
2564980667
2817131812
2836720450
2577308427
2697505957
2483462570
2420090244
2785828648
2821892039
2802236588
2812563974
2815656434
2818132496
2825518788
2764963980
2496885721
2765366418
2471003593
2803520483
2721484800
2826040163
2466249981
2799180816
2823889174
2724174627
2735977084
2564228994
2670764359
2739747152
2445055798
2838300030
2811458730
2796708568
2739651877
2722011078
2788606359
2759938000
2794181287
2737583612
2682185762
2745956007
2764614748
2800869175
2403891405
2739400227
2797647108
2850097841
2740575940
2746616220
2338265503
2829315666
2747544866
2753267319
2645341679
2830419547
2713351093
2619874237
2846388481
2839850949
2740988481
2805571456
2749538037
2582648802
2745104511
2489388590
2693656413
2830819286
2557889872
2807637975
2798473138
2741782346
2812379803
2506340850
2429634231
2782584943
2796393833
2814464126
2726998881
2859893694
2792328071
2815076746
2811352781
2704018564
2778017130
2848607194
2628057059
2822401483
2344051696
2680621263
2824016032
2833726763
2399232494
2849366497
2744758981
2715669021
2843962895
2595300161
2399238901
2851644938
2860059547
2478326270
2717152861
2735009584
2848967191
2684640274
2628497818
2804139413
2848966610
2767441641
2821710733
2621693296
2824298012
2697604289
2763020394
2708520848
2771432415
2758678435
2367767063
2798388000
2706854310
2407259425
2829492615
2633438011
2841088905
2770817699
2808736535
2763405113
2595059925
2693926184
2852657802
2608625510
2818999365
2812475611
2832247357
2828037731
2826202507
2767114296
2824066994
2615208974
2851294314
2549721543
2751185818
2622882366
2780982036
2508570182
2848708408
2802334737
2507908156
2516892329
2614844900
2697550648
2810906133
2781239803
2530118594
2529080751
2851625695
2485428731
2849625738
2653451689
2701146021
2758955609
2848478120
2355095563
2870156559
2467557880
2388532128
2550159462
2785099689
2811116826
2822605312
2862275762
2739256294
2801479289
2862555347
2389682035
2864753708
2691385542
2762274503
2748352909
2747034982
2821773428
2825949939
2781074745
2760179522
2759807754
2653552666
2726047568
2856840220
2782748976
2866023019
2861805960
2426235136
2865156316
2552570462
2827364242
2848126827
2870395854
2571087669
2865609899
2869027873
2775373500
2456706278
2867708123
2553759186
2873865524
2837707082
2490430308
2845638671
2763176457
2741097671
2665142390
2680587152
2862002308
2764156557
2589445425
2772384745
2798768011
2870091588
2811665384
2828534286
2867078169
2786862068
2864028446
2841947212
2870082192
2797225230
2890087992
2865072523
2550172226
2753796368
2630741419
2831060498
2498308373
2648296286
2649116174
2838265536
2767155744
2833773084
2879968320
2870893178
2801340690
2548117765
2871520600
2876764872
2879717045
2780892637
2832123843
2765557392
2881716381
2812194388
2599911247
2606878908
2638221598
2498761849
2808596834
2881150554
2791143660
2690132708
2865653201
2876952455
2828701421
2738181137
2499745290
2561934493
2774508840
2813927824
2778597851
2882784581
2644765443
2768831185
2839751756
2519928966
2887912238
2889950245
2809740265
2539332480
2617274224
2857380273
2881613970
2892026089
2815753348
2888597267
2452173459
2475098378
2808831555
2696175291
2865860336
2900578704
2679020170
2879601215
2820927119
2892083959
2882569219
2882723724
2811132967
2666663423
2909559345
2897827343
2871639278
2370597432
2744963596
2661976653
2892937234
2897394930
2879591788
2795507267
2568435625
2892448728
2751556314
2892462871
2891077128
2793441185
2906369022
2906629870
2896412937
2529476899
2756774991
2903749773
2813173751
2908165761
2919875759
2853721054
2906800094
2783451503
2833204205
2910491089
2641067639
2898456383
2899870303
2866515323
2475152471
2877593463
2692979310
2648038375
2694222055
2350907086
2794108262
2610321081
2594611252
2371254657
2834010407
2828969108
2703676475
2617919469
2672970201
2497127704
2857564190
2927151028
2894592320
2461764762
2915792226
2869943088
2693410980
2726761831
2832060564
2883382942
2522618928
2916539108
2919173179
2779906167
2922290484
2768001816
2513220809
2829140645
2906560975
2914127062
2785332077
2886167573
2818916716
2601240874
2626066641
2558369825
2775703795
2849592710
2493739662
2923433443
2883945945
2857803514
2754799421
2877563629
2486757475
2861401170
2835158061
2544672534
2462434174
2926731973
2925055412
2808582793
2785482142
2679077737
2818602306
2511419604
2910536503
2749755760
2782458816
2897837653
2748813806
2848332510
2912553275
2924140889
2436308325
2896956463
2840900194
2927676973
2544277174
2696291071
2783398226
2928925185
2795746713
2666785561
2833462752
2896761874
2883647782
2735162697
2750135070
2677989810
2938123395
2929752591
2729287517
2883293819
2458558731
2944837857
2773691747
2937066362
2935933609
2925191061
2903771277
2824194956
2765517479
2463084247
2927102190
2819389153
2885936190
2635202802
2940449059
2935397481
2662947906
2899684445
2928931080
2875380870
2574079975
2650098447
2885974798
2935470499
2663733312
2583461334
2792081599
2849053819
2749977888
2825870470
2861969680
2891469630
2574249627
2728796514
2931293793
2910517595
2870999067
2930961137
2906100414
2867718625
2909188019
2879126287
2627684048
2861079405
2789328347
2630078237
2933669452
2840517760
2868094219
2656095608
2585276363
2936991841
2893562049
2909584742
2491832153
2521539952
2492253400
2844590679
2949647926
2918964992
2393314153
2939265929
2885653625
2946801727
2477772489
2648311304
2935116893
2742851969
2942929495
2577264087
2651845188
2963872692
2633521470
2948449545
2517378659
2558442701
2535908271
2623363811
2908414448
2404553348
2924252727
2955951998
2792029122
2944611518
2824061712
2635725398
2545497437
2930119152
2956211099
2472747358
2845918061
2920720222
2893418326
2958702439
2595481231
2919978421
2935979990
2696769836
2948932590
2945269967
2728580217
2975717887
2789199336
2961360771
2947163793
2956100190
2831426541
2489671522
2737137541
2963304908
2925531422
2869940082
2792498550
2742025542
2871729430
2624387260
2516549824
2431486523
2785538665
2473834286
2561455414
2658329131
2952334482
2953056414
2833022726
2902239750
2376048684
2791185154
2469361146
2969696668
2873295920
2968066197
2834441356
2966465553
2346210272
2548567883
2849209497
2968772719
2732745272
2901005177
2937505393
2695116119
2543893799
2680451106
2821170393
2973142669
2920237751
2834498890
2474148397
2970503619
2717087497
2589941167
2799689870
2793932825
2699762791
2432033794
2954734904
2960648339
2984496723
2938550276
2805813280
2917080729
2467705396
2810740889
2912775723
2866848508
2591375445
2782769338
2730556306
2802743874
2492340243
2552993027
2976415967
2944762649
2980208169
2964151413
2786734324
2859676613
2680065354
2876989641
2807659156
2990530601
2939760248
2663724857
2370685069
2431372350
2982446950
2995841616
2855171725
2789179642
2516722351
2987352589
2853808291
2982062963
2407947557
2870453415
2898858693
2944436504
2974538761
2650279910
2756040236
3000570579
2685934463
2680846548
2986424918
2953534784
2976504692
2597298380
2977306370
2995296570
2951075650
2924122835
2848268802
2989143170
2992428495
2439149643
2554694434
2998196682
2916118497
2898719705
2515078231
2962566528
2623426978
2969978308
2987317732
2955910776
2849438205
2986818615
2860048259
2909018993
2850834716
2999940673
2998331415
2815414910
2863221937
2994497641
2691819170
2709486272
2733408261
2821383225
2896996656
2837766795
2969763598
2891385127
2988322656
3004121417
2986867202
2934513300
2673146574
2773774005
2608542613
2556989933
3011014954
3005089053
3000458922
2434841420
2628748450
2865111251
2931572868
2650110786
2954694401
2881870053
2819412994
2917909438
2943652120
2898350975
3003277926
2880679819
3005150492
2647354516
2559387027
2914298253
2917925715
2764852140
3008580109
3013766940
2746801999
2979340915
2915949323
2865006136
2546598243
2996653740
2442948834
2923875104
2806757842
3018206877
2806427807
2446127374
2510191086
2994154811
2902838134
3011478644
2911223575
2933190675
2480995680
2605646466
2733068034
3021249502
2559664710
2926727933
2987443512
3015488380
3015724784
3016422152
3000186732
2961916767
2913486483
2615001448
2726419811
2851474415
2471098362
2834469030
2939068246
3002954832
2530420461
2922767359
3025954447
2884000267
2696642035
2874493581
2912171691
2745774421
2876728367
2966937454
2807943184
3002660495
3029394882
2766134040
2879905605
2976398270
2515855187
2990713353
2925743007
2545059074
2999373003
3004425904
3003771118
2537600039
3009200170
2674096116
2862444457
2759134140
2857171802
2943536355
2790960664
2915040738
3025345668
2586207512
3025648598
2965905490
2995595478
3034385714
3044084426
2992088567
3008085545
2924474927
3011755505
2852926155
2517340077
2959917396
3012551508
2858925238
2626239641
2568858807
3006342618
2529935498
3026477968
2742902639
2927210704
2892791496
3043148544
3053465389
2755534603
2993622733
2647979890
2968801563
2444699338
2990414908
3020460400
3034188855
3034530391
2898929500
2698432679
3054376831
2620994333
2692788009
2644667857
2817456107
3010407299
2692787384
2663282179
3026098730
3050388050
2839074821
2953969605
2973891666
3034984102
2760114306
3032940233
3035218237
2751258222
2481143947
3048590139
2614406044
3033687684
3012138708
3038004599
2963507053
2967357655
3029573558
2697289007
3049148902
3040459972
2474650726
2966180293
2792236962
2993861360
3039170758
2994046675
2991930006
3049859105
2690716173
3056194623
3033951170
3053205703
2662038501
3041405418
2682274168
2995631607
3023571918
2994403169
2763197439
2660461193
2938769627
2777305918
2903329175
3040349931
2762474526
2570900547
2945742095
3037786055
2708549486
2936428030
2604593655
3036201769
2760041331
2907389466
3028521511
2924427023
2954524037
3051649742
3033717799
2727773347
2655833808
2679444869
2995802224
3013210274
2752956551
3050420358
2801045930
2574009230
2984295960
3059086681
2443776453
2934292987
2978625285
2935080493
2937621650
3020322721
2990622263
2699002296
3059429875
2690990853
2789124515
3061003932
2763506668
3078220802
3029314464
2883962470
2988826945
2720977126
2878064074
2420640028
2787700402
2702113679
2377566496
2887995441
2726002080
2914186454
2820803487
2902730469
2589215567
3033213350
3066434441
2680567037
3044536086
2489838483
2873871857
2911622941
3067799522
3051835352
2673794494
3082574547
3069962148
2996854168
2985340263
3053913005
3052613011
2789944095
2781927155
2976220923
3087437182
3083362552
3090241102
2951797284
2853376136
3074193866
2586659706
2712648151
2544696253
2666672589
2608112551
2936220089
2988232827
3032522476
3046049277
2923789726
3091770073
2808620096
2863880453
2557072368
2951702182
2945517056
2785487292
2554879071
2905795256
3000056167
2513054751
3063695518
2636581446
3016177987
2792077853
2937388718
3079139311
2919578399
2661488316
3078806269
2532675358
3029167807
3059850998
3066711516
3082508471
2861268864
3028010070
2531383503
2766602371
2904087228
3062549983
3012469698
2904411790
3064094338
2931719611
3057157591
2508454009
3096331123
2816632470
3086559628
2738712636
2552648132
2586614483
2965919664
2908817055
3053309965
2488077125
2720181847
2381615795
2710168970
2970471125
3053378020
2507209795
2890945406
3107433979
2921630081
3069459324
2553139380
3035085651
2975380601
3098544964
3008761300
2778798279
2964129501
2410044688
3083844091
3080150228
3056773252
3095950067
3076955728
3056654001
2726405041
2990079515
3112214616
3026364742
2805967775
2747068723
3113527629
3098234416
2991359942
3039575942
3056093082
2547240547
2584262363
3101229684
3103683000
3003713287
3089703170
3098998828
3099131853
2887007605
3104699199
2472144945
2881016529
2829755610
3047738532
2842762052
3104676102
3106409468
3059634848
3112699286
2860365271
3089319981
2932269483
2877663299
3092314562
2573964229
2925182232
2887124983
3021995359
2562024168
3031519817
3009305060
2513665983
2781981988
2941663906
3107913789
2954834389
2651328189
3099030243
2931269606
2809244752
2356527365
3107943541
2439949083
3000151906
2738373825
3003264134
3111933515
2968452748
3111366668
2532430679
2776547259
3077757488
3069413809
3129891296
3051188610
3115989768
2573108925
2723657025
2386816783
3057609623
2992772106
3089926302
2955508984
2876929528
3060776484
3099602310
3076785904
3119481681
2934372748
2732032467
3019317972
2893661080
2957641461
2909601960
3049420280
3017307551
3121360023
3102873279
3122134944
2946168489
2706518415
3123909216
2590876394
3011650334
2986616670
2995226556
2729829746
3109173588
2884002805
2890288913
2646529048
3076269085
3056033693
2985591718
3082090259
3126917584
2988573501
3128730146
3134536123
2637627589
2791506043
3127823972
2648207869
2998601849
3129809180
3081383951
2815594491
3067436075
2915083406
2533171263
2596745318
2838499572
3016154838
2649489455
2594714837
2778286410
2552570884
2970697016
3093230118
2593039321
3095938072
3057845067
2893896721
2633538837
2524438270
3000774786
3005659077
3117392590
2987540452
3142237927
2985162878
2762838880
3063854887
3138250539
3056501141
3077064046
2964369791
2835435572
2567960036
3040528531
3006735533
3157122949
3067164263
2976279555
3140667680
2603638624
3139017584
3147551259
2981797715
3129197234
2579310278
2849088774
3011448844
3146493242
3103846175
2807405069
3008666437
3157495133
3140608280
3151973144
3126522966
2781536181
2714138907
3148960687
2785090310
3147227601
3155012026
3032263388
2981298519
3098743249
2882558441
2818221560
2719887989
3123199634
3150772687
3160171762
2504301405
2807791515
3089072429
3153501496
2828338063
3058749632
3149419865
3147175164
2796405453
2835550186
3102757512
3085252482
3145361504
2974385918
3150286400
2834276482
2675304443
2791340426
3151958967
3037104469
3085270166
2772209259
2683611887
2969918274
3156238984
3119769797
2843390257
2619481161
3126627951
2640669953
2584070099
3158446511
3129370258
3174311885
2892562282
3179202654
3026183145
3142096342
3025520206
3144379892
3053461221
3077121229
2749765497
2819211402
2744829443
2969457704
3062739507
2950777688
3162733668
3007442614
3020181219
3158470473
3079855708
3180603803
3114157853
2706876130
3115885686
3149160480
3099015796
3146424749
3023814668
2470558404
3118200533
3085975048
3102980185
3187330975
2633472657
2820174516
2775832488
2921267795
2750940473
2923689226
2644537378
3086420016
3168684538
2783414698
2806640219
3190684485
3007003695
2346734100
3153713973
3167621490
3139203349
3046667320
2905263065
3083406190
2862233440
3111153917
3157488827
2899327540
2863731656
2989658666
3111623385
3100419297
3068805416
2956213028
2977941648
2602681780
2706177635
2699121220
3030875385
2846063513
3133987287
2605119701
3193997114
2624722846
2767337681
3180015726
3196093947
3078115748
2952898252
3180741534
2646367656
3113496014
2876802614
3204740674
3188700250
2667818460
3123241904
2870100295
3017498804
2876185654
3170185481
2776443973
3197449355
2468349799
3065989311
2933191619
2455076703
2907701990
3203064179
3069813564
3190906198
3176178621
3052972171
2423101752
3207938069
2571102397
3081153769
3177330019
2789075903
3204786321
2568353721
2732765212
2616678389
3107015965
2876137954
3207741406
3197876659
3037740785
2624132603
2879559047
3003418876
3199895368
3207360507
2743140954
2564604496
3180720283
3184757932
2876174359
2798330732
2738432626
2812705296
2584647559
3209413396
3034083689
2919866933
3076658933
3086845503
3199186439
3137418219
3059052739
2521453887
2815675830
3183283070
3186656024
3092360407
2557529982
3200221537
3040824637
2594415140
3205379903
2772746366
3202148758
2951465070
3199958888
2801948917
3200905291
3065401602
2562025338
2994221826
2925528078
3194518316
3135382289
3122123540
3156760317
3188312671
3225611124
2830256543
3078190378
2631675168
3218535401
3154173427
2615771776
3119765524
3085145175
3192330448
2814218335
3115249082
3152382708
2491004686
3096413546
2982194632
3076591367
3196753081
3142717369
3028013086
3205161919
2847438904
3150090734
2617739398
3197507080
3122369088
2697797064
3204895900
2798942406
2995912995
2677310176
3203466632
2628470852
3053166863
3229107874
3154958313
2941671162
3231883115
3200883767
3216159708
2683408250
3050102920
2845106512
3222276338
2879041803
3077372551
3161063316
3165441425
3031317357
2499647738
3085104829
2809097365
3146651099
3206089936
2847044708
2999320682
3220933749
3207889268
2598849697
3215619832
3037614935
3166078386
3221797227
3148853912
3127818675
3188739393
3219120765
2970232321
3166142571
2424904684
3222416460
3220735729
2843380831
3210909269
3223252857
3210279377
2395732891
3140793570
2832540886
2705509435
3026391356
3246920334
3009254482
3170003806
3213883656
3169406816
3089260360
3234152835
3175915084
2595858041
3057234186
3067585361
3057227374
3077607389
3111409632
3226965300
3221220471
3215100146
3220949431
3153280840
3209216063
2393690946
2839879389
3184404915
2836900559
2726231003
2813124481
3067559351
2863463106
2516119880
3235101282
2782672632
3219173093
3215444500
3218614998
3218842521
3151941147
2949803169
3030615516
3218847861
3175135322
3051583120
2689758294
2635149102
2860313195
3237866321
2390423339
2662303795
3098047229
3140061028
3242545904
3251075260
3112495237
3220295911
3242495874
3248058301
3237763780
3239137082
3237932984
3231869219
3225732057
3225519426
3252726287
2833270762
2761027575
3248745095
3202822404
2877199592
3067699430
3232452714
3068252561
2876309288
3210072150
2699385335
2805365740
3081595098
3252807602
2553053552
3145243726
3018024528
3137616215
2921593642
3238296185
3202279790
3123348056
2930194427
3102540499
3199178028
3248603974
3232322305
3237787143
2919640999
2766229701
3126200258
3269105249
3248829392
3252729150
3237919892
2872420427
3259216027
3205216087
2729080522
2606386057
2881733689
2784856927
3041655583
3253813307
2993288161
2645070039
3204505651
2390333018
3240319235
3236648329
2995239114
3064532596
3224561161
2881556346
3255418293
3276430041
3072452365
3185981408
3243176480
3151197337
3264360882
3260783484
3263522442
3216732045
2591262712
3041294540
3185927722
3250102465
3028047560
2944495738
3068681769
2590002179
2975972715
3251358840
3267731064
2392853955
3272000137
3035343840
3112362503
2793159575
3203029347
3224670431
3203830068
3226724420
2871946076
2921172229
3266524683
2773640204
2607800685
3271383757
2600932311
3226869838
3053807663
3152040347
3254999439
2688049765
2464514796
3269914184
2848521878
2771455000
3104048519
2436929118
2988811174
2478286278
3129848239
3223484854
2602309472
2608552794
2624979000
3276858509
3102446741
3052043851
3195006157
3258099572
3033556562
2899485721
3051060124
3198530614
2986962331
3004333826
2806119445
3284275576
2886135314
2845858886
2436929118
3035902377
3184927743
2900737143
3297576158
3271240784
3283228858
3201769539
3179951672
3279591666
2557114938
3167037959
3235795194
2892168701
3003355827
3287926760
3215409526
3286168412
3037594021
3283175682
2704817508
2700237353
2736831064
3253428248
2613165416
3219341243
3208073880
2757044503
3293034874
3294263821
3274079239
3194560776
3312099035
2434618675
3027044370
3152451896
3225619339
3191884636
2754361088
2606159246
3212761253
2601322725
3209054566
3161788834
2912133505
3309111361
3294014048
3289359467
3279075568
3282006823
3303235553
2990159417
3296055986
3176067013
2689646467
3306581058
3048207529
3281744745
3003493642
2704601692
3195619927
2799605984
3269377441
2998978449
2804320434
2994857755
2702943272
3104305471
3230110804
3250939408
3311909099
3283393508
3077583985
3042146280
3301042836
2817865129
3241839190
3265491287
3228818708
2614584253
3277801156
3157117850
3256003099
3256789273
2855778551
2720665919
3307102211
3161365277
2584283945
3177502280
3309280066
3308431587
3048201429
3302788277
2769320567
3172268127
3324657549
3273846738
3324468396
3312871461
3086739163
3307271194
2885077281
3096112187
2777462950
3201212484
3145051585
2424211207
3305151493
2607582609
2656537343
3309691632
2758756929
3275217534
2760909123
3184621525
2534786346
3314433239
3293452707
2864856313
3121047866
2421189652
3325551134
2863118731
3300727361
2805920392
3103544561
3167001068
3112044482
3318447922
3323061126
3329584862
2691519825
3196570001
3279628587
3314348155
2447006312
3282311717
3075380633
3172738206
3321691339
2681353297
3332967339
3264796123
2836907100
2562914488
3182279231
3178513132
3320000514
3222074491
3037598229
2629809322
2815783468
2372527492
3166585008
3323837810
3330081656
3337546463
2732264146
3323276687
3319884348
2993872510
2928118877
2621578976
3003047804
2911970602
3324524484
3288756165
3195729250
2881578401
2951304712
2466585278
3261003704
3045241230
3324186889
3301499035
3309171421
2813850504
2993177834
3316931226
3225468040
3278971651
3306089836
3052358690
3135589617
3265338982
3327868342
3316644537
3328163923
3330719112
2876226975
3269561284
3304418296
3346486024
2409856401
3231738192
3072040092
3323137495
2865992151
3204125545
3177421302
2473842365
2773450177
3209722355
3008875454
2858876763
3355652753
3205526651
3207556423
2951257023
3342343197
3137097692
2429895189
2922830337
3039245003
2961179720
3320771774
3343113149
3342085475
3112487565
3345780385
2823345459
3343902773
3317518090
3043026345
3321559120
3353540483
3332361388
2646834869
3282985987
3192367483
2923664992
3056655105
3238583856
3115199866
3340300514
2904641982
2863731858
3362690731
3066750204
3347560274
3294348093
3207356984
3218951344
2899777581
2747053112
3274573202
2755089819
2527621865
3133645957
3329540595
3097467545
3153980250
3269995228
2667643076
3108855853
2683765953
2931733132
3352566690
3321778897
3077426474
2757210966
2942878879
3246494292
2536159369
3326542884
3311865851
3293044297
2904375010
2795215972
3293815248
3242580297
3202677170
3244774157
3330002648
3364267988
3225258276
3357269133
2340325502
2689852230
3365708207
3356527344
3094643914
3253774924
3302951186
2354801404
3360608391
3164093997
3348630735
3279908593
2673493151
2639479457
2596616449
3353911827
3363052908
3373202945
3363863258
3177154761
3088560808
3174296355
3357463593
2938157289
3248914424
3071417827
3155424065
2475553578
3341180391
2832012232
3127102579
2804322268
2819020862
2674701734
2949571927
2912869556
3225296752
3324846512
3325355035
2540659576
2649256771
3020246994
2490932504
3166980257
3179180826
2703557488
2991634766
3356054598
3352985486
3257281704
3366251614
3321835210
3272478608
3282541561
3207039962
2499783718
3368543857
3304340064
3219676301
3257741793
3170638420
3364463834
3375377660
3173589786
2964178663
2717532286
3067242009
2575599832
3375818719
3303633864
3350019109
3213125630
2954588102
2780664367
3140308641
3342160061
3380276058
3293582182
3191062302
2995229587
2723043854
3370097104
2832387973
3386313531
3183588396
3244977678
2383681896
2637599656
3223885091
2972378144
3355341231
3213792259
3374030395
3106137520
3383505601
3160812710
3301594132
3374849666
3281050881
3238831529
3264061265
3246358811
3379772046
3385947904
2928351745
3342403769
3393654951
3352549393
2834811283
3099770437
3168628948
3269698244
3002970210
3394742446
3388145062
3381838226
3163920273
3390854154
3385761856
3381023819
2936035099
3364185855
3388315128
2920025810
3103885349
3359376552
3165894925
3375905918
3109373178
2959884598
3287279176
3374425296
2598356027
3386063747
3368054238
3047253010
3173672934
3389525611
3233374731
3232114266
3233283049
2789000574
3327557791
2980831532
3187377171
3178325025
3297642004
3396931974
3011820395
3189010683
3115665144
2743430623
2505049463
3147119730
3000776670
3399046749
3254839232
3366706523
3383442579
3370701763
2844698243
3395407035
3390397463
2980876354
2770458884
3152004443
3385016068
3404624447
3399804310
2752747540
3115592523
2905145034
3409971309
3124342734
2410092226
3083389346
3408787307
3239684775
3114774389
3322265720
3390848986
3382599876
3201778696
3327881042
3380147619
3379126137
3395911600
3361016803
3399068610
2737351570
3340307957
3324057792
3159815500
2853335277
2847617439
3294156655
3104025990
3068973860
2657279008
3181201031
2911570951
3249462384
