2333333509
2333333611
2333935557
2333675099
2333727131
2333573586
2334848847
2333333990
2335251185
2334781608
2335284173
2335780586
2334620512
2336712432
2337313136
2337888898
2336698253
2334834888
2336384413
2337792125
2334660603
2335914438
2338472743
2338652320
2336489363
2337798954
2337798351
2338980906
2335914525
2337141533
2340049339
2341059016
2340049245
2336347501
2338405046
2337102896
2340642584
2338545405
2339699376
2340642488
2339123026
2339343811
2340212358
2342998573
2339241312
2341900835
2340885128
2344541315
2335525119
2339075488
2342218749
2343118793
2340934736
2344675711
2341940888
2338600482
2343629085
2347796851
2339324281
2348107694
2343629253
2345212846
2346675968
2348128074
2343863321
2338958668
2347178408
2351145971
2346393137
2346393027
2347127904
2349040165
2336316876
2350962115
2347907585
2341745646
2348916201
2354202668
2354057599
2345020619
2345752311
2347081994
2342790607
2341043888
2341992059
2337898857
2347945918
2351017061
2352004212
2351260021
2350810338
2356673224
2355767198
2336084202
2346198432
2340113951
2349331148
2352382620
2351532421
2354870039
2347628390
2346516171
2357694164
2352158690
2356820704
2354992879
2347570356
2349250202
2361154382
2361902255
2362833516
2349799120
2360903017
2355709747
2357499309
2362883204
2355412369
2363779268
2357053858
2356149984
2364962924
2357415930
2366001474
2367111190
2353179036
2340682450
2341733507
2354361415
2361694015
2361176915
2351371768
2368853792
2362479384
2369061469
2360298619
2356490413
2352032114
2364662164
2350406534
2355113879
2356836286
2365143961
2364954062
2371142562
2371353237
2359925188
2366299362
2374036233
2353823571
2353584446
2373506850
2353765327
2367237976
2357203300
2368012048
2342649526
2366421281
2371762718
2368568143
2369072435
2372419380
2375804259
2371226690
2360163098
2373507568
2367559265
2373039520
2348236457
2360459166
2362925081
2350393206
2339239924
2358210615
2380854853
2383678472
2362432358
2370526321
2383728401
2369351671
2344797536
2377580829
2378185401
2342186919
2386920164
2349021790
2384312366
2369599991
2340391823
2346142652
2368785195
2380803417
2387064862
2381859372
2392275706
2382544565
2373277074
2364119175
2367096229
2385017345
2386599428
2375202386
2382762150
2393460337
2392271763
2377331653
2356261747
2390819711
2395713972
2396538136
2392443725
2380528719
2385624456
2385296072
2399792716
2358624633
2368693871
2376355188
2356197423
2399809388
2354901863
2368562111
2385111325
2382371637
2391235942
2391514124
2394502363
2386220113
2389676003
2392753406
2395009350
2394536825
2401297705
2371161697
2359185603
2393600840
2383701942
2344434172
2373220875
2374360480
2396910995
2380850508
2393366309
2384695158
2403283557
2372598027
2386630945
2406569571
2388194366
2352967708
2356061296
2361019804
2383667724
2366511908
2402523925
2397434456
2384576800
2403548199
2375279703
2364381073
2398447515
2378848430
2380397108
2406201466
2352632957
2403525371
2392662805
2388903199
2393659832
2403316706
2408068836
2382618197
2363141039
2389425056
2410540154
2387894660
2417815568
2417719406
2372869543
2369091547
2386213986
2400576709
2412807942
2382651384
2408080624
2419544615
2420509198
2405976747
2353651178
2346981616
2415629639
2414456432
2386508709
2380758418
2423476942
2413221414
2393820672
2423398610
2378336742
2421752596
2415230714
2417919853
2406816978
2415921366
2425842988
2394174794
2420390417
2405859859
2371699467
2379776802
2389268519
2425857932
2406667723
2372172111
2395464801
2338288135
2430168938
2405496103
2387481587
2397990622
2423569488
2406788256
2426845487
2362455453
2424511478
2425249318
2423912272
2406214431
2429464727
2415284701
2425947935
2419548487
2421791163
2355861925
2384542395
2434120720
2430673633
2362050693
2430840322
2364597873
2404053932
2422702369
2430244157
2406534032
2437073683
2436104627
2428411233
2349761857
2431408629
2421602412
2409976178
2423200432
2407561987
2406359652
2359514395
2346674295
2434634458
2361143863
2435088073
2436305930
2442400917
2430219342
2413796260
2408584565
2420436179
2404472614
2341286496
2381120509
2441809091
2433782091
2414379107
2386880485
2369245379
2420854541
2400908805
2366472770
2427493831
2401570500
2341286496
2433355792
2364929899
2428145115
2367272612
2365748217
2413334650
2414189136
2418138392
2417995414
2402190098
2439578407
2442516105
2440655222
2409015248
2357891117
2425910963
2451453441
2446794024
2435002905
2366083499
2389152386
