2333333601
2334246785
2333334037
2334070448
2335141795
2334711490
2333838995
2333333641
2334711577
2334046679
2336666380
2335990418
2334647795
2334607253
2335094306
2337760508
2337727487
2336626593
2336626251
2335796244
2338089294
2336030764
2339645801
2339489799
2337543530
2335404700
2336478561
2335670363
2340932234
2337505835
2336567739
2341949766
2338027932
2338829293
2341966743
2344087391
2344087713
2341832080
2336799376
2342236842
2345494476
2340329692
2342882295
2345874762
2342173662
2335095554
2342882813
2335684449
2341846352
2344094077
2336273282
2339138769
2345595369
2341905516
2341849928
2342419874
2343266693
2347696470
2347125532
2346429797
2345051289
2337270738
2347830042
2346385488
2334236141
2341271722
2340816159
2344618415
2348457054
2353264337
2349766999
2352649874
2351606660
2354717786
2342218151
2347876137
2354885446
2348952722
2342363407
2356022343
2356022453
2338365312
2353926787
2357077710
2355111062
2354310668
2355387158
2354477468
2340558880
2347837363
2357281572
2355887827
2360212600
2361172260
2351001620
2360483174
2357323636
2357067819
2361419681
2344955250
2362906988
2360456251
2361122939
2361609768
2363431778
2361846689
2363436964
2363837690
2362710930
2350554505
2368013545
2361496487
2362088420
2363433496
2363469458
2363701728
2361847687
2370567961
2344531868
2364858175
2367229652
2351887822
2366926372
2367046473
2346965686
2367256820
2366737414
2365132183
2364727792
2369888611
2369418297
2372436596
2349698737
2347602980
2352969064
2373627601
2368926817
2352680687
2348744907
2369543755
2366591333
2356638690
2363139285
2347133402
2373848086
2373068521
2346652890
2373720492
2352497331
2354055660
2367664134
2352749001
2365188513
2349012284
2335057296
2357487565
2378953350
2376615456
2357341964
2382053389
2372360649
2358008352
2370866045
2361314498
2348357179
2379487359
2381173416
2350599411
2375967907
2380341671
2379728069
2354811750
2384997610
2380283286
2354377296
2360135456
2377299789
2391201237
2383611440
2383179733
2382662712
2387581716
2361629729
2365808943
2382401282
2392739417
2389903280
2388669248
2390462980
2388286236
2389917811
2394662814
2359157567
2387015959
2385881175
2387377268
2367385330
2393523626
2389073390
2395108746
2354213465
2351295993
2397451943
2372699619
2389346040
2363629157
2396512682
2372680475
2374676189
2367909338
2403506758
2371839060
2378481016
2382544317
2394275753
2401955455
2399696716
2368203514
2386066803
2340254899
2397253861
2394453768
2393683361
2401619558
2401210195
2399685966
2358701855
2349942493
2351172374
2401210120
2369669834
2382156399
2404477232
2388578266
2355698904
2363299319
2400278515
2395403963
2395413588
2383776607
2381524184
2400958434
2389181098
2392622438
2398855882
2365081055
2364697059
2403810558
2406247444
2368916667
2367349445
2401454517
2407486045
2386644871
2407137791
2388583998
2410392452
2376520579
2366131512
2380980561
2360685635
2407060095
2396937577
2411723488
2390859143
2412354993
2367574715
2411727582
2378117453
2404541727
2394735148
2397452063
2365522588
2407853930
2342565618
2364538565
2406348685
2410295244
2414927120
2366145738
2408657859
2417206442
2398756506
2366585555
2353082018
2353279134
2421381301
2418634444
2418634990
2417611576
2414295006
2397506307
2419736104
2379463299
2421648940
2348255087
2422075897
2420359395
2419384810
2416008692
2396744243
2404967411
2424088644
2394982678
2404110975
2398411809
2423706434
2406057632
2404519553
2361469620
2353909745
2429271018
2423891432
2343200213
2368266377
2423997330
2423457059
2428147604
2417344539
2378984257
2421957789
2429003717
2376918708
2420083306
2420866456
2420866259
2406587884
2401414794
2384457246
2389451201
2429502157
2421911788
2424381884
2430236233
2410181863
2377844678
2421757465
2415963541
2430689851
2388052353
2431834184
2429523952
2411200441
2378258662
2432407410
2341357346
2412981070
2414545086
2429903178
2384544113
2432735381
2420251207
2432461126
2365684560
2427222781
2424729000
2375602235
2423215794
2416574298
2340617540
2426319090
2383336311
2426155825
2416954168
2341920628
2397974296
2350581923
2395311460
2430846634
2431426161
2420749174
2429476210
2427773688
2394134313
2436669719
2436322413
2434676292
2443192617
2436015609
2396559826
2427271963
2440477223
2431360816
2434905960
2441758947
2353233714
2431360816
2438530048
2416340437
2411194676
2391892338
2433708421
2433441060
2446636811
2447617174
2372518000
2373704697
2400193875
2449235261
2450076687
2410701556
2437634000
2447802512
2419344761
2381787487
2441355728
2440512119
2440110330
2420452841
2440540964
2446459137
2449273782
2449363531
2443580028
2389112239
2458863811
2437337847
2436764266
2442991759
2435498972
2444913226
2438337464
2424983980
2384568281
2401469471
2453270175
2462356231
2437351562
2461733464
2457014147
2448684717
2455591866
2457732529
2448122997
2456501484
2431859163
2436167204
2451739537
2440079434
2391124822
2454679782
2409634285
2343238526
2459765812
2427613277
2457538034
2431525646
2430964489
2397897349
2453942281
2451578799
2454283527
2433060539
2451475140
2413547901
2446932896
2444880615
2447911755
2454639817
2365423559
2475863910
2413491007
2422510177
2385466129
2476452749
2476182399
2394554310
2469516771
2449048747
2348823033
2448639458
2384508382
2436636086
2471482677
2434052899
2419075123
2474389391
2383266908
2394611972
2457563197
2444108587
2453973447
2464578478
2373634590
2471999495
2451873018
2455360723
2412251693
2424167953
2454855359
2482767152
2343215212
2453614120
2483141642
2481555544
2461726115
2488158008
2475084520
2485845083
2456460091
2471336188
2487412531
2398737375
2350013547
2394869451
2457014674
2401299288
2488677379
2488799908
2464992998
2478420268
2482170728
2475022186
2480899332
2477475092
2432094234
2430258283
2463225619
2423148299
2479474777
2427771942
2424722982
2413519194
2436848256
2393333671
2373447345
2486959787
2415511148
2382572938
2416811079
2432694119
2490334344
2475839598
2470607977
2490132955
2483187495
2459047807
2335455808
2425435231
2443272905
2481148397
2490170330
2491313553
2420390875
2379757995
2431339400
2489834568
2382831084
2482040278
2388238456
2476132265
2412714963
2381711585
2377069715
2380061962
2493993377
2476068057
2490057595
2475526909
2416391658
2442408443
2473785221
2495304437
2498814695
2428455478
2467947190
2475688825
2475802781
2483792130
2498887019
2475260174
2475600741
2386552442
2444390969
2494716410
2432445820
2386235530
2465708478
2427117536
2336241085
2490578736
2476023075
2481057615
2480980421
2498719599
2498539697
2494545067
2447672465
2480699351
2396993849
2457404912
2481006703
2501471488
2503630322
2480970207
2471730949
2436070977
2497774834
2471886492
2491059957
2485193664
2494068080
2495679957
2496765521
2494223344
2384487916
2505003919
2505509144
2486185942
2488011184
2478388562
2431654978
2346636645
2430095756
2427108144
2474966932
2386276695
2490016871
2469797129
2485788547
2516137646
2430005439
2423042631
2500561375
2508986128
2427482474
2489198840
2389191175
2439704866
2463384492
2462398188
2509471200
2511376904
2434286285
2486325521
2500545279
2486602991
2450548652
2506861819
2504670790
2385958652
2489689364
2471483949
2506841950
2505354503
2388759484
2448083214
2425611982
2512906903
2458684111
2415830475
2375399494
2404897027
2475441469
2514903454
2505971524
2404927814
2506268518
2501241940
2351086397
2411325723
2470379081
2503048228
2510109458
2517037167
2413735874
2444272776
2409186543
2427605929
2500002645
2514298382
2478554982
2416979013
2476633705
2520696917
2432705011
2516750175
2520696590
2521812749
2489109498
2511723269
2442471627
2456382756
2441166179
2458873404
2499493897
2502763957
2514437755
2354475179
2520423108
2496836546
2490598131
2402852445
2347440911
2524543563
2515259645
2382188461
2418001796
2494964266
2481095215
2433227146
2504619616
2527646993
2477263487
2382647030
2526964102
2498767719
2493773906
2490963296
2426248335
2420154531
2504864675
2527686163
2483598545
2468640774
2449101318
2350800761
2499607143
2495624499
2443186865
2526137465
2526138069
2507117039
2470521002
2357350553
2511276229
2494031234
2492793238
2451997476
2502158435
2482965067
2486355246
2531453512
2524635966
2507206553
2504762420
2539554188
2502619653
2530842654
2401554661
2389299670
2428162456
2527270807
2441271000
2505813616
2505585339
2471884439
2535516900
2523044992
2531659832
2528377998
2523942779
2437213948
2418656092
2379508340
2529131564
2345582364
2429418447
2533311226
2529026692
2509846834
2529890708
2399197128
2490259123
2460493551
2505116393
2539381825
2530272487
2460351114
2447763292
2440633524
2491840982
2454839124
2396468672
2353615069
2386370638
2486214683
2508890898
2537581039
2534482179
2512640849
2395502814
2544583474
2529425697
2521589205
2445550582
2527151167
2522758926
2525782614
2471077762
2367401770
2535488999
2500713527
2512359711
2536293523
2536644902
2519479919
2509903254
2398094219
2539874790
2547844941
2519332053
2512767730
2515831657
2537603451
2501136920
2512580697
2464032542
2518806420
2375002336
2543680496
2533184596
2550540643
2473846025
2466339561
2496892260
2547619883
2510701973
2530368675
2511617470
2503164006
2474045377
2552155064
2529361479
2521998341
2521426608
2554743087
2457952647
2408423581
2552807022
2532406620
2468140764
2549776573
2449718394
2367755804
2423922760
2454791859
2533104100
2455529694
2460578703
2360636995
2522967755
2529648036
2516666295
2566189381
2488963155
2461254590
2533914480
2461805600
2446675145
2554176915
2455734841
2495658834
2561824629
2407283287
2404966505
2457009476
2490252318
2558533072
2557790855
2568065565
2438972892
2558385092
2570951410
2561103364
2472878477
2568808896
2577882501
2566970951
2466779175
2578023260
2558615076
2553903666
2504558736
2512066031
2460590258
2538937048
2397929624
2558426821
2505577338
2524921534
2542404648
2370209328
2538539051
2484098435
2441878800
2507835021
2480437433
2497034895
2524309046
2532255728
2431710625
2562084493
2553336341
2397573941
2405055490
2479922203
2571421745
2387810214
2514347123
2569627050
2579184637
2527759052
2479462820
2534364313
2582896153
2573833879
2474236770
2566008944
2538212476
2570038385
2571818626
2513879098
2526287865
2547681657
2587970187
2399284005
2547663766
2569536652
2549830035
2549829822
2553859495
2464897463
2542626588
2551203027
2480547519
2562916566
2563268349
2559044830
2378768850
2548765706
2527639846
2526649895
2575983047
2435508361
2577481123
2518543771
2391782389
2490933848
2486415349
2424448698
2446916644
2568541671
2554306126
2543841760
2369535906
2556788742
2589300895
2590729416
2480012801
2563740658
2554469660
2521536876
2540311494
2541325111
2474714370
2568351774
2394153895
2584774394
2548576502
2551831481
2586795479
2398183305
2580761303
2540313953
2557151878
2523034116
2535938988
2556668357
2589106034
2584545648
2547009257
2587059201
2571641482
2536765237
2530540810
2586433933
2534890551
2537079037
2498153662
2562794919
2555221467
2584647985
2569310631
2591001804
2586299216
2387939916
2567552427
2612554278
2502179222
2557745685
2487569745
2583791823
2555266065
2541432262
2436561962
2605201997
2568005570
2590897592
2526087599
2493186410
2472235231
2459876175
2550091416
2568560394
2467769187
2607248463
2556725542
2490292435
2615374199
2491316957
2453933738
2374222921
2546470259
2616763699
2569279403
2413839454
2521283136
2586386232
2542465515
2409154692
2540127568
2586386427
2599334562
2595040582
2519671008
2508012050
2600080206
2403805820
2473810919
2590232944
2615808301
2494937467
2587723064
2606412964
2486195081
2539464202
2385484416
2525830879
2549387461
2609872380
2614448923
2549185243
2605885657
2431621009
2409632150
2622019668
2492741820
2552407686
2557535283
2409248979
2614174372
2591119038
2614486424
2609662255
2563279891
2562537360
2607027222
2483926313
2625603250
2594199251
2386146544
2552834193
2606362057
2507758093
2613872696
2356770227
2539912680
2582026682
2485544555
2557852252
2573591253
2582460897
2612822316
2613795019
2554275370
2386202214
2559558907
2495134336
2482105077
2582325319
2636048276
2559794738
2614457185
2565530991
2622766550
2585539672
2501227005
2343411419
2611233641
2614392786
2628744055
2570644782
2609433253
2602671880
2511050863
2600604546
2623431423
2464588020
2605481009
2635829227
2467061127
2474191452
2636412794
2565636055
2563829178
2630883802
2403334139
2618587032
2588068652
2645676487
2619825063
2470174105
2616587130
2628588531
2633946686
2564663388
2563817250
2589443530
2605248054
2622057495
2617947660
2407741635
2405355665
2627483826
2501895234
2630513812
2528302538
2644994348
2635955759
2647030001
2494736560
2375888059
2604925419
2623159164
2428191304
2584603143
2463379792
2626171186
2557198925
2592916299
2634691961
2355910306
2542020700
2626639320
2595654261
2570371648
2576621403
2557793407
2425420529
2589255517
2510771055
2643562751
2545746826
2633784395
2649090570
2551194816
2610133677
2486266246
2604948014
2369059149
2616723393
2574006717
2597145100
2605146118
2619689929
2610168006
2656815448
2533198606
2463171799
2421935682
2358017183
2644720189
2594085093
2632828717
2552805087
2543756872
2628693178
2640887887
2653044662
2582400216
2512660090
2600999829
2586372840
2481145494
2534070027
2515677078
2520869331
2647990948
2600736044
2647312073
2597365755
2586406055
2639560797
2506658901
2648368882
2417245065
2622081586
2366008329
2562666800
2601170044
2574485301
2613408104
2655587697
2647603391
2601288657
2470521570
2601681444
2505477412
2518554685
2555254417
2600770860
2341469833
2581975304
2642275151
2642107062
2611572309
2604945874
2611937579
2597557557
2614787199
2651877137
2388907124
2639623832
2371713618
2643134088
2650866472
2564855983
2512971341
2604548999
2350773117
2412648456
2520537925
2532011750
2436914766
2517284524
2658672728
2592505946
2621542635
2657124151
2379974096
2657687011
2490557789
2625327910
2444780421
2606961248
2599848360
2646779896
2607295129
2609880480
2509731999
2629328715
2652719678
2509764332
2533598643
2609060379
2554755782
2613926770
2625414684
2630207691
2622789656
2653005440
2442049905
2529975990
2605850457
2667841987
2542371150
2665717099
2628820171
2617432519
2574728629
2659893655
2665666989
2467278696
2622968555
2660949800
2675231897
2419486960
2622214509
2581142429
2612513097
2349759289
2429365704
2540297597
2592157587
2683398786
2618859628
2667284710
2639256935
2540072147
2593920310
2596737503
2667958994
2657533944
2490602662
2539489690
2415832010
2566901366
2478750888
2495707755
2355613776
2604891811
2605996495
2520666503
2671178100
2549109547
2665702963
2519831964
2556449485
2484835184
2645435936
2611233969
2552500057
2520303157
2509399561
2635090728
2622991934
2590691058
2542323500
2663255597
2607737813
2629337526
2413748900
2484507786
2621829562
2536948095
2666111028
2638483754
2638483149
2522619837
2570171779
2680532424
2540865080
2674209001
2420718464
2673473080
2691157795
2625781037
2590751890
2685063999
2344822741
2572558629
2631027053
2637441171
2669179913
2634254136
2647706927
2472396619
2627653494
2579569692
2680780457
2621743102
2427552525
2685458560
2621298583
2682178018
2636905922
2700773342
2492691174
2518367129
2691070627
2635104845
2497794847
2643650691
2502628674
2656864628
2474634912
2683750323
2549034882
2643553133
2545044134
2702551230
2546087078
2639973552
2634026706
2688719393
2687894971
2431844695
2635945534
2387667921
2555783124
2513945471
2499400549
2649863103
2690651032
2613319768
2599468489
2555225221
2517222168
2560779268
2627202980
2519641197
2674706703
2440106360
2465582339
2544863272
2604079311
2447181496
2389753880
2451847051
2710593604
2695985572
2616202473
2542297137
2697021265
2451065055
2585789479
2528547278
2684536525
2605527413
2618512042
2637668172
2715368247
2510071631
2622612581
2701568653
2693959003
2562504845
2613711056
2414147669
2583182622
2608969663
2529396436
2700559159
2639045643
2705224688
2565373898
2496765252
2589108082
2627363541
2708532894
2640805197
2689405656
2589735697
2573590560
2450392838
2711743480
2677186332
2637757412
2609536293
2650239027
2658672075
2708487793
2660816341
2711424372
2367635994
2628109271
2448604097
2443677946
2702418006
2374864295
2628694302
2594468503
2429662109
2536292999
2618408174
2666932407
2403099407
2385144337
2575482246
2716321202
2674525992
2484156651
2389473961
2629119059
2634121306
2660435024
2723425544
2680535669
2693467127
2633494671
2707899336
2481723360
2723554962
2655269754
2720458408
2529472284
2473512171
2714922556
2665800703
2670759070
2581399959
2578616021
2719346899
2709435343
2709494040
2690645709
2459746738
2672495277
2669916923
2628557271
2689516066
2718576758
2654615723
2692808029
2717930962
2614258388
2560774246
2382809719
2742573285
2608351420
2477652059
2607688837
2711542804
2628917692
2645192131
2714182810
2474187394
2693720507
2740752463
2726319423
2730150566
2734152970
2614304985
2680233653
2715360832
2714463798
2732970675
2368020848
2458748734
2655090862
2493547803
2609877109
2646855886
2729068979
2525484540
2736222406
2744413596
2660255650
2558984640
2742304105
2639860342
2589451839
2720204792
2592660163
2678770096
2598282350
2739397015
2730627441
2611059225
2680123389
2700904207
2686518236
2708243593
2725814858
2576373471
2404397365
2734086227
2688143864
2441018054
2699376681
2710058260
2421831757
2498831705
2740799878
2746980190
2742123955
2740158992
2640185615
2339644198
2369458420
2744356951
2755618263
2573727189
2690303663
2734179535
2673833235
2756826491
2582105682
2730158223
2742324002
2628210975
2501458347
2703024279
2695656364
2648480582
2736816316
2686528572
2697886734
2586094013
2589903207
2761266310
2696090326
2433485095
2757251003
2697991660
2662694878
2621132610
2745486351
2747411084
2746628916
2765097650
2718903755
2708941811
2426402437
2754743502
2607829669
2475934670
2731742532
2609733631
2695224970
2710548855
2573698821
2481927336
2619713747
2744434229
2720668648
2563451910
2665585510
2742596056
2720617498
2752400400
2503513966
2551312393
2604461905
2710487624
2355479215
2588823729
2757462883
2602598559
2650251033
2732359610
2379190692
2639404746
2698883905
2466026076
2687329827
2683902931
2473648281
2524792489
2705732376
2596519201
2654735860
2531786199
2415427908
2572815739
2749711295
2661279634
2720768761
2768925596
2651466285
2761665515
2591373097
2627805579
2729673103
2772078311
2577836170
2749543424
2711096761
2722733204
2716122569
2612460649
2563910093
2685013299
2765417604
2351973221
2776337234
2509389311
2785167022
2766100104
2768902729
2763309273
2688320663
2500044431
2766931485
2724724465
2517240274
2773760624
2737967484
2774318594
2690367328
2657381714
2717873452
2644950238
2740575816
2761475401
2762598370
2614309451
2709770545
2723039427
2632855978
2704752061
2684492821
2764940736
2634963701
2770327630
2715433032
2787627849
2718548479
2708283619
2554780304
2718922004
2785499091
2401241846
2715096840
2549753797
2710368077
2567358787
2778106277
2747701598
2745850137
2773061704
2730962823
2705410035
2491896401
2570637455
2555256568
2764121674
2681284417
2486118547
2741230936
2694329541
2385382498
2713284095
2784989334
2745101775
2496841621
2733618157
2790151450
2575897535
2754193999
2793490254
2683693916
2641430462
2771512772
2732652172
2791734208
2709496957
2801694007
2772089913
2722559354
2636834554
2757437953
2581644207
2687706869
2647184023
2348869906
2742369113
2597724869
2679232018
2647650158
2791078944
2800618079
2681516601
2735575976
2798892541
2791515205
2613873777
2629273785
2718536774
2494442848
2438946673
2793154312
2519410185
2800283442
2422717294
2789688641
2721623461
2467085362
2410761629
2696848614
2602012187
2799460771
2787428001
2818759790
2803204176
2513827279
2809010560
2786563248
2462528288
2655507733
2417350190
2591982456
2719346039
2819424248
2355458942
2735661139
2742839428
2811161434
2706840588
2678119267
2475470282
2689368961
2633451782
2702501500
2627965129
2814112204
2578398347
2788903322
2776242294
2813627735
2806883251
2437721550
2441922367
2775554842
2435716534
2746745308
2393803564
2822416419
2787869081
2773049213
2659268388
2795136853
2816535735
2809918208
2803424351
2779143516
2789047424
2795926650
2820256527
2817111535
2780675716
2816825512
2472189675
2821052711
2651590400
2419963331
2404803658
2622753246
2563093710
2813612019
2708969209
2351713903
2817145140
2756481129
2712791857
2634448182
2789378646
2706219296
2416259089
2642645279
2786949062
2482348163
2833464882
2613637076
2528044831
2519710360
2827106630
2829455685
2465992935
2740542601
2751659194
2681415453
2795249372
2616237711
2838339781
2722112992
2811753885
2839091429
2839806962
2843357653
2834037034
2440302332
2727379993
2787777748
2844267045
2792132451
2816075671
2844600144
2839982955
2603984481
2737608552
2606099606
2642889384
2733328224
2844830567
2840482384
2439215869
2794816493
2458991291
2423625306
2658634403
2761055295
2522399581
2785626408
2590508008
2602394385
2793993904
2691691200
2781657124
2793880411
2847562105
2843579627
2755308625
2826280110
2844264429
2711684078
2811717261
2847323625
2491237453
2809958828
2498537141
2783207091
2700766041
2414901042
2719451763
2789450430
2720854886
2763763948
2479155130
2846784407
2838543463
2779895312
2636494760
2856256313
2495125154
2773955347
2856048603
2817618323
2613000328
2574997590
2861440732
2810138516
2865753318
2710422782
2809280558
2695447229
2775578201
2686164014
2825964508
2843926842
2536283925
2665197340
2788132402
2746160589
2637614149
2866118100
2830533801
2708289283
2870000352
2781720336
2435123840
2838605659
2879346277
2868392811
2861815784
2866528233
2518803743
2712072761
2804005281
2698550201
2875801575
2780211072
2867720702
2640677884
2717743291
2829697151
2848917944
2875695763
2825686588
2877804068
2604610615
2746748653
2875547476
2764577845
2878014651
2624134811
2755059127
2692453747
2877005844
2787220370
2853023524
2516905167
2881680232
2610389392
2600046694
2825063237
2877724851
2639301805
2823651745
2676330036
2620424441
2449010519
2781908627
2876302974
2784961774
2793811585
2877561305
2849943697
2850356465
2539472670
2879219314
2886375037
2656324557
2563745967
2881090688
2850105058
2865000296
2856532791
2831938518
2805206969
2895894771
2393173947
2755482683
2488944644
2539147994
2382743731
2837986245
2821450747
2798544165
2893695280
2898684688
2709047443
2698550519
2764301966
2505653185
2808041761
2806464403
2555131215
2749748835
2481141035
2554274815
2649243331
2690056095
2724117977
2845807945
2539583884
2826554158
2781966053
2488580978
2899087389
2820770409
2893154467
2630315239
2625380030
2854211586
2904739514
2758994638
2902465371
2408920073
2816417614
2827756000
2768680555
2907079189
2726252223
2769333985
2863199269
2895824768
2610123930
2898645768
2697269692
2657928603
2390945820
2352585821
2900436246
2912559448
2906849263
2382132382
2910221466
2829508560
2449320569
2617204541
2501021793
2744381621
2664851133
2870673315
2909258784
2816391647
2894616416
2906204946
2903986569
2907690415
2857991290
2658930778
2764810654
2761736284
2912538554
2833102686
2594312599
2758569042
2911859919
2769176434
2462990699
2897039605
2711283206
2564126272
2782129513
2816030225
2886083791
2907891323
2914163143
2904549346
2758998005
2710230943
2885651907
2527105468
2819316817
2511812826
2724518802
2917552559
2863545935
2908321658
2691414451
2561860042
2713256873
2813386892
2840004597
2557962259
2501078345
2791487113
2510940139
2915236139
2890968278
2871940696
2764805551
2914914277
2912646782
2347247623
2793685804
2927542650
2748458292
2899748615
2897579836
2876319809
2863497632
2826987875
2909958922
2755943498
2769101815
2924953826
2864332749
2921680232
2878316380
2927005258
2812141708
2926796291
2665660731
2637457131
2763833019
2794794118
2840899302
2924008910
2589850759
2514575999
2898627269
2926424910
2615966153
2843716282
2650380305
2919514540
2926054270
2926583257
2916221168
2783451063
2672736304
2917473540
2927091242
2676245573
2653238482
2755830276
2929775451
2930886182
2797723381
2929050401
2934979306
2458906544
2926985151
2935355161
2934115203
2655112969
2697616826
2873104260
2844040642
2856538002
2825717466
2926329038
2879203233
2935742751
2724672783
2812059177
2926051511
2815652106
2784736137
2857274718
2872583277
2755192815
2845598275
2888825896
2849200440
2754776526
2914021635
2833622150
2486398393
2881230889
2940415637
2899373834
2836854950
2910141323
2769903778
2482618356
2862447050
2868199784
2927764855
2482267612
2506457518
2835050208
2944346001
2892086539
2659005921
2749398651
2928508309
2936661779
2366642297
2810825322
2880248380
2947770738
2933948752
2890020628
2488226493
2611444417
2901051205
2926501031
2608114588
2944330049
2842970163
2853629725
2351401740
2357940251
2916287505
2792568903
2887279689
2718304008
2821552139
2780528241
2762796951
2400384286
2615795784
2764363253
2636074645
2862307563
2698211932
2589645004
2878285337
2947340180
2846355186
2765976916
2942899186
2522220078
2810667898
2898557934
2841737819
2816084994
2822113907
2796298621
2654866225
2768847583
2628035435
2869957613
2737957695
2880405007
2924537215
2601454535
2609257243
2837619245
2469431277
2944870234
2518255001
2472868093
2927815186
2423035876
2810907579
2775930828
2878497725
2411305964
2799250481
2620115151
2854934312
2529712017
2666544446
2954507717
2888037471
2951050478
2769014210
2882037807
2863718270
2857922311
2643478350
2515276382
2953283975
2957559046
2634280744
2498811047
2961650344
2956310113
2961717507
2593881364
2423035876
2775376337
2420265047
2941559556
2957129233
2958877294
2560049955
2895762186
2917337202
2952217408
2954738063
2879769964
2825781549
2857794712
2966574255
2598128728
2495062630
2685629770
2878453777
2928518733
2528825077
2965766678
2963247826
2726575459
2723841692
2823790065
2663038504
2952537696
2960111646
2617241846
2740476497
2804004886
2727361875
2523725708
2965449977
2920349890
2956301108
2948497893
2679857331
2653082107
2652508447
2817834346
2603795516
2871568616
2974316689
2577313848
2563143715
2890229270
2968951396
2970855134
2775774640
2970930839
2935003291
2750764351
2686865085
2839806339
2810965238
2975784352
2875086611
2391130998
2836556997
2873747675
2664701456
2854488794
2828369225
2731346565
2972805117
2826359001
2711640077
2897025366
2850233243
2391557638
2691331676
2582105696
2786307835
2760380835
2879295093
2521378120
2986121946
2785452022
2987034109
2991892981
2989369674
2681511183
2993093701
2681951822
2857498551
2864190873
2570288175
2511122130
2945144709
2954231501
2942327931
3000187825
2901379797
2986431601
2647824342
2896270554
2922452169
2571348889
2954562650
2951946119
2635898833
2907474011
2757975953
2537753190
3000826312
2600898753
2890841682
2691947553
2755391199
2911807959
2433354510
2900184730
2891453876
2800703572
2901748458
2780165460
2939663505
2913566510
2389719162
2875293636
3008370465
3009567428
2966468486
2778573407
2844178710
2995175680
3003239244
2897203570
2669735268
2995983733
2751542931
3006378813
2963736414
2874592716
3001850431
2872328150
2351189946
3004041661
2799402023
2855340102
2957984784
3012526651
2955336079
2914452317
2841955224
3005716343
2810621773
2946065970
2956764449
2619749529
2999111388
3013109775
2966554150
3015419481
2989705921
2994645925
2492362342
2664716791
2857804089
2733896050
2812282168
2845087111
2999880682
2914150833
2955724254
2991566735
2641218111
2779437928
2732444359
2977505516
2922604336
2984650239
2887735234
2815604941
2790762453
3019649241
2741034593
3020577559
2710511594
2946187483
3017594247
2875337016
2970054553
2815819125
2814928978
3018823138
3004508702
2911023778
3033707632
2879412277
3022820913
2786268503
2603681026
3004527430
2697658800
3025754357
2711214477
2972890979
2881089929
2637973441
3036016505
2732112067
3020627288
2959812717
2738886692
2544854679
3022756649
2381195343
3002545052
2929399112
2891573235
3033862919
2892203196
2976676135
3030022305
2978496158
2879435636
2854131731
3028788757
2924188453
2912519386
2850859007
2730428775
3025583414
2863798409
3007091108
2631089557
3037316003
2994369914
2689496373
2900681830
3022798347
2763662768
3032577515
2981402581
2525583318
3034288667
2737034187
3040735602
2878789055
2576391341
2721674128
2984435122
2825087654
2949885271
2945439577
2619887033
2979884982
3040524395
2977715336
2848689285
2971358346
2707731847
2907279812
2873449156
2990511529
2574953897
2912735518
3013573984
2908561267
2357052461
2528027934
2611286721
2784120059
2464542379
2983455629
2624371964
3048097238
2884525631
3045304354
3047630963
2599125699
2864754581
2867171174
2877286473
2919271050
2760393995
2711892785
2989225332
2938484569
3005336287
2684994421
3043092086
3037298978
2876899585
3057509918
2883262265
2865868375
2834106557
2849115870
2978114823
3043966182
3058514175
2854134818
2864983078
2644358081
2891406753
2380830428
3001894728
3050157276
2991030550
2699351467
3012647829
3065134077
2986862536
2631473329
2982662806
2889650640
2841303730
2888339947
3051178862
3066432273
3041787665
2992831246
3062655948
2868939923
3017979188
2548132468
2988772720
2975568446
2503892770
2522677423
2548786144
2952220501
3067098674
3056946524
2953905245
3054233499
2966386782
3065901485
3016783121
2547266111
2536088439
3059325414
2811884052
3073174492
2946961458
2922450618
3060942788
2956611915
2697944621
3053469389
2803615838
2551021414
2648849998
2755738787
2872428748
3052640332
3051010703
2998661444
2993259429
3016062461
2984979395
2575886556
3058959761
2863653858
2966945399
2823560284
3072249928
3082651586
2800534160
2370022382
3037673963
3082271863
2896662748
3048974255
3065635421
2592841632
2868971847
3077555272
3054694148
2829180066
3059638936
3061280178
3072067425
2603093870
2638526140
2630429017
2378980782
2741407416
2498775470
3090493450
2514579046
3089178610
3068066880
2939839404
3069739194
2934752899
2924795443
3054010333
3072389358
3088221536
2911425067
3072438892
3017486243
3063717861
3041960684
3070291376
3079277850
3028117390
2748752917
3065184237
2865742436
2941388887
3064689057
2936565426
3074304312
2965442062
2985043892
3032163648
2805614172
2705859710
3097737384
2809080947
2644758888
2866531480
2999232399
2970343554
3091028620
2727594082
2745173374
2762391269
3029890349
3077822270
2818887014
2889502556
3086559315
2597846739
2540934869
3030423296
2968806691
2973752747
2939806895
3099912212
3046142633
2701671225
2995730567
2832059240
3008175595
2943190688
2776758217
2867637881
3108466594
2873671708
2874175329
2898108954
2984699620
3093726946
3096170060
3063665703
3096978660
2972942476
3061247443
2447406850
3034593008
2820376082
3065040853
3020673704
2984690931
2868738210
3101757511
2915265044
2623340485
3083482646
3073793957
3029365528
3099710333
3092819256
3079464314
2566864233
2420191806
2522674063
3106645491
2941033289
3053314479
2786106843
3087499042
2991197131
2894556362
3102968498
3011428605
2826656612
2957804441
2984254753
3044431350
2966094434
2869801265
2914988403
2766252731
2368849679
3081089769
2440609868
2851906718
3023455720
2486193897
2769489488
2752900081
3085509107
2951290001
2888907526
2913235710
2779667879
2906113883
3124020981
3050666682
2475135267
3091277177
2928410351
3049544141
2757232357
3047967851
2402327058
3048723742
2997222833
2725863021
2877470080
3122919749
3098240909
2927118772
3045162399
2564453099
3073320865
2989328963
2941820537
2984977475
2899618906
2930333334
2926603184
3086334800
3111124867
3088741176
3117970149
2813545917
3116595679
2983686051
2977918747
3120277046
2991547617
2961513317
3117650828
3062705160
3054258516
2910829356
3118815720
2557904961
3115604011
2983753351
2605840538
3102159930
2891230276
3063732203
3114602822
3120448643
3011474337
3116717539
3123576881
3106961312
2926790860
3122389883
3093589673
3107292773
2662059740
2984967883
3120918689
2770047305
3130203031
3046720561
3106758430
2968351313
3095084945
2585341261
3066441521
3042301146
2981862153
2937626946
2641622514
2636671348
2907458340
3103877457
2917834267
3085791564
3000282705
2729041359
2918029622
3123243556
2516286341
2900926530
3059950768
3127611492
3122790713
3008413871
2937918295
3009437105
3037513419
3071490497
2472641733
2882631844
2645405776
2400212059
3006825261
2756249075
2763116666
3140098799
3004290875
3068729302
3027263450
2976452335
3127719306
3101876105
3000347307
3115485289
2885237403
2870685930
3141013992
3135751754
3020270192
2868591939
3118975011
3130709492
3018375596
3071180649
3111691844
2819167946
3089691441
3024029991
3130842710
3076248081
3093024302
3059907978
3020623495
3054051743
3119034201
2989330458
2378977960
2954424730
3101553366
3143210609
2900868892
2692224892
2998746408
2807813692
3135231607
2575491333
2484954419
3080816355
2790366799
3145251251
3113553551
2856311882
2782867901
2906855967
3141705239
3139839208
3128559261
3126483524
3149804695
3134474408
3067111946
2698861055
3087028318
3149043495
3132429286
3147122150
2941168613
3140449496
2891177953
2699372571
2585109523
3017194511
3145315901
3127831983
3033786380
2891150953
3014042689
2585109523
2816685386
3073558217
2746935620
3122191779
2745258423
3049859217
3140676846
3027025934
2670069350
3078254204
2952615540
3102702613
2991190116
3146796952
2681330062
2951793112
3130444401
3123664584
3061947974
2575530885
2878079463
2804875317
2441562551
2804368312
2620548659
3033194078
2874548018
3076591937
3153738250
2984321280
2669108997
3145683278
3136362329
3116920112
3132418511
3154766619
3000364133
2755372228
2631477363
2512139372
2505259000
3138073030
3161625122
2944095871
2771878317
3044754656
2976818484
3159396604
2906130454
2645873195
3130730123
2967442553
3039066182
3012784074
2692122274
2637735546
3007028870
2451885845
2453207315
2719143802
3141578873
2945366413
3045389339
3039298734
2916393520
3097290560
3098683004
2901495313
3130566052
2838905504
3107825153
2836323086
3003931023
2753744290
2907045094
2902840754
2913233111
2446389741
2726263918
2947978965
2947332127
2874524865
3052593861
2938846956
3102229528
3129082926
3114154096
3172073133
3042373179
3026735592
3157639268
3137090516
3162843874
3143647511
3168413469
3104315201
3046234017
3144751063
3022029806
2857236309
2575150743
3009290985
3027846181
2869745668
3097620870
2955767879
2986058617
2410915895
2975562133
2973122103
3163722493
3017508955
3130711600
3167175929
3164441335
3139978300
3136882642
3029042186
3115440639
2748688473
3143522895
2551262188
2408539304
2927257318
3170934706
2913816402
3164811278
2975606277
3171000626
2577187273
3034768893
2350583094
2883400439
3064818515
3154563779
2551256123
2932347594
2819338411
3177978130
2720950796
2979856095
3114509209
2821482657
2682787133
3182407386
2499434440
2949828039
3181115642
2777714900
3161514643
3178472433
2656900995
2991798635
2545236193
2834859912
2425374672
3075303451
2908952073
2554352219
2670876427
3139647801
3170948041
2361041860
2615093746
3146961271
3164845754
2705521025
2909466500
2990465907
2943623755
2345850989
3070338419
3161519449
2603545288
2768879217
3184298550
2983428219
2843024845
2879114106
2979909740
3126892701
2683802854
3191813005
3052377671
3126516521
3012802688
2733594888
3054625205
3189305158
3185223780
3083452510
3180812919
3084543458
2350583094
3191676415
3190629423
2621795774
3200337122
2963077057
3191778136
3202722060
2651725702
3185202812
3125685159
3065980711
3015670462
3074427279
3075670726
3198937580
2868718661
3190396322
2993784651
2432894459
3071997569
3172249153
3190942376
2905329202
2769805004
3179253283
2884723923
3199741626
3201763914
3199387140
3028103722
2780834422
2970007593
3066871064
3217969100
3074978264
3195394592
2970813852
2853535331
3079124495
3141095301
2980445746
2837660769
3200782650
2724809107
3101842808
3198045786
3057700102
3141153295
3126512243
2915222094
3022749255
3203803827
3202246117
3185016500
3201943626
3217393245
3195593290
2991602526
3082013450
2379308322
3087670558
3216405141
3182197136
2668190446
3148509176
2459240703
3221996424
3187535535
2899767532
3132814272
2879262433
3215378562
3088867074
2947007385
3151216380
2816496877
2822932714
2831318399
3140569515
3212651199
2650055394
3134624612
3063547883
3197054625
3192365204
2898557731
2739252034
2799639008
3112004696
3059168150
2420504148
3111136194
2713807097
2659931286
3080214242
3228118989
2847235845
3194806879
3224004765
2501091037
3220705483
3191695922
3216317587
3093418973
3181913096
2614310640
3064997680
2873338199
2931412393
2848065480
3229971910
3169024431
3074505803
3211052705
2950706704
2713026643
3220909999
2794791630
2936701219
2871388157
3001691179
3100068469
3208982955
2903184861
2608928750
3166950402
3165666469
3226453568
3243536877
3107934810
3139862101
3017038896
2763654381
2529836383
3174237427
3229483750
3063936178
3222677388
3233199791
3128466963
3190815611
3236186745
3040821335
2509574786
3122104930
3062660895
2609857702
3071703728
3242556602
3242385279
3223674150
2584609799
3023243328
2857485820
3240716459
3231638520
3098314139
2590377434
2980930918
3236226608
3202282565
3151978079
3197773168
2851968619
3169260245
3213823459
3241855674
2900207439
3246372533
2986436989
2662063072
3201043329
3208620440
2413570661
2877292006
3209763383
3228051786
2939902976
3225513215
2758100806
3256861274
3068361548
2836168488
3255205967
2900413844
3230459054
3211474084
2610927884
3244959585
3258187913
2912420645
3020062870
3166501353
3197270699
2374926788
2986210549
2748181529
3144698104
2680031912
2518421709
3015356076
2865729458
3254658612
2624544995
3162185296
2915426083
3135153705
3200217141
3227148575
3141242396
3030353284
2736054821
3267766757
3106209177
3152714403
3268738251
3257243038
3265008502
3169002647
3261668662
3156666813
3186086638
2843319295
3198446307
3218085810
3170609635
3187763648
3261931101
3230191657
3203574676
3166414421
3236729307
3215486552
3270593013
3250361386
3201716597
3077588104
3194638945
3243251390
3267484412
2899460710
2845390567
3272920860
2704199931
3194798324
2627105170
3062081776
3038253685
3269924074
3264929872
2947386627
3210905901
3107272136
2729073496
2998922105
3252455474
3108366703
2879241535
2549509797
3006205772
3091272223
2794943185
3098015998
3056306319
3197727186
2949468138
3281429070
3118225984
2825046615
3094998381
2697787928
3277933772
3122533505
2362243233
3251270435
3213297403
3151674975
3244255072
3281486085
2690677476
3004120411
2803177937
2918375299
3266977721
2668489940
3247687326
3160869825
3171190884
2831950912
3159565709
2890093742
3213102379
3145718799
3281069296
3265391986
2914853853
3082444294
2792097863
3269805725
3115007896
2951795746
2742886116
3134692016
3272017262
2610658823
3215105438
2543299912
3279001283
3267606090
3291958065
2881835589
2609175057
3160235013
2893413462
3272582565
3295590277
3136131549
3190519431
3275212692
3223931633
3148339787
3161089731
2809192282
2984031421
2567656985
3151672197
3294733999
2968553945
3097100992
3295502643
2776611590
2888163943
2462407402
2615129166
3265857699
3261778218
3297225610
2605568545
3232207370
3251771250
3030278551
3297335437
3274022007
2523059546
3153574687
3047405181
3214771392
3192494044
3299557060
3032424294
3218916709
3284810647
3216414295
3166443984
3278462635
3009333678
3195735988
3301334104
2911023716
3309329138
2823822330
3226041780
3304542420
3303115031
3218426021
2578837323
3168366895
2851466413
3301821866
3308741592
3302927398
3303843153
3228551397
3310250607
3264283554
3283346633
3305180461
2433106034
2560033826
3282473523
3267586485
2656283504
3245760270
3282767291
3308964764
3232442781
3232495576
3130329766
3280613452
3196521318
3163964046
3212193725
3288709340
3086312758
2381640720
3223769278
2888150324
3306195575
3129773561
3258729690
3302944510
3314608803
2541011561
3251548774
3131823434
3280245871
2652598969
3082282832
2536808103
3150433854
3274526563
3035881244
3233447458
3188017619
2835723679
3280391466
3019295648
3305034006
3231735210
3316223068
3318264933
3097354927
3236883681
3314649843
3283058963
3295236358
3251424718
3149712511
3028469847
3217551398
3187198490
3315852052
3129466034
2959864887
2975974858
3192911775
3252691262
2885168836
3176215173
2986122891
2703269612
3142452618
3281547398
2657150048
3175934812
3059038418
3251330929
3209840559
2826832152
3131238056
3078317435
3060690039
2377784117
3324662021
3183035903
3320646028
3278337371
3048372123
3196579521
2776844443
3017864037
3321687326
3199893195
2897496223
3306914736
3303906516
3249127670
2964344049
3321910179
2894387162
2820365230
3113922430
3325039015
3335302228
3301803420
2787815990
3251783088
3077422218
3190144526
3329723608
3308354416
3332502931
2635999188
3215146515
3327828417
3104179471
3317959220
3072648021
3003047237
3329089050
3313666955
3185376641
3248998418
2443562967
3310024942
3286189446
3332846380
3049813360
3310921076
3324631881
3314506726
3125099325
2991507045
3160159581
3329833323
2874977785
3294869037
2971961618
3208856105
3228868957
3051427179
3179816505
2991654944
2617633188
2907545288
2666326831
2945922473
3255720804
3289041728
3074405932
3342745559
3328255568
3067012621
2466830041
2359433329
2474154152
3267907435
3279725197
2552008985
3341311173
3109187942
2584248768
3323354415
3231234862
3027278203
3323738945
3092079634
3333672712
2945037510
2420325124
3324211777
2989623521
2737030741
3171003758
3346858621
3033254946
3349306745
2911569698
3196736955
3161535072
2979429985
3340701810
3126929289
2859689650
2668361092
3341386261
3346060887
2901359978
3122700205
3241926274
3308831242
3353416149
3331846492
3314649182
3285304232
2967863710
3357434778
2832701860
2929857004
3220286954
3312571801
3116375898
3298064155
2385356104
3244801435
3284554113
3096120190
2979476705
2879853948
3339691968
3354757307
3034630237
3341302475
3360427784
2805488284
2955460629
2663618614
2390051575
3016468065
3269926741
3354074061
3372579842
2914074347
3366430861
2857100236
3346918087
3177788009
3300296439
3144001535
3372231846
3084570261
3146373703
3287756649
3284722481
3174948136
2781558269
3159581258
3334443109
3200671493
3335359229
3366589681
3298788454
3380193584
3022272582
3172458966
2449319708
3360008425
3291290661
2887955891
3072796006
3322123023
2735525359
3319665622
2567022452
2976365930
2939895856
3092977881
3345218689
3271134897
2768395507
2799256073
3149550362
2671490785
3198888620
2968457494
3120872306
2694591226
2750271632
3373067779
3022415960
2790984246
3207885966
3125610498
2729344097
3371968099
2469671370
3388635628
3208121202
3169362362
3237668255
2916923242
3037279138
3208343180
3049743432
3295363727
3357600574
2734181751
3142806229
3373749267
2513786437
3206748640
3388080771
3188984143
2873939303
2443851691
3356633196
3030399424
3231881698
3063250691
3012815326
3301560949
2893041250
3352756110
3395027277
2550896202
2832824791
3145885086
3309345785
2666858750
3366568015
3397085165
2754939528
3174521865
3261707108
3238938695
3205163161
3390894176
2779832610
3397146107
2950902806
3376718765
3242749258
3390563825
3351053659
3148264494
3100323072
3230714930
3392516211
3394939416
3317763834
3383787009
3400817581
3237651175
3400267228
3379033114
3396786499
3289715659
3240142784
3382998214
3402480189
2649895227
2860428289
3142320819
3103615438
2792434711
3398500295
3378309016
3333866108
3089076508
3367844635
2677502398
3315737872
3390324042
3399684783
3032732875
2960287026
3142567502
2407329197
3146107834
3233099240
2480532927
3383607807
3399188408
3314792643
3058506458
3338666212
3125845628
3098861556
3144154654
3345316725
3151445113
3203085146
3357452656
3404373629
3212373862
3342841950
2883727942
2432560209
3405087150
3231522818
3331344155
3387521532
3388675488
2718096203
3203664620
2669160794
3405308505
3066479473
2834165524
3319802548
3159159282
3402352409
3259138018
3261133875
3159286041
3407572797
3376390854
3310885426
3260248637
3281326771
3369788295
3063398595
3224182849
3390809483
3197992406
3254765356
3006828521
3251518170
3219385548
3384122758
3242789873
3168887001
2973605271
2586935208
3060911546
3284699392
2722411664
2925938238
3208548354
2669126473
3254666658
2783903780
3389782700
3090270432
3334394893
3422098341
2619415370
3393777125
2817161059
2670030548
3259950367
3156045897
3017376678
3335422196
2655224548
3426796233
2669371824
3031596448
2801740004
3338720832
3404850484
3279499387
3428060543
3280260850
3304967542
2728287973
3362655843
3338223491
3153673363
3320041277
3387271690
3414972073
3414334335
2865413333
3058599910
3391951093
2602167892
3433658330
3432504402
2907955251
3131634870
2408415068
2739499332
3285998239
3420928063
3432896620
2676865434
2653201153
2445324604
2838054302
3408248133
2362894248
3219110925
2814816154
3183158481
3169059437
2941558519
3025397109
3271198962
3421574347
3011467728
3305166967
3345684107
3345908804
2659147580
3050520148
3016706924
2798835361
2897858836
2501827353
