2333672068
2333334064
2334912160
2334424217
2333671698
2334136431
2333855881
2335571038
2334423579
2335570220
2333855456
2334424321
2334776270
2334837283
2334136779
2335870827
2335104967
2335104478
2333334118
2336889404
2336095615
2336889404
2335065285
2334931513
2336889648
2336800510
2336198680
2337326933
2337852759
2337244912
2337060898
2338647025
2334128203
2336047403
2338504406
2338633926
2339223254
2337556573
2337365704
2340870125
2339928423
2339120777
2339934464
2337557094
2340897318
2341215425
2337608560
2341478922
2338304040
2337659946
2342551404
2341770732
2342307499
2341846833
2337916177
2342287973
2337820186
2337468759
2337853275
2341900783
2333333910
2339953729
2342752950
2336594567
2341591529
2337424999
2345172560
2346202605
2341382514
2338847104
2343430849
2340382195
2343585868
2345433319
2339751589
2347277905
2345933668
2347157757
2339752371
2333333779
2343256842
2347273159
2348868785
2333334288
2348345033
2346738602
2349285985
2343986484
2348991188
2349169345
2348137107
2347419422
2338114274
2347618226
2341356921
2344910993
2349633056
2338247848
2342147422
2350305366
2339796552
2351091035
2347930620
2350272245
2350892165
2352774057
2343878057
2347139100
2336710350
2335282576
2344233577
2340490961
2354005037
2343346237
2356157815
2342706187
2340694276
2356179218
2345049069
2353618538
2358733933
2354500749
2334240870
2345279993
2348526196
2358771173
2356019617
2358981817
2341170814
2351538312
2349150700
2344639559
2335282394
2341572074
2354335697
2359698277
2358908507
2355988445
2359633372
2350586420
2359937682
2359937868
2359534337
2352497571
2361359243
2350187744
2358575451
2334846704
2343778554
2363815952
2361665900
2361948800
2352877534
2359935406
2345596867
2353374705
2366501142
2363429707
2344009378
2347572902
2337649219
2363324451
2353732767
2369911028
2354507911
2369001609
2336320339
2365732600
2371204900
2344844147
2372084441
2348835057
2357330500
2356108034
2366852248
2359921031
2371235992
2372263234
2371090858
2373513352
2355939241
2349804093
2359563199
2375162321
2374431959
2355459813
2346590276
2347002970
2357908001
2337189886
2378000534
2346892982
2379143917
2376250609
2361314258
2339711016
2375991764
2377396361
2382378514
2375088756
2360442607
2380575446
2362284321
2378134344
2380589312
2361735143
2374082628
2381900191
2385060731
2383075964
2379908206
2377559960
2349244783
2387374224
2384558140
2345872598
2387990734
2385277692
2368317494
2353984934
2338411776
2366951807
2383038103
2365667975
2382267071
2389491299
2339164970
2386769009
2350628418
2385385127
2390497922
2358671461
2387731548
2372752165
2383283848
2391510422
2364304088
2368055267
2378453229
2369298828
2376606854
2388025363
2386717518
2386056445
2395141384
2392232121
2387084052
2356950009
2389217297
2396211646
2364344574
2380233177
2373951878
2373421954
2393971574
2393791328
2394790249
2375669375
2361389146
2396271261
2376250552
2352749615
2385609875
2400359397
2376027510
2377265655
2376424310
2402678363
2401281991
2391757634
2375684597
2401003563
2394806668
2355395565
2378692289
2397740013
2398915165
2402872424
2343485543
2360537778
2392152274
2402191293
2368675573
2397208215
2401823290
2401752456
2362506378
2405402653
2368814623
2402810654
2402659465
2399164453
2398926288
2369366956
2408133089
2407260526
2381084480
2361827486
2395624201
2378273623
2346768598
2379535772
2361827486
2397868664
2405000327
2398751263
2371260888
2349798221
2390399288
2362239285
2406825312
2343200254
2397397746
2401478023
2412410810
2360212484
2412411230
2379101358
2413503853
2374413848
2412351999
2413147193
2406130487
2343867583
2389480718
2415967447
2408848161
2345953351
2382339284
2402129191
2396982041
2423341466
2419316229
2374922714
2379693031
2381205457
2423723056
2390537127
2383510773
2422857103
2380493109
2392127255
2386639762
2392124814
2425087058
2374607173
2420746591
2385334385
2408996423
2429239390
2377208934
2379171137
2423875300
2366406291
2429515005
2377023962
2411499557
2382000454
2426747698
2411988205
2362733071
2415348475
2426730848
2392147115
2433730392
2411949664
2401957784
2431329140
2340417249
2431974424
2374479355
2395313463
2426274093
2433931042
2376667048
2363945263
2420471143
2422737959
2428148897
2345833556
2437973186
2424909698
2395775800
2393815532
2440272212
2426914191
2362589763
2436497741
2406978309
2437315366
2381393815
2390334669
2438614944
2393876940
2403004517
2405739717
2434501032
2352386445
2415781862
2445668540
2442138969
2371098507
2431746055
2420499500
2442224391
2396867767
2439746170
2391974088
