2333333777
2333334262
2334134150
2333334139
2334029729
2333333426
2334030145
2334830563
2334906296
2338620151
2334202165
2335716561
2337650568
2338432631
2338752128
2336844863
2338238746
2337423449
2337542799
2340592066
2335966434
2339321059
2334728819
2340738259
2340738695
2340112347
2341239026
2337964621
2336343934
2340837047
2346832405
2338519903
2346961599
2346740164
2347682975
2339057427
2344989577
2339811917
2338176820
2336078727
2348336171
2343022517
2346617601
2343667849
2338250269
2339299276
2346508761
2338973655
2353787037
2353017004
2350833437
2339559513
2337469741
2345460364
2352513977
2350855206
2350019968
2350820248
2348172649
2355072787
2340499074
2349000161
2355299752
2352074906
2352054360
2351737825
2348764052
2353560805
2338486781
2346212826
2355897640
2356154948
2347249074
2338486868
2358554013
2357430957
2358908365
2342622153
2353883822
2358552054
2361013097
2359888170
2362790660
2359800325
2347674770
2360306487
2346089835
2360588469
2350448180
2361463987
2361216839
2342011090
2347827964
2361539999
2363078098
2365234255
2362372270
2336610759
2345774510
2336083140
2359474362
2363478705
2345411509
2351996558
2365312895
2365621028
2360939041
2354672007
2364536339
2364434173
2365119944
2348765153
2367073391
2346067961
2356152045
2349797147
2367154880
2349797147
2349567558
2368808534
2342986501
2369575476
2365655754
2370386922
2367998778
2371325844
2374832793
2357982900
2352620109
2336471806
2375740496
2371839073
2374827375
2365623793
2374609686
2351283446
2376549693
2375567427
2363713266
2377052430
2376922481
2344103756
2360927747
2353805068
2342147717
2376325561
2372939017
2381974848
2379422107
2365002716
2379215779
2356436711
2357530941
2377044364
2354206723
2380071188
2382371739
2348160609
2358941938
2349944535
2373755346
2380639498
2349944390
2381428787
2362541646
2382105347
2371960292
2385331992
2359755110
2371962932
2364665446
2367509856
2342497416
2363055642
2358295451
2386894067
2389173750
2386845167
2383803178
2387425097
2360063705
2389289629
2390194724
2387606143
2390865916
2356407821
2387786038
2390357453
2392194860
2374181977
2362271887
2369122567
2364067077
2365480919
2383388162
2387702075
2394306273
2393679824
2350157079
2395156405
2393651302
2383148889
2364694390
2369070882
2392986033
2382232306
2398981668
2398206690
2398207051
2375975187
2368947945
2400753052
2369697913
2398613523
2368618954
2370661388
2392480064
2353235178
2401803384
2372748074
2373273268
2350646891
2402556246
2398702539
2398757886
2391201053
2396425433
2401656986
2403283803
2400783903
2374530118
2405531065
2396526267
2362319478
2387047614
2396997747
2407596678
2398111428
2374383916
2406547717
2358678115
2401333179
2401740095
2398905839
2405856319
2376821898
2341185281
2378023381
2398859110
2399685032
2378390521
2360804855
2367010878
2346462196
2387784957
2406840341
2369089669
2373280353
2410645866
2381889518
2345399718
2377663128
2411016544
2366143866
2385562032
2354181925
2402953417
2377548782
2411366310
2412429384
2382732134
2408501391
2380097524
2409765331
2349402281
2414792096
2387761349
2377736413
2414368968
2412011112
2377294331
2368249830
2382606105
2398310516
2409432322
2370389941
2412369476
2409694307
2371258736
2371258736
2379932783
2418297419
2407042061
2401227191
2415780264
2414301749
2417647245
2363079456
2422118092
2420820412
2393519742
2360964461
2423786001
2414418362
2399983415
2420695742
2392521932
2398190900
2386155071
2422122907
2337210943
2416664211
2422830495
2411602948
2351244020
2417617686
2375200176
2415898947
2387933396
2413087122
2429302910
2372106383
2390630609
2360854166
2407362471
2416047692
2373880196
2411098375
2373647484
2410450030
2418336061
2341123402
2351264145
2425439160
2346091269
2410356828
2371988977
2434041500
2435132194
2429986017
2420797574
2424447979
2412350526
2432807269
2360035149
2423400042
2408494151
2438483143
2435334094
2396257970
2439116054
2347333662
2439768284
2405898952
2364116252
2382301079
2410103157
2434341692
2437590546
2408303529
2410102932
2422219977
2432736168
2431432725
2437781962
2413311444
2368235529
2434112189
2436338748
2440516370
2439605260
2416085390
2427680476
2397950608
2428575844
2398841265
2439528507
2442378365
2436208603
2445770125
2442465983
2406477208
2370635030
2442528940
