2333333377
2333333344
2333333339
2333333344
2333333412
2333333353
2333333353
2333333403
2333333344
2333333377
2333333370
2333333377
2333333374
2333333349
2333333368
2333333377
2333333424
2333333353
2333333399
2333333366
2333333370
2333333400
2333333341
2333333344
2333333377
2333333400
2333333366
2333333339
2333333338
2333333339
2333333399
2333333349
2333333422
2333333344
2333333339
2333333333
2333333354
2333333334
2333333377
2333333377
2333333425
2333333358
2333333339
2333333344
2333333399
2333333334
2333333334
2333333370
2333333416
2333333399
2333333399
2333333354
2333333339
2333333377
2333333338
2333333339
2333333370
2333333339
2333333339
2333333416
2333333353
2333333333
2333333399
2333333410
2333333424
2333333339
2333333368
2333333358
2333333424
2333333339
2333333358
2333333379
2333333353
2333333370
2333333354
2333333399
2333333344
2333333399
2333333339
2333333344
2333333345
2333333373
2333333422
2333333337
2333333339
2333333354
2333333341
2333333336
2333333377
2333333399
2333333399
2333333422
2333333366
2333333399
2333333344
2333333349
2333333339
2333333344
2333333406
2333333344
2333333370
2333333377
2333333352
2333333354
2333333354
2333333338
2333333333
2333333345
2333333358
2333333358
2333333425
2333333353
2333333377
2333333374
2333333399
2333333344
2333333337
2333333344
2333333370
2333333349
2333333344
2333333344
2333333339
2333333344
2333333377
2333333377
2333333377
2333333416
2333333377
2333333344
2333333424
2333333339
2333333358
2333333344
2333333344
2333333399
2333333399
2333333377
2333333377
2333333358
2333333345
2333333386
2333333399
2333333344
2333333424
2333333424
2333333374
2333333339
2333333344
2333333344
2333333344
2333333344
2333333370
2333333366
2333333333
2333333370
2333333416
2333333429
2333333377
2333333353
2333333358
2333333358
2333333338
2333333344
2333333374
2333333341
2333333366
2333333412
2333333346
2333333399
2333333425
2333333346
2333333338
2333333344
2333333424
2333333339
2333333347
2333333405
2333333339
2333333358
2333333339
2333333366
2333333344
2333333344
2333333342
2333333344
2333333422
2333333424
2333333349
2333333339
2333333400
2333333377
2333333370
2333333377
2333333399
2333333424
2333333336
2333333399
2333333431
2333333342
2333333399
2333333339
2333333358
2333333344
2333333344
2333333339
2333333344
2333333399
2333333344
2333333353
2333333355
2333333353
2333333339
2333333353
2333333399
2333333354
2333333424
2333333344
2333333349
2333333405
2333333403
2333333399
2333333377
2333333358
2333333354
2333333353
2333333354
2333333377
2333333349
2333333400
2333333377
2333333344
2333333344
2333333339
2333333344
2333333344
2333333356
2333333355
2333333344
2333333344
2333333366
2333333425
2333333337
2333333399
2333333344
2333333338
2333333377
2333333334
2333333350
2333333386
2333333349
2333333345
2333333339
2333333425
2333333344
2333333390
2333333399
2333333399
2333333399
2333333336
2333333419
2333333399
2333333370
2333333377
2333333333
2333333366
2333333353
2333333399
2333333424
2333333344
2333333333
2333333344
2333333405
2333333353
2333333354
2333333344
2333333399
2333333370
2333333333
2333333344
2333333399
2333333344
2333333424
2333333338
2333333344
2333333424
2333333344
2333333424
2333333339
2333333370
2333333377
2333333344
2333333344
2333333429
2333333355
2333333390
2333333366
2333333399
2333333341
2333333353
2333333400
2333333370
2333333399
2333333338
2333333399
2333333344
2333333399
2333333358
2333333344
2333333353
2333333344
2333333354
2333333333
2333333399
2333333399
2333333377
2333333399
2333333353
2333333344
2333333355
2333333354
2333333374
2333333382
2333333354
2333333347
2333333377
2333333408
2333333354
2333333344
2333333377
2333333370
2333333410
2333333353
2333333341
2333333353
2333333353
2333333377
2333333344
2333333370
2333333338
2333333426
2333333370
2333333386
2333333399
2333333339
2333333338
2333333358
2333333344
2333333399
2333333377
2333333349
2333333377
2333333377
2333333370
2333333338
2333333335
2333333343
2333333377
2333333366
2333333377
2333333349
2333333353
2333333377
2333333424
2333333399
2333333337
2333333377
2333333364
2333333344
2333333370
2333333347
2333333370
2333333399
2333333337
2333333339
2333333424
2333333377
2333333424
2333333344
2333333399
2333333377
2333333333
2333333344
2333333399
2333333377
2333333370
2333333339
2333333370
2333333366
2333333339
2333333399
2333333431
2333333377
2333333353
2333333424
2333333377
2333333344
2333333399
2333333353
2333333347
2333333370
2333333424
2333333344
2333333399
2333333353
2333333377
2333333338
2333333370
2333333429
2333333358
2333333399
2333333339
2333333344
2333333355
2333333337
2333333338
2333333335
2333333425
2333333370
2333333399
2333333353
2333333344
2333333344
2333333374
2333333377
2333333338
2333333344
2333333377
2333333344
2333333370
2333333358
2333333344
2333333399
2333333349
2333333344
2333333411
2333333338
2333333358
2333333399
2333333344
2333333370
2333333377
2333333370
2333333334
2333333377
2333333424
2333333424
2333333412
2333333344
2333333358
2333333377
2333333399
2333333338
2333333344
2333333337
2333333399
2333333377
2333333374
2333333370
2333333344
2333333337
2333333399
2333333337
2333333344
2333333370
2333333344
2333333412
2333333366
2333333399
2333333353
2333333344
2333333422
2333333339
2333333422
2333333344
2333333341
2333333353
2333333370
2333333338
2333333399
2333333370
2333333356
2333333425
2333333347
2333333338
2333333341
2333333381
2333333333
2333333344
2333333344
2333333339
2333333355
2333333370
2333333336
2333333390
2333333333
2333333353
2333333370
2333333422
2333333344
2333333377
2333333370
2333333399
2333333344
2333333344
2333333339
2333333377
2333333352
2333333339
2333333399
2333333333
2333333339
2333333377
2333333377
2333333399
2333333424
2333333390
2333333347
2333333352
2333333333
2333333344
2333333358
2333333399
2333333399
2333333399
2333333338
2333333344
2333333377
2333333358
2333333349
2333333339
2333333353
2333333370
2333333349
2333333361
2333333338
2333333377
2333333425
2333333344
2333333344
2333333344
2333333366
2333333339
2333333339
2333333338
2333333344
2333333424
2333333344
2333333339
2333333354
2333333405
2333333344
2333333338
2333333377
2333333358
2333333353
2333333344
2333333399
2333333344
2333333348
2333333339
2333333337
2333333353
2333333339
2333333353
2333333334
2333333344
2333333353
2333333424
2333333377
2333333344
2333333400
2333333377
2333333400
2333333353
2333333338
2333333370
2333333344
2333333344
2333333399
2333333377
2333333344
2333333358
2333333370
2333333399
2333333343
2333333336
2333333400
2333333422
2333333377
2333333399
2333333399
2333333352
2333333336
2333333340
2333333399
2333333335
2333333358
2333333424
2333333353
2333333422
2333333377
2333333424
2333333399
2333333339
2333333358
2333333344
2333333347
2333333344
2333333370
2333333399
2333333349
2333333337
2333333377
2333333344
2333333353
2333333370
2333333374
2333333358
2333333353
2333333399
2333333364
2333333344
2333333399
2333333424
2333333399
2333333424
2333333370
2333333399
2333333392
2333333424
2333333344
2333333348
2333333377
2333333353
2333333405
2333333399
2333333344
2333333338
2333333358
2333333377
2333333424
2333333422
2333333425
2333333412
2333333424
2333333344
2333333353
2333333377
2333333347
2333333370
2333333370
2333333354
2333333377
2333333337
2333333344
2333333353
2333333338
2333333410
2333333358
2333333377
2333333344
2333333400
2333333429
2333333337
2333333355
2333333347
2333333425
2333333339
2333333377
2333333399
2333333358
2333333377
2333333381
2333333344
2333333344
2333333358
2333333337
2333333374
2333333399
2333333358
2333333349
2333333339
2333333424
2333333399
2333333358
2333333358
2333333358
2333333344
2333333344
2333333377
2333333422
2333333370
2333333366
2333333424
2333333353
2333333339
2333333347
2333333344
2333333422
2333333344
2333333333
2333333344
2333333424
2333333334
2333333424
2333333399
2333333344
2333333366
2333333344
2333333399
2333333374
2333333399
2333333344
2333333344
2333333419
2333333344
2333333377
2333333337
2333333344
2333333344
2333333337
2333333425
2333333344
2333333353
2333333355
2333333344
2333333377
2333333376
2333333354
2333333422
2333333366
2333333344
2333333358
2333333422
2333333344
2333333400
2333333370
2333333353
2333333424
2333333353
2333333339
2333333337
2333333405
2333333377
2333333349
2333333364
2333333366
2333333400
2333333377
2333333344
2333333333
2333333424
2333333399
2333333334
2333333353
2333333339
2333333410
2333333353
2333333399
2333333424
2333333370
2333333358
2333333353
2333333338
2333333353
2333333337
2333333339
2333333377
2333333344
2333333344
2333333393
2333333344
2333333377
2333333353
2333333377
2333333370
2333333358
2333333358
2333333338
2333333370
2333333358
2333333339
2333333422
2333333344
2333333337
2333333353
2333333399
2333333377
2333333399
2333333344
2333333355
2333333419
2333333424
2333333339
2333333365
2333333333
2333333377
2333333425
2333333386
2333333423
2333333344
2333333423
2333333366
2333333377
2333333353
2333333339
2333333355
2333333353
2333333338
2333333353
2333333377
2333333339
2333333344
2333333353
2333333344
2333333424
2333333399
2333333353
2333333344
2333333339
2333333353
2333333344
2333333399
2333333368
2333333358
2333333344
2333333366
2333333344
2333333358
2333333334
2333333339
2333333399
2333333422
2333333341
2333333344
2333333344
2333333353
2333333337
2333333424
2333333399
2333333422
2333333339
2333333344
2333333424
2333333424
2333333333
2333333399
2333333333
2333333333
2333333358
2333333354
2333333338
2333333377
2333333370
2333333350
2333333358
2333333399
2333333377
2333333344
2333333377
2333333370
2333333344
2333333344
2333333390
2333333353
2333333377
2333333412
2333333370
2333333335
2333333334
2333333358
2333333337
2333333424
2333333352
2333333416
2333333344
2333333358
2333333344
2333333358
2333333339
2333333377
2333333344
2333333344
2333333422
2333333353
2333333353
2333333399
2333333344
2333333366
2333333353
2333333339
2333333344
2333333337
2333333353
2333333424
2333333339
2333333399
2333333344
2333333399
2333333377
2333333335
2333333339
2333333422
2333333377
2333333377
2333333424
2333333358
2333333337
2333333339
2333333344
2333333399
2333333353
2333333344
2333333377
2333333344
2333333344
2333333424
2333333370
2333333399
2333333344
2333333377
2333333358
2333333370
2333333353
2333333370
2333333377
2333333399
2333333416
2333333358
2333333377
2333333339
2333333399
2333333366
2333333339
2333333338
2333333354
2333333377
2333333356
2333333386
2333333377
2333333344
2333333425
2333333344
2333333344
2333333353
2333333337
2333333337
2333333364
2333333423
2333333358
2333333339
2333333344
2333333406
2333333377
2333333347
2333333422
2333333354
2333333399
2333333344
2333333343
2333333344
2333333377
2333333425
2333333333
2333333333
2333333344
2333333377
2333333377
2333333377
2333333344
2333333399
2333333344
2333333399
2333333377
2333333350
2333333377
2333333347
2333333424
2333333356
2333333358
2333333399
2333333424
2333333353
2333333377
2333333377
2333333344
2333333353
2333333424
2333333349
2333333335
2333333344
2333333377
2333333399
2333333334
2333333399
2333333347
2333333424
2333333374
2333333343
