2333333344
2333333345
2333333345
2333333354
2333333345
2333333354
2333333345
2333333334
2333333345
2333333339
2333333335
2333333388
2333333363
2333333345
2333333345
2333333354
2333333354
2333333350
2333333343
2333333410
2333333345
2333333391
2333333335
2333333335
2333333345
2333333422
2333333339
2333333354
2333333345
2333333339
2333333388
2333333335
2333333335
2333333339
2333333339
2333333339
2333333339
2333333388
2333333345
2333333335
2333333335
2333333345
2333333354
2333333339
2333333339
2333333388
2333333370
2333333339
2333333335
2333333339
2333333379
2333333391
2333333354
2333333339
2333333356
2333333338
2333333388
2333333354
2333333424
2333333335
2333333354
2333333337
2333333366
2333333403
2333333335
2333333339
2333333339
2333333349
2333333354
2333333333
2333333414
2333333351
2333333367
2333333341
2333333339
2333333370
2333333339
2333333354
2333333339
2333333403
2333333345
2333333421
2333333391
2333333343
2333333339
2333333345
2333333345
2333333345
2333333379
2333333337
2333333388
2333333391
2333333334
2333333381
2333333350
2333333354
2333333388
2333333363
2333333345
2333333334
2333333335
2333333335
2333333337
2333333411
2333333350
2333333335
2333333354
2333333339
2333333335
2333333410
2333333404
2333333335
2333333345
2333333335
2333333363
2333333345
2333333335
2333333345
2333333339
2333333354
2333333339
2333333340
2333333379
2333333335
2333333354
2333333354
2333333354
2333333335
2333333354
2333333338
2333333345
2333333335
2333333345
2333333369
2333333338
2333333339
2333333335
2333333379
2333333339
2333333339
2333333388
2333333345
2333333404
2333333345
2333333345
2333333335
2333333341
2333333384
2333333337
2333333395
2333333354
2333333335
2333333345
2333333345
2333333339
2333333381
2333333345
2333333391
2333333339
2333333388
2333333335
2333333345
2333333339
2333333354
2333333335
2333333345
2333333345
2333333339
2333333339
2333333339
2333333339
2333333345
2333333349
2333333345
2333333414
2333333350
2333333354
2333333335
2333333341
2333333343
2333333354
2333333345
2333333384
2333333345
2333333335
2333333333
2333333384
2333333339
2333333385
2333333339
2333333388
2333333375
2333333354
2333333345
2333333345
2333333354
2333333384
2333333388
2333333385
2333333345
2333333343
2333333367
2333333384
2333333345
2333333345
2333333374
2333333350
2333333352
2333333367
2333333347
2333333335
2333333354
2333333354
2333333335
2333333388
2333333395
2333333395
2333333398
2333333345
2333333335
2333333384
2333333395
2333333339
2333333388
2333333345
2333333391
2333333352
2333333339
2333333343
2333333367
2333333354
2333333350
2333333335
2333333339
2333333354
2333333354
2333333345
2333333354
2333333338
2333333354
2333333391
2333333345
2333333340
2333333345
2333333335
2333333385
2333333339
2333333354
2333333384
2333333354
2333333345
2333333345
2333333388
2333333391
2333333384
2333333354
2333333333
2333333335
2333333375
2333333345
2333333343
2333333345
2333333366
2333333335
2333333391
2333333339
2333333345
2333333339
2333333354
2333333339
2333333345
2333333385
2333333370
2333333354
2333333337
2333333339
2333333339
2333333354
2333333345
2333333352
2333333338
2333333345
2333333345
2333333345
2333333379
2333333354
2333333335
2333333335
2333333345
2333333339
2333333370
2333333339
2333333335
2333333388
2333333342
2333333338
2333333391
2333333345
2333333345
2333333354
2333333352
2333333352
2333333335
2333333335
2333333414
2333333335
2333333345
2333333345
2333333339
2333333339
2333333335
2333333354
2333333338
2333333343
2333333369
2333333354
2333333345
2333333345
2333333345
2333333354
2333333345
2333333379
2333333335
2333333335
2333333335
2333333388
2333333369
2333333333
2333333352
2333333388
2333333391
2333333339
2333333335
2333333391
2333333347
2333333339
2333333339
2333333337
2333333345
2333333339
2333333339
2333333343
2333333343
2333333354
2333333395
2333333345
2333333345
2333333335
2333333399
2333333335
2333333391
2333333345
2333333342
2333333363
2333333339
2333333345
2333333424
2333333354
2333333354
2333333350
2333333337
2333333335
2333333345
2333333345
2333333339
2333333345
2333333339
2333333335
2333333345
2333333345
2333333354
2333333351
2333333339
2333333388
2333333335
2333333365
2333333339
2333333345
2333333339
2333333339
2333333354
2333333337
2333333339
2333333420
2333333388
2333333354
2333333345
2333333384
2333333349
2333333384
2333333345
2333333354
2333333354
2333333399
2333333354
2333333395
2333333335
2333333345
2333333345
2333333345
2333333343
2333333350
2333333339
2333333370
2333333345
2333333345
2333333379
2333333335
2333333335
2333333367
2333333339
2333333339
2333333338
2333333339
2333333381
2333333345
2333333384
2333333354
2333333388
2333333379
2333333339
2333333354
2333333345
2333333354
2333333345
2333333339
2333333345
2333333345
2333333379
2333333335
2333333391
2333333335
2333333354
2333333374
2333333363
2333333339
2333333388
2333333335
2333333375
2333333335
2333333391
2333333345
2333333345
2333333345
2333333335
2333333347
2333333335
2333333345
2333333345
2333333345
2333333354
2333333345
2333333335
2333333354
2333333335
2333333402
2333333339
2333333391
2333333339
2333333354
2333333339
2333333338
2333333374
2333333345
2333333345
2333333388
2333333367
2333333423
2333333354
2333333345
2333333344
2333333339
2333333344
2333333345
2333333345
2333333335
2333333352
2333333345
2333333345
2333333379
2333333384
2333333381
2333333345
2333333354
2333333345
2333333337
2333333363
2333333345
2333333345
2333333363
2333333354
2333333339
2333333339
2333333367
2333333334
2333333345
2333333421
2333333345
2333333367
2333333345
2333333339
2333333335
2333333392
2333333345
2333333339
2333333338
2333333345
2333333345
2333333354
2333333335
2333333335
2333333339
2333333388
2333333388
2333333354
2333333337
2333333339
2333333370
2333333379
2333333410
2333333352
2333333345
2333333345
2333333345
2333333384
2333333335
2333333354
2333333337
2333333345
2333333335
2333333337
2333333339
2333333335
2333333345
2333333388
2333333337
2333333379
2333333415
2333333384
2333333335
2333333335
2333333335
2333333398
2333333339
2333333335
2333333354
2333333335
2333333367
2333333338
2333333345
2333333345
2333333335
2333333345
2333333350
2333333384
2333333335
2333333345
2333333339
2333333388
2333333395
2333333339
2333333339
2333333369
2333333339
2333333388
2333333335
2333333345
2333333335
2333333364
2333333354
2333333335
2333333345
2333333373
2333333354
2333333354
2333333363
2333333354
2333333379
2333333354
2333333424
2333333335
2333333345
2333333391
2333333345
2333333358
2333333335
2333333385
2333333356
2333333367
2333333345
2333333354
2333333345
2333333345
2333333398
2333333335
2333333343
2333333352
2333333345
2333333335
2333333339
2333333370
2333333339
2333333339
2333333337
2333333367
2333333339
2333333345
2333333386
2333333339
2333333384
2333333345
2333333345
2333333345
2333333364
2333333388
2333333384
2333333345
2333333339
2333333354
2333333351
2333333335
2333333339
2333333345
2333333345
2333333339
2333333347
2333333335
2333333414
2333333379
2333333352
2333333339
2333333344
2333333367
2333333394
2333333379
2333333421
2333333345
2333333343
2333333339
2333333337
2333333337
2333333345
2333333384
2333333354
2333333335
2333333370
2333333354
2333333391
2333333345
2333333379
2333333345
2333333345
2333333345
2333333354
2333333410
2333333367
2333333345
2333333335
2333333335
2333333379
2333333345
2333333337
2333333345
2333333345
2333333345
2333333345
2333333424
2333333343
2333333345
2333333345
2333333345
2333333337
2333333351
2333333335
2333333335
2333333384
2333333354
2333333335
2333333354
2333333335
2333333345
2333333345
2333333350
2333333335
2333333345
2333333391
2333333354
2333333335
2333333339
2333333335
2333333343
2333333350
2333333339
2333333391
2333333354
2333333424
2333333349
2333333391
2333333335
2333333345
2333333339
2333333391
2333333345
2333333339
2333333339
2333333335
2333333339
2333333391
2333333345
2333333363
2333333354
2333333345
2333333351
2333333335
2333333334
2333333345
2333333345
2333333335
2333333335
2333333383
2333333363
2333333354
2333333354
2333333339
2333333349
2333333354
2333333357
2333333350
2333333350
2333333345
2333333379
2333333345
2333333354
2333333339
2333333354
2333333374
2333333345
2333333343
2333333384
2333333335
2333333335
2333333345
2333333384
2333333345
2333333388
2333333388
2333333354
2333333354
2333333354
2333333335
2333333339
2333333390
2333333358
2333333424
2333333339
2333333354
2333333345
2333333345
2333333391
2333333343
2333333339
2333333354
2333333354
2333333354
2333333354
2333333341
2333333335
2333333345
2333333339
2333333384
2333333335
2333333393
2333333424
2333333344
2333333339
2333333337
2333333335
2333333339
2333333379
2333333354
2333333391
2333333335
2333333345
2333333339
2333333339
2333333345
2333333345
2333333345
2333333335
2333333354
2333333384
2333333388
2333333345
2333333345
2333333354
2333333349
2333333345
2333333345
2333333388
2333333383
2333333383
2333333335
2333333335
2333333337
2333333335
2333333345
2333333335
2333333384
2333333339
2333333339
2333333424
2333333335
2333333415
2333333354
2333333335
2333333345
2333333335
2333333335
2333333345
2333333339
2333333339
2333333335
2333333345
2333333391
2333333414
2333333345
2333333339
2333333379
2333333345
2333333384
2333333343
2333333379
2333333345
2333333345
2333333335
2333333342
2333333339
2333333339
2333333339
2333333345
2333333349
2333333345
2333333335
2333333354
2333333354
2333333339
2333333354
2333333354
2333333370
2333333335
2333333345
2333333335
2333333335
2333333424
2333333354
2333333337
2333333339
2333333337
2333333335
2333333339
2333333338
2333333388
2333333345
2333333345
2333333354
2333333384
2333333379
2333333345
2333333379
2333333354
2333333334
2333333335
2333333391
2333333345
2333333339
2333333335
2333333370
2333333388
2333333354
2333333347
2333333345
2333333335
2333333335
2333333335
2333333349
2333333345
2333333370
2333333335
2333333335
2333333335
2333333381
2333333367
2333333388
2333333430
2333333339
2333333337
2333333354
2333333333
2333333343
2333333345
2333333335
2333333339
2333333398
2333333334
2333333363
2333333349
2333333335
2333333345
2333333350
2333333385
2333333403
2333333345
2333333345
2333333339
2333333345
2333333363
2333333391
2333333339
2333333339
2333333339
2333333391
2333333335
2333333354
2333333354
2333333345
2333333335
2333333398
2333333347
2333333339
2333333345
2333333349
2333333354
2333333354
2333333345
2333333345
2333333345
2333333339
2333333424
2333333354
2333333345
2333333339
2333333379
2333333345
2333333349
2333333345
2333333335
2333333335
2333333421
2333333343
2333333345
2333333414
2333333339
2333333394
2333333345
2333333345
2333333345
2333333339
2333333354
2333333349
2333333335
2333333345
2333333390
2333333369
2333333345
2333333347
2333333345
2333333379
2333333345
2333333354
2333333335
2333333337
2333333339
2333333339
2333333399
2333333421
2333333345
2333333345
2333333335
2333333335
2333333354
2333333345
2333333391
2333333354
2333333348
2333333357
2333333421
2333333339
2333333339
2333333422
2333333388
2333333344
2333333334
2333333335
2333333367
2333333339
2333333335
2333333345
2333333345
2333333388
2333333335
