2333333369
2333333336
2333333348
2333333351
2333333380
2333333366
2333333383
2333333336
2333333336
2333333342
2333333385
2333333425
2333333425
2333333388
2333333369
2333333385
2333333369
2333333354
2333333425
2333333388
2333333351
2333333376
2333333380
2333333364
2333333336
2333333383
2333333345
2333333345
2333333366
2333333335
2333333336
2333333336
2333333380
2333333335
2333333335
2333333410
2333333376
2333333385
2333333337
2333333336
2333333336
2333333345
2333333345
2333333345
2333333340
2333333333
2333333410
2333333334
2333333380
2333333369
2333333349
2333333378
2333333352
2333333410
2333333336
2333333418
2333333374
2333333338
2333333336
2333333336
2333333353
2333333354
2333333369
2333333344
2333333380
2333333336
2333333345
2333333336
2333333336
2333333425
2333333336
2333333369
2333333336
2333333380
2333333380
2333333369
2333333410
2333333336
2333333394
2333333353
2333333380
2333333336
2333333364
2333333352
2333333380
2333333333
2333333366
2333333349
2333333345
2333333359
2333333350
2333333425
2333333335
2333333380
2333333335
2333333348
2333333380
2333333410
2333333336
2333333369
2333333371
2333333336
2333333425
2333333336
2333333380
2333333352
2333333359
2333333410
2333333336
2333333345
2333333342
2333333369
2333333425
2333333335
2333333350
2333333410
2333333336
2333333336
2333333343
2333333369
2333333346
2333333345
2333333388
2333333336
2333333337
2333333333
2333333380
2333333376
2333333385
2333333380
2333333369
2333333348
2333333376
2333333369
2333333369
2333333410
2333333369
2333333333
2333333350
2333333371
2333333354
2333333352
2333333345
2333333352
2333333341
2333333346
2333333364
2333333353
2333333369
2333333380
2333333336
2333333336
2333333342
2333333350
2333333333
2333333385
2333333410
2333333410
2333333393
2333333336
2333333336
2333333335
2333333380
2333333345
2333333343
2333333336
2333333410
2333333393
2333333349
2333333369
2333333336
2333333376
2333333410
2333333349
2333333350
2333333335
2333333369
2333333369
2333333369
2333333425
2333333410
2333333388
2333333366
2333333374
2333333345
2333333337
2333333359
2333333380
2333333410
2333333380
2333333351
2333333343
2333333345
2333333353
2333333360
2333333385
2333333334
2333333410
2333333393
2333333410
2333333336
2333333337
2333333410
2333333369
2333333345
2333333410
2333333410
2333333336
2333333369
2333333380
2333333380
2333333376
2333333352
2333333336
2333333410
2333333410
2333333380
2333333410
2333333380
2333333345
2333333380
2333333333
2333333335
2333333333
2333333336
2333333333
2333333369
2333333336
2333333388
2333333370
2333333410
2333333336
2333333393
2333333336
2333333333
2333333345
2333333380
2333333376
2333333349
2333333347
2333333336
2333333380
2333333410
2333333336
2333333380
2333333350
2333333356
2333333380
2333333333
2333333336
2333333380
2333333388
2333333346
2333333345
2333333369
2333333335
2333333369
2333333410
2333333380
2333333338
2333333410
2333333354
2333333364
2333333336
2333333354
2333333425
2333333336
2333333349
2333333410
2333333378
2333333360
2333333388
2333333351
2333333412
2333333333
2333333352
2333333406
2333333410
2333333380
2333333410
2333333337
2333333380
2333333354
2333333388
2333333418
2333333345
2333333369
2333333380
2333333363
2333333352
2333333335
2333333410
2333333380
2333333410
2333333336
2333333333
2333333336
2333333410
2333333383
2333333369
2333333380
2333333335
2333333354
2333333410
2333333369
2333333352
2333333369
2333333369
2333333336
2333333336
2333333366
2333333336
2333333369
2333333336
2333333410
2333333335
2333333410
2333333389
2333333410
2333333369
2333333385
2333333380
2333333333
2333333388
2333333337
2333333410
2333333354
2333333366
2333333336
2333333333
2333333425
2333333416
2333333369
2333333336
2333333354
2333333369
2333333336
2333333369
2333333369
2333333350
2333333366
2333333336
2333333366
2333333336
2333333425
2333333369
2333333410
2333333366
2333333336
2333333369
2333333336
2333333354
2333333336
2333333336
2333333349
2333333410
2333333336
2333333388
2333333369
2333333352
2333333380
2333333364
2333333336
2333333410
2333333351
2333333335
2333333410
2333333369
2333333410
2333333344
2333333336
2333333425
2333333336
2333333340
2333333366
2333333366
2333333352
2333333425
2333333336
2333333347
2333333366
2333333380
2333333352
2333333336
2333333366
2333333369
2333333336
2333333351
2333333380
2333333336
2333333354
2333333410
2333333335
2333333366
2333333345
2333333337
2333333353
2333333369
2333333333
2333333369
2333333366
2333333406
2333333350
2333333336
2333333380
2333333364
2333333369
2333333333
2333333380
2333333380
2333333410
2333333380
2333333425
2333333410
2333333336
2333333376
2333333336
2333333353
2333333349
2333333380
2333333349
2333333344
2333333352
2333333336
2333333410
2333333336
2333333410
2333333350
2333333410
2333333345
2333333376
2333333369
2333333351
2333333425
2333333336
2333333380
2333333359
2333333369
2333333369
2333333425
2333333346
2333333353
2333333351
2333333336
2333333410
2333333378
2333333350
2333333380
2333333385
2333333352
2333333410
2333333352
2333333385
2333333336
2333333345
2333333380
2333333336
2333333336
2333333376
2333333410
2333333425
2333333354
2333333369
2333333380
2333333336
2333333345
2333333349
2333333410
2333333380
2333333336
2333333346
2333333334
2333333369
2333333380
2333333369
2333333336
2333333349
2333333339
2333333410
2333333369
2333333351
2333333427
2333333410
2333333350
2333333336
2333333376
2333333369
2333333352
2333333336
2333333380
2333333385
2333333425
2333333369
2333333348
2333333359
2333333335
2333333345
2333333376
2333333369
2333333388
2333333347
2333333376
2333333383
2333333385
2333333350
2333333335
2333333369
2333333338
2333333380
2333333351
2333333369
2333333380
2333333345
2333333410
2333333350
2333333352
2333333410
2333333350
2333333366
2333333350
2333333354
2333333380
2333333336
2333333345
2333333336
2333333410
2333333382
2333333335
2333333369
2333333410
2333333376
2333333345
2333333352
2333333336
2333333380
2333333351
2333333336
2333333369
2333333349
2333333334
2333333425
2333333369
2333333353
2333333410
2333333333
2333333366
2333333410
2333333336
2333333342
2333333369
2333333336
2333333352
2333333350
2333333376
2333333349
2333333425
2333333353
2333333425
2333333380
2333333345
2333333410
2333333380
2333333333
2333333351
2333333410
2333333345
2333333354
2333333333
2333333380
2333333376
2333333345
2333333410
2333333369
2333333380
2333333369
2333333385
2333333410
2333333345
2333333336
2333333352
2333333345
2333333371
2333333410
2333333410
2333333388
2333333335
2333333425
2333333410
2333333336
2333333336
2333333369
2333333354
2333333345
2333333336
2333333380
2333333369
2333333350
2333333369
2333333344
2333333369
2333333366
2333333354
2333333380
2333333336
2333333366
2333333335
2333333347
2333333342
2333333352
2333333366
2333333352
2333333425
2333333339
2333333345
2333333366
2333333360
2333333344
2333333333
2333333352
2333333350
2333333366
2333333356
2333333363
2333333369
2333333380
2333333336
2333333364
2333333385
2333333425
2333333376
2333333380
2333333345
2333333336
2333333348
2333333353
2333333352
2333333337
2333333369
2333333380
2333333345
2333333388
2333333380
2333333333
2333333336
2333333354
2333333369
2333333380
2333333369
2333333335
2333333388
2333333340
2333333336
2333333369
2333333336
2333333336
2333333369
2333333354
2333333350
2333333376
2333333388
2333333336
2333333410
2333333376
2333333352
2333333369
2333333425
2333333410
2333333359
2333333425
2333333335
2333333336
2333333366
2333333334
2333333385
2333333345
2333333376
2333333336
2333333359
2333333347
2333333406
2333333410
2333333425
2333333336
2333333369
2333333410
2333333350
2333333410
2333333376
2333333369
2333333364
2333333345
2333333412
2333333410
2333333336
2333333348
2333333345
2333333335
2333333345
2333333350
2333333335
2333333336
2333333388
2333333384
2333333336
2333333354
2333333341
2333333410
2333333383
2333333347
2333333380
2333333369
2333333410
2333333410
2333333380
2333333344
2333333380
2333333341
2333333335
2333333349
2333333366
2333333352
2333333354
2333333336
2333333342
2333333353
2333333352
2333333369
2333333380
2333333344
2333333353
2333333335
2333333336
2333333380
2333333349
2333333369
2333333345
2333333380
2333333352
2333333388
2333333334
2333333336
2333333345
2333333349
2333333354
2333333336
2333333338
2333333374
2333333388
2333333352
2333333345
2333333369
2333333388
2333333369
2333333333
2333333336
2333333366
2333333380
2333333369
2333333335
2333333336
2333333340
2333333369
2333333333
2333333336
2333333366
2333333333
2333333362
2333333341
2333333369
2333333380
2333333369
2333333384
2333333345
2333333428
2333333345
2333333425
2333333345
2333333369
2333333412
2333333425
2333333342
2333333380
2333333410
2333333336
2333333345
2333333347
2333333336
2333333369
2333333336
2333333336
2333333352
2333333356
2333333336
2333333388
2333333369
2333333410
2333333388
2333333410
2333333364
2333333350
2333333369
2333333335
2333333410
2333333369
2333333354
2333333356
2333333335
2333333345
2333333380
2333333369
2333333348
2333333354
2333333359
2333333333
2333333410
2333333376
2333333366
2333333335
2333333345
2333333369
2333333336
2333333383
2333333354
2333333336
2333333380
2333333345
2333333410
2333333369
2333333410
2333333335
2333333345
2333333380
2333333369
2333333333
2333333336
2333333354
2333333410
2333333333
2333333335
2333333354
2333333380
2333333345
2333333336
2333333350
2333333366
2333333352
2333333385
2333333353
2333333336
2333333380
2333333425
2333333369
2333333410
2333333345
2333333410
2333333336
2333333369
2333333336
2333333346
2333333336
2333333335
2333333351
2333333388
2333333412
2333333333
2333333333
2333333336
2333333380
2333333369
2333333376
2333333380
2333333369
2333333366
2333333425
2333333418
2333333333
2333333369
2333333369
2333333336
2333333410
2333333388
2333333388
2333333348
2333333345
2333333380
2333333336
2333333380
2333333412
2333333412
2333333399
2333333388
2333333380
2333333345
2333333410
2333333335
2333333345
2333333369
2333333410
2333333340
2333333336
2333333352
2333333380
2333333336
2333333354
2333333350
2333333336
2333333369
2333333364
2333333333
2333333369
2333333334
2333333336
2333333350
2333333410
2333333410
2333333388
2333333349
2333333380
2333333425
2333333366
2333333351
2333333343
2333333352
2333333345
2333333369
2333333352
2333333354
2333333380
2333333364
2333333410
2333333345
2333333410
2333333425
2333333336
2333333336
2333333337
2333333336
2333333380
2333333341
2333333336
2333333388
2333333350
2333333336
2333333425
2333333336
2333333369
2333333393
2333333351
2333333380
2333333376
2333333333
2333333369
2333333366
2333333345
2333333422
2333333425
2333333410
2333333345
2333333410
2333333366
2333333351
2333333336
2333333346
2333333369
2333333385
2333333352
2333333380
2333333337
2333333369
2333333352
2333333422
2333333380
2333333333
2333333364
2333333345
2333333380
2333333338
2333333336
2333333425
2333333339
2333333342
2333333410
2333333356
2333333351
2333333366
2333333380
2333333336
2333333380
2333333369
2333333369
2333333345
2333333352
2333333345
2333333362
2333333410
2333333336
2333333388
2333333410
2333333337
2333333335
