15
216
71
188
196
267
310
144
294
159
375
296
359
225
378
298
86
472
728
485
693
759
756
347
468
391
803
411
647
857
900
826
618
965
885
410
912
667
198
940
746
912
905
1090
805
848
964
1130
890
370
1086
1299
1281
1421
1168
1378
1106
1060
1196
32
1136
124
1608
1441
1697
1213
1852
1151
1342
424
1271
1072
563
1859
554
1065
1471
515
1354
1614
2067
2321
1025
1600
1614
1647
1325
2327
1715
2028
1685
2307
684
189
1630
268
1434
2158
2495
1906
2574
2655
2510
1875
2433
2690
1996
2667
1804
2263
2162
1819
2643
197
1716
3158
2330
2920
1728
2892
2197
2278
2818
2278
985
292
1483
3334
1897
2667
3026
3123
2938
2631
3326
1576
3226
1955
3769
3526
910
3085
2797
1122
2957
2795
1179
2807
2298
978
1885
3425
3910
3194
3178
2945
3429
3758
2687
3216
3239
4020
3433
4645
3437
1337
1935
4214
1954
4669
3681
1302
3916
4660
4598
3690
4519
3400
4417
3391
3559
4956
4252
1372
5131
4725
5019
2660
4024
4394
4520
3542
5472
4701
2521
4443
2932
4946
4749
1594
5397
4327
4449
5269
5348
4966
2989
5439
5071
5322
4787
1208
4778
4677
4856
5052
2876
3115
528
5420
2081
3294
5421
5445
1950
2890
1525
6267
6389
6363
6328
1058
5945
6043
3351
6019
6166
6841
6657
6743
6738
5462
2222
6508
5447
5862
6220
6441
6353
7277
2733
6579
7482
6804
6396
7430
7404
7340
6894
5710
7585
1844
4505
503
7117
6803
6278
7367
5646
7694
2237
7566
8016
7548
7573
7921
6890
2783
8188
4324
7825
7780
1012
2278
7723
3241
408
7663
1385
7929
7431
4833
6146
5085
6618
8791
3567
7880
7971
7870
5805
7508
8950
5915
7419
9135
8033
1150
8356
2106
5186
8486
4434
9134
8532
9152
8925
8007
5321
1090
9019
8977
8547
8168
9276
9005
8601
6989
5055
7829
8183
2272
7068
7877
7982
5760
8782
8411
8653
8129
8823
8703
7510
9013
8416
9701
8176
9755
9800
9092
8404
9010
7652
9959
8645
8232
2606
9319
2371
6912
8670
3009
8863
1851
10113
9832
5577
9669
10346
4947
6079
2022
2553
7789
10467
7475
7744
8919
9107
9702
10011
5733
10054
5868
9275
9906
9874
10691
10385
9315
10365
10767
5429
9721
9549
9509
10306
9700
7244
3140
874
10923
3865
5696
7381
1043
1938
10276
10866
11054
6187
10351
9818
7274
4441
2034
9896
6336
9301
11005
10308
8001
9821
7077
8823
8646
10569
20
7612
7643
11148
9571
11565
5198
2766
10893
9978
6428
10366
10899
10344
6445
10090
10848
7570
5040
10228
10635
10651
10607
11901
8662
8557
5351
6220
10513
9410
11719
10902
11937
8904
3591
9427
9875
5523
11688
10246
9078
10796
7059
12074
11358
10994
11311
11152
12177
10905
3864
12171
11567
11912
12304
12402
12417
11868
7614
6057
9743
12231
5446
3483
11725
3044
10132
9812
5877
12200
12783
9413
12369
4679
10361
7979
12840
361
11907
11971
2138
3094
12894
5741
7310
13012
10159
13872
11932
11424
9296
9881
12245
10085
13094
11521
13333
7750
13450
13958
8761
5556
13019
13305
13891
5489
7694
12975
13107
9683
14340
12136
13850
1537
11357
13305
12831
12871
10306
14197
13344
14301
12328
14204
652
12919
3211
8536
2231
13216
10434
9118
5609
11415
9071
10352
14866
13831
13898
14624
11465
9647
10172
14648
10731
7319
5844
14276
13047
13144
13611
12981
13518
9256
14780
14379
11454
13383
7533
8602
9494
11394
15236
11475
12866
13826
11110
8583
15296
13434
14159
12366
14420
3185
260
15265
3512
13084
14702
13020
9850
2940
6286
10915
12370
11056
7601
15361
15288
10435
1406
2561
15451
14781
15992
11156
1508
15501
10132
9478
10566
10725
8137
15150
15091
15362
14799
16381
16478
15000
1239
14953
13323
16066
11107
9056
696
6109
988
15424
5681
15355
3682
17691
17552
13483
1350
16274
11719
17242
16890
14512
11775
4184
15320
15497
14643
16104
16747
15806
16127
17188
16222
17798
17773
7306
6356
18240
14701
14842
9963
16539
6819
1868
12060
17815
17595
17991
17752
18615
13309
8691
18564
16114
11663
5038
11902
16385
10920
18245
13012
14689
11290
17628
17537
10900
16997
12820
1144
18391
14504
2383
16597
15000
17108
18211
13132
17211
12117
18566
18390
18008
19338
9716
18556
18498
4686
7063
19284
18773
14861
17076
6708
1459
17424
3757
19557
19526
12245
19430
12273
18893
13560
-1
17812
19961
1793
10251
13353
18005
19987
18315
4486
19538
7285
13921
11835
13185
20094
19561
11143
20198
15746
18249
11702
17334
17308
18647
18217
13184
18016
4703
13385
18667
4885
7969
19604
20526
13138
18168
15776
18701
15343
20026
20095
20284
9506
20051
4265
9573
19514
18604
12330
1603
2377
14832
20924
16037
21409
15352
15327
20661
18971
19414
16112
20997
15131
19001
20941
14701
14813
20131
18426
20390
19379
21555
20723
14728
3676
20744
19970
19178
13821
21217
17898
20453
13147
21311
21322
21424
20950
19372
20035
19270
17455
19614
19013
19656
13666
5836
2429
19912
13563
10996
18633
19597
20952
16960
21320
20932
17421
17417
437
16823
14530
12097
12000
21516
7440
20466
4671
3193
18391
6151
4995
20331
21661
16462
584
14722
22585
12687
19818
20535
22355
20041
22576
17728
22962
17645
22120
19585
16640
15406
19787
21842
19078
5004
20418
20596
18246
20584
15365
9389
22655
6058
23019
22548
16209
20678
22478
15913
3418
16330
23410
22770
21141
21292
20887
22721
17629
6366
20027
13296
23517
23283
20851
19391
22551
14811
10568
21713
21361
17177
23745
23018
16738
23863
18483
6232
22011
18944
24065
19209
23920
10369
19642
21918
7030
3133
20584
22274
23991
21802
23630
17218
15400
23883
1363
21906
3012
23881
21077
19492
14590
21749
24487
18014
22659
2980
14999
23628
25355
18919
22438
17376
13126
16321
22097
13900
6985
21402
23875
24269
23128
23997
16782
22816
20844
10323
25005
17783
25408
20219
14546
17362
10693
25198
21355
14790
25996
22957
22073
24823
25542
22621
23255
10892
18031
16022
17603
20450
25792
14013
23457
3532
23481
23400
25426
14798
2169
22563
19631
20409
19018
25464
2100
23799
9974
20886
24779
7870
12923
23662
18567
24531
14196
16599
26477
24172
5580
26257
18422
24728
26792
16198
25671
26558
23883
16793
20975
27270
14804
27030
19001
17046
26706
15030
27461
24585
26162
24697
27151
18880
25971
25446
19302
15051
25512
7367
23546
11962
25273
21736
26708
27663
26613
14791
20217
23887
21665
11516
27288
27594
17372
20957
25490
26567
26941
19252
10025
26291
25745
19218
23083
5958
24619
25748
27684
17452
19588
18395
23127
26487
27358
16296
25870
16641
28194
26703
22379
25877
26744
22352
10749
25662
21158
22939
25701
19991
22828
28263
27718
27488
23380
27497
5225
28388
28522
28991
29193
26375
22872
25765
16060
24687
26594
26833
3715
15633
29372
23789
10731
25536
26610
22205
24520
16303
26237
16340
25907
3386
28207
16675
3840
29290
27649
29415
24260
25148
27395
26516
26430
29099
26348
16592
27083
27027
16495
28119
26647
26726
11951
16179
29181
3678
17172
27175
27005
30591
21960
24581
9133
29697
27519
17512
30235
26489
27759
3845
30750
17652
3435
28418
21785
27779
18479
28237
30842
14053
30089
29354
30251
30840
31183
10998
27551
28367
29590
23263
31305
31357
17781
30236
29970
30354
31422
28488
30862
8388
28500
28386
25197
26575
30330
31784
22434
29729
28680
20236
27635
11289
31193
3338
2845
31326
27193
29128
29190
28719
3706
17651
28707
30702
21285
31837
31272
27762
32360
30581
26921
32501
29938
32372
10957
25354
17184
32111
15296
31941
3539
27755
32359
31280
19554
32249
5608
31606
19711
31508
6201
26653
32546
30735
31792
29476
17332
31779
10487
32409
25643
29082
20660
31574
29099
32699
30853
29890
25695
23104
18153
13633
19584
11381
26863
29136
2759
32281
29626
4841
33921
377
19015
24341
30642
25135
31150
13022
18038
29070
11578
29997
18507
33509
20124
30270
30247
30258
31593
30208
31687
29383
21809
30158
9270
31442
30404
18627
21762
22761
24851
33190
33196
21921
33180
25621
34117
1441
34211
26047
31422
31112
30293
23516
30785
30053
22549
18882
31707
33068
29408
32464
25569
34523
14429
18622
34216
31263
30798
16182
25527
31046
21658
34078
31077
22980
31178
24090
3951
9250
32055
27896
34027
30697
35431
19601
32441
25536
18630
33556
33687
25216
34482
33713
8711
19797
33568
31687
34900
32630
33855
28604
34722
32707
22028
32006
4102
8444
10545
30904
30198
34964
10876
16744
35074
19328
11673
33769
34812
4561
34500
35132
29783
32152
36016
33482
25924
35247
35473
28793
32823
26928
14071
31118
23665
32082
31216
27080
28931
35583
27616
8594
34316
35166
14492
34725
35026
5040
34392
36845
26732
36107
4981
33205
36705
29425
33290
28755
35460
14465
36232
33033
32620
36177
19725
33452
28241
11908
32958
31789
27248
35453
35880
35387
27999
34463
8753
33541
35970
35780
37453
37002
11527
20045
32166
36392
37558
33116
37855
32775
9087
26225
15996
34106
38183
37398
37075
30614
24209
6762
33908
34261
36527
31677
30804
16745
7144
22886
15754
35225
27161
37575
30821
13981
26613
34804
34732
17698
39192
2546
26936
27826
23486
17799
36642
12653
6509
38603
29829
26866
12277
34747
31313
35117
39523
20899
38243
38459
35988
26760
35396
33770
38706
30057
37075
38940
37315
8852
39039
28383
38891
35160
33972
36246
37753
37623
3524
39221
22844
38874
38799
35446
36582
23018
35702
34626
39900
39806
35387
37755
31634
37833
38762
39383
9140
34341
28557
1957
38699
39454
35591
34411
34625
40803
22164
-1
37815
24077
35952
26255
36391
38879
24061
29788
39736
27980
34605
36429
33775
39695
28111
30776
22203
40184
34579
37295
41234
23369
14927
36171
15015
41166
7266
30543
38001
37316
11191
26228
21429
30772
40953
41019
15424
15569
36409
40401
29974
25607
30283
33331
33159
31456
40071
4828
34894
36751
41422
41798
24326
40976
38032
41147
34024
1110
41017
11378
7406
29732
38412
11122
41975
38437
41499
38255
41275
35982
39394
38096
22415
38839
42705
41997
42009
27096
43142
43898
40408
17428
34679
32319
42945
40559
44109
39665
24988
44113
39114
36149
20408
17897
24327
39136
32406
42197
39475
40300
35039
19116
44596
35583
39571
29455
44812
37906
34523
43566
44656
24593
39568
39850
38970
41507
37052
43049
38176
34426
45217
37933
45288
40094
-1
21594
29363
44515
31544
28937
6204
38611
45822
29064
22711
35693
2718
40173
40445
38546
12045
24675
31186
31311
44523
45983
38616
37978
25793
42569
44120
44264
42084
39215
46487
40858
46568
25822
30460
34088
26126
43505
43528
46528
46790
39756
32799
35097
46547
37021
21241
27814
34489
45632
46940
4783
41045
35008
46562
20205
40745
34276
39306
41873
21243
42050
42506
20126
22340
45276
26179
47513
42022
45262
42048
47169
37443
44999
42841
36525
36963
43536
17477
7739
36975
45800
5190
9185
42486
39863
44579
10854
33542
17112
33132
47531
46520
18390
34780
46164
45739
45392
31632
43485
42713
31237
39876
46240
31809
26187
47757
42476
31526
39618
7786
47398
41607
6130
45973
31544
40265
32751
46236
47236
47241
42961
47018
42954
46359
25858
43516
38587
44552
48449
47705
27526
47721
45749
14957
31056
27068
48351
48702
39125
6186
45009
33269
29099
15444
43391
38880
49032
24575
44759
20916
43725
41928
45408
39132
28337
41979
48165
19625
45762
44093
42167
47671
44239
42775
44261
27578
47257
18010
10449
44861
35196
18347
43967
18003
49377
46106
40984
48459
44605
44720
33701
44685
50014
18611
49169
48346
4494
49528
39515
46974
41943
40207
46979
49046
50473
21728
45365
50236
45589
30642
33432
46254
41109
31315
34130
40082
31898
39395
47475
37967
50424
46731
36066
50702
39678
39889
49555
48639
49983
43383
49853
45201
52049
6017
51990
50302
37030
46460
45836
40754
48641
52276
50080
50557
40584
51281
50927
38930
20996
46684
50964
27488
40755
50813
36009
41878
44117
48130
26920
40240
51469
52467
43184
47539
51870
47558
28112
24973
50755
33248
22386
35887
41798
45926
47504
51222
45241
39458
40761
51168
52158
40296
50466
50688
7243
30151
18871
51233
44035
42044
45898
7032
42522
40460
48345
45433
52619
20656
51536
51718
47455
6154
25970
45122
39196
21424
50687
51092
40523
51809
48202
42128
42073
47324
48223
53608
45811
47838
33537
9997
42091
53655
48075
41702
29709
42894
53375
53149
20860
52847
54499
46131
42924
49625
36501
46978
37152
49482
40867
3262
50204
41310
11134
53693
40932
52533
49891
32758
31407
46365
24143
49260
34402
16747
52401
49389
52141
45337
28538
7112
49889
28415
44109
54223
49379
26367
54535
37775
49534
51305
55077
30485
53698
34185
47228
53722
46927
52119
22205
54516
50460
7523
53016
49466
40089
44148
51839
51140
19225
42773
31529
40654
11217
5969
54233
50567
53466
53024
55112
41743
21883
51612
43022
54431
45493
51201
51220
40292
18824
51050
39778
54274
32281
54739
48602
38561
53101
55008
50925
25786
48751
48743
55660
54867
48853
25820
54431
57326
51461
38674
20572
48033
47954
38756
31709
53292
29231
55697
8505
51940
57595
13398
56456
31348
33177
38239
49366
24035
27547
52326
55655
53900
23505
54456
39627
14939
58236
52719
58296
57008
29731
11915
56166
57391
55802
52789
320
23420
56852
32449
29796
19535
53441
36138
10577
5654
58304
40127
54482
31693
55051
58362
51952
59076
17702
44214
59357
50779
43506
25303
54756
53519
53826
59515
10639
49974
47590
52174
32511
15398
17447
45280
37284
50685
41854
51859
47701
11188
35180
8860
37259
51965
60031
57631
56549
44803
19101
47410
37507
14408
43033
42653
1139
21770
59057
52424
59602
60680
33361
36333
55576
10627
12293
45511
53604
59292
35759
59621
2339
40628
40105
48612
48599
36688
31164
56745
59775
59433
30225
43867
54514
51252
49124
25901
48592
58329
11221
55679
60724
43995
53350
48048
61701
12364
45439
55638
45601
51199
59018
59047
18355
44451
58583
59271
59056
49160
60493
6632
54248
60556
47020
49886
54338
53023
28687
59456
47975
61293
56558
62030
28576
60173
56236
15541
62278
26994
45460
57332
56811
61685
49673
47141
48817
61168
59867
46816
56283
60706
59392
62037
59781
11719
44163
57152
20003
57726
46161
55504
54491
21181
62738
47847
24495
60235
39467
34880
62708
60080
63606
29156
58812
62431
51517
63481
41352
60250
43584
39657
11325
55965
57268
37701
62608
62735
62585
58174
58068
61234
51855
61313
39703
39065
62561
44777
61633
43523
31943
43637
45735
60930
61152
61092
61036
57177
58405
59259
61320
51829
63847
63061
40721
29458
57154
35483
10781
50098
63372
59768
30153
58235
51448
56473
37115
8267
32124
28109
63547
61771
49053
31858
59426
35608
55401
40395
57358
32972
17668
64436
60816
49931
64414
20445
65068
44622
55235
61917
51327
64898
52229
29838
57329
63310
60678
59200
62489
59456
61858
64150
61874
59579
7193
51156
64099
50086
64334
56153
61834
26346
30819
19571
60245
64427
24751
57032
43493
26293
62274
30595
57917
49682
57011
58231
50128
51429
55913
64470
59103
59579
64566
41892
57568
56821
63014
-1
52904
47219
64483
63833
65318
63013
64738
60283
32374
60177
48533
35525
26646
60905
62199
62881
41509
58545
65379
46136
47030
42512
64335
55035
61520
41172
4812
63410
53090
56958
65772
41151
60574
66524
41151
15140
64952
35903
62911
39114
65826
64996
53268
55836
57776
32004
26245
35251
35853
29229
66831
15099
60266
31282
65661
66601
43571
60808
60731
57150
65946
21007
66615
22854
57359
20989
45053
64849
18269
66399
46077
54015
6601
65984
59558
62098
49928
63321
44943
59388
30086
30584
62035
63332
65329
61057
17596
40459
44853
60311
26463
29900
24341
63088
14484
38065
58832
63270
42341
67070
63275
58089
30137
58742
44720
66757
65043
57735
50052
38013
66392
68061
65107
67114
61042
67336
9264
51118
47378
59071
61588
65803
59211
65371
55888
60671
65609
21514
51242
47432
63411
62774
65644
21095
55817
66250
68436
66382
67659
68208
66001
1354
47185
35694
58903
52847
52883
51099
23688
43264
48799
69492
56088
34784
68287
68966
64751
27895
64443
43556
62531
64628
55386
67009
64039
68686
64038
22898
67684
68196
65086
51307
56366
66722
21485
46732
66320
66274
39861
64162
50044
56391
70040
65435
67227
68308
61279
64733
62033
67819
69239
70092
61599
67570
60033
56960
65163
66446
68232
71410
70821
69617
70102
68059
65338
54170
51969
53127
5853
35035
48306
69133
71694
71585
52453
35702
52893
21610
59630
38361
2821
69158
11176
35078
66298
32178
55484
70840
66208
53848
67777
40360
7463
69472
69618
69739
71095
70066
51281
42560
71208
11007
46624
31814
71447
17645
51572
69538
70495
67752
11782
60432
67020
70481
69080
69962
72305
39692
66987
59144
72170
51502
15980
66314
63131
70702
72929
65266
49343
54415
72379
74106
70834
69453
63948
38049
36198
41098
64571
54718
73299
72521
70632
72177
61424
72881
67697
64354
39238
72934
43321
66664
73047
73265
14708
31443
71863
71892
59076
16257
50735
58866
52262
67518
14419
44565
71460
67447
31996
62743
58466
19916
45334
17546
73769
19370
59793
68160
16404
69410
61606
73441
72274
47741
73094
72165
52374
40118
72776
60221
42203
13758
71983
66269
49331
75201
68757
70397
75992
71947
71859
73130
74963
74630
58029
54283
74591
75701
75296
74757
50426
41823
63415
69415
29274
69709
74371
35306
8886
53620
52592
75330
55014
74707
60415
66990
68997
61624
55315
48907
40882
8735
58961
74136
41731
57590
67044
42415
75639
74039
77524
52760
67437
54256
41148
61879
33410
6420
74125
70009
36986
70629
24586
70609
75721
48481
24670
70461
73958
74530
25811
72011
67470
53076
42261
55992
17667
6132
70981
19432
49805
39092
71765
13984
34249
57547
51983
4402
76249
74427
76993
66433
71680
41815
56547
70691
76085
76235
76804
62803
61268
59916
51651
76236
11595
76573
15559
70088
68873
58168
70501
40771
74716
34075
73495
77840
76525
47625
65791
61640
18789
63194
71294
50967
70792
37087
61076
76590
70865
73720
78230
61811
56847
78487
10334
77315
63284
54797
62080
55450
75799
79351
28405
62590
56652
76451
55969
73572
63082
76169
78605
79281
77613
60875
70133
78440
74922
54676
62707
70504
79258
77568
78793
79757
59732
27308
41416
61766
13465
52378
43769
76567
23737
43344
75598
70033
77435
50694
66961
59723
78923
69336
77600
44443
80619
59964
42206
51461
35439
76957
73714
75450
19071
70661
73877
79195
22574
74059
56939
65028
6186
73288
76813
75192
80913
66210
78538
62828
74405
80459
80027
79921
81491
77745
62909
56620
65239
74013
74641
79822
80529
72351
13477
80583
38672
34968
25250
30244
40478
73448
79055
78632
78558
74778
80254
35446
73510
54266
72165
37213
82064
75972
-1
43716
65449
76790
5469
80293
81428
78456
58123
74665
76328
81480
23026
72241
78089
80477
80292
79125
63055
19915
79440
35118
20764
6999
54844
64071
78022
38688
61469
75167
25028
80009
20364
50667
73955
65034
39769
79021
80409
81010
66465
37896
73788
76113
57568
33783
24125
53065
69081
82972
45305
30919
80293
81514
66092
14204
33620
71706
16387
38464
82761
71834
82924
59952
58198
82490
57112
32971
68207
30086
15339
83132
71569
19636
71533
65477
12046
69557
78949
75852
72251
50882
3575
83249
29761
73957
69389
77625
76562
75696
84675
45776
6264
47460
83006
82346
62972
81462
76601
70400
84754
82908
83234
68401
56378
75275
72327
56906
78690
81254
30478
76879
49325
70235
84326
36709
60462
72339
82579
84856
73274
84579
38538
76443
65169
70466
6403
82693
61165
46332
15197
61144
9815
50044
59688
82264
77889
84822
81468
44857
79013
83266
46530
20255
75138
82150
25022
63400
66235
65370
29446
78838
72638
56897
84854
82697
83497
87066
72608
7901
48844
49042
83740
74644
23778
87480
74818
65115
68938
48417
85770
83889
72580
76103
12199
75064
42871
17106
55539
11490
74161
86196
70520
61563
78431
85952
67054
38040
83765
87247
25037
86606
72036
36779
65080
55190
17936
65932
74305
86532
83682
84628
70097
83553
73428
66726
71989
46858
62678
80198
28150
87450
78739
80810
79536
88241
78591
22294
85143
71925
86501
85912
86321
50113
80946
86260
39563
78176
19030
66681
87641
66797
84998
41740
85096
60907
62772
88220
88719
6780
50589
74048
68267
45496
79488
89836
4694
35111
79229
87701
87340
87842
31711
71772
80278
66603
80311
26299
58808
57702
89751
85373
43251
85879
73671
69172
86669
75163
84698
51444
88197
29903
82422
86255
62707
17873
78760
75327
88560
89655
49733
84774
51031
51219
78485
46638
82307
87816
82055
84181
52621
71986
62797
76674
90191
77891
83992
60458
42729
29341
73664
79770
74127
39908
77872
18285
84335
76488
68557
86943
63002
86900
56410
80822
6570
89631
80228
88098
87894
67829
4800
83006
50683
85125
80670
90636
88740
84910
92265
33405
79500
88537
90215
84551
77002
63652
72918
41840
39629
85050
25235
61399
55731
89436
38947
86139
27513
80994
84345
92397
91890
90020
88453
92211
82524
90123
91662
81818
62250
50604
80123
90007
91457
88686
83511
83306
91027
55459
79648
85812
89654
59649
49070
77561
43566
84315
68751
83588
92310
45867
89667
90635
17511
76704
84519
11673
51858
93067
66167
91549
46968
93592
89848
82343
83685
30268
91361
59983
64838
83712
60754
82561
81203
27006
82227
90424
74333
92417
84509
80474
84962
74578
93157
86529
90704
90651
50918
93285
8744
62429
87593
69420
84892
33711
86235
68373
90711
57067
88429
13187
94376
85922
66424
90065
90327
68904
83091
81146
45071
89387
83274
92788
34729
85723
92715
74630
69044
52879
90347
58040
42967
52262
87651
85694
86715
93023
59443
28485
57881
68558
90563
75032
94022
50639
94938
93461
51181
78579
81863
91274
96034
67177
81852
63709
75609
39557
92916
52587
76826
95571
63787
68947
70611
60535
86593
86681
94382
65411
94547
91388
87074
93182
37672
41511
52909
44029
86847
53316
91982
91328
90951
82673
74591
89509
59769
90427
94934
68472
59610
46508
12005
93756
49804
31174
87740
53676
97107
95254
45881
88330
60801
77446
48818
95132
91544
76122
41966
37164
63891
88076
56072
83530
74438
87857
13732
20360
96904
93154
83841
95469
97631
92870
94155
48961
86132
98190
89460
91770
87589
87890
15000
69086
64863
30761
58882
95357
90644
88539
81620
95118
95426
32366
91754
92602
70109
83857
26623
27262
93280
31530
50492
93141
70550
79386
88686
97328
38189
97520
72964
98388
91035
98403
80195
99995
98062
97103
77294
60478
94867
37206
71009
51088
89976
66401
78273
84775
75300
90999
99687
75462
67951
53075
32715
46559
95638
97981
97376
94536
61249
100766
98692
80014
42589
89546
91436
88774
100504
71711
94899
91428
92916
94078
43391
85358
55517
83632
83787
45097
97871
90039
41853
27093
98870
93270
72850
88307
40367
43993
86872
87504
76423
97128
5175
101354
10145
77615
84805
99466
101792
76540
62789
101508
62417
100132
88780
101305
97083
101806
75752
54303
74770
101060
83066
72186
62575
84703
41469
81045
69753
99977
58877
97427
90685
72377
37524
60469
56488
69678
95187
79916
88565
82505
81729
12793
90999
91659
82502
4014
81256
27204
101269
94134
81874
92876
49991
35782
93438
85398
84906
102650
71118
94481
92753
57965
64751
44101
98811
93489
55548
101930
98232
33061
101966
95492
99924
91830
98332
53757
101940
23318
101316
32382
33748
78073
80325
42885
97697
89718
75390
93418
102458
91549
35281
87073
57629
98472
72371
101436
91689
99800
82756
86759
54077
78569
94107
87397
60383
95474
95980
81467
47499
77981
100822
92549
81908
99181
11295
96733
83276
22773
30357
99417
102490
95806
103482
17833
101017
91760
75249
33728
66870
89769
101117
103791
85178
96366
102045
81613
92508
23768
94460
81385
68873
102536
96266
73286
84340
15258
57065
88144
56951
21739
74478
102377
91261
53714
95253
82260
35467
100131
40838
100636
103920
93150
34868
96774
86971
93171
69825
103107
63870
79113
104616
71582
102073
81370
46933
47430
103923
23872
73993
99879
16800
68607
93595
102795
89099
57939
96053
101721
79113
101696
100203
66184
102706
78204
103301
59005
98553
102033
103103
98187
60360
99707
-1
100672
38296
84836
103924
96438
78568
99679
99437
79855
92167
96577
55358
95254
90712
4435
104780
104886
49042
99827
100846
59461
103757
80836
54032
101650
72833
80854
104481
104920
99134
65101
67502
103970
105169
93586
94607
36587
62162
88054
93817
102946
21921
84762
99224
99751
13885
103271
104290
98247
17965
74779
48328
89773
102409
99648
63359
104794
67396
44409
97568
83114
83284
80753
100079
70738
74338
14818
100065
97089
50159
98294
25678
103395
40763
90179
65023
75834
97812
105950
87069
99914
56992
8448
24687
101431
101102
89625
100563
107348
63715
106274
105716
107529
37352
106199
59639
100930
88365
104051
59461
104715
96140
25693
107861
106638
106551
70898
53938
105460
91873
61537
78801
105720
96209
80644
99729
108042
105643
8666
80524
101109
34981
48052
1914
107976
67334
93858
94349
101911
102780
106868
74728
106135
100974
98723
104304
97490
16074
90414
67784
108835
103091
99994
107519
103254
104704
107403
107047
100998
104631
102460
101732
21748
81792
88751
101354
72185
72607
108830
67440
51698
71744
101466
104035
107245
72323
18546
27254
37700
94033
87561
108477
108720
104242
90430
99987
105564
102868
66308
92133
96103
85627
66568
107993
107945
85235
103969
100051
86353
93541
21845
103758
91400
104302
47344
50985
50914
107144
28702
11907
97790
69754
93101
102335
86225
55151
103419
88365
109622
71599
108196
75518
76939
109408
86314
109720
97913
93916
102681
109125
108844
99101
109417
77952
108638
98703
67000
107423
26572
43504
69678
70953
89330
58888
62534
15790
58814
45382
104933
66328
97492
108869
83162
104927
95989
103010
63469
81345
96500
9815
31291
68974
109484
87116
110146
85548
106272
78438
25913
52283
109539
6971
99792
111263
8291
60978
109345
76702
110378
74670
23773
108230
104620
109672
3391
92953
92905
91648
85824
106473
2719
109695
68584
80083
103934
87386
83451
108763
101637
95784
108588
93041
85375
98086
101825
107010
67120
110624
79089
106171
42559
107311
98982
111728
98685
79812
67040
106993
102786
110852
101566
104846
112115
62399
111592
111757
102313
102882
55472
70511
95142
92746
58478
107802
78882
102287
37162
97715
101468
111475
90283
65401
79051
86594
93752
66404
72092
89150
36278
109248
83730
99681
109982
98695
111528
86568
46358
106625
90904
99073
91813
73596
111802
111883
84598
17002
81858
37938
102627
113187
63021
113882
95631
103640
64339
111274
95971
87417
48582
114044
21885
108098
88305
114736
40224
112836
90745
95323
98667
88059
102371
93004
30397
97168
106726
104240
97599
97420
91172
113437
29079
42281
110216
106110
62504
113893
105077
84029
98486
54459
76596
114116
102826
99754
83132
46240
69412
90003
112441
115150
111414
114749
85275
108372
81892
9906
93510
102782
65046
34937
56151
82265
48426
100385
14605
64401
114066
52708
78636
4190
76037
101339
47789
76365
98771
103923
107990
109561
16487
83071
44654
65163
92712
16963
113001
104532
115301
28565
9747
62117
94830
87223
67109
99024
64477
85803
50085
115815
105442
113841
82745
109548
118049
100592
85894
19585
99872
58136
68765
116152
101298
50433
76645
1009
111160
108428
101037
107721
117272
117469
93989
117415
46212
107229
74620
58000
115262
102494
115848
48173
80186
113853
93928
106502
116729
97807
108900
46082
101608
110638
116862
29688
104443
112486
45663
111878
76961
94599
107865
94957
62280
116750
115837
116621
112048
115182
55083
117408
101832
51487
19755
117701
6378
68503
93104
107894
113909
37492
114539
86918
116049
84437
102474
85129
106544
21004
115517
48006
22134
109715
118720
117803
86171
82989
107478
119088
110482
85902
109860
58909
102704
67328
100611
116210
116598
94809
110046
65345
118415
83045
68408
65581
119746
118417
116020
113225
82633
42642
119903
106581
106011
120100
7808
116694
43982
93785
118296
120314
59669
118136
105805
91704
118469
95892
115988
115885
105628
111754
38667
118032
76558
119796
10311
39588
44626
78967
23331
118708
112087
99298
119027
93443
91399
70707
103918
49047
78954
67147
118745
118252
44290
98457
88271
108503
119293
120721
102493
109880
107408
121469
89971
40248
121072
117879
52830
104235
117364
108704
120058
88389
84073
117813
118143
74479
39164
101728
118301
110193
107127
72805
119691
89326
109410
53261
98313
77012
116650
109551
103696
42878
47084
82810
37386
116957
62535
107063
24486
116513
97723
120891
103301
74280
112273
33331
32618
102780
63159
120909
68552
86356
13145
110218
102625
43569
118909
69949
74792
122026
37633
85106
96543
117920
81047
101397
103876
121628
88769
71700
78282
119797
75035
69145
115269
117309
123428
120863
121041
112217
89291
96948
-1
96644
120984
116383
107015
116322
95226
123291
121632
113218
120883
58186
92034
120530
111881
112195
122234
114944
81341
104857
121954
106911
86637
117771
111457
114658
85027
81050
121260
122281
103561
101813
106450
120909
86073
113841
52430
7426
98495
63124
67793
86060
88334
122332
124047
124617
119694
14922
91882
74112
124876
116753
104671
54920
85654
91325
122832
73424
53708
76348
57295
33788
87334
85838
116020
29663
88569
106012
64816
106454
111541
122971
102157
78053
33842
118938
86431
91496
116041
122789
71435
81280
68707
108168
123381
89328
113948
47140
123073
125109
100268
116507
123095
104112
108525
59691
20734
89952
121958
87218
101402
91171
115736
100499
122328
123847
105138
122207
104904
80683
53014
125135
82080
38217
108844
114181
8428
119688
92295
125917
125313
45680
29779
86011
121446
114024
84712
125423
75917
81170
116064
42357
124911
65348
126726
121757
22301
21693
7167
124222
448
19410
105710
85281
7762
26609
87641
125771
60325
99752
60629
36406
33267
98226
22423
89768
37916
59382
125721
86883
12452
102198
106913
123931
18774
65379
127933
114900
11187
117625
118418
10207
125690
127923
79663
83873
100275
122107
23311
126359
94116
75359
25003
123227
107814
127701
119434
126499
84887
129160
94782
114472
116374
127998
128632
81530
120161
93503
72862
110979
101484
113586
100107
117681
86715
99985
113542
61954
110623
113033
127220
97882
59248
27245
100427
54839
129857
68747
103265
117638
130178
130200
94949
116550
89771
51084
124692
129883
118408
128811
55958
115196
108177
57496
77786
95483
117850
75480
118149
126327
107421
125180
124586
18822
118450
89708
80443
35479
120348
91993
106185
81513
114942
128199
107757
40553
111902
117047
127378
89438
78755
64165
130159
130096
112301
64573
99025
112309
126573
124458
43489
129853
99301
122395
8290
108230
110084
130317
124918
99281
102021
126821
114161
101030
125384
130411
127970
75964
18757
84737
130463
86912
128431
75614
119800
54204
73677
53176
131121
105818
73316
131106
74405
51829
130220
125880
91063
127031
56759
119244
131854
128039
39338
127608
119723
124020
87221
128838
108600
8036
114075
110558
114963
75742
123630
120900
64394
69810
29002
40119
75091
131156
114482
130666
123032
72645
105832
111319
117899
127257
76826
107527
8768
90948
91327
131405
95453
129836
129271
88003
115759
122128
58685
81710
131083
81702
90045
131616
132719
122164
20813
77419
127572
130117
127325
100235
47958
60230
79288
81921
94620
123906
101064
40708
38676
116002
69850
117086
25591
49238
92181
129929
99779
132030
132647
52526
131929
106793
110633
129530
43103
113279
55337
132532
80076
132424
125705
124201
63491
98669
33283
117074
118728
31056
47235
117443
132764
135263
133087
52853
129605
73085
133286
52547
104766
95766
16986
43976
127159
8940
121421
64294
113004
129911
125147
106264
133536
101505
121871
113019
110078
101258
134511
66675
134899
126225
104085
113229
99888
75270
129724
65778
126153
129000
126130
134544
132451
46561
116415
63867
33963
13948
-1
135044
135217
112445
129845
117128
85624
82711
94094
74753
109935
90997
136939
46885
121117
127488
131346
78780
134911
105509
93593
135349
134609
67198
128217
123919
131942
118693
136379
136733
136120
132239
109237
122568
84487
135674
35115
135600
133550
136809
136121
109067
135425
135903
59677
126662
88331
96050
136492
124554
47447
56125
133087
73033
122469
136567
135683
112958
96528
62937
136027
125463
119817
124293
133128
136548
14543
91077
34366
109820
24805
65455
79959
28861
79867
95402
125456
130688
78163
138626
52792
100901
132893
135688
90860
136522
15066
131157
78790
37512
76757
15053
49315
133961
103883
80296
138455
113199
129324
82519
99515
75030
134838
130140
132799
112970
123463
22690
99893
135836
120915
57219
124709
57951
131990
50678
76806
137156
137938
135450
38326
74195
71254
25002
81107
92407
60385
76861
131026
121439
136071
67176
81134
133313
125642
75076
136658
130361
139498
113941
138975
74613
137905
80771
135668
131296
139328
98229
108686
110306
25810
77140
107630
138244
88012
130148
74748
80639
77218
133409
134442
127820
139975
139040
134189
139950
82840
32891
121839
111608
136600
115714
100695
107215
128449
127719
26138
109448
123259
97046
139943
3069
135680
138736
40765
136216
141454
114574
134309
96867
130994
139542
135263
10554
139978
77842
58936
124841
38783
127573
44395
18033
94881
92119
136843
141635
131926
112304
125627
135492
106213
112044
18065
78464
58310
67481
130934
129262
102473
139238
126469
139280
82285
102608
140755
139856
21582
139000
61588
141493
137286
45962
75716
139749
33885
82622
91275
78661
118963
117926
140650
129858
132408
100995
141934
125203
98577
141423
136319
142843
131711
131582
141844
133015
132377
99453
138556
25075
140425
141501
140885
138647
90947
34626
142620
74908
70564
142889
90203
142627
138117
78895
137004
134341
105606
42353
119405
103360
124032
70852
137095
143496
136052
144325
139617
46603
142209
120553
100314
86861
47264
76774
143665
114581
142293
41021
135900
115210
96406
135231
134698
143826
124432
121795
99690
140541
94559
108198
144814
142425
140091
68383
103388
77521
126956
144036
47054
142226
127635
119601
111031
127544
131056
135117
121468
140592
143693
92722
143301
76428
128043
138846
103117
76472
129344
101566
101358
52137
80345
140172
59799
15770
129936
141182
43119
136855
16416
126253
134448
134193
74912
125408
105193
144884
133921
69916
142315
142357
121133
144599
144707
117045
41373
143035
128229
106494
12916
22640
141341
81642
26444
105996
45467
131357
144056
97865
47765
133154
83582
101754
121609
135277
116631
146857
88987
128140
55099
55663
97359
92096
132920
101490
144607
99028
136754
103180
85796
103394
146046
147987
71155
87400
42329
129543
144916
141268
146237
145093
95873
146038
108888
71380
124086
143897
48839
146602
143514
110610
144251
81460
75786
81442
52137
96113
126688
108508
142330
127414
142107
129249
57159
114806
146369
116798
146652
113989
122542
34074
131667
90575
137506
142223
64392
86107
147917
118286
147099
102177
146849
54553
81960
60746
86184
142255
121432
77720
84195
126548
59472
139445
113208
140850
147410
132040
89284
143955
95478
69064
138769
123268
133703
94703
114602
12298
113123
136083
148778
14618
132044
108235
96006
33317
118716
113583
143109
147093
138791
145590
128161
43893
119365
25253
77885
147163
148081
65498
106395
105183
35318
86783
147735
117437
26911
148101
22863
53411
139969
146941
140314
86517
127244
146437
36020
115035
147907
133846
117715
149969
145021
143970
143888
105460
149673
148739
144397
142175
144829
97410
131876
145613
25712
122263
99231
27056
49515
141679
145235
127697
147078
143918
139946
150547
83068
149419
148527
125333
150584
126922
146625
111889
149735
140105
130395
148271
84989
26622
93278
105310
36869
146746
47174
148914
97629
32800
82438
149269
79757
38096
72314
29971
151439
142604
114112
148106
147383
120712
99208
109460
71348
137202
138416
102654
138414
82779
105152
20035
134466
21679
151841
138304
151225
124647
130477
112890
124603
98515
149032
118544
144752
149071
40123
68273
117744
129218
152052
143515
110944
152485
134293
41953
153085
145980
149995
15884
78173
151066
141680
93948
151306
148725
13947
138323
151102
151282
97949
61493
117861
42108
151169
151345
140210
143611
149011
122617
142273
150243
127395
132622
153160
63757
143907
151676
152868
97996
142918
106756
116464
152284
141765
152117
89286
108323
143943
53632
107093
145047
153283
152476
152126
151900
32170
121674
148882
47858
113115
148169
152403
130246
4926
152598
153386
107556
142430
107848
85602
87929
149121
141080
148746
150951
48222
145089
129688
152869
116787
152897
16991
44157
54273
80367
154598
148873
123638
32690
151912
141883
140541
153480
136965
113726
124260
153165
81181
133597
19097
11914
153325
126979
147235
30500
85823
89006
87540
155094
154048
42254
115725
52327
150271
153824
154183
101001
115238
100534
35815
127852
149654
61561
148149
107117
133799
124831
154226
110280
117220
120228
149755
156440
155363
146493
57442
129925
148981
139068
124430
112851
150286
149272
154544
46761
153121
139340
145795
119140
152100
156605
122587
138920
134668
117695
154551
156922
97256
78294
147812
135917
134691
139459
145735
74152
150512
146965
156714
156606
124421
155344
154431
69934
134947
155242
108456
106475
155447
126645
134537
123493
134690
148141
124090
51492
27686
114171
120025
140238
143879
158093
155142
155322
157270
157520
131855
95167
144772
138602
137946
150527
57934
115775
25230
153450
148699
153242
87611
48351
130869
115654
148000
151767
85452
147353
91877
155962
156088
148273
34509
64015
127525
152152
156517
158290
157272
159127
108163
38007
152131
155336
154130
125496
53082
118011
96723
64874
98777
144883
151409
154184
148238
158207
147143
137076
157928
142089
46748
103037
158086
41982
112406
79649
158432
103165
143649
140470
152449
139568
154447
104685
136444
135694
24583
150051
101399
69171
156866
148714
41437
152773
115766
52447
66304
131716
111931
20005
156970
57445
81066
152724
159291
128434
78175
41858
47359
143997
48541
95938
52475
132415
156303
38668
18047
58830
136685
109514
157731
125075
157999
34006
150678
129423
158381
159421
116490
118026
161410
150574
126424
25458
45639
91229
150403
156684
138551
105850
131840
37799
112664
56802
159927
76485
157803
135899
147606
57502
156251
106065
126357
157131
29391
87549
157338
41517
115941
157504
125416
63898
139994
31841
77569
160004
148746
159225
149744
116823
155958
134838
150043
157919
160835
110563
122552
152928
115245
146497
139166
76807
110510
158033
160364
149667
146700
122908
86659
98125
44812
137406
135406
55671
141340
119830
56349
118597
158215
30509
158354
158860
161238
160400
95056
158455
40474
104160
101509
155967
80129
159902
129846
161939
157152
93767
88303
111679
105205
55165
159726
63837
118960
81875
159944
82204
162238
162411
66442
59261
50435
107856
57826
153819
114474
62598
163434
132441
142928
119114
153764
122615
158731
139375
132655
113499
57716
152924
60551
155160
161809
163814
89229
158430
156629
161605
162449
150967
160855
72221
103912
52483
156760
109217
144909
14221
133086
121728
163612
130221
130695
89496
109905
66082
3733
116526
157513
87541
112393
153444
66045
123407
78306
91446
130886
102604
73014
105067
153185
159090
162807
108444
160876
94609
160413
145442
108568
114225
48930
126361
138300
128471
164418
127863
162309
36110
81049
138447
106232
116346
155952
95029
50107
96025
47479
49864
87962
148906
152302
60640
121094
163648
157919
153520
124955
151566
9465
127192
131831
90181
162449
166298
136124
109268
16756
67360
151217
147068
119249
27061
163666
106693
162997
56878
141965
160273
79886
129668
61519
165156
153542
148025
142249
146770
86676
158509
122198
63537
164445
82325
10854
96661
164964
110244
148735
146125
45145
161647
166478
96232
69582
161606
164582
164804
154779
165384
148250
159010
162105
159290
19036
88935
116917
167051
166352
116066
146003
57250
168071
45410
165169
96636
103123
164825
29159
47536
123156
66544
166716
155694
137376
159815
87802
64188
162369
123369
136128
163025
128794
157019
167304
154677
167308
161290
167163
94564
152586
35069
101825
158387
123467
21022
114778
164937
165973
163536
109520
71352
49743
153706
155614
148684
137170
89198
136733
133088
64942
166497
165520
161973
74996
166859
103265
33008
161363
52204
159229
96212
27901
164682
118367
141268
168787
75732
29757
139153
45438
169608
167817
161281
165496
168789
160872
165045
105424
137947
166841
67730
73544
165437
84942
77930
169465
165555
169228
43561
90340
117879
164173
158486
28725
135779
170773
172010
167618
150792
169552
170793
165996
130448
146234
165000
105587
109805
172400
95166
86925
158496
143373
111144
132179
146445
149222
69149
128675
79493
139912
128616
91142
134184
92845
159303
92670
106837
149989
3406
150422
169323
152958
143583
131943
15931
169499
169477
141079
115051
166791
163819
8291
51252
143694
170835
168960
167212
155576
19235
172682
144517
98601
103480
167467
139615
170890
164377
74841
52007
170089
51429
52090
98127
159585
153219
45899
172975
51573
162650
93134
85551
168582
130844
165920
169934
171655
82937
143271
96172
111370
112583
161427
2960
162097
127245
80368
159143
117673
162836
91234
149116
64250
55071
163929
93490
143823
161547
171399
128327
135379
91227
100067
171258
60013
160536
146313
70405
165252
167692
162057
146820
158473
161331
119125
157714
93975
37015
171788
119992
147784
78774
147022
170321
70869
156920
47189
163956
169135
68973
49448
73428
134621
169337
121652
54484
36088
158693
169142
169730
150193
146436
173204
162287
161759
103713
173587
115188
91184
98158
174604
93215
139845
111512
117711
170859
146171
163753
174925
159221
139864
95114
168044
174140
110722
145181
172308
170381
113228
162431
175156
133269
150471
165976
170028
170262
121180
158954
174431
160255
173105
160874
142164
175461
164088
163098
162396
165454
175147
172631
174905
25035
128184
140255
164181
130043
87203
173665
111313
50541
90264
176382
165364
148067
80764
100879
163782
70161
37017
21687
137423
104530
58189
169188
176109
57324
168476
157242
92959
143504
146687
60047
157912
169087
86045
176461
70151
35150
124997
60753
53563
149864
39052
75110
116448
113596
120504
163672
144072
141493
163733
89049
176819
174132
175851
175105
111949
122358
59225
108334
98404
164638
26725
125242
176620
135663
176069
91046
174715
103913
122130
55197
109000
164038
154916
144595
172276
164767
175483
82036
40185
114562
145264
149206
122988
169798
38526
173615
138233
177928
105311
161665
111443
78003
173632
165977
144702
166730
115336
125538
161186
175950
88722
57320
97938
138876
175628
158981
176351
114802
152025
178195
178541
167973
147210
147684
174602
156890
165347
43097
160719
103821
169959
178603
175102
79031
63589
65602
167411
173477
177724
93389
121290
174646
112884
178590
172682
178286
154409
111705
173141
177648
113210
178807
177525
37753
127571
175808
129582
148717
90255
171733
77363
99962
94291
99920
165459
147232
167858
140124
165592
160856
170197
142524
171532
123180
147805
98329
179516
92970
136549
48653
179239
120859
171500
181292
94055
170616
178937
181672
178605
171376
181441
149138
69621
179944
60281
93071
137767
62280
179129
166806
92502
166453
63314
119739
91373
180544
156241
180056
145562
54391
179336
136040
64960
88274
181659
96629
172439
178851
170689
178264
171630
162203
74286
117999
170740
50736
178010
170466
112381
180687
94878
134354
179498
110404
75911
45442
136914
129521
128512
181529
182069
18486
182230
173259
180688
163475
102680
134011
178240
181864
129596
183217
175900
174708
161765
144401
170793
181675
181083
174433
73880
136607
180147
181098
175603
178973
180628
136636
139468
139825
173501
158959
127789
138373
181770
181061
155053
182317
83401
166132
181863
175318
181365
169835
183503
111087
102166
173041
133909
11207
70485
143839
166352
158517
112013
170331
136329
179025
75798
183409
164089
87799
179764
147105
143739
151623
75228
97701
180313
149530
129829
170595
164205
124230
130306
149750
182591
155828
155892
184702
97678
131613
176289
77188
182265
167600
102678
167592
144885
121774
68732
112370
153017
176884
159948
164287
40885
159497
169197
17979
123242
91362
-1
177074
114474
181631
181692
180440
184575
122100
156907
145102
72329
136216
11416
106309
185809
177679
163977
81327
11892
184150
174995
175894
175741
183546
144626
154349
160047
155676
159321
13179
100031
79896
38833
172931
170175
52188
186269
175587
179634
72901
152841
143100
70180
184022
186919
175099
172827
184652
165776
184359
153008
165552
61588
71389
182687
85819
123772
133622
176361
179389
124470
39292
181195
184841
157681
175929
188954
180267
181508
163255
161489
142735
164655
144805
99119
172532
172699
171294
182800
155044
137619
123439
84102
185845
154939
125144
163084
127688
152171
177944
185504
179115
169702
182539
188607
185829
171784
147336
141149
162434
127723
137943
71514
87329
134937
138260
98158
141533
188487
186334
184196
134064
187449
187831
149467
185715
186073
102585
136942
138861
89400
130001
186433
151971
181620
183301
187555
98787
174629
189809
128893
182571
142678
180290
186930
69291
150967
186778
187699
163019
172930
191135
189812
140776
34819
138292
148622
152961
187582
184765
178309
168604
162788
71827
59861
106354
164820
152163
184401
167472
84478
78106
101483
96149
188695
189837
32405
183413
125461
190545
61214
131845
56063
119563
148569
190063
189360
182749
72376
167111
132817
122053
185840
187991
19913
189614
138048
123562
118034
190015
78136
169235
136402
187359
112147
131973
180360
188462
67780
10099
134978
184003
142579
161500
136310
117043
192249
104114
64138
160942
68310
106942
188746
122006
167223
190977
32472
159881
106411
184580
187539
186428
184391
168003
150062
51409
109670
189740
108482
137675
80009
158987
35522
142297
183256
124518
183094
189196
61436
179560
170644
156439
184809
82708
187865
120102
187948
178838
63269
160006
29146
109483
16920
160424
24894
168182
191251
171189
11556
174973
192746
158280
187904
154966
182501
86949
166454
183923
151348
97368
176123
91358
22678
79028
48465
102987
193087
122079
25391
192493
184600
97972
57543
138089
146452
181133
182735
96964
191688
97534
65245
180438
180377
191147
167617
156605
193478
122996
194357
192636
14915
135138
189835
112011
191953
78580
73924
193705
29107
59685
157599
177829
166434
182669
156999
156569
152457
164521
130844
139947
157080
130980
189918
195467
164250
186685
172670
81996
193469
5288
161818
181528
145132
192280
139842
81246
98613
175955
188282
174062
197094
188120
98225
188997
183257
188768
191756
33728
163343
90925
180030
173203
156101
141185
125850
149128
196871
45556
192275
193273
127458
116843
53919
198698
185883
180960
45803
45956
198682
120603
98595
194546
188080
198058
176026
143715
183046
197791
112300
192617
147628
127696
189222
192244
161713
192326
189032
191372
90164
144703
170325
153740
169452
76227
192641
197028
116071
77455
196301
96788
197417
196979
81032
135122
195914
193267
196955
141396
189513
70248
108787
192885
193146
137097
179976
196591
196648
101710
154313
161635
199569
177820
192882
157693
79936
195856
185613
107206
167373
165372
189351
179421
188238
183828
176662
195033
82048
56605
198643
23800
166889
194050
173495
40936
127721
181700
157150
163100
185788
165375
168087
137568
195736
116865
140299
137832
58732
91553
190999
173247
159151
196692
133664
89011
169436
196641
161555
196523
194054
48223
169817
118834
199041
193400
182646
22962
157385
77010
182129
176256
100449
144390
193639
167994
136629
171563
194014
199714
162073
155530
45723
100280
198801
136316
198347
159831
-1
180096
100058
145441
142099
92467
83572
186518
176679
120156
121356
137451
188382
109542
197313
130526
128907
90346
169398
73781
134817
176371
182685
12281
190047
195803
86392
128450
177208
195593
128856
161428
185997
187959
139319
196440
195547
197309
159604
15530
197926
184594
187623
191132
199135
81079
183973
180397
87171
117763
178804
40395
102984
175121
159122
118701
198353
112674
137123
154765
135581
156817
176866
201699
156464
178977
146373
185697
140072
196463
139504
173004
126459
190688
53194
162132
196468
174977
161584
191890
199375
179023
201570
199417
81984
149169
143302
179721
202927
199091
114326
189005
162921
113856
73763
26396
42162
116296
117101
201801
106656
163998
198964
48533
170442
200214
150164
153311
74682
170637
182365
60053
105608
200359
166890
198389
197026
9049
112228
182707
149445
196957
145460
98563
202084
191651
50144
113940
147814
198902
190575
171982
140956
148642
7175
188674
64469
100230
185496
191417
162473
86271
190735
185138
201130
60974
133131
129897
183945
191728
155699
15959
142649
137157
102772
98269
90911
163222
197677
128007
201070
79559
149526
193741
202518
189250
120248
145818
199229
62075
201958
83055
176617
148227
158378
177419
174813
192517
195421
178929
201900
195255
182591
197068
114148
202052
143416
198783
96030
202611
181679
20232
202200
109949
200310
202154
167353
205116
129834
184967
202859
203708
186645
202493
126517
89766
7238
199250
203023
176876
172817
38176
173575
197007
131295
163162
140560
166552
205286
199487
201595
202033
166964
32930
54931
7125
190747
130434
174417
88831
169157
169001
201445
148879
103322
112686
178098
47174
141458
14887
163973
181995
177882
68164
206486
172634
165417
137790
119076
204935
170135
145318
183066
87580
168138
149319
199308
151898
201419
198567
147001
151826
8335
152075
81961
123775
143771
178180
129323
95152
207612
55834
176605
193289
201855
107669
193139
119510
187406
165977
205095
183629
153740
206289
106130
203489
199626
183178
199206
120651
49027
205213
206495
199257
175059
184295
193017
178509
156004
202605
208975
204020
192486
2147
57425
47618
178678
184842
44574
124272
183894
61433
87048
151688
200144
75779
98189
92418
171250
202554
181765
99433
47552
148400
64391
176910
94784
180818
168119
203349
177948
193353
86169
145665
111009
194849
207469
141016
34839
10747
81828
190829
199090
201570
131165
195362
190354
158119
112898
207495
150717
73903
173574
193925
108955
185707
206794
118164
79771
129714
127623
206813
208348
204140
165668
146163
34822
149981
192397
187466
207367
204734
186014
208437
139274
178874
36491
194572
81019
46783
199184
127652
180916
201329
187668
132966
168878
140691
170029
124349
139733
203276
105778
155164
64003
170619
207178
203862
198908
131457
104529
210228
205212
170705
209845
184350
185362
211084
119526
207973
205870
145991
209441
195368
143389
151027
141420
32740
209827
101530
197309
61452
121507
132911
210970
129886
147987
210372
123162
205796
167837
200149
82132
47687
18647
193385
212636
167487
207036
62197
173867
27776
209472
193578
173675
45449
210021
142367
96711
165100
198821
120780
149390
155024
150090
162090
211243
182790
180115
198800
191305
153977
154121
133178
204544
213391
179178
62830
192068
207661
207058
44784
202908
181382
210668
182023
205902
88857
91200
41568
100030
201455
206179
87084
197388
-1
210406
170471
94543
179231
12343
93385
196758
200216
189501
206043
181600
200477
147232
213275
199146
184870
154358
148078
157744
193207
210440
182970
189211
188721
177785
157353
210981
133218
105547
180715
208223
207067
209172
204857
191375
144117
199581
211968
211463
213468
212266
157060
141164
171239
193299
146641
197537
177492
207114
193906
194815
157596
88292
56687
211062
158493
149599
171528
150231
104785
194344
204588
141228
207999
137888
132744
115399
185004
208315
51105
186533
88863
146358
186023
53437
149149
121807
201210
44694
212657
210019
59746
197995
66077
213018
196580
177417
134690
167016
56795
171691
45601
173114
214032
210041
185868
193778
149540
179149
207766
205584
209555
164852
85056
209992
150366
205358
205714
-1
214422
51893
214926
186588
155374
173592
170707
200046
191116
5319
213838
199280
205770
214458
213917
215903
182846
215319
130359
119848
192300
181306
183729
195843
46814
208616
171933
178383
195455
203620
213441
135910
218651
126634
139691
211524
198754
21307
171519
107216
185284
210375
199803
120667
211496
193451
196818
135463
82930
128256
85184
174725
214680
216229
196815
72414
177935
164612
202290
213815
63912
191127
180460
215463
214565
218177
209032
165507
168805
216239
193896
211894
212560
169514
162938
210990
212100
147953
210168
209065
218837
218190
214071
175836
219873
85445
209009
219179
202352
47759
217290
113401
213025
185721
217511
205830
116946
88661
57477
216147
201644
182645
149352
181868
72124
182760
158448
216712
107837
212170
195964
208856
218088
203754
198993
217683
188723
205212
119188
102905
213054
217822
212456
102796
163975
217124
184205
157008
170571
158261
198176
201434
215497
218742
211804
99949
213592
30858
219084
94533
194850
161201
211054
158946
38319
193545
210446
44823
209994
188858
170909
57624
217809
212015
6602
217620
71713
212742
173480
101727
101770
218441
183325
164349
212267
202815
147360
164487
218055
140715
112894
203596
69933
194393
217058
210464
200460
195431
90049
78444
77016
147193
134085
137284
196283
192969
212179
210308
199013
205156
153043
187077
197962
214292
207697
143501
220704
215022
158237
162281
207980
217296
40549
215382
215849
184191
67752
162643
150200
193346
222090
76792
218338
184978
125970
30970
186224
162552
208240
191068
214094
15494
222511
217659
175602
78606
140727
93801
209940
217990
159026
216710
223021
221517
220258
218556
220422
13064
197950
81405
203371
112047
171506
221134
217326
222537
221105
204925
138140
216278
64717
197350
223586
209417
218981
187654
212876
224418
221612
154911
142841
210797
208047
76015
199760
47494
218813
163047
12905
115799
213567
66874
123595
177051
206418
187519
220029
120862
220031
184715
221919
209931
139048
176138
191087
210066
15232
81526
210177
194350
214826
223323
220765
50365
218733
217638
99993
197881
30997
204976
129303
221414
177537
204978
198660
225594
217953
188931
168863
221165
156681
164417
66437
148151
222337
148750
167596
178836
108007
136619
137565
198509
145202
62864
177880
217886
109920
214030
210878
140222
169849
213801
115569
105863
66045
211669
217086
225095
224187
210726
89872
225989
159663
114512
223573
224469
220626
176722
113370
96688
224587
224114
148171
59007
142657
219781
155384
25720
193402
178180
140797
169200
214974
165362
185427
219838
171527
213365
148718
207035
192821
119342
137897
56102
147047
226186
170745
199001
129845
209034
164364
191387
142174
206679
134025
159725
141912
176169
224996
214033
175649
159948
193144
211958
214336
226280
72237
219216
227689
154844
94906
219474
209403
157233
144313
225080
223731
221289
202211
222174
92845
106671
156430
181552
71638
85485
225369
182299
97070
46775
100178
223773
223097
66941
179284
222907
224568
47400
68098
153489
224551
220794
142093
210972
213694
198778
145693
227881
163938
155159
161648
59959
45879
56766
225922
196528
100785
208409
203678
210628
190236
216011
105526
223214
103682
176023
229995
115484
66046
179098
165209
163121
197515
219688
217869
228179
227379
212841
150298
193471
228146
206521
129176
137041
36414
173283
210548
162086
203360
74838
134398
152198
100826
216175
126349
218601
226021
118023
223980
23425
228213
169745
49586
187716
52704
218309
83153
151170
219621
167588
156917
105229
177414
216683
224062
224487
158826
201889
216101
211073
151562
229609
173187
134277
193950
215378
85185
108041
218153
185058
29984
223179
226889
133540
162768
160573
64527
88276
51057
229782
226627
159577
211342
230062
203862
218496
169082
231317
228023
131430
216301
10319
229513
184353
228806
210633
227505
217322
225246
90833
98767
206499
225485
195904
139985
230200
139109
180279
182572
201649
105449
178676
232104
202436
144080
136510
187552
219847
227741
163087
200460
221473
225852
231856
156860
217965
189572
206262
231787
125747
4730
197711
230005
179757
140936
184244
114654
160563
75877
232721
231428
227741
228852
225522
168155
168194
45865
162857
228297
85764
220787
219675
132527
231307
210292
-1
226329
126767
127035
176424
162227
232995
205371
227643
129197
216661
88449
203444
223357
232949
205046
78753
233906
183959
226768
170201
104123
160143
233900
169419
163110
234382
215225
187667
68366
225644
73144
178512
190818
115208
163462
230840
121882
153347
217252
234537
193995
233606
171361
109608
232466
234215
124853
231058
166763
211330
216072
159245
221422
150413
195423
113315
194568
87840
225030
171117
232822
212767
82378
234287
227671
203116
234969
233680
232264
226155
232338
106470
222531
154498
146455
166895
138370
213266
235386
67491
129723
227628
115433
140972
221989
210786
160107
229949
103652
174188
154938
170194
223041
200791
230426
234634
234858
72400
127870
195857
221170
193512
45268
188719
132094
232079
23853
141592
200684
65772
125475
114708
201196
235644
221735
195313
159075
152211
196907
106678
160490
44448
161420
221750
230951
235614
62487
126835
139245
97076
198069
238096
217987
169093
210345
210454
236533
131693
6145
235654
234875
188767
130495
236426
19882
233088
123149
225105
223951
66095
236830
164424
164373
139011
224206
237471
222961
214707
186979
22720
182688
218936
231486
178988
235051
215065
232858
226401
191495
184217
9421
220984
166518
171792
136102
215012
232207
222416
207567
148100
194469
224791
107322
196195
220161
206262
208294
124140
228270
141108
161401
215573
230000
179679
166248
223598
207084
200538
148422
199588
232068
241317
146085
190495
155620
233577
30964
124443
131888
172963
238425
241699
137394
229979
157704
234073
234326
219826
193789
149314
241444
236576
71280
234033
234859
213826
110548
191916
231504
53511
108333
219870
241868
174231
148731
116805
232313
241409
225809
223351
45031
110060
239648
126923
58836
242165
214071
198946
206733
212908
241372
226990
227480
240979
104089
53324
147849
228094
242665
235462
166541
243367
232645
173518
216866
215866
217028
206305
231365
191450
176258
-1
211290
77445
210796
55911
215263
240635
230853
113503
207102
14190
7035
197890
207884
207945
232256
233280
183797
177126
221292
96106
189776
241056
211134
218199
238150
173267
136297
92821
95672
241155
243043
162435
42208
218248
197530
112454
231294
138884
195155
244843
16708
244468
143406
126383
241754
133600
228328
209140
241639
243115
239376
222606
242226
236142
231648
209170
243107
48149
150466
211529
231429
178989
170512
174972
216191
134748
241211
230596
242172
229480
79956
140413
118086
172745
205070
89685
117151
224509
131986
212854
163967
183698
175980
218990
244023
104526
229052
57674
186475
143393
213108
125995
126705
237600
188176
166913
241672
237857
215353
162844
145762
205852
211446
114339
151645
42359
168052
243481
165636
49993
109333
207988
177357
247549
213046
242484
215175
161860
229903
244070
185210
244168
244256
161695
39725
163584
168625
163260
190097
143342
179065
189225
104867
185956
177717
238927
125021
220450
210042
233570
244652
231652
93904
236668
247117
243356
220408
200594
242687
150110
142756
246449
64726
159013
136261
196428
200515
242840
239174
246682
230523
126080
238928
206106
194982
236598
112792
233439
217180
120105
219819
214915
96930
241206
133116
173080
211232
152198
98086
245998
125922
216214
176885
194683
236128
233803
192873
230606
248155
234241
165106
81675
22622
219513
213407
236772
247275
195673
199756
214331
197216
247706
57813
154884
232114
228415
77984
128248
230989
144908
239377
174094
243819
209290
237934
247287
70352
225868
244723
225060
130718
229183
225834
248209
222166
244540
156078
240693
184154
167645
188203
13594
233199
248056
160524
132697
49658
240241
158688
231601
163366
236662
217949
246053
95706
97431
205397
182411
213794
236648
194736
242992
233485
115051
226824
250307
181071
144674
247972
249270
246683
236989
84594
31775
56017
149415
172810
40450
220552
74240
235680
199298
242172
201346
248787
249141
191405
250156
151362
67375
108435
168184
118905
179776
144517
102118
163640
245727
109961
227488
83775
240762
250837
120056
242524
245844
212709
239929
212573
223910
237627
199901
97971
236786
15614
137160
240697
229560
197859
65525
90577
-1
203299
249298
247963
112676
240947
238558
242230
178425
85847
235820
243756
207544
252332
234304
172723
99958
252697
246435
194787
248394
251663
236503
208240
247106
250506
253436
244083
220386
218984
237490
203880
248136
229375
228084
192703
195074
213850
245319
239303
222484
175973
212077
238382
232574
246972
173993
142270
248921
186313
159047
168666
108424
249324
221689
184615
221364
237868
231686
249520
252705
175941
70964
215574
242190
250082
240681
167835
246603
109352
125892
221870
183050
83627
176502
141465
142064
248072
231342
137995
225076
83474
185124
78649
216969
171264
197804
254757
200388
217015
77543
182577
136164
194665
149647
116995
227617
205232
131855
171357
131594
199287
245429
222531
255403
232312
55271
106285
245587
54768
239919
252727
252362
180144
236507
187275
188803
118416
170597
195505
159483
187032
65650
232245
205865
168431
256359
163953
89513
156692
221344
251951
253407
244587
186717
249874
235211
100237
235207
214590
173630
252537
254204
158634
136816
251721
237674
243101
217978
146703
99719
186191
226096
255203
136350
113308
177522
203741
252600
125528
17840
193104
250063
236310
17204
168184
248401
82582
90095
248399
135490
200464
202623
255162
102695
92152
174106
122012
246774
144826
250140
249586
150552
255521
255748
9337
250282
228061
96993
161477
178992
241822
55139
256613
163824
41753
238517
256382
117200
194944
215316
205947
230918
250338
200945
221782
253804
176805
118468
214909
253500
132752
88117
128864
130865
127123
248841
174785
225662
101503
256594
251739
241557
209183
165489
257395
252283
125349
169854
79314
130583
241782
241580
49376
197656
244754
250163
251942
81656
239343
106654
128602
107341
257287
250951
150579
256136
75966
244028
252382
249289
186233
179607
181076
135053
145081
223416
243292
57966
246547
248952
94865
212984
183312
38693
183984
178466
236775
182946
54951
191928
206548
95114
251710
257973
258121
169640
162472
223820
259628
259241
260649
260425
191484
236086
258370
259378
206678
21314
180471
60899
246419
251929
68756
250495
246724
258330
234103
140874
237782
205534
182027
252336
121624
247501
216971
236932
245142
215352
214624
195410
242333
241624
233339
127244
169929
261399
259724
184182
84353
252053
168535
245387
87254
226929
246127
196410
245957
138589
141896
234580
132427
182830
247433
191336
212243
200126
94829
229731
94367
137692
233896
88030
75850
258537
133354
249666
261975
261792
224157
253131
255397
227404
257354
110226
253712
239289
236681
262315
208511
79650
204813
134573
243255
259286
222877
177462
258610
94462
138010
74718
262772
220817
247720
161480
176824
260789
117912
126646
246037
194447
207778
108029
51833
253169
177260
262383
237679
100064
208289
101660
182243
261740
8830
117134
171776
238324
261950
259251
253741
254999
182157
118868
24612
251860
231349
245631
212117
51032
157287
190530
135465
262847
232535
124006
153714
203559
226069
263262
182496
212646
48194
135721
164197
151904
221133
254327
211627
106247
197837
160251
163005
206304
34818
248123
48247
88495
162881
264468
125822
190913
148615
177791
3913
84057
190420
212282
35106
133570
143188
248036
247089
265463
118748
31361
254725
251632
265340
173816
260801
264183
57147
221222
127756
262607
64957
159639
255133
260942
136744
248007
244720
220088
260238
262551
265730
256153
247566
249940
264707
180869
264796
231502
178067
225246
143363
252742
61792
122143
255052
241294
265149
260058
173584
245997
237468
131382
245387
210217
256067
248315
255322
210809
213627
243167
255644
226867
179705
77956
88029
51166
243886
182876
187498
257461
221325
28465
250263
37993
254098
265289
222804
216176
241749
185620
259007
191601
178860
202362
104932
259012
77890
98011
174532
162395
202494
237721
251605
75574
249717
235104
259378
43903
89346
239414
69033
193596
208359
252140
154235
213183
255930
175363
260498
85733
257326
69225
258743
71055
123557
247650
259624
255913
248222
184835
165809
189356
189437
69097
237404
222824
250321
82908
193215
103972
239412
136033
11559
239318
142265
33801
110410
209271
174977
263016
253905
215061
50245
57952
37087
252426
246728
67632
108121
252943
263651
217685
267287
257810
226815
249945
267986
246862
237059
148778
3014
82423
259622
143277
244003
132246
203845
187157
28281
170526
244105
14556
268636
229541
178365
204074
82015
91324
254661
197876
170462
72598
261956
123207
171162
251813
240972
259670
229307
219267
190577
260542
267640
261569
231512
90374
185058
258740
269667
247313
189381
258005
227034
224137
259299
180813
236046
252536
218567
154903
167947
141419
206366
246340
241375
46615
267278
186105
260840
235929
222094
192919
49889
267361
253143
228815
157472
262485
176550
260123
51291
104583
174680
148709
108042
193525
257163
177082
268244
182662
246082
133313
157739
94242
220271
109856
269213
241910
268021
142004
264724
263071
203358
262775
4982
114198
257934
199868
219304
220206
187085
215025
230036
34930
102488
265809
263630
146813
233175
255658
72241
120867
268834
168831
238564
132265
88945
240023
266607
266128
220173
271634
159562
251006
138584
143142
183069
53333
257219
254694
155790
254698
270979
124206
176574
273309
206131
83441
261500
210674
232428
270672
109474
177826
121728
250293
187293
129265
231090
272832
231510
266559
267641
270778
206165
194688
39987
210705
239233
128736
260829
176614
262693
231060
263949
113587
229252
160487
270040
256802
155596
265295
144066
111175
249110
237703
263162
270289
148754
262863
270405
206296
242358
58806
189176
186956
213201
269206
247979
213840
231523
216278
145718
120353
204233
171765
222125
254823
240574
172863
253088
228151
209389
273266
270927
244638
225849
99800
272232
221062
234624
250197
262291
120498
12342
211639
211356
170493
267243
245414
273757
257489
62447
231572
161683
251880
222501
257394
272851
242164
261778
273184
268171
198535
272015
52999
80795
213555
163517
117192
242650
7894
189573
6316
219416
270948
133694
221196
259861
178019
3710
269312
273162
191133
230764
141776
150216
108234
214442
272592
147001
276460
197577
168687
137470
60312
214196
194605
192480
270784
163394
245934
87626
151616
20018
236633
259197
205866
270451
273796
204164
169047
244518
264520
269343
263175
264691
257815
19478
266554
255185
259291
227626
261852
246592
260189
88052
254002
271048
119851
192397
230373
266591
218463
33127
277026
166033
179344
49016
265731
151674
239475
171260
271213
276823
271029
256331
208699
122378
275649
255647
225219
237878
198425
235219
197117
225562
231015
274902
272632
118820
243894
122663
179131
162808
206173
272978
191318
270741
223572
274449
185483
244324
53448
214705
275783
263491
265909
278527
272281
34983
174049
236037
100561
210990
257879
98338
151020
235274
114730
253695
249821
246484
186538
239798
189296
191078
270322
78348
253142
222719
244388
244211
165259
81183
276371
268464
260565
192088
274656
174439
244683
144788
106262
25559
268100
276097
226437
255196
190338
187135
260953
189585
276485
208392
61897
81280
276080
110124
273647
233524
277304
233982
222837
275954
128240
225640
270867
267735
248134
257077
279371
277997
140996
105958
278877
143083
237355
139058
276454
268399
252048
231834
115997
224482
249627
163879
116300
200876
248744
237303
271038
177377
166612
200434
228729
267731
263946
277952
217346
146188
10857
211197
58675
163088
274409
278016
144090
274332
93163
198612
126747
226225
279595
215144
200759
261839
249299
279022
265783
232667
256185
276080
263832
179391
266347
148447
270925
235006
22934
246316
275195
201754
192644
282021
21408
278845
279104
275089
279397
278202
273091
271929
278026
88581
247822
217126
128151
82616
254227
268141
198460
189771
193410
172570
271549
260371
257442
271642
276572
99159
83227
276346
53179
275300
192729
277079
207643
266681
3756
168754
252571
189800
252199
266825
266829
109046
234330
95205
201391
231026
242698
206457
191295
245732
220497
200550
118637
214856
130903
253486
195859
227697
245268
256141
223860
274139
229945
171113
211715
99757
149936
189929
272837
278044
102790
195616
273516
275024
216175
246919
271158
163873
280883
162992
248713
282178
271128
66132
280629
278385
140809
266594
278655
177200
38213
266433
260985
184877
279719
279059
263726
96093
240054
158618
36921
70728
152902
285697
279437
279491
270419
278957
265922
274116
210260
99971
112267
279111
76059
285511
196431
249826
274893
216901
206769
185690
106414
140130
245787
88096
69360
286183
258868
218539
242425
266127
276344
264579
231100
192313
215434
241682
80909
72944
173785
264558
275014
217386
284664
281563
220758
271713
191129
276354
23101
135649
181104
284878
109916
268669
270603
188196
281429
274263
119061
141222
253048
284088
224064
216069
166536
261932
237754
259838
150343
237592
236512
227274
287368
198787
287298
122834
200222
287916
282037
259913
263079
283297
267595
286625
220849
115525
255360
267853
177604
284548
236282
152435
194402
275496
282112
203409
283656
264292
140534
124086
288047
251012
227806
76609
242728
255232
285584
239788
98956
265729
204569
287431
262909
211311
277256
206819
107653
244739
103820
249151
92423
126033
216853
227923
257617
274518
280020
259666
270761
270807
192226
288459
57711
286712
245568
211729
286002
232582
75032
204909
86568
150124
261123
244330
284794
287081
-1
241248
255055
27037
222267
214693
85822
115393
289943
220798
270906
278903
258704
236083
72394
263190
275437
287585
63057
177313
287316
127653
276000
268024
199894
212673
85983
277334
120684
123230
284654
261762
266357
269128
214934
289989
245444
131241
272077
137669
246481
289072
64140
278343
285011
274028
271979
276369
119620
263744
115254
291688
133791
233225
246785
212185
152317
91001
136745
40036
17599
283149
229767
271713
214348
214232
45560
200764
289804
286953
238759
292254
108336
244936
275536
141377
158174
265301
283893
227880
265747
247034
31309
244394
282627
287323
284133
283823
289870
289654
265466
248067
216146
159282
293896
105909
261965
74703
189465
182059
287472
156558
198647
279829
233117
217926
56411
140054
257206
47967
261909
203600
182301
207115
286985
113459
248820
256204
209984
220152
228720
272931
292208
284483
292177
103713
168414
261011
290085
291702
150557
110625
163588
241067
184214
182590
267139
211461
288374
225919
258470
212845
224123
243384
240135
293468
275220
201206
290350
291683
76808
287202
151412
261885
163617
37071
146296
205909
269973
222373
198958
222357
256885
229145
294495
-1
235846
261280
294462
178168
262641
9395
115090
272643
295322
288158
205380
161217
279232
276252
282613
223277
227143
250099
256664
286220
292399
100948
126075
209636
215249
285115
246530
155358
292282
174744
294552
241883
235713
254380
108110
283896
170595
285786
187635
284524
241930
223941
286085
292825
237864
206695
198729
275921
288199
240126
100616
235109
153473
292216
283707
272678
231497
232116
95946
259802
234792
251841
236003
85407
294586
279415
275701
265266
232217
204891
195239
128566
236251
253768
286751
296292
253959
288597
292492
128194
202418
296548
264754
28301
214655
25499
235325
294007
57438
293331
283897
280879
253749
130519
141591
292924
246124
297208
211006
182493
165526
189217
266452
238876
243108
137967
101476
278661
199571
232852
287911
99394
264858
282363
271396
290948
292668
236899
48261
213202
72134
295830
292836
289334
297419
299536
175424
286178
127579
297707
273019
292708
298969
78566
144782
38769
109576
261939
293127
268582
129530
236481
275943
292748
208215
266265
80820
280895
248269
231707
256331
269269
241875
289586
289172
177902
293391
286646
248254
57359
140301
257215
249740
204892
228616
234331
144963
291229
68919
77953
232217
197740
127724
167469
271266
222865
249621
291154
251030
287960
296674
279894
248718
276115
281829
297001
234955
209881
214974
166016
128675
144884
266851
229555
5142
208737
15859
263769
266438
284175
282248
279435
296987
298509
218459
280251
237938
248864
37230
291771
281452
125371
284899
297475
282339
296324
191681
295469
284801
263524
84673
250837
282520
218066
249412
38896
263283
276334
228414
239831
298244
300129
259139
183857
265724
174914
161342
174089
45774
213039
236827
222712
227922
255860
293042
104425
302217
267989
167912
285260
164669
203453
136419
302639
216314
210069
195657
259595
219748
298996
300973
189173
237849
291937
291862
288212
192139
159052
253371
285977
297552
298636
276394
201249
174877
130322
281591
208462
213156
299602
51241
303188
174822
148650
255555
91838
268693
95084
228226
284813
58800
178411
300845
302102
288613
231314
239880
56359
255418
273412
301822
240267
202143
188907
175696
51600
223567
64113
208264
281481
288195
217803
302730
217198
227693
266219
222252
298090
288263
283229
300664
193488
301201
172725
204261
304992
113627
257797
301359
292958
303952
219441
256465
282322
140833
100162
255420
236496
239023
302855
153446
301985
-1
301626
294004
287672
291402
246038
76019
229729
260647
284385
127850
228814
235468
240936
268095
301876
299426
48918
296971
287138
205668
73220
150437
297947
301667
295554
229563
7309
304124
244507
304855
291277
242409
271929
194398
86544
258389
163704
245869
173981
96088
274377
290630
74124
180369
259108
301017
192962
286397
126735
294356
298798
120498
298809
195282
242000
283507
207848
300272
304022
267968
30891
263759
276570
199698
294344
241242
214174
304084
268192
295463
233693
242032
302469
100071
297455
294407
293600
91959
207511
105775
303736
83714
287103
220559
198736
254792
111916
110514
294893
288881
132659
298258
32882
172712
242247
304743
264203
306362
120954
115475
221621
235939
59273
120165
233562
261948
307772
218930
303303
55650
214318
303095
303928
192730
240120
208247
207330
255357
255392
259345
240263
110844
165565
264763
305331
185335
283731
83533
243943
293904
4929
174161
193703
243349
266736
88634
217735
37859
143756
110137
85774
208402
222191
174110
309534
20028
306313
255987
299298
288798
140456
288185
227872
162959
213054
206164
291170
278181
221998
300356
307940
181625
300173
285121
257218
205931
280053
303333
177746
305579
195522
102670
128168
280129
157296
290609
240557
194442
305336
96785
175994
54931
186184
271662
285523
275574
285668
201381
125541
294998
295822
200270
282727
107091
169329
216218
270432
90469
308393
201723
301338
243385
39917
16984
262913
257399
167486
287973
279289
201975
244546
168901
245856
237595
304547
310839
226092
280126
310900
211520
310831
276464
258699
269013
250296
182132
236096
263540
311265
284055
289920
266251
295909
291066
300054
232480
182633
182220
265301
309126
279738
309932
233727
309359
280515
145098
260970
250890
292759
308574
298540
196898
290817
200821
285337
307200
191261
240796
80982
199894
194916
272190
163072
173600
298112
111865
160307
295845
126951
292643
306267
119458
240967
252004
258853
195116
128667
300357
68578
307109
257885
187393
91774
272805
202908
214819
310103
244508
30574
258643
100411
297957
100711
265805
218507
303333
178688
195354
176692
293635
273544
311150
222373
308554
277011
221292
160671
305429
294977
287643
289698
310527
241395
219337
290973
76642
285950
76252
217833
236929
265709
253619
241060
2519
176223
230655
310743
267361
303799
290429
288799
309465
106584
290788
254337
274052
209110
182156
65566
261454
258341
304681
295210
274117
181403
248478
310632
272064
310076
289193
251463
302136
274869
165942
303096
261698
127251
238980
290180
311121
314644
309054
237767
276964
311896
144569
312971
196306
308921
282199
301840
258989
187627
164444
227692
310614
236673
193047
245357
297994
257252
301891
305880
154107
32442
276681
293140
48406
290234
293411
274719
129608
213037
154174
190180
295721
300712
314736
81244
205158
313497
139302
150256
310751
281043
268150
257650
314926
154217
155002
239820
108721
269150
257875
239539
209410
149910
309219
233621
310654
209356
287339
315503
12570
316396
289286
146373
298943
246859
149618
312970
309241
45951
101877
231953
299180
278134
275629
174434
177699
312695
312784
232571
270719
161996
97737
234233
306462
98797
281729
228827
293693
233758
225036
313670
163394
312529
153682
171255
220585
282593
297983
282724
176628
298482
274279
302764
210846
294583
313217
49082
173003
220899
10022
127101
221387
189755
279344
278280
248159
291177
217756
247700
316868
113740
307179
317645
74894
315807
313590
314364
172018
142004
222292
307151
299328
144076
295167
304714
307881
315189
282032
235815
271616
260559
254440
245984
288069
253918
29454
110404
17682
198008
315739
317374
318367
234532
247640
265924
272142
294631
314882
138197
195264
132383
276981
291856
92898
311318
174515
314491
262565
317176
287716
298129
303639
248393
238183
305095
306582
315647
291651
312787
216570
64422
301703
172646
222031
177632
318207
224480
317083
221793
82039
228366
272281
276449
292097
108449
279898
311152
296466
270859
182042
304567
254644
231376
298538
231733
21608
204384
84899
251155
317987
204800
298848
128245
291568
271119
317015
315893
177885
155677
298928
306503
249590
269216
304887
315081
219824
246181
313092
281103
145867
203464
287947
285678
221166
171540
315427
267087
249832
222754
58914
100289
310844
314647
179266
60600
317380
6217
256871
304180
314127
230177
317951
316930
263182
176189
257180
208748
168631
109876
315945
160368
93490
276479
255220
308865
308517
234451
305097
320010
271640
294625
265144
319403
233455
313206
173755
300867
318439
317011
318760
258788
319584
218156
186853
292312
298742
311477
222875
311338
290503
117427
233289
273871
309903
279852
178599
311241
264156
172320
287599
310477
169711
308370
121503
261161
116692
86208
202788
130798
93623
318040
288709
39783
172322
302113
224645
319637
292204
209006
258137
241697
141992
266145
87794
255014
91662
100755
296076
295271
128100
283110
310085
-1
226686
301890
318819
309531
301113
162770
30968
301861
322942
201818
184423
121267
302514
319911
155350
297239
322547
302643
225208
275617
319243
321845
225677
31736
305089
302857
247536
297182
176952
217338
310236
318339
276740
244827
323571
205156
292127
136419
275128
270315
323712
295395
322928
22109
319893
299686
291425
294348
225364
315757
302131
313674
273241
147051
307395
308762
96274
184075
59078
309767
248641
311059
247440
258017
232928
223933
289479
268940
204527
250183
237341
183900
135625
302560
196532
321314
97436
204976
302597
295651
129691
236749
308895
71440
312091
216554
54689
312139
260338
166589
118659
73681
300388
269592
244602
304047
320188
146669
258562
240388
321285
267128
300508
128338
308656
35277
254671
314608
310174
120454
208820
178684
43674
88897
18140
223264
259271
114879
239073
284432
150318
126358
289253
315462
133199
182369
284750
310924
321891
323937
240938
282704
34172
272110
256881
323489
286034
320623
227146
315878
322690
298453
102336
253323
189098
298522
183437
286259
324855
281990
161148
257214
294407
247395
183955
233632
195965
316040
317536
313877
322955
304314
305440
312276
194610
316611
315475
86091
306404
257208
104522
320413
292053
323929
312906
324297
193322
216624
283770
319133
87296
78558
224534
323620
191274
237441
118672
110395
207342
321118
169942
327351
301450
147993
193291
242899
272368
216836
96889
316157
323962
129728
280265
265020
280456
296565
111689
319225
281512
207198
281679
297868
327330
288874
163857
249276
220358
317997
321530
148303
269258
159509
308737
130540
287671
317824
315772
326024
63014
188652
204583
327604
307877
190937
51677
214493
254289
230818
324798
317591
261207
218827
208146
31776
320925
181361
263566
247993
298860
21856
176581
160020
55473
270534
233423
325476
245287
240668
199388
298975
301419
320432
249832
209211
303067
266803
277580
318691
163604
221773
321661
192832
289807
313545
264311
318192
236834
306364
326184
148278
266011
206220
326676
242880
247515
301451
322511
219152
289370
308653
307187
216806
304436
326667
318836
310053
308794
313263
247481
328493
249682
88304
319449
276314
201563
331041
149927
218092
312795
213695
277457
270478
239107
265331
317435
262390
329367
330466
329809
320160
99264
322819
212758
15866
237329
232666
328339
291081
314175
330315
317761
318585
222934
218374
182144
47044
295127
150497
227052
289755
329198
323987
232577
286840
310511
223644
296457
326936
204141
256314
313720
172288
331862
327937
321559
321135
156932
329078
316875
313271
64627
322001
263748
200348
276200
191806
189955
322566
331364
292559
261267
313733
300051
203985
318532
207909
251235
208762
313360
328284
279797
274869
323020
327651
228946
208479
301249
298204
241915
236675
159830
135464
217270
75126
285188
283547
261791
60224
301148
178210
243765
238329
292336
306668
265147
224616
320202
238481
240354
315942
310882
329143
269869
295381
245764
130497
319518
328081
309723
210075
319394
65050
284808
328255
284537
104962
320354
327051
249799
248060
265874
208159
332521
139972
314049
280981
288025
270130
16180
324466
321679
18198
331037
327262
198514
328964
334048
294511
118434
302523
237101
