1
183
164
457
334
115
346
470
468
202
420
560
115
261
508
704
514
679
663
-1
396
626
500
783
683
666
925
1019
868
935
626
755
687
443
494
687
1145
332
677
466
243
1187
1082
1155
1150
944
1229
1406
1519
1556
1653
1110
1426
1642
641
480
1728
1834
554
1633
1320
2016
1744
1764
528
2016
1951
1405
1430
2124
1885
2017
1067
2065
721
660
363
2411
2204
2272
2630
2447
134
792
2944
2322
2663
2475
2855
1872
1879
2058
2529
2821
2515
1996
792
2805
457
2607
1758
2648
2198
2987
571
1073
3038
3043
2683
2812
2391
3102
3302
3429
2003
3098
2860
3527
3158
3110
3141
3013
3201
3223
2839
1474
3533
3756
3607
3589
3242
2302
3637
726
2890
3786
2325
4071
1867
3457
3551
575
1624
1563
4181
4062
1330
3228
3779
4467
2423
4015
3781
4424
442
4088
3271
1062
3691
1195
3262
4638
4760
4109
1633
3805
3310
4105
1536
3757
4632
1521
4150
4296
4721
4242
4591
5080
1987
1459
924
5466
3324
4625
5346
5693
4773
4820
2391
4698
4942
5931
2149
5862
5899
4751
193
3658
4827
2983
5419
4938
5359
4695
4356
5283
5128
3027
193
4461
5668
2455
5709
6085
5108
1713
5740
5457
5648
6596
5613
5401
5779
6251
1090
4854
6616
6976
6044
5745
6118
1581
3751
7192
1900
2999
5161
6651
6124
6527
6901
4052
3647
6745
1389
1127
6753
1990
7049
7247
6206
7154
7225
7190
2339
4836
4917
633
6260
6353
4361
6801
7112
7542
6282
7497
5477
6761
1229
7472
2862
7407
6471
2158
2285
5184
7723
6211
8067
617
5445
2795
7903
7371
1809
4809
8400
7162
8583
8116
8522
5336
8275
7516
3810
5563
8686
5438
6796
-1
2563
7273
4794
8600
7063
6554
8843
7644
9053
8756
8875
6033
9641
6668
8645
8921
4676
2607
1210
9109
8987
8935
7216
9420
9672
7640
8875
2199
8923
4591
8230
9548
2951
7791
8807
3378
9549
8951
9548
9778
8815
2281
9773
8834
542
9539
9320
5926
8069
9482
10310
7084
2751
9715
9872
6003
10167
9907
10208
8546
8745
5778
693
3816
9609
9292
2820
6125
10322
6617
10864
8605
10621
2222
9705
9722
1740
10819
2476
3867
10477
10588
9710
1819
11114
4792
6414
8215
3061
8830
8359
11381
8679
11002
7824
6369
10631
11140
11470
10874
11418
9157
11528
4890
9423
11958
8932
8632
9233
7941
7283
9094
11906
9552
11939
12388
10454
8764
3345
12047
12177
10712
12659
9124
3066
11855
7585
9711
12066
8404
10775
12246
12283
12098
2903
12260
11961
12607
8017
11429
12423
12466
8744
12605
2293
8824
12393
7824
12276
12652
12763
12663
4874
8195
10321
8765
12767
7311
6135
9874
12894
13068
12872
10116
12126
2949
13174
12568
12961
11734
1095
12853
3416
10557
13088
9483
6428
12960
13326
13525
13748
8533
13745
13428
13459
13714
6342
11364
12626
9980
10079
13209
14040
7414
13950
13702
8857
13829
3505
12882
13813
8358
13423
9913
14016
11605
6831
3598
8352
13805
12414
13957
12214
12291
13998
13417
9525
12554
13713
10702
14291
13817
14360
14201
10018
14571
10094
10488
14649
8491
8521
9206
14844
14589
14716
9471
12786
14695
1165
15547
8451
13602
13034
14908
13586
5553
11265
9346
15606
11592
15020
170
12626
10895
13266
10626
14722
8600
15064
5347
14101
15288
14150
15061
12547
12975
15350
15750
8302
10810
3336
11689
11891
10867
8621
15165
10292
1877
15859
-1
15677
10360
11557
15556
15684
15938
12690
8862
15332
16236
7757
16839
16039
9857
3526
16238
15848
1961
2520
16764
7654
16265
16118
15358
16239
11081
16457
6038
3263
1910
10094
16438
6396
10158
549
15987
16583
13475
12373
16999
5075
12393
10559
12346
17492
18542
17013
3688
16678
12464
15655
12152
13455
13333
17255
17727
11712
18138
629
15004
4589
13607
16924
14025
18877
17611
17532
3955
4529
18267
14829
12551
18144
14221
16422
16928
18060
12947
14806
19833
14492
10047
12994
17698
11148
18844
18279
18583
18515
19933
19029
9947
19201
7981
16611
18742
10812
13563
10409
19469
10495
11519
9394
18491
12490
18279
17182
11810
15769
16984
10353
14229
9812
13640
17564
19668
12694
12280
16719
11292
12113
8440
10297
12370
13996
20575
5725
7060
3057
16135
14996
18262
15608
6054
19499
21093
13271
19992
2489
19969
18888
6046
10839
19838
20128
10993
21194
18383
14737
18425
7911
3023
17573
13801
20255
21656
15739
1604
19856
21008
20639
21402
20151
14099
16030
21504
16772
20440
20348
11940
8122
3456
21812
20565
18223
13888
3677
21550
17117
10142
6326
4310
19744
16789
22169
16631
21570
13215
3998
19612
14952
22596
15224
17986
20070
7845
6009
21697
22812
20141
20376
22418
15842
3682
22337
16003
20536
23372
16502
17172
19050
22107
8314
9248
21194
21073
19686
22042
15741
8955
23376
21100
15338
19274
5886
11909
14218
22098
8493
17885
22941
20554
17075
21306
24049
17315
23541
9585
18611
23560
13739
22123
21555
21441
20783
21300
14786
24248
13202
24077
18056
23398
20367
14786
18115
24405
14175
22752
19092
21386
17214
21881
19770
11257
18015
22842
20638
15303
24633
17151
24585
10193
11265
19125
19731
24555
20920
12540
2706
23581
24613
23443
17698
23064
13310
4194
15778
25120
20458
18406
24052
5085
25498
25547
24705
23755
19393
25376
24370
23396
12817
2593
25614
18754
21182
25797
24664
19283
17291
24768
16213
22129
26098
18245
25182
18713
23576
22851
11518
23049
18756
15235
25269
22941
1349
23911
26144
25061
19403
11125
25253
13043
23378
16192
22851
24958
26577
25295
13679
4543
25295
18914
26620
26430
25048
7887
23333
14895
25589
22194
19237
9069
12280
11602
9469
27065
18567
23061
22497
21424
27415
11520
21456
4171
26919
26288
9405
26079
18667
2664
26045
25171
25474
26269
25810
25893
26967
26180
26264
3230
27071
25304
24443
27568
22704
27097
5269
20231
27749
24851
17201
24031
4365
24859
26802
23702
26014
23365
26560
22850
27098
4810
13477
27782
20465
23524
20356
25936
18934
3049
27699
6733
26370
17168
5286
12703
19824
20184
9643
27167
28185
23329
21883
20358
20336
26193
18257
15801
27298
10623
7382
4034
28472
17400
24717
27848
27590
24247
17864
25027
21330
14351
14359
28022
23305
5312
21821
22229
20563
7321
27553
19952
27834
27774
13197
25274
28492
23947
6446
11623
24487
19419
27098
29112
28682
26802
28270
21426
26417
28969
21687
17568
10372
29509
14692
16426
29684
18359
29808
11987
29867
25518
30254
29679
28831
28830
21210
29046
18074
28980
28465
8818
28107
30654
6219
26099
25396
10779
27694
21159
21120
29386
10283
21753
6889
20092
29848
22442
10776
16841
29917
29865
16644
21517
25093
29974
31223
6887
4101
26571
28734
22132
23767
22219
31013
29857
28086
30376
30058
22112
31477
28873
10921
29561
29461
9306
8221
26457
31612
13264
31219
30340
28392
30430
32203
1915
23462
24333
24051
11253
22934
2992
4009
16780
1267
558
28711
31083
18648
30148
25457
29122
32651
16131
28815
12242
31366
22797
10977
31282
33071
18470
31536
27772
7210
32930
10518
31921
31532
26210
24181
7865
9046
31011
20651
22775
27651
6005
1372
9808
33579
20640
4316
17447
10581
33606
31561
33318
1253
21042
17665
26750
19851
33848
29960
29306
23850
21682
25735
33678
26154
29311
7242
31025
4521
16551
26529
27016
32594
6364
32541
28077
13823
29758
18697
28079
32939
14826
7989
19936
32849
18643
33659
32869
28690
33303
34796
29521
32828
28891
30354
32305
18587
10114
18297
21855
31762
27063
33373
32238
33563
34678
30494
35183
23317
23123
31617
24309
18205
34196
20901
24152
31490
33455
19208
22161
33495
20681
33174
33349
11165
14484
29086
35327
6564
15793
20660
18383
16745
33835
20797
24983
34144
32958
35795
7635
27686
13324
25359
28678
25074
29711
26153
12720
21049
18338
21014
35800
21322
16409
23833
21018
25714
35888
15057
34870
34736
8010
14475
24650
36038
27819
25570
12777
34901
13835
17362
36810
22755
35434
29606
35312
31517
28956
32507
23141
35157
32520
15679
33409
25609
21435
33112
35254
36225
34843
35758
30425
36422
11071
33688
38311
36138
22872
36226
36382
36722
35286
31117
5467
26912
8174
37365
37604
9231
34265
35824
24202
35952
35879
36683
36824
14207
30116
38118
30700
36454
36237
37888
38531
26791
38185
27135
21825
29178
37641
38901
18126
29744
39254
22033
36399
37584
38417
33990
16158
38372
27771
25539
30360
29447
33154
35276
33569
11596
37630
37186
38532
25364
39062
8412
23896
37357
33368
22501
24252
28132
20769
18615
38552
38067
33581
18356
39494
28147
38278
39046
37840
39266
38801
23625
39592
29047
32466
38257
22296
38285
39669
38313
9615
4101
38554
39736
35739
36517
28509
16319
3599
26844
33902
20587
33872
38593
39796
5659
32889
27179
38359
31776
12068
37189
13916
30298
40151
37009
22425
14587
8415
26224
38581
34365
39241
36078
23786
38734
39572
40882
22880
26287
28841
35977
14145
30324
25372
39642
39037
31539
27239
26578
32807
41810
25825
41192
36321
40067
33024
3318
17496
20975
40010
29949
26698
34025
34239
41505
5937
24440
27717
9392
41402
34336
41696
40836
8904
11373
23214
40187
23930
30115
33389
9983
41311
42096
34162
37682
23216
32405
13775
39965
28017
31447
41907
37590
37316
10479
30250
42949
29873
26718
25583
35728
39309
42272
18486
32463
42684
25687
35923
40103
35439
42375
30114
38125
25961
29043
35874
35701
33920
32365
43057
42282
42822
36806
41642
14690
41188
23736
40343
43441
33012
25794
43823
41158
23905
22147
42940
11986
21781
42748
44287
37925
35196
42050
44531
34850
43787
23391
32807
37204
42182
33778
41873
23857
39627
40658
43130
35480
43033
40210
8924
44249
42668
36051
26158
14662
20075
40769
10717
44805
43173
39418
41937
35498
27181
40236
28812
43538
43619
28468
35728
43793
35150
43606
32483
27597
42385
42460
24740
43019
31672
30345
24261
42691
34024
32352
26944
16629
16189
44159
42327
35065
42413
45325
42395
43872
24478
45030
43779
12599
42298
42856
39834
44198
38569
24015
43196
43795
45910
41931
46068
6530
22482
34034
42957
43956
13764
13662
21636
34872
1705
24280
18220
41927
43279
34054
32051
40910
31679
41914
32775
27471
43952
30013
45547
38040
45121
36023
24634
45211
44358
43548
39052
6448
11028
45968
12902
47167
34022
45380
46677
46069
45469
28138
46700
25550
37652
29486
25105
45492
44260
45300
45260
10938
40848
41619
45645
5442
47224
27850
40268
45061
13472
39700
10954
45373
28654
13816
43993
40932
28437
46978
24275
24783
31840
32678
34649
44685
47209
22331
47091
44750
12081
13603
1046
43442
47707
43689
34858
27632
37168
46180
37422
48542
45771
4850
36362
47884
11738
8439
45565
41939
39573
36058
29934
42334
40766
44916
45988
47734
32647
37563
18789
23509
47047
47902
40064
47322
48238
43406
39480
41970
33858
49100
48575
34667
16635
26695
38322
24702
36006
34838
48680
16970
35925
7549
48703
26486
46680
49990
46487
7799
47560
46615
47370
20352
31522
40027
49862
42957
29393
15243
32687
9876
26597
49414
30410
46466
48854
39663
48577
46174
40777
47134
19133
30141
46240
29941
48990
42818
46888
46899
46749
48675
40561
48616
36873
50486
20128
45899
50439
41893
49291
47624
47256
36297
46298
37287
34704
40430
46221
31081
32742
45849
45306
29706
42291
47953
37344
48772
43842
18523
49141
44077
42470
49594
51056
18876
37177
43280
49504
29772
51306
41637
50671
38788
28899
45781
40960
27501
39745
48940
3580
49935
50597
48421
37873
49761
48112
50226
46028
49162
51326
41403
42826
43568
28041
17807
34663
21394
32371
18999
24087
49621
39247
46381
43473
27844
24860
43636
50618
27894
39978
15144
51328
-1
27685
13013
50985
48795
9204
49545
50728
10204
49364
36177
51687
23540
36047
40876
48652
32242
51614
44830
40619
49956
50083
35676
49692
4080
21533
29430
49707
36808
52880
51022
50921
50831
49719
36295
51312
48295
7429
49855
45870
41382
45541
51949
38691
53225
52613
40064
29432
14122
48442
51613
31661
50408
18453
19498
42019
39769
44648
12155
52637
52298
31920
53084
17441
34156
43880
27894
51151
21283
52719
46812
53401
50924
51912
50670
40749
43693
24993
23725
19990
53225
51052
42636
11978
49527
52148
52309
53367
53541
55236
54300
53972
22172
51654
-1
44113
51955
52863
1249
41297
51829
44102
43423
31302
44713
33512
17183
39243
55534
22993
54897
28947
52619
42886
17720
54773
46868
43036
40583
45690
52229
53721
31526
30624
51038
19482
28447
2444
13209
40222
18822
48801
44025
41495
41763
53375
52933
31000
24268
55689
31015
53757
49303
34045
55167
29565
11959
34659
48360
53302
43215
34633
47965
55435
19511
48199
52673
20337
42929
54792
55247
52212
55336
54107
55600
52685
54688
33638
18747
56457
36507
46394
41300
54321
17765
55529
53885
11893
47168
45006
52661
55880
56901
31983
34969
15589
49811
44731
27866
29526
54500
55131
57876
57211
25863
54823
56740
40066
23009
14686
54614
44559
28227
57769
43435
54171
55977
50321
38731
49510
54816
55878
22276
35591
50633
58932
47690
57205
37004
57620
56580
53608
57743
56309
12742
42158
45851
19850
58437
25564
22278
43941
51010
23988
52044
-1
31085
55981
48619
57390
46757
56732
55488
41246
55240
57535
14912
55205
30722
44690
44972
58959
21092
56880
57641
33663
47972
14197
58114
32337
46429
29044
38730
45010
37355
39551
57143
39831
38160
58012
59318
40810
51453
41310
42863
59897
35989
40260
16424
58460
23032
42508
33742
14572
48509
43116
59596
60286
47915
36562
38620
11647
57705
49201
60351
42503
7189
52661
14561
60866
58553
50796
57193
53095
37008
18569
59504
58990
45507
22987
60789
53250
19158
59388
46527
60987
29816
51528
57865
48823
29333
13594
60434
31845
56909
40682
45607
59899
57250
45324
61607
57738
33439
45504
23911
61701
55917
58895
58193
20469
61640
50183
58972
60635
25029
29120
60743
27311
60687
7580
41221
46924
52289
35213
56568
56340
57230
54682
45302
29886
28797
53359
57895
59832
36317
58357
32592
42264
52644
62773
62829
60616
32959
58666
62776
63166
42533
61605
59389
43781
61226
29508
14684
62053
53398
8000
31836
62133
36512
50437
20545
61543
31778
31550
59151
12740
59547
54850
35881
54145
13107
23405
62137
59153
39885
38952
63666
57435
61016
63696
10304
53393
63052
61956
31212
39500
35745
59006
55440
9692
42085
47309
60919
43147
54832
42643
62245
49779
54175
60592
61063
58681
62320
30596
55306
53642
28804
52769
60895
57842
36080
61095
49232
57430
58508
28060
63699
56318
26041
63344
31879
58856
64814
57642
26662
51312
18880
56792
65690
36728
51062
64316
58354
30349
30900
55915
36272
45108
43785
55787
6607
24016
65099
35481
35758
51651
46973
61567
65838
64755
28114
51051
56657
48519
31103
66151
63896
43802
64340
63015
21205
54424
55166
32280
62774
55687
65631
15410
57721
4240
35003
51802
64789
65218
54721
19701
66987
51024
65230
63538
23548
14577
67497
31016
26122
64421
25619
35069
43188
34024
61863
58628
62450
54319
34443
65535
52534
42608
8085
67014
24578
63278
26921
25347
59520
19933
63889
67228
43461
47184
67515
58478
46379
66231
52272
43249
3989
51274
42269
19614
55964
33478
47517
59675
33477
62064
68384
42987
58685
33123
29132
25330
7976
35175
51695
67740
43050
23798
23473
36410
68389
51088
59831
68259
60342
67010
54249
66935
50161
55061
64752
68037
60272
33767
68708
59267
69284
67286
65944
62795
51055
61043
54786
38897
64596
37783
47202
66095
46730
66150
65682
49000
55365
898
68318
62138
59857
66683
34089
28368
24216
70416
59768
69473
42457
64194
69898
46508
39658
17429
8990
69708
42475
70072
25786
55022
30731
65774
18809
27964
23270
46361
66074
48440
45062
70747
67900
67119
64840
59928
55116
62244
69366
69230
66970
24245
46464
68958
43971
68394
52675
43743
66664
71615
69881
54137
69406
62447
71784
61025
69992
71214
30978
65282
69603
66876
67645
60090
67726
39069
3682
52892
69926
71295
26583
42267
47056
72324
45305
49627
72194
72034
72433
54188
46043
64145
70734
72051
39387
42540
49846
61686
67539
67599
72469
73034
47285
26950
61664
11426
64990
52703
72597
72287
72029
56934
53432
37605
47202
53653
66608
62006
72928
59232
44515
3290
60220
69075
68204
64493
73112
72705
975
45855
66435
27346
72559
68223
59758
47164
71999
73713
69208
63467
21935
71378
70289
61960
68998
69255
67002
73154
6123
36534
22727
21332
60609
33487
46492
47085
68905
32385
69568
60019
41494
67493
70986
73908
36248
72201
73757
46691
72074
67143
65343
56047
75007
58911
69109
30666
69044
60501
72928
70049
46235
67079
68378
74722
65487
60499
40947
72722
75027
30847
60123
71271
71774
70080
58490
68396
73356
46852
72850
48307
33665
74078
66870
54122
73518
64032
57073
72222
65722
70635
71003
72652
29607
64674
38007
36625
11531
63242
43511
38577
75685
74019
55038
70926
66154
75882
32622
66274
72434
71618
74077
58638
57517
62698
72553
31661
64355
47129
68667
36344
59679
29895
51100
71679
75321
22031
39155
1040
71115
74615
76152
36592
52590
75075
76603
28058
76514
76824
73714
55240
74900
73914
11023
59323
15451
48975
60524
36047
38818
62475
75398
46430
76853
30693
70992
45681
50808
75483
50737
42118
72529
63784
18279
72363
53531
74801
17707
73266
71931
63604
77661
66219
45871
72580
27034
65857
33785
61691
29885
73313
35271
76857
74779
24233
21441
76613
66985
54528
76970
58337
68618
61256
78231
53819
69243
56955
54632
49039
57221
67121
62712
40050
76856
79136
73971
54806
77829
51547
63031
78676
79050
77849
41228
78934
79681
70054
77050
26478
64643
77586
41864
68161
70265
34395
62086
53700
79711
62901
77815
42898
43829
30706
27480
74651
79345
76908
80267
80554
74870
49102
80822
73412
80011
78234
76492
38923
38580
74131
59109
80321
76249
79936
77907
78715
75060
63953
33702
61388
63450
75964
70086
59735
68884
29447
46656
63169
70400
62645
68248
81281
73438
9326
75348
78820
76776
67471
28419
60023
68562
22496
66120
78574
52293
81767
31966
71488
18836
79767
78184
81228
41285
67235
78215
32177
-1
80341
79554
79827
76598
55256
67297
58326
47698
81379
79885
67803
80194
45293
23763
76204
76051
64039
64090
80158
47971
75644
36023
55116
54752
61467
82515
39422
68336
80770
76403
3935
68451
64723
70723
65504
61149
59576
35901
77875
82167
81822
79387
30125
83181
72149
63128
63033
62128
54067
72370
78375
2816
61468
68061
50402
69101
83809
78098
75233
31995
28732
61820
81479
71095
27346
82995
81348
4049
81703
79105
71216
77788
73612
79324
73567
70238
83944
11489
74476
40527
77884
31201
26837
83763
62021
71716
82159
28475
81197
73614
44570
81415
31986
74021
79287
68958
45041
72355
58219
59367
72749
42756
37103
53410
83539
39612
73341
83880
76965
66343
84349
58311
19414
82282
75838
68569
63662
79085
80373
1081
59555
80148
83432
63541
82535
82983
76609
82642
61824
8122
58726
64151
83128
76285
64386
727
76097
43455
28196
84580
18891
85128
78718
69712
85328
54424
51737
29758
78635
84191
9538
77445
83230
32835
63076
31816
10714
55934
67688
46433
14174
77600
85534
82665
79377
79499
70061
73496
1005
74584
85142
85900
68697
49570
32726
75415
84252
83370
32420
74165
42143
75677
83044
84525
66736
86164
71509
80270
85128
61442
3242
86554
85619
65179
75500
70548
64807
53207
85415
46990
70942
30871
87246
72035
34857
86757
41207
55969
71127
86646
28165
82613
59415
79829
26528
18033
56623
88142
76587
47258
80331
79849
81845
85706
86439
32436
78295
55695
61652
81488
76096
87851
87879
86000
42555
80583
87031
11022
57094
86710
86196
76757
88128
83737
30927
19360
86100
88412
85638
58163
65564
74890
75824
87252
53122
83758
85567
77467
17512
87407
71664
80947
86350
65078
59813
88155
56425
67680
88264
70014
80715
72072
67598
85932
52517
87159
57981
70805
85117
89082
89195
73344
78737
67291
23598
87308
39811
90109
89112
69051
36156
77184
87983
19938
48570
71079
79567
76697
70970
85822
57722
59224
87413
49573
87014
68353
49680
87342
88151
62150
40277
89468
86870
85109
84363
85111
81998
87846
46744
81015
18471
45765
64133
87957
66171
88802
66814
87476
15074
87631
73223
65093
76785
90037
83342
85755
89553
90616
77697
47144
24214
48222
47797
90473
90176
62149
88605
48940
78998
82157
20626
87772
89307
87239
80883
79333
69067
90333
54926
71210
84395
88882
88218
86309
80377
74557
71840
88882
84691
71269
42877
85529
18942
-1
74270
68098
26797
88945
45561
45633
16791
91748
89749
86952
90556
83399
23319
86049
86448
47629
90536
90736
87595
90054
86573
34440
83685
91717
25089
71018
58959
79446
80371
34707
54461
88782
72295
68224
62054
73762
18168
87111
64209
56286
55115
90224
32423
86466
76174
90224
42705
39558
81412
88645
89600
91825
67333
47531
43343
88031
89339
92811
92758
36175
91584
30879
77393
87318
84345
73559
45274
61566
90246
83064
64881
89462
51544
63263
80085
91591
41410
70844
22810
73596
93872
93700
42824
77700
17310
93667
86849
91543
71692
82957
92641
78436
85914
79791
88502
30463
90158
66361
40793
74907
41786
88916
92137
92004
94341
87443
59240
93963
72378
89510
91891
82935
31848
67129
37839
93300
82887
19015
63142
89952
92617
92493
92182
93801
93230
40059
90643
93842
92512
88093
77793
85039
93937
77781
23624
94250
95378
54322
87401
92600
48170
89726
81422
84250
92496
68879
64904
92103
57167
72820
67706
83944
42874
90520
94665
88128
93787
71648
73924
83267
93982
69402
62802
88455
87032
92304
95109
79872
62198
7839
72686
82482
52872
96022
93797
95451
71016
91870
84531
82484
85920
88484
72202
95645
96647
63708
96528
95730
52441
54779
82414
64528
23307
93147
57606
25860
91492
25415
82618
66634
83096
96291
24249
54015
94478
76663
75544
73711
87680
24051
92060
46063
36957
97620
84905
74137
67292
86313
22430
95070
71506
20192
86379
86475
84027
53456
92319
84219
93623
59442
92394
92222
79353
74240
75035
70032
97596
34440
30553
88705
92979
65686
95867
59592
46700
69202
64850
47659
16610
45201
87760
47014
95383
41744
94948
98313
74593
90872
93146
92034
78716
48629
64856
96314
78089
93193
95839
95791
98337
97852
23195
46706
17245
86477
97035
73997
96148
88456
90902
92064
95728
60182
89589
85817
29834
97314
96477
98127
69316
63096
41208
94527
97920
87009
96496
87469
61549
96554
85910
97086
91508
54675
60766
91126
34798
42737
37205
86015
97118
20407
30995
57110
98787
97579
86334
63427
93651
96834
94074
82004
95492
32454
67178
97815
70495
97471
72737
59569
86692
36535
23598
47533
28303
99141
91907
82073
78901
94581
97231
97503
25241
99743
85924
99470
67180
94687
42059
85544
92501
97546
99205
69063
95920
95995
45876
71087
71745
99363
94847
79145
100271
88919
87168
80183
100851
69414
86468
16361
69838
68289
91385
101490
76611
60153
71108
3210
99297
96626
99592
85823
83073
66108
86701
95424
54677
80219
10607
28415
101542
70819
78652
99722
83790
98148
83244
45081
100974
1567
77330
99542
62452
64587
89189
83112
99526
102263
99269
91485
98398
102124
99475
92993
51850
33977
31415
89711
99614
96729
102033
98784
76936
78903
98759
101443
24328
97304
82539
52585
56350
87537
37323
103179
67726
101120
93714
87918
94048
100959
101764
100825
76710
103422
40197
103564
65227
83374
80698
92961
85755
98188
46399
72513
57598
67210
70219
79454
99549
98234
101138
55600
28193
102429
104736
79274
104523
96413
101536
101687
97296
85800
43643
57085
101848
102522
36325
76831
92925
65782
70823
99388
96213
104883
103809
102895
36452
60084
92884
56277
29558
98966
105232
99806
75966
85325
99031
103567
49587
92997
76631
103794
104435
98349
86326
100767
104023
56901
105339
67206
91342
98086
68870
93630
102860
81889
99516
58251
103052
101237
103069
105785
5779
106628
102843
89203
104003
73115
82651
85544
103275
83271
23540
106087
100431
103314
103298
101160
100469
103655
80895
76389
95297
52232
24765
97307
103056
105404
74168
73231
53992
53272
85384
105274
77412
71760
76882
18510
60949
91229
106639
101786
86402
9830
102860
97539
17132
70091
87769
75184
103845
106468
104189
61459
78950
43958
106184
94642
82746
104740
101754
83450
57608
103018
102550
18222
30539
104393
80790
79644
102598
68125
29134
104533
107014
104985
94298
106026
25023
107080
55140
99550
30480
93267
73322
104229
103543
43697
91192
105215
89447
101743
104916
84768
99927
101656
92296
21051
82598
91842
101268
103126
87257
3621
95367
105521
33848
65317
6451
66961
98585
79563
104658
101502
100317
99317
93503
72999
32694
70992
97866
17127
103891
89117
101232
100391
43212
76245
17131
82258
53505
95226
106088
75282
104714
79045
96535
45703
43259
106827
107299
16971
85139
85091
106096
109870
79468
84420
102056
109673
106427
29803
106426
108031
97554
96204
3105
81827
75407
104329
87090
105993
83411
49735
93462
72518
103983
103777
103941
79159
49463
106468
65295
105234
18465
36926
109967
68183
109326
62223
108175
110798
94884
110390
106653
77963
40196
100190
108986
110900
46360
108941
24603
90125
102087
80137
46877
38412
46248
41775
110004
106236
51461
105064
4269
86778
97439
107151
107773
111348
110478
109224
74950
67881
51999
41170
11550
105548
70775
95273
111207
108692
25676
111647
107227
79154
91476
53607
93460
74330
109705
77892
106465
76957
82199
70994
111808
64744
28487
36725
108906
111182
61881
108177
41806
109871
104730
87254
85778
65613
60080
92955
75311
110512
97754
106520
61242
23670
73156
98037
80754
57679
107502
39153
93984
111926
73842
73614
113008
54406
40216
58234
98199
21967
81477
111375
98997
77094
93850
110888
110305
110826
107233
113341
113648
60306
47998
73958
102964
40123
104070
104814
62310
110922
113706
99121
112906
52489
43797
60114
109624
112022
111949
86769
100134
41169
78040
71709
114149
110726
111402
45629
113310
70053
114001
101038
94902
66205
95535
64772
81327
44662
59047
101515
112818
72515
97677
112466
104505
114727
34821
95981
37032
27531
48560
112762
94959
15782
87756
115871
90005
113382
72862
64700
115723
44849
20355
114894
62376
98794
110805
115476
109110
101483
114704
60915
81426
111460
101441
115543
115692
98140
78597
116095
79096
107367
69840
95710
103998
110726
85561
112416
32991
85447
65475
104970
109817
112542
113337
41480
111929
91841
91718
115243
70131
113741
54371
113840
70170
114038
101843
91842
115484
116549
112789
46627
116663
111025
116829
115333
114674
22221
113176
92427
99428
39237
90460
104903
80587
78152
66522
18791
94484
95619
110955
115046
112441
59183
111363
99466
82203
64182
104938
12971
117344
78746
111428
54515
99625
32961
112013
84828
101936
75731
115188
114392
117701
101626
95983
114595
33410
112775
91872
114883
111510
115259
115062
18665
72513
65106
64571
108956
116987
89968
81184
110606
76187
88809
111938
113574
27970
41852
96731
108856
115766
87606
115899
117485
115735
89028
80076
40585
119071
118045
20366
111807
69990
51074
118747
80502
113890
118765
116126
46608
111441
72180
89591
118965
82186
118673
113661
100480
112878
115393
116295
46988
109308
113002
76362
38705
119045
94209
92905
72171
27567
118245
516
50370
27080
12166
98142
118935
96010
116450
119539
81010
117935
96153
86156
119318
83052
112639
33791
119549
40125
91569
113711
99554
26908
100614
87176
65300
99757
120212
113791
120337
42020
77508
31700
106557
117902
120567
120605
109287
52892
106343
74239
75347
107558
93673
119402
71538
41656
61307
107106
100918
33129
118439
116379
112151
97327
34889
80333
118324
47614
118683
118350
11158
107608
55536
106086
64661
103719
109446
117231
3234
93944
85642
86312
113978
109168
49749
118045
106053
37332
109234
121874
114736
67579
117792
57752
90412
121988
120901
59423
119109
97315
121565
51403
120868
121496
119257
89266
63448
119355
111467
122110
122808
122110
104270
79879
122677
100279
111406
56507
40044
103688
118442
45529
122887
23455
105986
115994
122548
19706
62150
122870
112499
108328
43480
115837
73759
61222
105270
19280
25034
100795
108229
98953
80361
114730
114369
78775
88026
120975
116866
86149
116686
80809
80193
105422
122000
121134
85209
119061
73336
30905
50416
119042
114877
85587
117595
114062
107596
85647
119353
34705
45423
99832
109501
95413
122807
87361
120054
102378
123800
83188
73785
124141
96082
120138
99463
6736
124892
15795
48925
99995
120750
122490
109110
115506
125081
48192
79129
108206
-1
121147
60185
122187
125387
122015
75950
100431
102305
116288
124302
116996
106125
20335
105091
58385
121770
97353
68453
94381
125051
103034
103715
124748
113558
74757
122376
98634
93662
122397
123981
124553
119631
66642
124809
35575
89634
118644
126223
95897
123449
25606
96225
60673
119912
123099
125634
93125
104265
60620
87213
61916
44548
119396
123097
102056
125822
44920
77010
60180
92242
79298
58994
123645
104590
83431
-1
88451
124258
113564
125004
123358
121928
110710
93856
92865
103087
124073
126738
31904
54209
27484
61952
112818
125369
33581
7940
97292
62234
121714
60989
118556
117631
121413
122451
52275
65015
87152
124616
124352
107441
127421
77667
97868
119525
70740
104687
52374
123350
127404
127815
127646
106519
122095
99607
118357
121128
94739
45279
110650
108025
123797
125953
129141
126711
122686
127766
93825
9817
122765
53013
77563
109370
122554
20352
34971
83005
118105
100252
128284
128490
128754
108733
123180
99070
121716
104056
129049
97478
102911
126498
49948
120425
105961
104901
119916
125749
78081
70441
100258
122230
126461
115161
9120
33969
105148
86915
62737
86486
124552
122082
106622
111423
118816
126705
88803
86540
87123
86893
49317
127144
46270
129906
48174
123841
119751
119251
75251
129832
123834
97626
112445
117380
112806
112572
131238
38632
85585
78762
111418
129992
127665
111237
126634
107157
101019
131455
51384
125472
131532
36904
130410
122149
127254
96269
89193
118217
120519
87067
125677
121471
123773
110071
67823
127090
112866
117961
33759
75162
123706
97307
84261
127584
47703
100853
115716
96506
126585
125926
88762
130935
127682
128076
30781
46520
125242
131347
123884
63580
124287
86192
118538
128588
124622
18695
103149
128327
122490
73364
83042
108207
111132
114972
124431
113320
118772
128676
129028
105754
90278
131760
88770
7642
68158
75101
124472
127002
129372
63261
124796
123761
123817
32942
63521
87648
109325
106341
131929
129014
128870
122658
124682
127667
132613
133249
125479
90613
125480
21515
87728
126054
129826
111506
93396
81433
8335
93297
122859
114566
95748
103351
127610
125903
130632
128738
16952
104105
126938
89504
129682
87154
47861
40997
71968
123362
124082
130899
92393
90447
78099
54227
85706
85676
127139
104351
132881
129231
93269
54789
59292
75804
133841
127315
56801
74915
132779
79935
105563
130570
130878
98961
125560
128019
130587
43519
96276
105341
124068
72732
125566
130862
131232
127852
29960
55641
118305
76824
79356
60432
121809
126351
113649
49837
98203
100807
120835
131516
131677
133772
113463
131548
7928
128269
118114
128303
93173
110892
101984
127573
126789
129563
115593
108973
40441
128995
33805
127963
21387
104332
40858
135444
135382
55751
120224
132220
93852
135110
118312
132355
127415
91892
79819
132324
132913
42308
64051
107504
129393
132977
34255
26563
112405
132747
34059
136152
70806
99855
125731
88169
128292
81232
136257
127073
62661
119094
136374
37361
19954
117055
133744
130071
69597
115031
116320
133806
125470
87229
134282
132999
74399
125388
85273
120189
105906
76324
115476
136724
56927
97239
63216
118277
107516
11424
108381
53123
132606
7863
112715
133489
95105
117289
121988
134210
48407
107956
34083
108363
125150
59123
31184
109722
134165
112994
134389
138479
694
132297
136550
48268
29793
6372
75553
134041
83329
135479
137502
116315
104664
135394
79202
80586
124944
132134
124793
117259
139314
94847
129703
124509
114000
72047
135190
118991
137787
126384
112893
124017
83663
103876
80484
64683
116284
112228
136288
94366
60718
139002
135451
132053
85749
96407
118193
94083
119561
17781
138914
135614
116790
103720
121044
72080
126240
136354
127422
139012
140048
135920
134547
100843
121297
80671
63583
140120
107526
83659
139110
117252
135272
131121
136941
70772
131474
93762
33616
130009
45841
130036
133072
61332
93423
122624
131717
111414
136673
134592
100746
135260
117486
137355
122327
136982
133629
120210
128165
57287
120732
46141
138858
112794
31941
14071
136304
140695
122482
48858
135704
98448
113762
111426
76359
98761
89519
84112
66081
45236
138545
130873
139404
128909
129582
97164
118570
141480
135212
118617
107593
136539
142057
123714
72228
127201
129277
135140
137722
57984
137995
138373
140172
141954
106872
116392
141706
77587
141004
135851
118651
110160
142220
112170
101406
140317
120798
63716
104168
59026
94663
83052
111696
141238
126013
42418
115874
130539
121668
91324
57955
141534
123714
115533
83557
111437
42369
141361
38576
108794
84484
112334
42560
63611
139148
139007
137988
61586
120531
122125
141642
141960
53308
134195
77321
128866
141176
96877
98714
138881
141866
135841
27989
31820
116799
137599
136436
35701
66291
120134
124799
136720
142711
85591
134178
99507
130040
54202
142895
30737
136233
80867
134373
35857
130972
20956
28767
88171
117065
134169
71480
139362
143498
114388
123174
135040
140924
142732
110221
120458
140612
107287
136525
62407
70634
139955
107352
110187
39530
136616
130300
103697
117766
57208
128737
125232
123009
140031
86975
127149
79053
123994
140422
10658
83752
144641
135495
126169
133381
140344
39106
108981
141074
140378
127422
137620
125412
127225
131999
141601
46986
141182
144476
121483
140062
138441
121585
143748
101882
121358
112755
22115
145282
132181
100577
140468
138484
140267
141289
137590
135715
121322
47163
145686
145837
142114
82444
120675
122109
141463
140852
119583
89779
12021
129488
141468
80419
91884
143569
136649
145037
134023
82956
116216
139305
144630
115125
138238
53137
141843
136027
82941
122683
102825
145353
100619
130571
115508
125350
126675
145187
122214
84629
100803
146693
66074
16376
137529
138879
18209
98539
127875
123628
12050
119059
34236
114467
56255
110172
145800
101435
138659
108701
108461
69123
118778
98040
133530
137030
137447
109791
118138
131138
94907
143637
126705
39123
35440
-1
111023
131124
15137
135586
136545
114115
146730
77512
147464
5094
120395
118376
140308
50989
142822
134100
126782
147573
148696
139484
101050
73332
147959
128566
98002
144706
147897
42324
147066
117833
103439
119557
148059
57780
142485
140291
144151
106729
46515
108181
134749
70920
10368
145913
144645
144472
80627
149751
75696
124371
115708
120614
148116
25728
87943
77678
121661
100273
138869
148259
25728
119477
17533
117566
120133
81360
146017
124902
80522
134491
58633
121566
130643
96322
141525
19716
140481
90768
105697
68500
143634
150552
50394
139980
139383
70461
131566
146981
145059
23841
124791
149407
103527
145255
119997
140247
118530
150870
151057
47758
150253
54969
132157
141800
125095
151008
24908
150641
142114
137270
115083
146683
-1
144531
71318
105397
115959
77195
141411
101230
146979
150351
51717
103938
145252
108983
1938
60752
79628
144251
86129
57802
121423
101347
142877
142081
142931
77373
147114
85998
-1
151551
101391
100646
142066
97396
63381
126790
135269
147715
56564
39524
105847
150740
26537
137780
146466
148591
133022
135359
143648
124018
151198
150994
34037
129811
133153
136112
148281
146356
92211
112217
8825
142032
148755
133494
148698
136860
128083
115044
80877
151985
138528
127287
47725
151928
94566
92110
148425
81525
113756
145313
134630
146260
152684
98965
152808
149012
127844
144234
121448
128685
148081
78833
148048
50610
73079
128235
143529
133355
5375
150959
146639
145549
57310
36636
85373
74746
94025
63758
149292
153130
119149
57493
149963
54770
140520
145757
151522
128118
95848
150291
86958
104491
78969
120196
152520
69675
69411
143444
124023
137476
148392
149914
149593
59571
86412
131341
41202
69993
71327
132471
154675
141319
121852
148435
131409
151352
150018
148322
116067
139860
153690
6338
132460
154003
140718
150323
144649
154140
70402
44522
123837
121855
154379
13411
152253
93041
91589
126382
68672
95259
53847
127342
97676
136519
130439
147325
42958
25246
146645
61924
126545
57466
145491
18902
35277
153556
150800
129673
139593
86794
143481
154292
59334
128073
121151
145180
154615
73712
132799
125507
126497
107538
55442
13479
120992
143853
9981
142678
137260
121041
146601
142446
155872
120225
155289
117489
145257
152408
92703
151051
142992
102314
151582
142824
155192
154091
148356
148617
136195
82710
142367
152455
145230
66359
154178
84417
122133
156573
131191
155764
131649
149294
26470
89359
12881
85745
134812
137088
70481
109422
146820
129012
103288
89280
149173
154151
149512
106877
123797
152909
153606
156631
138991
148741
126940
104623
151224
54846
88181
79492
135790
153360
156849
86565
149668
149149
151217
154267
143875
145444
35674
153635
158251
124020
62092
119488
156965
136483
154058
93441
153866
149179
148574
146333
157160
92989
123934
129121
133373
130435
152746
144539
127670
158052
109246
151195
153039
134089
157844
120643
158244
123316
78528
153222
86027
78572
94598
47458
152835
151453
86944
158633
141511
97311
102002
145416
108841
127382
159025
158935
152319
150136
49300
101384
11945
56860
158130
148004
150113
155318
152123
158893
158016
159525
156178
155601
157047
158234
129407
145625
153285
46210
154312
132576
60473
145478
142914
29863
146169
155430
155430
158804
23794
137588
104779
131958
16586
140163
156198
155364
77066
142805
157074
99204
159376
148500
137754
39707
138965
127604
109112
150210
158832
153235
141689
26676
146740
84454
159531
106312
148194
156541
154429
156008
140764
151561
51049
36752
145050
37533
87585
160236
124206
106909
119772
117089
32910
76125
128885
106618
71806
157727
50741
39314
131262
138475
126798
111677
130885
134356
151201
127184
94091
66311
91816
84832
135449
150323
154831
88103
19366
127747
60167
150708
154606
156713
155019
151587
22256
12648
89857
160839
106619
90146
134475
156541
153511
136107
158268
151283
158034
156001
150253
131013
136499
155856
160945
78341
159513
120069
122511
149773
153209
130163
161166
125719
151454
152427
137207
109767
151779
158431
149313
79805
160965
134482
84723
137278
133399
139891
154585
161260
160071
132186
134546
159123
115471
140894
156066
160991
117403
161276
130237
154580
143948
161976
157764
128214
65680
142132
127424
117698
148883
152288
148425
137386
142783
162322
137378
155718
103979
158923
156084
153856
109352
162457
151711
93384
139518
127045
132900
87067
76347
76450
22662
163019
161703
123124
140110
59490
159419
159193
2593
146634
146513
120183
123192
86740
133530
132354
153078
159089
148827
142916
144253
140845
13488
155340
152780
108209
52507
122036
159954
62792
112986
149995
134531
59176
153425
59959
146576
91227
157663
124046
57306
134077
152357
70748
145519
27673
8389
164642
72569
159890
154779
164698
145607
144402
52461
161168
128707
163618
152807
163494
160174
163934
80104
105039
133822
159243
164820
163587
157320
49603
114506
157488
106956
116544
164663
106324
109314
158299
155648
155163
150114
165661
106367
74135
145371
119948
106405
161205
146687
46985
26924
157725
46707
165660
153608
164668
131602
88112
21842
123190
137089
141792
113573
125089
159290
143701
163459
102258
113720
162234
103875
29324
39365
162555
92184
155437
161098
126671
165226
152253
63266
81040
103840
65143
95829
152834
166371
124700
135378
134276
164576
77965
65738
101063
139578
167460
146801
141509
137224
157713
153022
94633
163469
107897
102967
101930
63818
153027
155710
161454
132871
126981
45567
126800
137169
157994
117986
167958
134943
135936
69667
74124
122915
154932
165830
118154
162428
139807
128191
168240
85835
145701
141778
168748
164190
141108
60052
155995
106565
114337
124194
9374
48626
33233
85947
111005
24096
165609
167267
159958
117600
168319
128611
165161
112115
119679
80166
153643
138884
37279
89740
168635
167884
84439
161176
160356
168510
64319
154198
69387
162685
168288
51208
69222
164090
161666
57517
164560
165278
93642
164464
148602
64311
165187
168037
163389
126034
113273
144044
143167
130271
161681
170363
150967
125778
165516
32964
161791
94134
166746
156687
139486
134196
156845
44624
72347
169366
125096
159599
76199
159078
94296
89842
163687
67954
67964
165219
145211
167294
155272
144814
139575
146294
150447
63868
87393
148911
137318
144005
170090
112792
156096
164029
105564
163974
169307
162322
165914
126718
43382
170587
171008
163979
171178
112674
83358
18311
126708
150225
101283
137906
152172
115559
69024
82034
128110
155622
163171
146189
66517
75781
171487
165122
124405
124454
123244
147703
170779
128883
59133
114872
165621
159003
47676
126250
139726
121958
172035
163348
135758
163718
67234
81272
105995
55237
160522
113400
131075
166790
69453
154082
155804
129804
146104
154586
125934
56401
56418
155942
142456
165284
119786
56418
172551
53427
169456
159324
164884
162039
156893
120648
14895
43861
121357
171492
78747
171195
167677
166836
102136
162904
153274
170226
152111
147775
163394
169455
149540
135682
96109
170618
25464
95985
168281
115397
168914
173496
145257
145477
170470
158463
170231
138999
161758
115091
55273
164460
153067
102730
132150
88210
12123
123987
4481
149586
148268
172434
139207
156048
120717
169346
167270
166148
110870
99573
62403
174276
164811
169961
73889
141601
62559
148215
77036
86117
105246
93926
164768
172896
51224
174187
135346
116452
155194
67072
165280
20717
112896
67092
175328
172028
21584
153833
54169
174526
132853
147526
150100
35013
109834
168229
93799
82900
151292
167800
150813
172662
93466
173508
172642
149839
175527
175100
168633
164440
100295
119216
118566
129528
69083
151506
170969
85616
136488
131007
141049
78754
153105
82865
153836
175774
155062
167744
176014
175605
148211
169928
161279
169308
176221
56691
171103
171607
163438
66013
128465
98215
161960
153759
70775
158290
132793
77693
147580
169251
151366
176256
175549
119122
157424
36424
169321
105761
141637
165561
154985
175947
96223
155532
174643
68231
158117
142492
101262
134437
38706
176859
50145
144979
138326
171102
175319
145103
6148
126569
133902
176407
117324
168064
177289
32519
174476
95753
134893
66358
167618
149848
154581
171638
150519
149241
176996
127376
155349
175144
63509
150280
169257
40436
177045
16554
171432
52006
127182
150188
172298
23506
175820
175057
177160
159137
113635
126891
93630
122207
174324
168871
145796
78754
50288
162393
169844
11901
61229
176447
177948
80466
165245
126449
160203
176983
176005
107882
147859
37105
56019
102739
171732
178055
146939
105724
22597
171856
125920
57956
112484
139402
169667
178938
166255
160088
176027
173803
23735
137680
134189
106139
151077
167891
88460
146597
139807
104551
18896
179126
64696
115757
164667
162720
124985
176365
135256
51286
160945
176061
160834
179113
137138
155848
172425
167025
172641
177119
156110
128069
178067
179404
138557
126245
147811
175624
120242
77274
173360
170715
170926
101090
145910
179356
158488
121763
153526
167378
175362
106790
172541
172091
38330
166243
36077
169421
151292
110412
143250
164281
162616
35444
174652
69204
54064
119284
176541
141121
139556
150473
126943
59673
152945
177865
172633
180399
180956
174125
89704
100034
151815
129989
56043
104630
119601
173241
67084
138030
178776
169053
173176
179739
137176
180078
179755
65967
126846
168253
139308
74708
73119
128109
164992
130122
97218
46741
181836
171759
175863
181612
4717
73761
89480
181323
129552
166750
175026
172240
138701
141791
-1
169195
120615
71199
147035
181037
167485
128946
177529
140330
177766
173649
172836
172429
173181
154732
176033
178213
182540
61177
49877
180799
70310
163913
22754
154073
174984
85953
136157
144351
119664
98971
106438
89414
182627
157515
74146
164355
179228
29629
31944
181815
182519
121391
117667
74825
141795
58409
180320
84452
178564
12304
86312
182589
133411
136539
178721
179208
181731
113417
139436
130447
160480
152736
47725
181041
125193
147247
139410
105591
40670
179080
123303
181059
183251
173629
56482
66850
170964
89117
47606
152756
174315
133650
143543
98878
165604
116152
132136
142642
177320
178718
51735
173027
171011
181944
166527
178577
174411
182779
166942
18961
141448
123943
70921
182050
181915
22523
109007
171560
88700
103621
46439
182420
69957
89751
54075
85766
77808
67886
77859
178918
118982
147333
68932
140956
150359
185255
170146
91791
107421
56944
137143
178605
181318
27223
170998
185074
161723
86265
178833
177732
63466
181334
148839
168117
185450
150719
7087
159584
163385
178331
56023
185647
96028
178166
182764
35473
177160
8836
185698
139860
185602
122303
48186
126347
182494
186228
145838
107858
19256
132594
171546
125177
118605
167575
185411
173910
128471
185941
119123
125534
124889
149925
187219
176949
85077
133214
180412
108992
146236
187365
160463
150563
159449
182972
131457
172093
125664
183810
149988
100271
164195
145814
163463
169187
130666
142899
164944
109556
153800
175373
86513
95540
12797
161423
180953
148512
91998
188391
139131
170646
73256
179823
188129
172721
177991
76938
137981
161701
159729
187554
147423
110250
72918
104515
68808
165054
176865
19420
161383
185710
172804
168829
-1
179650
172123
187828
177242
33845
106891
172437
32061
187936
37362
178209
170469
188121
178856
121742
77185
80581
165474
180289
147536
70250
178424
70257
48325
179352
140880
172051
182856
146986
180485
94513
188850
41010
186068
185302
185496
184677
68957
147859
128779
97734
182953
136260
80894
183467
97559
160484
73539
175302
181203
36082
188326
110456
94448
115324
186750
73119
39185
50499
130340
131939
189797
133113
154585
182433
187472
170656
63194
189919
190365
184316
180304
69565
119046
55350
138407
57201
167135
189513
73529
187503
137028
116436
152878
131690
168178
181741
27740
122642
190324
189987
168347
101691
130129
189859
184021
156738
95870
179845
43174
183521
88167
150712
179146
177329
190662
37375
189169
186226
135031
167856
171778
73738
171828
93159
98181
152461
17282
186179
190925
8239
191360
180115
152102
191477
188376
109836
36789
182541
148464
190907
190182
169762
65148
171672
91337
153999
183428
48875
191261
54742
184674
172856
185897
176471
29291
107324
190264
140598
133945
191592
137161
51307
187580
104503
179712
178030
134480
82391
129831
162787
188164
118658
190733
190548
192838
184426
149493
160282
191692
106338
134811
131934
103248
141381
192553
158082
171078
87429
192379
193181
192440
170315
192815
161903
185389
99445
80786
165187
183834
192823
184283
187397
191463
57807
54469
184738
191463
192911
190787
163608
73416
190702
183086
131908
189135
89280
118361
151004
189175
189304
182451
26307
170774
137934
115664
189710
76203
194036
129309
181986
180455
79190
146460
160710
194103
31861
191471
186756
193758
185254
189873
187837
184880
105361
-1
184531
169774
34720
41978
157709
188743
113754
-1
167677
65871
137556
151073
121966
177408
195106
62859
66172
156995
100790
192982
194476
145923
190507
191629
190512
184487
168638
120404
177735
182000
193536
125654
182433
187061
151715
192872
175432
187890
103940
21541
59357
104639
187967
195544
102486
149528
58739
168643
125313
188272
183790
154791
185133
146341
191094
191118
33987
142306
187401
37672
56265
38839
195980
188695
191881
142640
62226
108959
18418
108898
95813
146270
193422
158106
108756
196129
187720
131674
103410
195024
160476
174553
126671
35343
39304
133507
186896
132924
84085
112563
130249
180908
5505
196616
180358
166387
67584
176479
97582
139466
179026
150059
62165
55451
5079
197593
49770
161805
185678
197371
162070
133413
189328
151063
66436
105244
182496
75975
197427
195257
120592
191622
185670
193163
147820
195573
195753
91693
116401
194611
162316
190233
74995
181494
114623
173022
189478
192406
126857
37070
167466
196466
159906
198524
49826
187445
198557
197925
198836
188964
188113
14682
194931
157614
177663
190045
193227
6146
135785
67612
194868
194554
64067
152681
199127
162740
140831
139212
126904
192931
156556
129692
59926
112807
173501
164212
119234
194683
105378
192977
194211
134373
196972
198252
135388
166639
198401
196863
187295
199758
197071
84320
183782
32498
196235
191190
198553
88495
170028
193798
140794
191214
93544
191949
200096
89620
138132
65547
195597
132857
76836
191406
102802
60772
191181
180470
143125
63836
192539
173232
127912
178984
186831
139632
168301
190101
191459
200358
156039
136301
194880
192176
180808
156269
196214
181603
183429
100999
138497
113590
65794
150436
154006
197941
199795
61656
182623
79015
165109
195044
191380
199674
141727
173442
199332
188628
188755
189200
169166
197026
200989
183783
166101
16203
171433
172836
154667
198738
200157
69207
82141
147168
43209
185584
194729
196841
79508
115722
198700
194641
197425
32192
167823
201172
82867
192743
136213
98460
177001
195380
197420
84217
200129
196072
198936
77072
168966
182757
68466
23324
201106
192210
201334
196477
188431
165881
192598
200422
166887
194903
147380
202621
190533
152592
82781
120407
202561
201203
127588
169268
76146
83939
167141
189024
114119
200704
190719
112928
75027
117173
202282
142632
154679
182984
169185
150787
178695
180741
127277
196877
23752
175815
62690
137233
141860
45254
135153
192613
66942
137357
99286
121886
173212
199988
103053
167953
145262
197748
128385
146343
204378
151287
204646
147253
69350
72388
190797
200213
149180
195728
112641
204235
185126
194586
193731
181076
197795
126248
28480
103000
171028
204901
99362
195310
68272
178733
198174
130674
109482
152505
116510
137144
191720
174645
204652
156663
118467
191556
41825
125675
199489
34127
162121
15005
166639
191725
205757
175700
181633
78836
120604
122747
198141
156815
189123
166036
169271
204335
203573
198614
66794
78949
159071
100462
189471
204746
155819
143953
191272
201588
165957
133404
105351
203974
186212
31687
8522
138050
174361
94600
134951
185535
194457
162440
76522
203415
123940
208290
146591
80920
170929
190976
110869
202086
145729
206751
114775
129487
71442
203953
160219
164859
141999
207629
206991
187700
207007
119665
146550
149242
166925
189800
84096
124382
209112
208647
81018
192056
196959
164427
182558
194843
137067
147585
191363
182447
81264
183456
207859
150536
124889
145702
181785
193187
169740
163949
181796
186760
149278
68118
23882
192160
101565
192628
196902
98270
91335
192044
190546
209123
159942
136251
144139
200926
79994
210208
207143
105173
60064
142249
198241
142396
202908
196390
210671
206005
206758
167871
120422
137169
26551
189715
148106
164586
77327
169042
170619
7454
207330
153335
206065
112636
182028
209684
167801
173462
181186
153095
136932
149384
52003
206456
57151
175514
197976
152922
83808
46721
194673
93025
200438
152173
184535
208811
209628
207354
212030
121993
117690
128583
127178
124077
193124
178785
212027
200135
212075
152725
150427
90510
201945
130304
197480
211695
210253
204474
173114
99546
111977
73186
175875
85890
135697
24737
145755
88922
195275
107894
210476
179503
212948
200584
82977
164292
212213
165527
196647
180256
196294
96636
130920
58756
72265
30106
171034
213408
178420
157036
188884
147412
192501
211773
185090
209996
108027
66573
69337
141914
66261
-1
122927
213846
179963
39604
82798
187562
208471
198174
168208
197973
151089
199659
149763
211154
198385
108601
199608
143759
59534
202331
201017
32681
204496
176144
177064
174472
193643
177738
39652
193898
215008
160630
126941
184730
165850
167033
203541
215247
215138
138693
174043
202325
205818
209700
165285
106303
210666
184333
160409
201150
212078
49138
205944
5537
209015
177316
209191
194240
180589
24318
150252
184791
172643
175645
211932
102045
194512
17680
9063
215234
60363
27040
190970
208873
65140
53502
172169
112062
99221
180222
119754
88322
128094
209345
215270
188132
61084
137407
155694
89328
202540
173663
208612
216341
133053
108032
204084
208493
216563
208427
188396
167913
163833
183005
27923
216281
201234
149648
148553
213940
206598
148306
195503
204144
83520
206507
214102
143961
205561
212436
102369
213971
209605
142487
57717
215485
144665
90931
192849
136644
109937
211086
204678
157036
153729
209774
41483
137385
194819
190870
213531
202065
212011
47860
199916
107129
183551
61604
185037
33357
140956
117850
59631
209652
151730
199171
189108
203081
186565
170114
93564
70697
150659
21932
132127
33886
219521
50290
171952
218509
21548
148237
199677
40280
94887
201243
212602
185214
217587
217327
191367
85617
90062
217499
212499
98573
215734
217226
174717
147130
161068
25228
185832
207939
106053
201098
213406
215561
194384
99747
219071
192652
150012
170917
199148
207443
181391
50604
163612
84552
160130
157403
167313
199681
31171
197815
220948
218507
201702
139815
118361
116887
122452
144024
221162
211752
169811
143277
212683
221009
218824
208687
194038
139170
91500
81202
207656
221226
35785
203324
211715
219467
184614
115610
161216
177942
216541
85781
196742
162116
221092
94154
221156
156064
208430
216939
179500
163401
217365
191698
213386
207632
221400
220679
195147
26623
117896
195582
222570
155005
204022
209503
88325
148079
196654
190573
43451
75411
8947
216129
222031
117623
214491
215559
175354
203154
207804
130243
217662
163239
182505
209059
42466
89888
106421
58807
76482
208236
213790
134973
72680
223232
223924
55741
218724
155441
213690
195434
209595
126146
216028
220349
207913
221148
130057
106218
214721
85905
-1
173928
80445
21170
200732
49348
75546
221529
156779
210080
128446
163539
154397
98054
114873
204834
173446
218507
224549
172878
184545
215604
156891
52700
116418
80621
171258
112421
174867
70816
164131
185727
109812
159786
167649
211733
128698
142293
150972
220793
123315
194360
163464
217994
220523
221225
225740
224126
203027
203694
207776
211685
110534
62320
225918
223392
165096
151483
99383
218640
225645
185034
218293
210235
214684
179832
172450
163888
170928
226420
202246
173720
194030
119256
183006
198407
49814
157130
222203
6703
209946
169659
220089
189600
216873
77065
52969
224817
175044
209659
139643
206016
178262
95133
227246
139698
61282
158565
225703
227239
224000
197335
200025
177771
226908
225077
150122
227296
156322
222331
227900
18348
176491
122616
140198
77632
130725
118335
226339
89794
161765
178715
215199
134653
159830
227063
110729
141783
225389
111583
126144
214213
211694
83757
191199
223216
214518
197610
176219
142634
146056
85855
228593
162105
151958
209257
140209
79954
226947
211412
137092
157577
212179
207120
225596
77987
168420
40465
179833
188395
223479
220858
221742
228847
229470
208902
25784
229258
210847
133659
223916
226264
215613
188137
183062
112911
193398
215105
180053
130784
198093
63368
226172
186120
213281
220868
203090
223821
226396
185024
127314
167506
149849
122814
120335
110152
229301
170208
139508
222403
218332
174819
142964
227803
107683
217133
224469
221357
228103
224777
128004
153628
207657
96411
111927
78706
172201
224963
5363
112613
212948
164492
230815
215632
230540
65209
140916
101891
207734
45449
104866
193076
160604
102724
182119
201542
216656
230536
74399
165286
162303
172254
108198
225812
176524
224304
204457
26104
176096
223911
220016
90719
217634
44509
195173
26933
190710
225826
227745
204808
124206
194263
30055
9704
212293
209935
232421
232578
152584
210094
205977
4127
76700
182483
232026
232261
232584
184485
59542
232505
27616
219268
218012
197890
230934
225901
141918
222583
232846
211048
161940
144673
127697
227851
160971
151341
160002
218525
198932
232900
31841
212067
179098
152797
90793
231639
144465
161490
192660
227561
169484
125305
228267
15549
210926
100758
204441
225202
201673
231742
231292
45544
186037
180060
217711
226854
183124
171923
137228
213539
198714
97624
139474
187966
63210
140685
205608
175053
218504
188922
105411
206575
172710
219229
230692
219764
220255
206783
204434
190381
188203
97119
180852
151352
230739
186496
156696
196804
143440
231881
224040
219357
230201
190026
193187
20435
229645
166679
234560
217603
128088
157068
234865
193415
233167
4896
105182
199837
220653
175239
92077
185886
235805
193285
200667
165752
10145
158255
204833
134571
236221
163546
30975
127524
154027
213132
220559
172685
228794
148908
135664
216722
133952
123283
231694
213525
119742
16360
86310
221849
236488
146596
193174
193745
236337
231669
194865
236763
235649
184964
219108
225162
229716
236306
16292
121158
236716
206308
134574
187815
204636
206340
139601
236658
227498
215147
214487
236674
237262
231442
143903
232023
229445
222762
176496
237314
89060
238128
221612
58859
237492
154101
62871
229096
219292
221389
116804
139862
236281
220376
231659
236110
174459
196079
235934
238264
210263
198431
229091
173134
36971
159770
231071
224865
186237
20275
210282
194367
219559
165681
232827
41449
195694
141568
237326
225259
165860
223980
103376
223181
81983
238650
83469
234308
159381
207124
204416
217660
186574
102795
182759
233714
161595
238977
218620
40193
201708
227776
233746
228755
228703
175752
239090
66726
234826
235251
228962
227624
57128
200854
231970
220274
109755
212783
161000
65924
230923
114647
92290
138210
238145
194732
81891
230657
213934
92622
217627
152994
159818
136361
235200
239602
222286
240183
236528
113373
231896
240454
235472
234757
232056
66100
17455
233056
192371
231462
232536
102749
240748
239027
222553
59389
159098
240464
80349
215276
192091
156893
66710
63020
233561
240065
239716
227619
156241
125032
213609
221452
214228
204572
227600
242061
240511
223033
195650
156256
240204
142537
239170
218929
209180
35508
205184
161153
236544
235072
152712
117635
206055
68281
86265
227563
153734
239349
203478
166019
59570
37783
33041
226741
71900
212513
194185
173207
167840
216752
243047
201324
183802
157282
228369
163593
234723
235559
187377
216851
115069
193381
236636
37018
91086
135867
215051
75831
243743
243823
243978
230453
220167
237662
238658
152761
241797
179135
89861
166465
215175
186703
164473
193248
109058
203318
237488
154861
220150
244324
243498
244630
216537
244253
90159
173937
242811
237971
232766
239338
65323
86009
185112
122757
101950
179357
115032
63038
190912
109825
93744
86946
108263
244982
100799
230841
228063
90882
139474
216369
220504
167409
241010
175756
166741
245115
45152
239763
139748
93245
17188
189679
212071
243432
43125
242817
62509
239539
196514
174847
199910
52380
95676
92825
196072
226739
207492
230564
173053
217224
205868
128515
94419
240404
243322
230487
241779
99150
219206
233256
135068
164601
214394
170446
168579
162938
246373
242397
196607
237577
95195
240408
232145
224843
163753
135728
245829
89235
245232
40268
96530
185425
157125
211600
221238
247405
180406
77196
110810
113679
240325
188713
187710
91454
213953
211124
229100
171037
239305
243609
213763
187806
198443
709
242143
248088
184186
238083
216326
82787
220175
80106
124144
182615
242652
249050
209911
196854
237493
222844
161394
248262
247872
236631
118334
247541
241428
190002
242699
94976
231058
213137
189247
248881
132750
191668
243815
236920
132766
97137
110403
248771
200100
231330
241738
90777
215602
60480
248925
244554
247839
99146
247415
195557
192959
45666
186561
199223
195125
212491
114115
248962
179437
249752
143625
193551
238733
129624
249561
165792
192586
182927
166373
243658
248970
171902
204155
246324
197143
151482
-1
86341
70695
50034
141187
220763
203987
242155
186830
202616
242602
249259
217307
71452
232081
212413
181950
250657
249718
170250
102161
197024
240992
63250
30853
180077
239788
246870
227389
236787
215356
235718
246738
130401
234568
135347
39898
113227
232825
173417
247276
187731
246208
234367
246175
71620
167365
217551
200664
200765
236153
236492
212873
244269
156183
170495
44515
137638
242999
161907
233183
251946
231950
196337
228570
235852
122476
74397
250425
203170
243839
244123
190719
251790
92455
201069
203312
250187
244990
245154
202859
236196
115902
251967
90124
209861
-1
140944
247720
131563
244824
201157
59612
252157
246973
228348
252902
92182
183108
192210
174088
230934
189657
243814
222580
246896
204483
232743
186593
242351
184242
237087
171589
130935
113732
253179
250920
252340
214714
122002
243213
237237
90435
202882
59415
140745
140174
234256
196652
210834
109125
228469
230382
173102
191832
180553
246871
228861
249017
117626
229735
229935
253340
250371
238890
164634
19934
250642
181346
31394
253301
123513
248058
237621
235635
225991
232215
172877
93626
164380
183178
144627
248617
47167
190467
217222
249715
253990
194684
86440
248709
255168
195931
161524
242052
99036
219372
177875
231646
26875
248500
244306
113317
58476
244211
239773
137292
249235
224487
254563
184214
228440
238073
125456
254642
156714
235865
222194
248584
169346
247760
77064
245566
166100
248253
239725
146568
208446
241791
249565
126984
180728
178418
131347
175835
236988
194192
238722
113487
236098
114478
220825
86340
87189
186007
233455
98242
250687
206540
217716
253683
130025
160849
155464
255956
245913
239034
255844
99894
255474
92868
154060
218033
255632
247830
256289
142426
43442
82188
194163
249893
255286
54381
216695
45391
105719
186431
231218
250850
249788
145101
213090
203918
255254
248047
161534
256803
48005
197168
251151
249192
85467
173619
206907
251501
238301
164590
191542
19633
227180
237615
225573
257058
251947
220280
83011
176253
69553
-1
185196
110997
223137
257494
245755
247219
257800
222560
135798
96638
96106
249616
199742
249248
243979
201444
17337
255786
130211
225247
192566
223107
133866
34815
173277
215640
241365
258709
256574
251044
255112
258560
209721
254221
248170
229397
258821
198745
209019
141818
222506
193500
257245
48245
204282
151801
95778
233760
78499
179356
244670
128408
95301
251128
238047
240155
132961
251840
108737
251970
251637
259296
206575
235245
193521
219943
249461
235654
255102
164420
247682
259513
249714
253704
95027
134869
164915
260055
243117
215361
257680
98847
252113
82077
158135
131529
246024
247481
251907
65655
213107
253017
178318
196906
243837
243649
16516
159353
254132
220451
120053
256061
174604
169787
240910
202914
236673
208893
56571
158606
243986
258759
160043
228879
256680
180822
243057
104151
257218
225432
123576
252312
224995
48845
258493
211384
242997
250735
260444
198580
256660
237041
121949
254815
47330
76693
155513
254023
182184
172583
257993
203123
252438
254094
149910
246777
241008
20481
236548
250998
204484
249342
35398
141586
224874
260772
158612
254079
252773
245553
260550
197700
169355
141382
262170
215006
26687
161053
133502
152038
255731
261730
6840
245992
253864
229165
227041
256301
258549
124277
180435
178378
149532
250074
227288
261423
261526
260107
86305
215288
261585
107301
69565
233442
212778
100618
256737
252116
261527
114599
262042
197343
210579
194326
262144
262964
53952
254271
206925
252156
184264
232298
168022
170962
227759
120027
95271
199449
262171
223144
245431
262129
252681
263012
198990
184031
204399
252908
245328
145827
218887
257173
201692
226779
88221
125623
243206
250727
256394
261149
253302
263393
253066
213964
164565
66958
223019
225642
161483
74297
122544
225061
204873
56106
242518
243569
262370
72703
244845
117247
187782
189991
182654
254425
253588
258174
208414
246497
80967
257059
216995
108761
215975
260695
78447
181903
201282
253706
191130
263573
24207
79262
253393
196829
239066
255998
253983
109397
235676
260232
18799
198394
258325
210244
95856
187911
204473
241186
254998
241436
155201
248890
264744
224471
232786
258675
79264
264553
220307
250866
79623
230727
78654
262517
255917
107060
241741
255139
26591
239783
254831
252378
129275
130326
148736
227495
177991
256375
220704
212912
255097
139380
210274
257813
168480
242668
220738
261336
260654
235890
138666
201766
208284
119830
35547
161008
228550
181256
260779
205381
203883
228523
259084
231163
259577
197116
182687
265115
264983
183476
262714
103881
204412
228362
214972
203774
140215
206986
90225
199090
232290
241519
250132
264591
190184
44038
169444
44790
266468
162189
183054
183058
261143
219385
260556
264107
186910
143108
200819
186539
135271
103255
4636
236948
264926
175608
146696
217246
153750
167489
262120
261730
250293
175029
253535
239817
142632
267113
265593
266948
115082
210752
1122
266497
248626
262096
160667
67453
195141
173884
15515
205863
260565
209325
240662
262380
261898
245157
235984
251479
267123
258322
266017
261201
187287
46942
31274
154121
188831
191283
207869
74221
262589
223200
229205
210791
268665
183050
256744
256820
131379
117976
257976
66594
178333
180441
202470
256708
162464
190727
164592
93502
52562
208674
267130
242732
182902
139662
19258
269126
77698
116375
202067
189276
139874
167176
228524
263016
204005
259110
268159
237155
237389
235103
100005
127196
204893
257608
269340
67728
242758
259342
44205
37768
219971
216194
269473
200796
219996
265244
230794
238774
69657
90274
249225
263797
204843
264064
179875
163070
249750
133633
265689
238396
263996
120023
203774
61351
263745
158951
253569
219331
263981
252271
205932
97892
266286
154231
90994
231418
253394
132663
152065
153578
140659
253069
263376
192253
165813
262647
177618
161443
16749
215325
241585
205236
223504
255703
209391
139175
265665
235798
94139
216535
264714
258488
269670
253746
-1
217801
246855
267365
30291
221099
175627
223960
259667
262281
263390
199474
229136
216430
269294
114829
253483
14327
269635
140885
147503
207754
228385
66625
253866
219299
184733
270311
250530
100177
247057
138150
251962
215620
46165
199379
1402
148583
44795
262070
270991
181389
247696
190738
247781
269911
228751
118283
186728
173841
266963
168252
220131
273069
250543
251268
211243
273118
152783
141313
227927
274203
151341
270784
220318
262583
215796
220125
151615
272348
261934
130620
253238
271681
102276
256352
-1
107811
18487
113496
191814
195960
204827
212212
51275
98634
260639
231862
273389
252605
269940
250883
242957
269323
212192
218663
273988
223747
273698
273398
235669
172288
270023
268705
271890
123078
228801
158360
115496
3193
57113
98479
254052
24349
269308
268190
210620
262631
96510
235345
142519
152766
267153
110202
255594
129082
72614
14252
259451
169886
216036
267867
259083
250427
160145
272832
266355
265704
204506
101232
171736
268355
249971
264361
274765
239064
255748
236758
275939
202925
205813
189777
271281
258681
275652
259877
270710
221548
236764
37603
258041
235576
192933
240076
224191
127639
262074
57512
271642
271911
121358
217702
122758
188018
276534
270807
276527
79489
193298
276272
173040
261163
216989
268864
266770
252171
23160
202693
274395
58373
160775
119146
119550
40334
87570
242200
247406
266918
212370
272298
146775
254182
221919
57390
270658
112362
246555
217370
84404
269346
215157
272620
277102
269323
276268
256366
190727
114371
232693
213500
265443
36201
229994
199445
270485
205568
86141
86751
238970
237242
272470
262493
253743
184573
269142
206264
24628
269885
226876
255396
268077
272188
132916
172077
177087
165713
270292
145437
243998
237480
273626
272694
252034
261814
177592
268779
267146
115323
107688
188741
241889
92015
76164
274044
132714
206054
278237
180082
274174
238995
178878
54806
269715
70913
38499
258150
274992
274515
274598
269977
191794
228231
143462
79748
87438
203553
63640
235353
154106
279788
271520
259875
231013
278918
244385
184295
258705
250252
190666
245375
44169
279904
245363
245242
271479
206562
176197
63458
280066
280176
232633
270685
127611
192467
169515
275319
213579
217255
135326
280490
221479
142268
271463
50664
239288
278393
203686
278329
167429
198736
276530
148211
107801
278585
224101
99885
256899
155288
282009
275341
265052
107841
19441
196106
233746
271116
209673
271783
266327
275244
281510
248465
269908
205269
78811
252455
145952
276180
207294
269146
177168
248967
155787
277905
244976
126211
278877
277344
203215
269738
87883
239414
281630
277540
155088
194466
209353
265711
167746
253649
236615
244782
178588
277244
143660
276731
205773
281195
94028
280073
170842
226759
245446
45582
144729
264393
251784
55999
282313
278361
274343
146752
44671
26548
98668
275293
254179
78704
278254
235916
222848
225126
226103
163556
274348
166454
149592
224814
215030
246593
108812
226227
276695
194411
147803
280724
64144
185793
264111
192877
278451
282956
155240
38474
277146
283303
267539
281386
274488
268501
264559
233596
161326
266479
194525
275943
281829
33868
281706
284377
61662
177734
137023
273584
161591
283359
93903
226143
134376
225911
208169
284200
128757
179947
268127
283741
259414
280453
253406
270361
269463
186902
229860
184154
277226
268200
205859
283265
11932
238846
283473
277475
175497
56605
256974
284864
227571
115835
268837
132840
279871
210087
267205
262220
73530
178199
105833
217742
46485
257665
280894
277598
233574
277986
218010
141549
261509
110043
275491
262304
203603
276036
213460
240438
283768
282075
239019
109126
219624
283878
281501
248243
278879
265829
281810
273224
248495
253118
222943
218863
286646
261723
137553
281627
124266
279181
226821
284773
222743
260169
93350
43450
197490
69792
286752
167286
147107
181771
284675
280901
278633
250947
267943
287008
277806
129986
95650
277322
243459
285042
286697
67270
242415
186274
284885
113703
95248
200762
264486
185144
238404
282543
261412
235596
288014
280207
262581
113434
283172
176538
260632
282383
142522
44509
114767
229028
56803
209226
278364
281685
269154
161079
270660
248771
35067
276198
213333
216376
93563
121369
282816
270524
134989
234591
174764
194136
100191
142595
286162
245673
278030
132234
121086
270389
68612
106134
283149
86953
186941
184025
130464
192401
133922
237283
237755
132013
169263
251938
151073
284095
163337
250212
20180
286405
127340
145726
224094
164595
35834
250047
283131
284223
267193
208718
148699
287011
288871
288905
289087
270745
286937
254950
209982
250280
283090
110641
271832
116232
279583
240680
289482
93847
289709
234373
286638
272181
263642
219596
284034
245523
211064
226442
23445
257963
112683
262671
265643
287235
187534
137811
156659
159646
156696
290389
277681
229557
248537
218453
236487
285617
228034
279727
289454
275937
280722
290262
260588
115988
201381
258548
289892
161969
271223
253177
217154
250946
231108
239157
281325
100534
141509
275111
273026
257566
278994
103601
286105
238643
276105
278906
136975
272643
289200
151150
193299
161338
289795
16215
281666
219857
54762
272097
194838
257952
249500
57992
289370
179026
286784
259445
285743
234664
94751
222575
273263
233420
235524
159330
23265
158132
230314
283581
248247
281577
210456
272467
252963
252542
230263
70562
178752
237108
33371
129574
158241
274793
143797
255735
204388
253043
47295
263389
226503
293244
267275
163128
138397
282174
272648
264844
172019
176484
259188
236099
200833
289669
124310
241424
68075
23819
292545
206102
279961
294246
85192
243389
291806
196853
292945
288132
267404
283035
156115
93680
215795
275214
53748
293165
236345
272353
282874
221182
293505
228328
270799
281788
242134
128678
273105
290200
140551
180829
226360
288838
262357
113008
174890
260958
293535
287971
136807
130931
144360
260883
17310
221531
241785
104914
265141
253344
286466
275728
290006
263651
201388
180776
76423
280672
226010
100286
84640
181107
242363
261043
251629
290934
246566
294705
97425
142113
251498
154039
117331
119206
143493
285802
295132
252540
294983
295641
292675
189940
258821
286770
116746
21797
202704
92658
235840
291833
100743
42616
123862
163544
203922
221292
265453
181571
284774
171075
281495
242720
251839
134026
201802
180521
162400
55306
160123
287884
227416
285789
296412
287864
256530
134043
70171
203118
275404
280871
66176
280173
159214
117869
15261
209674
134275
212630
292623
218847
226068
266126
292083
275737
275322
214870
262267
280513
178822
254310
251030
287758
32400
257920
297396
294606
287740
287531
163758
208591
287056
289482
138723
192203
134540
238844
211961
208478
155734
287875
99482
217930
295610
105983
281241
271101
113271
195814
140924
158116
253224
84855
290173
298268
183029
298421
276471
268042
121295
103622
255465
297665
203891
131474
235590
39685
169548
265580
172928
239075
283394
298184
223513
282578
246374
201272
281173
242603
268296
290460
231443
277404
223185
108140
293667
212684
294996
269897
242738
293380
106942
179401
299161
234858
291514
294679
298831
272860
293427
203633
299210
175763
291220
239446
297035
151630
252576
230385
222891
185564
215635
157682
264324
300332
238506
281409
222093
170949
184346
277595
246087
176687
299344
195467
295479
237393
114737
299346
282190
123397
211645
290343
52537
119634
290797
249872
284971
299538
123405
83766
300459
287714
139580
239029
78109
151687
249571
120441
108593
230393
111438
198425
272628
265715
298992
291811
274368
146182
272608
300046
170488
124290
122939
280915
172579
216677
282684
300787
282832
203459
177235
290072
178552
142855
296415
224111
299507
103160
255333
107629
300470
262163
288522
37276
296920
234537
295977
171923
189018
167983
291763
233421
177463
275039
287135
301623
291530
266639
289620
156297
145653
95753
246389
293014
290613
187605
122528
89187
183133
162986
3197
203055
283629
289191
298985
301374
220464
275059
301041
198707
283194
299779
302193
291616
284232
238732
302347
265446
155970
298113
153537
284845
112247
301032
227877
133080
284623
232084
60385
264203
99441
118821
181421
297619
237560
292464
300572
284017
256892
109440
291211
268599
55427
163798
297629
288134
224450
289710
53304
162969
183689
182809
77283
242091
171238
269694
239431
71682
171518
303637
300662
301134
150469
247838
208031
188377
229988
249358
285034
295819
32094
296373
116724
74718
117186
229045
293350
231920
136839
102388
101338
256579
177270
288822
293171
276387
207596
236182
51712
219896
190630
18197
261636
50099
110957
92328
287330
253030
5191
261789
208731
198013
297746
296021
291540
174423
195941
235764
232736
277325
304987
264559
79017
228766
281657
18650
225515
277106
295970
223980
295902
214661
227064
164938
299760
284515
280049
287958
140071
262033
235444
266784
235499
298206
198110
293932
214833
278225
288026
241319
304217
304430
303149
198250
37311
305226
27365
220147
291495
237690
231115
253545
239687
139550
296908
157602
258509
217916
189924
212631
245009
34526
295928
213100
305806
284355
290686
292157
205839
294247
282868
304589
306102
286550
298674
307062
187874
207161
199999
289788
199505
147730
304246
299493
257335
70864
301124
193960
306732
223729
6492
198904
176363
263506
293055
217663
190001
302343
271205
145454
66740
306312
298132
287219
302915
305515
175207
298760
88442
302227
288181
130337
301623
149650
25001
213991
304343
277495
300556
14412
306468
301796
307003
300790
216527
99895
299106
292825
290521
96690
296716
178966
302007
78646
59314
190157
293057
306188
302485
250254
232174
216367
188820
306470
304277
295403
116388
255417
271802
180275
219319
302957
265403
308924
306320
288772
261594
303206
196187
295299
265451
170478
272654
199479
303077
308415
304754
66982
197496
236806
279475
299199
281549
252535
297133
228650
247731
308037
299535
167455
298956
269906
309300
211996
270832
173162
169693
309022
139410
191045
236550
293693
303771
309349
309992
309177
290087
309585
263997
138636
290866
299467
134339
253078
244298
92153
304612
298532
193608
236978
310385
239564
289631
181239
205779
174067
304439
227748
307729
309703
288490
305031
114461
290106
214272
306016
266686
231905
211337
309156
308696
305171
244921
274880
162321
187601
243853
87510
308600
305191
269973
264619
252346
-1
293406
106649
297667
51091
209814
163153
262282
143734
262632
308919
221873
127197
290749
57863
293605
241215
280717
156487
299478
306292
306836
309491
288120
209365
188086
271299
138262
271874
294068
187420
135418
300506
199859
211612
298349
309662
277009
147900
253657
172886
249383
309755
193678
96769
309811
250558
280957
301561
288649
162315
291429
293267
28204
168434
259440
169460
238713
292327
198892
294980
254391
299435
187982
307410
290476
33663
312390
251509
63334
293963
137178
297540
285641
127960
311898
312438
312896
237944
309590
302283
244274
62078
245147
228748
307209
312750
313402
305589
299974
307611
259408
308571
251243
97358
311271
192429
177891
313687
103274
308838
162618
299179
260146
78512
304345
301959
314171
200746
243577
179857
179897
4636
267348
271069
314174
250199
297254
233052
116038
280343
286387
138265
302350
141674
93527
19044
286487
206519
292764
168114
247688
201011
314664
55236
242977
285408
276679
163246
233052
279592
293882
135418
176993
221176
315170
314707
313194
305465
308602
197611
301244
288110
271722
257372
295341
291192
307905
173505
101343
68009
247422
224608
294879
307409
173513
280169
308519
284754
212209
170303
287433
285996
283534
61755
128591
148522
307276
302767
254798
295282
315712
300105
273204
302495
191591
309808
303973
315460
249216
307195
292411
304829
315610
309560
130993
288866
218544
282978
103393
180651
162260
251801
60989
316518
259550
267870
23913
128542
303482
87632
142744
248371
316698
261235
300202
160065
260216
310808
274367
231688
212559
271668
197423
134733
302606
148062
313199
317306
308509
306011
65816
128846
316635
272530
317670
316619
264247
270883
290356
218570
226152
263943
296315
197505
270420
275924
311475
101206
269334
273125
218160
316834
250725
148659
185527
249120
275918
13197
213945
215476
318140
298829
73439
107857
181222
17907
309856
218212
276402
312446
105449
316795
296570
102157
225749
182711
13095
250437
134782
312483
295301
279364
298634
291690
290684
297983
276662
308013
250500
265960
176727
220000
312293
250835
315187
214843
32378
188654
273664
62499
312553
315443
318354
69835
234522
109675
142514
317878
318687
80791
177027
246264
318264
313972
175515
313242
145392
296192
20455
189829
270632
319919
312740
267596
198886
273016
291379
319887
21422
245581
54633
292095
301597
290285
156489
318155
319221
115409
300537
299886
317724
305250
184303
241879
59437
98319
82695
311794
256752
297785
319653
290971
293260
56344
309513
267767
90290
317146
205460
157930
137985
208251
319868
195266
211305
208736
278219
165237
318469
312666
244655
313209
260114
280275
308352
254937
314193
230146
188367
248979
220951
308067
113111
272231
167076
310978
299742
116420
316402
189938
147822
232278
147232
316521
87484
252160
111095
263175
309758
231338
81348
222679
159272
310651
16797
276769
294492
299828
2397
275955
209060
80099
73508
242991
146659
322247
320735
321247
232663
292642
319388
315532
17649
302663
298607
185482
310815
293797
302740
160094
315390
260477
262251
159627
320763
255252
322182
306481
322125
295691
153929
273521
250090
61094
259570
311832
322950
301611
322219
145989
147890
311896
321847
11882
76756
313823
113900
303151
298783
103497
119056
267047
236135
234815
149396
110999
288560
314154
295633
213950
80419
315374
249566
100697
315449
247423
174443
322090
220800
254200
88179
299253
312278
317357
323324
312814
318686
247778
150498
268550
179776
262778
53970
264349
316172
250068
324901
288193
275964
49362
198056
99676
265501
89665
242561
303486
208781
320062
49383
314896
294567
172331
127010
234764
293351
307189
323662
108572
324702
322770
324554
320245
69944
323847
210968
216663
295394
155633
252604
293487
191476
131865
317106
323002
324074
324633
90618
307936
224514
317353
44363
2836
314282
264269
279016
294099
51931
325040
264882
321230
220611
260006
170529
146778
294272
105791
313551
321261
319830
60413
107056
235538
299049
305737
242114
324408
272829
305120
138894
316729
295212
88895
226400
260728
275334
204429
185400
116595
211801
244872
325296
143226
262620
274473
249681
267620
258906
75078
208513
280592
123439
108779
77044
317747
303479
204656
203549
195933
179200
325658
209613
305979
324589
297306
252267
60272
142103
274799
155338
315311
325555
196622
326315
235915
302731
109028
320001
212274
57987
306987
149571
309509
314729
185379
264594
327000
318441
319855
325815
318934
324215
181119
326006
170648
237910
127813
325131
305497
312536
274438
314682
274343
242195
145853
206593
298880
310151
319044
239449
293029
314799
174573
162390
327047
160422
328846
325871
312260
243921
324984
150127
9311
62269
284270
316787
282445
120328
155843
308892
330058
177854
115627
298235
296576
322548
60357
240604
245780
217191
243130
311317
278784
320854
257916
242633
329677
329960
317573
179417
297889
195128
196717
174117
327834
165172
322962
79288
316648
275747
246561
84967
225835
309030
308832
321409
176443
250818
306708
327313
323563
