66
-1
181
137
63
291
295
285
385
491
568
504
523
385
629
377
186
843
651
323
492
412
320
734
516
606
461
897
-1
557
581
781
799
581
891
366
988
851
1054
1046
1139
995
1018
-1
994
719
1165
1348
1254
1519
830
974
522
647
1518
243
1239
853
418
837
1706
1087
1731
860
1889
1525
1215
1543
1494
1481
1941
1556
2242
1259
1394
862
2378
2144
-1
2049
1536
1304
2459
2606
1178
2723
2488
2004
2941
1788
2594
2405
1618
2624
2569
2625
2578
2263
2922
2440
1844
-1
2632
502
1917
1883
3295
993
2088
3550
-1
3288
2598
1333
1790
3648
2642
3033
3496
3149
2989
2305
3346
383
-1
3120
3487
3173
3207
1795
2029
1185
3752
3158
3402
1700
-1
3636
1939
4301
1920
3312
1767
1976
383
-1
2668
2978
1647
684
4650
4456
1728
4558
1849
4043
3172
4673
1782
2201
4645
1341
4370
3846
2323
3801
2300
4980
5009
3848
-1
3509
5035
5069
4014
2174
2846
4091
883
3766
3475
4245
5022
5240
3704
2441
3547
383
5328
4158
4426
5453
-1
1253
4977
5617
1304
416
1088
5433
3226
5192
4990
3111
3088
776
2645
4696
2216
5918
2512
2934
5918
4110
5278
5936
6243
6600
3957
6938
3623
5571
5627
5731
5173
1405
2966
4294
6692
-1
6931
-1
5456
-1
4580
6913
5943
6024
2678
6367
5015
4130
4229
3000
6067
4861
5090
3728
7462
4229
7258
5984
7269
7121
3567
7593
7147
7009
7581
7012
7494
5901
3849
3787
3739
3432
7871
4739
7929
7958
3029
7267
6616
7504
5350
6495
4291
6923
1919
7214
8198
-1
6994
4312
8150
3624
4377
8232
8101
7893
7453
8299
7489
6401
8294
4590
8349
1655
-1
8347
8348
7935
8349
8667
6880
6041
5147
4959
7699
8918
8330
3336
8755
8182
8552
9231
8439
6974
5012
2655
7763
9100
5275
8123
9208
9230
3545
-1
9273
9564
9138
8819
8177
9439
3255
9924
6344
4269
9883
9272
4734
2161
5420
6540
6822
10085
4772
8356
9139
7981
4940
9416
9062
1496
2499
7197
9969
10195
3527
10439
4359
9229
2294
8931
9009
9243
9885
8861
10911
9115
7552
4349
7666
6528
6026
10086
1450
9419
11308
2733
1149
11062
-1
2696
11078
10765
9544
10716
5031
9929
5559
11351
4434
10341
9590
11379
8230
4998
9894
7632
10938
10336
5893
9793
11513
9928
