51
153
139
26
263
124
241
392
323
474
150
437
208
372
249
340
246
29
438
292
570
647
1
837
742
868
599
975
821
858
921
804
217
1096
207
1186
1025
1195
1262
887
1238
899
870
850
1267
682
933
1234
1160
1214
1267
928
918
1030
1605
1483
1707
958
396
358
1028
1138
1573
892
1398
1518
1830
1968
454
1788
1706
2072
2168
2116
1799
1817
1814
1894
1230
2196
1210
1846
2149
1907
1186
288
355
2035
1860
265
1575
1352
650
185
2160
2424
2704
2377
415
2925
2492
1527
2553
443
2818
3209
2872
1675
1759
2934
2866
2151
1125
2832
1834
3012
2810
2897
2912
3042
3191
3315
3212
3414
3108
3372
2987
1703
3681
3730
3893
3795
2322
3082
3720
4179
3063
3691
3676
3453
4240
3901
4374
3806
2363
3046
726
3789
3906
4149
2849
4098
3469
2934
4119
3421
1261
4116
4641
3876
4090
4115
4093
2203
3621
4575
4313
2238
2826
2772
2153
2423
3728
3835
362
4256
1681
4598
4045
4024
5158
3937
4656
3052
5295
4653
4278
3156
2198
3185
5165
4198
4869
5561
4784
3267
3288
4793
3256
3080
4459
4298
4534
5876
4838
3825
5562
5293
3189
4734
3721
4621
5083
5332
5366
5265
5223
5009
996
4499
5765
5618
3930
5648
1808
5469
3405
2561
5248
5659
3297
5930
5347
5736
2155
5990
6365
5584
5658
6634
4129
6289
6036
6650
6201
2666
2045
6108
5765
6840
6808
7062
3422
5926
4213
7074
2059
6481
6605
6108
5993
6641
5808
5995
6121
4078
5573
7063
2156
2101
2228
6935
7324
4325
6660
6731
6305
4509
6435
7501
6853
6464
7058
2783
6606
3935
7655
6435
7845
2397
2832
4644
6246
6215
6569
6758
5754
4814
7906
8058
4015
7426
8248
7457
7372
5434
5289
7409
4988
6561
2625
5006
7997
8055
7832
6974
7787
8222
7015
8017
5522
7857
4317
8184
6710
8066
6837
8470
8115
8429
8423
8071
8071
6225
8057
1491
8538
7865
2584
4706
6925
8309
5542
8681
8614
8814
7419
8745
3428
8780
8343
8755
9121
6647
8894
4847
5111
8316
4816
7704
6823
8626
2716
1958
9230
8261
4375
9494
9412
9315
8258
9310
8163
7189
9582
7238
1551
9881
9187
5972
7718
-1
9865
7969
1602
6032
9836
10024
10096
2979
8499
9905
10371
2881
6976
5635
8024
8344
8042
5266
8713
10044
10309
6147
7076
10561
10418
10811
2586
1729
7477
10488
9980
10427
4041
8686
904
10544
6870
8801
8685
10643
4534
10807
10613
10831
3502
10860
10704
9361
10284
10972
10152
9739
10994
10872
11392
10390
7981
11137
1958
8335
11294
5560
11360
10063
2922
11493
6995
10474
10414
11863
8257
2035
11644
10133
5274
11834
8402
8254
11937
10843
11924
11883
11453
5333
11834
2918
11751
10696
11179
8305
6190
8568
11849
8835
12342
7127
6958
11453
3547
2022
11606
8426
4997
3702
8635
12389
10245
12427
12423
1893
10410
8903
9990
8947
7730
12441
12542
8280
6428
6987
8410
9064
12887
6003
3493
5431
10583
12250
8543
3682
11639
12999
13123
12706
12977
7239
13136
12660
10669
8530
12258
13031
11077
13228
9579
12489
13051
2253
13327
12172
11042
13681
3884
13587
8955
13960
3622
14015
11280
11570
12571
12673
13489
14254
10567
13602
4693
12889
3134
5602
6650
9200
9314
10126
14021
7475
14039
7740
14142
13904
8656
14047
8633
11750
3353
3187
9204
11993
6792
10595
12673
14301
14217
12114
13994
5236
13086
14316
4513
4353
14365
9503
14948
8698
11039
7699
12827
904
11988
8457
6649
14530
14254
6474
14956
4711
4576
7465
10913
12589
9964
14920
5399
14115
7792
14936
4579
9032
3742
15215
2382
5964
8086
14200
13463
16239
10320
14031
6894
15901
10999
14173
7559
13193
15880
15389
9511
11103
8242
14262
14241
7724
15095
11421
3744
16105
15951
15998
12205
11208
16262
16034
8479
12463
4443
7777
16112
12473
16730
9885
9785
16578
12857
3071
11811
4710
15657
17042
14645
14054
15012
14696
15876
15865
16621
16978
12234
16887
17534
4073
16033
6880
14452
16905
17044
11009
7368
17100
15011
15957
12377
8422
11381
10041
13544
12405
14721
5153
16781
17735
16495
17531
18229
15841
16702
5051
12764
17962
18016
14797
11485
16058
17668
9144
18387
11312
18492
2801
12509
18436
5334
11817
13181
5124
18270
18806
17035
10538
18078
13014
16343
17393
18674
17269
9585
9194
5172
2853
19145
7454
15178
8051
18759
18496
5420
13218
5157
13670
19450
13804
19392
19640
18647
12231
15496
11583
5017
19665
19423
7425
19935
9656
10511
19790
12919
7210
16686
19540
4940
17945
10977
16323
19144
19652
19513
16909
13466
13806
20083
5460
17122
15544
19535
19820
12342
19820
20249
6338
20022
19343
7734
12689
20132
3477
9911
14606
1609
9816
6333
11335
5956
12528
20032
20866
20645
20956
10448
6710
19527
17575
17141
20864
19568
104
6009
15433
20870
17507
10744
21140
2769
5445
19891
19908
14780
6005
21351
15254
16300
17828
19001
19472
20179
21742
20380
19479
18154
10556
7312
20789
22046
18222
20076
22158
22098
18817
15572
9668
19948
12553
9551
21338
21634
18049
21971
18926
18146
21700
17074
6607
21988
19496
16099
10441
13777
17665
16192
22544
20929
11846
21489
14505
12178
16334
18447
22521
11351
21728
21543
7065
16380
18330
4835
22725
22534
22479
7815
22809
21001
22243
15056
22846
21863
22684
14778
11999
4811
13772
21517
22841
18415
21820
18202
21239
6381
16302
22910
10927
21862
6340
21553
15291
16081
18162
21492
7721
22503
23174
3883
21375
3671
5714
22996
16221
12732
23679
4277
6618
20396
18207
21614
22190
23399
14645
23316
23811
745
19997
10688
19713
5290
23574
13372
16340
12518
13993
16857
17220
12383
23636
17174
19597
23605
22942
20039
23783
19102
21394
11445
10141
13299
22769
21401
18127
24002
3901
14773
23748
7020
12121
22398
22580
24334
20891
14662
24567
23683
24139
24895
17320
18770
22007
21007
25070
12118
22022
25091
17961
4383
11267
11868
7852
13529
23220
7565
18586
14930
14699
20090
25444
23345
25614
24781
24178
9586
25533
11132
25118
25354
25518
25142
17071
16034
15096
7821
14530
22680
23883
20003
25680
24325
12209
25807
25898
24539
16000
22776
23092
25983
19366
25996
25649
25730
23092
25319
25924
16148
14188
13253
16248
22124
8878
19108
26471
21732
23765
22138
17648
19260
20336
24763
23872
17534
24563
25526
11729
21334
14428
26493
8045
24731
20829
24907
22900
15647
26333
26474
24791
26584
25170
8699
26476
9769
23891
10542
7923
17735
26311
12474
19424
24820
25490
8043
24428
26211
27064
23859
24631
21927
618
25036
19406
14407
27426
22926
12904
26750
20390
11706
12971
25704
16922
25919
26900
27134
27547
27829
22761
24866
26060
8147
18618
24074
27911
25966
27634
27841
7540
26504
20654
18446
28055
28156
27132
11847
8305
26343
20846
9946
8485
15868
21214
25451
15008
254
14497
10185
23038
26984
27990
28541
24527
27585
28453
13157
26560
18855
25097
28109
20434
28450
28220
23984
18545
21268
28866
8648
28931
22302
24705
15176
28995
27833
13497
20290
21697
28271
29349
12724
28944
10639
29143
29110
19343
23394
28910
9005
21250
24699
5659
17953
24153
25159
24825
19372
18502
27896
28698
29524
25073
29583
25730
29434
28605
21018
28895
28299
23697
22568
16862
15766
15111
27210
29262
30246
20361
29339
29276
21747
24706
18059
700
30230
28446
30405
-1
20260
30386
4550
26875
27210
9354
22594
20619
20224
8862
9912
22116
27386
21533
29154
5664
26331
17180
30691
26646
22099
10535
24046
10037
10538
17884
11299
24160
29485
25375
29728
30938
29562
18993
31736
17034
31343
16067
5142
9528
25432
8670
13488
8447
30606
25049
30268
30608
20690
29168
31566
31288
26287
12691
16318
13080
26673
27795
21474
32255
32366
31296
31915
31875
4825
2587
30324
9230
31611
24451
31859
17353
32764
11721
25225
19890
15544
32880
8062
20898
11661
20067
16618
23353
9272
31633
32525
23210
14776
31856
29908
32747
13038
24392
32362
33265
32338
25791
28314
34194
33771
25585
9735
33639
31106
33707
25821
18017
7999
33348
33596
33895
9516
33554
33777
15091
15857
12521
18921
10912
34190
27244
22125
32955
33707
13768
29494
29382
34251
33966
33274
17733
24374
33872
34126
34506
24863
35136
10154
31431
33628
20957
33369
32640
34646
29538
33682
10266
28579
20865
6040
8935
4449
31575
23719
28542
34482
10495
8372
20230
35108
31725
25767
13124
16732
34847
28514
35916
28708
15383
26075
30926
13280
27649
35600
34622
4094
34848
23569
30163
20741
36801
20904
35890
36303
11165
24556
35661
29258
20139
28729
32737
32594
32624
28049
16801
24276
17151
8206
32229
36931
32264
22000
31823
35767
25731
6710
37191
35031
17755
26775
25196
30454
37195
25117
10185
7124
27934
36300
35782
12677
37430
19235
33587
32254
31932
35577
36856
36898
22116
19676
26546
14012
11746
36798
37261
1470
7996
22676
37695
37283
34478
30774
5659
31089
37424
20161
25347
15689
37596
36283
35426
25254
18874
2977
8262
19782
37112
38173
38220
36200
37604
33676
37273
36277
37822
10198
13880
38612
29093
38805
27222
15120
18231
33654
36725
14675
26141
21507
38216
37473
29555
38682
38705
6020
38493
39041
30508
24341
7807
39141
38892
34921
35719
16632
38500
26202
34135
38079
7277
35617
34353
19489
36979
27448
32780
39402
38446
26778
33825
38813
37861
10446
35540
38547
39476
35372
39787
5169
24147
21527
39593
34772
34459
10194
22337
37070
32485
37170
34856
38960
38593
28501
34905
28299
26974
36219
5414
40371
39595
31643
29358
35250
40164
32197
28047
17078
29304
18409
21621
20885
13964
38799
36812
39214
38981
39714
39430
39924
29005
26638
34776
40677
40868
23575
37059
-1
36484
39232
36969
14973
18817
17320
35955
40947
39110
12857
34145
40537
40353
40586
18721
14984
27542
41242
12915
41440
41504
40342
25681
25538
29816
39284
36419
37331
38766
31136
30210
40947
34062
30328
13009
2454
41504
29554
31138
33055
36123
36446
1485
36319
32204
11250
39930
42278
34311
42378
5643
38008
12376
36900
17525
42603
27765
29051
42044
40660
42577
17734
42442
42467
39974
37862
41598
28986
23359
42613
24843
42606
6441
42699
9145
42585
43346
36416
41243
9587
25086
37293
18245
42690
36738
43009
33038
40326
42119
43267
39824
39006
38910
36880
43311
40375
15904
20938
40389
18202
21204
41396
39086
36991
39549
42179
38491
43972
42403
31026
42392
39130
30411
24044
39461
43765
31427
39693
42988
42513
33664
42550
37688
31570
38779
43661
36010
29835
43963
41349
38183
41479
43924
43751
44093
38961
41060
43706
43272
44276
34961
44555
42527
44223
40960
22001
36430
28545
27056
44805
32490
43833
17761
39415
35223
6751
42526
38948
30228
44764
31211
44383
32866
24616
45144
44059
41725
33182
36690
28880
45472
25830
45050
3974
44277
45095
44596
44960
42538
41167
28582
44920
32945
29368
16932
44836
40272
37431
39682
40807
38135
45168
15848
11394
11247
28273
45669
1117
45939
21011
33217
14008
23714
28378
44452
19652
46361
44875
46656
36750
25475
11858
46909
21500
45224
43298
22046
44832
44857
44249
44846
31659
41159
45271
16345
36549
45253
22441
33929
24849
47300
29075
47183
32982
45947
38924
20015
44823
44910
47246
24195
43024
16128
5245
47565
10994
47471
30732
31259
31959
33126
41290
22094
13580
39302
45772
47449
40625
43066
36689
13951
12568
14043
39230
26423
46581
22007
43418
47926
34730
35152
46515
47628
8922
47367
32523
19950
7555
37447
9843
45038
32464
14103
47668
46540
34852
48075
33668
47681
26773
47030
15993
15447
48294
46669
48299
42288
39047
43684
46117
32984
41289
44192
49096
44994
26065
49133
34292
35430
22577
42558
47173
49042
46938
48915
48970
40890
48676
3858
47401
20933
49480
43822
44796
49111
21405
48291
40593
43911
29180
40066
46510
50567
50029
16572
35295
21553
48714
48783
23323
50912
33148
49721
30282
12313
41283
48646
19580
16071
31615
50936
25372
49871
19386
46483
28122
12441
46352
48410
24870
51042
27702
24424
45060
19985
48537
49544
39165
36826
14819
47222
31560
27049
12051
49621
26470
10402
30610
19888
44906
51648
16605
36154
12713
45655
47118
44951
38210
29465
34744
29159
52621
30835
49823
46398
51618
51930
50266
16345
40611
13763
42337
37690
28276
44566
42457
36310
29952
45640
50706
34619
51165
21717
17288
26829
46197
22154
29645
50621
52279
15121
50824
49293
37988
48318
52714
47565
42748
52341
52097
25624
38063
46876
18586
53536
26889
15229
51720
32523
13234
18538
50642
20623
52772
47058
48002
25226
20960
40420
53790
53237
12416
39252
5054
51140
42266
47549
54296
49795
38692
54318
54181
53816
54022
7939
48214
48289
52831
41358
12728
52630
48317
43697
54203
54150
36823
52657
54965
52127
52246
55065
36377
50475
49004
46035
39114
54286
29839
53166
9330
54674
40172
43886
35901
12356
54247
13344
30151
50688
52346
53853
47331
40211
54026
54753
48893
43711
52503
55457
52822
53565
55040
29243
46049
53793
28507
48571
29637
55783
40253
47512
54224
55069
48488
27884
55227
46492
54301
38670
36935
55143
51336
49831
54618
55546
36645
48179
28344
46138
26385
4051
55686
45325
54015
48475
37978
19004
38203
16685
37277
42774
55479
50250
46616
40145
51123
45037
55421
30943
31074
17508
26243
49791
46498
19025
45436
53899
56729
53931
56946
48243
52674
54763
56570
34054
56108
54891
50544
37457
56235
55424
37501
37491
55915
55007
17686
44918
57279
28826
56291
56640
55092
27407
52364
13999
40576
55861
5830
57603
33297
24114
10580
29127
51811
46464
40789
28151
48214
58401
57933
57748
56170
22784
51632
13804
48949
44801
57823
35133
51082
58790
6739
44229
58258
52481
53978
58703
59077
32815
49087
42734
53626
36409
55468
35426
56496
55901
40177
55797
57442
35566
58367
58702
59523
50002
58242
54627
54228
54003
54820
42204
36070
55039
58946
26806
59964
31976
59715
17038
30700
45804
35801
55521
26514
19410
48108
40495
21561
37073
57785
59961
53566
11489
59528
49713
43710
55418
49371
60484
46360
54072
18860
58489
53195
57324
58362
48249
21270
60288
45948
60492
41343
23773
13468
52478
58962
58712
45719
23807
57689
30513
60150
26636
52637
60183
58714
49455
53396
56364
22805
48202
7148
56371
47033
60214
39208
23944
58937
54205
61643
4913
49437
51516
62330
23089
11585
61068
62182
23907
17606
59519
27028
44523
54942
49665
43375
55682
60331
31009
61057
12105
38924
53922
27108
52233
43562
46223
59753
57466
18559
41316
20911
33046
51980
62420
53938
45707
53587
50626
60113
41625
61818
62252
44693
61010
62954
61302
43471
44780
56305
54766
31716
31783
62578
57124
61541
63439
58142
45673
42830
63216
62450
46359
62064
18957
3438
43609
60491
50754
34458
39683
55528
30380
62566
14841
52401
32781
5041
58744
57719
58638
62835
60707
19457
62757
62048
55873
46252
55144
62908
62816
46393
46728
31412
32620
44144
23213
52404
59401
58649
7478
45677
61573
8874
61876
51422
62900
60541
63200
61335
62303
63079
61849
57102
16067
62561
24746
13790
59055
61176
36439
64310
55770
63970
37626
62171
46109
61948
63350
38821
57772
64053
19234
60045
55334
62843
25381
17735
54591
53394
57073
55403
64113
64182
63518
54046
49978
60849
10065
51557
38084
64986
64272
29601
52582
61587
35911
62944
54159
32251
58559
58606
63970
15587
57583
64665
64530
65263
64894
47578
64354
47781
44037
50777
64714
58014
60255
60475
57016
29632
57265
24850
35052
65985
53921
64644
26449
57397
48920
63177
38417
59481
37809
53396
59993
64194
65038
65847
53013
35373
62598
59982
57332
38720
6122
59167
55202
38877
21616
57845
66373
63931
16318
59365
-1
61375
64668
53638
52543
49544
66161
29964
49981
32610
64408
55593
57295
16292
66285
49038
33769
47141
38546
50045
59095
55460
67495
63669
67661
58262
29616
27217
65864
43867
35213
11710
28601
61888
59966
15724
56002
62830
67303
57582
19290
21424
43630
66621
58242
59413
68170
22484
67801
39142
61530
59472
66522
37413
44283
59361
47158
10051
53868
66784
60360
63205
6960
48166
66359
17902
67685
31340
63283
17278
10186
48114
66582
68492
48723
65020
2203
67225
68802
67910
68949
59363
18347
39296
64924
69102
66864
33966
62230
62142
67971
67641
27897
20081
9402
60963
67333
62176
52911
46209
63919
49992
19291
55576
54429
59283
61954
47374
60548
62868
61566
39263
37529
11990
60989
69035
23928
67736
69306
52158
68129
61875
21334
51727
54037
68136
42208
49880
35551
68282
19305
69044
47505
59982
61923
62340
44959
70578
62327
27331
69764
68904
27154
41443
57619
52794
70791
45617
66816
65082
53117
57213
60042
63001
69265
71031
34746
56404
66036
60579
64054
67346
71594
60827
64473
55174
59720
61770
20545
59266
41991
60177
35803
70241
67572
68993
62280
48348
71528
20262
27651
30242
69453
71894
72223
72486
49341
62721
24789
63530
55253
23805
43090
15392
67730
62751
-1
60911
51621
72675
72874
72282
72201
71139
52635
31270
59602
72405
33678
70514
70403
72862
70746
67114
31005
8468
49909
38612
72896
65546
39258
40104
73388
53466
67191
52538
70831
70060
45503
56826
72224
73344
30673
73157
20370
73092
35809
29821
24982
72280
68479
73441
34660
71619
71737
73464
50954
62981
73852
63096
44359
50747
73977
23552
63949
31861
74703
24203
74205
60953
17244
75101
33545
74185
60479
59555
39670
62545
13798
75415
41009
57775
64456
29564
74772
72654
6066
48549
54677
74674
54888
68908
31089
68827
73325
2065
55971
73030
34872
26480
50149
75592
72513
61316
61601
29444
37090
74260
3038
72431
65520
63972
34454
73456
73701
73163
74641
62554
73499
65083
33625
64389
64789
17302
52979
16972
73819
63690
64214
36208
54781
69559
74172
75402
63704
75033
56008
60477
38640
70046
48058
41644
2069
44244
64215
69476
68436
75670
8869
54649
23023
3236
76217
21613
33990
64460
31893
73736
54929
73664
46916
71848
11055
69392
11024
76057
46179
74499
49124
76176
76314
77185
38101
72338
59512
51634
76319
76128
69875
46499
27745
67606
73266
68531
47810
76099
76799
74463
55649
76421
76634
66218
72843
77057
74792
54475
28506
66565
60134
8343
74529
78212
53182
55808
4566
69890
63556
56223
32205
76190
69215
67785
72311
77814
52840
70940
76634
40220
77850
37566
50773
70635
48232
58497
62255
18339
76464
78870
66482
70168
22828
78115
70995
77527
63456
77040
54864
77028
70475
67103
54681
30719
74701
56674
18827
65780
66172
60896
21348
41452
73838
63282
70328
75925
78632
29278
28549
59912
69979
24858
38430
75034
69914
34206
77139
47438
17945
59654
78924
65281
42919
30815
77072
57262
61863
79839
77980
44053
66684
58828
79516
32671
78428
75220
79656
60057
76125
46477
51401
13531
79440
55415
12126
79781
65521
65528
55587
75793
73936
79534
75398
76882
51929
79735
66556
75918
57471
64290
28474
7343
4167
64393
23058
21522
53787
27495
40296
71234
73220
79960
12270
77872
68631
71269
53966
70237
72350
79508
69256
59266
61361
80458
80461
67269
78674
54346
10993
65471
44832
69146
79589
66987
74222
38567
21492
75966
72679
71244
81830
39850
48238
28407
80501
60084
81694
17685
81739
79754
66653
-1
22535
28743
62213
37383
66422
82262
82487
52770
53077
23670
49877
79881
43660
72616
82578
50104
57228
48919
13092
71776
67424
21119
38423
61138
78450
53832
78903
82553
82484
81230
39016
34341
48983
74872
41980
42476
73285
76039
63150
76751
79949
74973
53593
83418
79431
83866
83130
24673
37298
81576
78975
40069
72028
66179
69364
18348
81300
83521
24872
27525
55071
78819
73169
83225
77175
61700
82881
79583
75464
83113
67855
81638
81393
78222
67463
60307
67942
67664
75356
46011
56246
34036
36429
60924
78078
72052
52101
84080
78201
72669
51489
46598
80043
67910
10290
61190
80148
62350
69818
8817
31454
73103
85387
48546
76680
68455
83568
83953
57295
48583
76872
23532
50442
78868
34171
61394
74836
84537
39619
68006
81831
24788
83026
56555
81113
64575
81838
85443
83721
47148
41805
71597
39894
83703
55319
82147
16950
27454
73437
52377
85372
68309
51080
67024
16754
80017
79934
77616
63722
49883
85789
11476
81617
84911
69973
48576
40244
69280
75281
85763
52782
26218
83127
58259
23346
38360
60937
85590
83607
81908
27151
38047
57857
82249
16535
85885
67662
26224
3445
87207
63990
85705
33544
40250
87258
79331
85815
86628
74316
86823
79137
2351
68059
76218
72279
84155
52637
43455
48447
41145
86680
77797
71070
88123
54195
86965
87473
84714
72369
40779
60877
72690
84911
84215
83225
63186
64710
81334
38538
77504
60801
41367
47871
60870
85126
86721
87844
59801
48416
67863
79879
78196
72931
87718
86638
2472
83747
83605
78195
62029
85334
39576
75983
50152
51246
70992
89338
34423
61322
68890
65922
43541
72166
53202
67937
56449
39776
10083
85298
63024
88813
79465
58603
24663
85172
87897
88091
86708
89321
60585
82743
82062
78953
88139
88909
77257
58731
83370
84762
79157
60728
82447
41070
79255
47797
48044
18126
28411
72388
4911
52720
90049
78151
87805
84951
80249
21537
26228
90601
72357
80941
82471
38551
87999
89258
13947
91616
86730
41018
91164
64482
12539
32382
64987
35517
67199
90278
90111
72280
54785
90484
61267
91093
39164
83965
76233
24562
87749
66267
90672
78484
49755
88648
64477
64820
87293
75193
91185
78399
47730
65834
91833
90273
91669
88945
92281
87810
51642
91519
4646
37572
51032
40180
67917
54307
91877
62065
27197
82090
55141
85648
50570
26342
6415
69254
76330
91433
18433
89448
33285
87819
57293
92370
82167
55328
92656
89751
89749
72596
50083
86880
79699
92178
92059
82998
50584
81092
77782
82533
58583
81456
79798
5095
48811
22880
77246
70523
89389
93067
40751
86366
90524
86182
85325
82985
92958
58556
85774
12712
92879
86349
47062
31582
89209
45811
72301
29848
22339
17205
80183
60741
90544
92765
84111
60033
24519
81949
77709
51244
33500
72632
7034
85025
83223
92747
85240
70813
65034
89743
94454
39980
90848
50978
65211
94461
95148
72340
83578
62906
92232
28269
81872
93797
19622
95872
96040
73222
49930
41724
67943
50590
93510
75777
96867
62766
93653
60955
20455
67432
24025
68853
86153
95778
77085
5426
45861
92044
88829
91249
96440
49894
96806
58369
60855
93571
84776
93406
94599
22266
10257
29976
91754
96436
7595
71224
97296
89095
97196
97777
29441
97565
38840
96877
84053
67307
92797
93105
45999
95123
57552
82179
96280
85419
75175
97117
80467
79418
97133
46620
98059
71444
95607
87988
67780
47599
99281
47074
90426
88364
98866
84776
47885
97161
43050
59350
97099
42605
99100
20008
91178
98458
98692
95232
64933
90381
53804
52570
46759
96984
95595
97101
98953
78842
65665
72691
42390
46643
93362
88085
97500
39180
39765
79354
24701
94942
77685
68191
91993
38322
47453
23277
53326
64457
98594
98746
22422
1817
99628
97588
74530
82564
41870
79247
52157
85823
93931
7991
98244
96327
88816
27770
67148
100304
59561
53743
95396
82132
47449
99637
93516
90047
89008
56040
100404
44983
87902
60263
48535
80153
12662
23798
100885
95446
100314
101020
95908
92389
46511
1764
68155
100935
42201
88150
60995
81299
100603
99972
99417
89649
99248
99215
100575
86370
84652
20218
55374
99258
62401
44094
33021
63879
101099
92225
64738
96458
39155
31913
95266
81654
100668
63200
431
98248
100923
90693
100237
101617
33115
24238
100534
97719
80760
97965
74105
100838
89821
53581
101405
56221
36808
85487
81712
53981
100913
81411
90412
81069
57469
20253
101443
86487
102033
74154
33013
92926
99511
99891
55526
100965
83163
96164
71235
98768
65637
82059
73428
80640
33090
80910
96970
101238
78047
49874
99821
98963
37472
100926
102940
74042
102976
85759
93750
14597
100410
90791
84821
102909
74754
95346
84370
77176
100995
99557
100405
103111
51055
83695
60213
94623
99229
12985
57092
90825
52359
86564
47338
85784
27427
92870
100525
66386
48296
59405
33075
80699
82281
102659
103516
71338
99994
90033
61227
36303
98795
85064
68319
62176
61938
84114
73244
95264
95122
64393
100116
54574
98300
15821
103794
99194
100871
93023
96493
61862
25421
10742
84419
99604
100567
75471
68148
104741
63746
88941
83975
105008
80511
104167
92984
94222
67458
72869
45168
103492
93014
79872
101952
104024
57894
90274
100245
80934
104931
50131
29004
100688
14733
83829
91905
103098
103710
70587
104096
100478
100202
93491
100723
97299
96436
104059
36468
100615
17518
12509
105012
46958
100818
91533
68718
57555
105177
60246
102428
87495
22309
52026
38136
65647
87618
72502
46853
59690
97599
104572
103474
104312
100198
70219
89805
94089
84198
50974
97116
105313
87727
87743
33496
28274
105688
103768
101187
56629
105876
103146
105348
106079
96263
89609
76989
60536
94699
105522
104988
92361
102272
96567
106058
28708
46022
59535
85517
93036
89935
33191
102888
90831
106481
46387
107113
93469
97955
68141
106579
90112
26825
97516
61285
63468
107220
80783
99086
95587
85153
49406
92644
26090
79625
105629
62970
107800
50214
91124
-1
40898
95573
104679
18306
64098
76288
34747
88877
106249
22951
102734
66974
100915
102483
103622
102700
88734
102591
36643
87153
51716
35363
108140
55105
92344
82056
40188
100731
83970
100409
94203
41876
108091
106925
85033
96865
108600
64646
30902
95433
90529
-1
72282
105816
51916
74720
35822
107851
97721
37325
66321
55182
55368
100650
33238
98811
98619
48910
52210
108320
100333
107676
42732
75692
92419
105010
108812
108275
52568
23728
21256
55953
104580
109378
90300
65050
101323
29239
75195
33262
71698
109823
105698
76219
101627
88670
31615
74212
87525
108523
106398
57402
81230
109632
105469
104125
81450
110057
109373
67853
74635
93966
70030
109508
109497
109482
26942
45291
109513
103690
38044
72116
108542
109749
17618
63731
110551
110434
63019
78419
105757
81713
74813
111038
110243
91939
105096
110726
106398
49887
85095
105804
109131
111082
73292
111099
105251
102193
94283
11558
111209
91362
17168
108903
111544
112267
67677
80683
47248
23879
111436
101753
59816
20873
107416
111047
29938
105758
80847
109945
42111
109172
80187
110009
65938
105846
108483
39039
103657
106180
67067
7476
111172
83668
53507
59731
90259
13534
99463
22216
104271
110814
112065
105076
109810
104504
112364
33863
7203
97660
17304
108372
56602
48071
111982
65200
86480
84663
112537
110840
42001
113078
58798
98782
99328
59398
112142
104886
70944
109806
104897
100522
90475
109936
57631
83024
64160
9858
111190
40554
54561
113239
106809
69956
92280
112967
57863
112815
112955
108885
105623
114230
111739
80065
103383
113343
110913
107611
93938
106027
111873
47725
78800
114274
113729
110656
40351
109903
102909
91103
54505
90407
84693
109560
95787
114236
75711
95315
70419
59901
115109
95416
46932
33454
102249
98921
38715
67111
42756
95565
71389
92580
49970
28404
49758
94756
92598
106516
76459
48509
98055
110680
91060
115706
56295
88709
76744
96580
61952
110665
61199
81331
20421
91313
106942
111555
60560
12184
98741
114952
57254
14713
102210
105552
103571
116625
114588
53025
82435
114949
73787
115604
110426
112870
112776
102545
98471
103304
66651
105226
112791
117166
97574
81077
62528
107583
50745
64198
96329
64548
112815
108240
112936
96342
93879
105029
97242
116753
45985
101071
20971
49182
115040
29717
65791
117580
107489
108699
48947
93882
106759
33312
99528
28388
89135
25265
98487
116079
44490
74440
32370
116939
103132
114697
114838
116982
114099
87366
102312
102526
55198
68338
116666
107883
109334
103456
81871
68641
114149
93195
52608
105208
109088
94917
107803
107567
68338
113216
104082
78238
33141
116635
51300
103837
109413
98480
104157
39333
118274
98519
116548
27672
94294
115274
112871
109820
53852
118720
16038
96308
75000
100814
59886
61668
32428
59596
90338
61796
114954
77530
98888
109710
46839
108563
59716
97836
113930
118883
102015
61646
119546
43557
48435
117658
95379
47328
82114
45818
106393
103004
8570
107232
116483
119820
107162
119489
116861
107662
119759
82162
81556
119343
96845
95260
120701
62276
69560
66761
102147
27254
119954
119988
120780
88748
120032
96174
91256
109193
112554
43577
39814
110243
118077
78763
55147
56943
7477
117907
32638
102063
29993
106309
75245
121251
66621
120386
121085
107352
85663
54998
97083
72598
59263
121018
116858
76285
98597
72906
100009
121561
111352
120621
109256
47765
120815
120086
108488
90875
119901
110202
55247
66884
90727
102664
119951
51499
121574
119659
29699
30604
76027
96381
122042
67309
113697
107432
25296
117230
76576
120904
48726
103366
90771
114072
92448
61529
121700
51667
44781
122011
98123
84185
116029
122926
119397
112882
111281
119186
121689
43117
105287
114646
105116
106736
44653
113027
19201
31880
123444
87467
100992
119078
104720
98682
74012
118284
77923
119398
111084
103607
53582
106927
123150
92611
101889
103698
119891
61664
123234
92950
80781
122676
75646
122724
49600
101266
93862
36821
110554
116604
108839
25667
73165
77391
35970
65748
123522
98057
97599
123177
102713
124258
40602
106437
115247
96139
124309
123932
77973
104671
5030
81796
122105
63797
99323
120542
54726
113550
124069
71519
124181
108137
93566
76548
100458
71232
100759
7629
124463
101636
124606
50976
101637
118141
29868
123150
103109
100549
124770
116366
122914
93870
124160
116822
98096
115090
124041
123250
124926
125144
33162
123009
78054
113200
123836
54366
109738
103574
30897
65750
125192
79279
124570
125428
113516
118213
76446
75687
116936
123994
52562
33979
108673
125880
109565
125927
107543
59630
89152
86354
110919
126332
111687
125357
117738
75301
122865
103809
114188
34755
71783
82633
122287
124056
125905
108350
116332
125954
88181
54519
44513
88445
76218
65260
89080
79175
112789
125296
126458
119235
126311
78450
122319
68338
122036
85268
111076
76648
82246
123369
91042
127320
127014
7732
41173
51314
127301
125830
125634
113739
54983
122456
126846
117611
105884
72009
126712
115406
125412
124954
76844
119650
92681
102401
127144
73371
60195
74126
78287
128388
128397
127392
75553
128446
68922
120496
58407
48329
110831
99960
124092
106438
73245
107570
106448
89500
117620
128473
83335
81880
104378
101451
108032
127516
80245
31748
53166
108488
116461
128391
72991
110610
61412
104493
108428
94335
53728
108519
129353
123351
124662
34873
106728
106565
124177
124572
-1
88574
90926
110620
62414
115523
65884
114299
97730
119821
69477
89225
81961
80980
105204
116672
62675
50012
96740
121983
85753
81290
118908
126565
28652
107508
120460
9738
108548
74698
129843
57300
93368
128857
108708
126767
45765
85520
11343
122242
126519
125519
43014
103003
125145
82033
40026
97807
103111
53148
18785
100136
50315
128014
51677
120414
30177
15550
127849
103707
128719
77705
85852
128763
123269
126579
129466
129021
117786
128274
62836
123575
113646
71789
117094
104463
129508
131386
116912
71941
97984
58263
99805
44195
83759
109480
131654
124458
37853
104847
7209
26676
88469
116133
78366
124683
129541
42463
116667
93604
110086
131359
133104
124642
59968
132571
130649
132474
118415
58741
127556
129553
118524
92462
69810
65639
125217
133032
115286
26636
107472
98625
61099
112397
94370
74585
61715
36160
-1
19465
124917
64259
115704
120619
127490
131374
83172
132040
55166
131886
110658
133074
131378
132816
127083
118580
83187
88226
93600
99827
84525
36473
132008
132493
77203
129875
112571
69242
38096
124983
57170
126053
15013
12261
62767
92928
95910
69684
93147
107256
125791
110868
131420
114352
118871
96475
107213
107639
77550
61473
132727
94291
120552
131840
125478
26916
123556
42556
133412
133578
125652
16289
126563
77696
125442
121877
92291
39861
90525
37078
133767
131834
127357
75726
132529
92311
79573
105054
108633
130660
7848
76455
118016
125513
83031
13109
133317
133538
55627
92787
104041
134440
24572
132698
118796
122960
99265
90468
126166
83332
36458
132933
58459
25751
24444
133464
118798
117341
88897
130650
100471
17896
16378
82891
135881
114041
131623
129429
90398
87599
107640
58001
125088
79838
125980
135386
20777
31702
121171
127893
104770
107102
58825
136547
128595
136041
135929
135473
56470
132302
79689
108882
109647
135580
101497
17148
134764
60280
68386
127298
101310
136173
135900
122563
95377
36769
56078
136881
136530
136135
136955
84796
58383
137024
91920
76907
69832
121160
41859
135168
80303
136247
37292
108609
136514
32421
135666
126331
62458
106267
121033
127107
95745
120725
130070
102934
82535
138017
87685
122284
63670
138536
136006
136627
102180
116423
80892
125239
137103
125108
116769
138763
121479
132206
66328
120319
108701
137252
80502
112458
99304
35356
137900
63543
130368
138449
88041
24488
137090
117819
138655
136516
121975
115461
116919
24953
93105
33743
101332
117538
136872
112216
25697
21533
118242
75545
137182
50068
139239
60999
18884
104779
86853
46794
68354
48291
135519
134582
78950
120319
138766
128784
136340
60303
60620
138196
109358
63947
22333
97253
74537
94319
100261
113191
137113
138427
113114
107850
136982
137695
54972
28547
138578
68257
140723
135679
69783
134020
132140
86994
118676
139768
92633
139833
102145
118689
140871
109945
67561
84084
136980
97785
138704
68337
139476
141333
123792
42056
119873
41676
24491
135379
138137
141334
82798
118838
141033
140895
137585
138357
110043
139249
129406
141438
115489
57309
111712
119580
139436
130531
114785
97016
85742
135942
134948
93303
58080
139840
52828
125978
129126
45548
77232
117851
85132
109446
139155
141537
140663
137863
78545
117270
141379
142085
51396
129973
50501
51813
138597
68217
142939
140087
142572
141794
100074
41077
52381
38399
24380
142289
73910
142962
80452
50222
140713
50270
141896
95545
134906
134937
96063
142885
135187
135590
135007
116180
125328
70041
42009
142722
142236
18005
138923
60288
118030
104547
127836
77739
15726
141811
7279
142471
64813
54435
130350
141896
116870
106669
135572
2304
20426
143622
142560
139773
85209
132697
102886
6009
143999
82128
144240
120236
139542
16907
71801
5096
142609
142841
143061
143195
102520
74069
98240
132955
142637
144648
125525
97897
101393
142166
144389
133332
126402
45956
141701
133572
39210
142282
143475
32563
93522
86478
136107
66139
99283
122161
108553
34031
144554
145065
43855
143760
58235
117319
11635
57254
32969
117403
50301
1730
57791
65614
142810
143627
116732
42579
143090
137217
45396
96196
52621
144330
137000
129480
126611
121981
143852
107350
144988
61330
132721
100965
28546
122659
126500
80815
145361
135994
135404
66874
117881
42592
91726
59514
100744
100327
79676
138525
95969
81748
125760
136378
146069
133623
110184
143617
140063
135333
145353
139798
141807
114894
56880
46634
142423
119635
134150
52804
124792
105949
112691
117667
94074
134073
144306
70400
145485
125028
33025
136452
146734
67058
137980
147213
147821
147343
134463
82933
147326
146415
91733
105916
81642
146197
32938
138535
11523
136963
38746
146960
136252
95531
81190
105962
117151
26677
145168
102699
3152
105876
142986
113684
72149
147505
109588
147690
148638
111694
28081
148498
110954
139386
74274
81464
147211
102616
58154
146919
148295
139063
146443
105622
114685
92432
127472
53684
69626
124379
100738
139060
149053
27215
126664
93970
148595
122674
103753
146129
125528
139349
120242
138940
114124
139672
148522
142751
130556
69356
125507
80950
60142
149438
97663
149267
128278
63763
139459
110648
144188
145897
148692
84505
148049
147170
148642
82675
59288
124614
123608
52091
78163
114668
63398
150612
109022
150041
19429
109710
136239
149774
147497
151102
111739
147758
145546
150320
77481
137233
145299
46793
150781
108575
42430
149604
57209
149697
72605
61568
91634
125123
126084
107564
30729
43206
88209
80969
148227
123117
135593
67622
44073
47932
43848
119367
145931
149631
135146
150035
111956
150713
20739
-1
143432
151294
103980
67805
120870
151300
151265
67842
123741
40168
72182
36509
152412
47648
95805
151678
116560
141769
69861
143724
129163
150187
91442
138510
151645
128774
122787
150134
87754
112480
96264
123531
153561
140928
137537
139827
92078
148557
152132
123083
63208
129419
42471
109143
133948
152945
115494
153090
61311
113470
130295
89462
151703
109320
154225
149435
135610
130706
146116
35532
97816
122477
34124
144738
91186
83526
151510
117161
110676
133771
115377
154473
139062
155073
57135
21013
154502
145151
153914
153978
33735
153617
133386
73411
91224
140884
153690
17622
128778
114177
155450
90508
155248
155425
41168
76433
73460
139902
155950
155397
49836
152349
139964
147971
151023
131531
149121
72926
154318
146746
153581
28948
14291
154703
150318
152808
110895
141867
101395
128080
152339
101786
92997
87463
81700
155320
145747
114189
103489
32454
52406
142945
99974
150067
129244
154123
27415
125736
151626
145727
35147
147260
127700
156136
157151
153118
19732
83009
155672
106211
156030
125371
42327
151664
148066
131137
145986
71340
77507
152883
154471
124510
140153
156172
69944
111789
152513
116854
91914
135755
147555
137072
145518
41079
116084
109698
57197
157949
87189
151801
100331
76993
46932
136943
67989
157450
155458
156986
66287
129774
155647
122081
128923
67516
156234
138530
156752
143791
158003
122447
35238
156524
148189
157630
157900
155940
43703
119751
155930
155997
46748
156535
155214
132076
150211
39692
148342
105325
55303
112603
92453
61680
120662
154025
157259
72962
97977
83772
119565
128280
98139
157221
89477
157631
54901
107217
159153
90537
157347
146273
38709
107904
133447
39102
98291
159780
116783
39065
54581
156457
101505
58796
134167
96517
156156
118256
93153
148476
159576
57342
159577
70489
65497
131596
149930
83114
158956
159412
143064
135325
86406
143090
157752
45514
145805
159625
143422
150709
61870
133371
21526
127378
46083
133619
154559
65543
141278
111701
132876
159822
114305
137641
155963
160850
155728
104803
77529
35982
90411
41547
153217
111665
141460
127597
127521
155232
27979
127030
72027
146411
153805
160851
158169
117741
151692
100812
156621
161058
110250
112172
162489
160926
28948
161616
31826
162087
158544
158120
97522
100657
144332
80335
-1
90116
106421
160756
162706
149937
141183
140431
162472
156108
161970
85640
150944
80568
136087
137964
160906
97775
59357
151949
94477
27473
58546
151766
162259
149524
129858
151842
24955
118863
162101
153913
75524
106310
31734
50773
163120
97868
92158
15547
76665
147679
160098
158296
154186
160201
161187
158971
135637
161858
107796
39593
130288
135197
162749
117588
105176
156802
118954
163451
69262
103799
157036
110229
160262
80154
112773
159921
163437
110881
148226
162670
149373
88519
-1
155504
158879
122215
111860
22551
125658
122173
104206
152294
153800
145248
150020
128815
162374
101060
149105
136032
104751
148873
150422
16811
9978
161469
91914
160039
130445
49466
145061
33093
117530
164656
104559
141217
60526
65246
98251
52562
4609
117674
24997
138966
126187
114429
70214
20865
164914
150608
162935
139201
161986
20788
129933
95992
120600
116942
161839
77479
141709
164801
95155
93320
160766
135866
160431
131170
148783
47274
141514
122209
34027
142467
28564
127358
87093
113858
165365
74266
149810
87257
122386
162175
165447
108931
144017
165422
165075
125296
56586
96234
160837
154803
99420
116090
164437
155900
132194
113089
140521
105184
164971
98545
143341
107178
51272
83831
163016
34359
154847
132509
166270
111277
35250
164713
88004
165208
156484
164745
86311
122978
61674
41842
165034
143601
86803
162812
151052
62174
144595
113814
160420
161350
137774
150798
127225
166075
150524
163568
19420
164852
146949
166394
103210
151243
30802
34104
164947
162094
24354
165981
166808
8261
100533
162107
138249
80995
59091
166382
92881
167018
149936
166549
138258
85328
167024
149071
165116
166081
100363
137582
166420
165362
167976
161174
126738
75455
87795
161946
57761
164894
73234
118373
138762
157958
153796
167585
150274
89047
132622
32984
109309
167603
118277
153596
132440
157350
138968
135095
133224
153545
168023
130987
104816
129401
150733
121580
157812
139601
153667
80214
165926
166725
38393
127313
166559
167142
124222
164534
156699
158955
37150
122437
168248
138521
166115
168677
165781
112758
55462
167572
45100
133926
88196
167457
158380
61765
167241
108740
57876
113332
166844
156198
101134
64131
101901
115925
133230
88402
157709
158887
31492
146547
90641
156979
167641
169378
132055
57056
79114
71233
119384
76423
157006
169079
166303
165215
105227
102307
134864
127015
143420
84733
100081
121123
152921
155543
144528
20150
159456
162203
146443
95936
150995
163591
128592
109950
163229
168862
153896
168716
79567
169779
120401
9350
160883
150032
166406
152566
103568
152349
108350
121454
152667
159417
102846
169701
56291
167887
169293
143900
165667
127861
170596
169241
139084
170009
154886
170412
166216
169610
171708
171201
92620
167256
114215
167877
149105
124045
18892
158564
169527
155219
169262
6145
169933
137714
128097
171553
171429
136810
171361
148575
119377
124354
166470
101658
148767
151695
169692
169576
85112
48324
82621
164842
154750
171665
47804
172094
144435
168555
133556
89455
13801
61200
172415
170358
88558
159684
170963
36122
41599
128998
161186
163813
98584
171526
46748
162458
172539
145792
160233
143334
171089
173032
104693
170719
158526
173601
131384
106512
120531
146428
50088
149119
173722
146203
168853
158765
152291
111823
131877
171764
171469
100965
164161
61605
101679
172472
96874
103766
143219
106097
162504
79115
153566
172076
81481
173854
160684
168530
142687
170728
79682
112934
171012
152628
77380
142525
172608
163456
172612
132137
169742
174530
167282
162083
167384
122818
10802
55672
173056
172512
138323
146601
23953
174769
168591
170263
168015
162020
172835
174190
167512
166540
149053
153251
170878
163870
123390
163369
173383
136682
109160
155901
70188
132079
167212
90594
173358
173942
153548
173599
135723
174778
163996
117337
175648
59884
68472
173563
117133
175739
139941
165277
171461
170185
171016
175432
173884
116607
108336
135276
158293
158864
144040
130475
166095
163997
118870
164765
173528
158761
155183
163752
107537
148879
172851
173103
66690
123810
175906
176020
169367
158275
3225
152551
151509
176678
175265
158543
53558
83277
170760
100264
25321
167414
169602
165019
80710
163008
38289
122259
81680
120979
113708
177255
177807
150505
64196
80644
173493
172967
8785
148329
167749
127343
146252
156953
93975
135972
177269
141808
113220
166826
164681
110253
168709
157034
61458
153210
114036
175754
167323
93026
117644
4439
114331
66325
175977
178544
44446
115733
167710
24649
65510
42206
176435
86940
164694
134480
107139
159961
77999
96667
159791
164909
84845
69304
152160
131158
146558
50583
157469
165926
172175
141178
110196
160772
164410
162368
75311
178617
127602
90486
175102
172098
88731
170272
161021
177261
128464
176672
149651
177213
178008
178614
146138
176529
147023
177978
139035
172654
70742
112838
171540
175203
179754
49197
67197
177493
175560
77191
93209
168477
83567
39989
174225
173101
106122
86373
80539
176416
170811
161724
180395
112565
113038
157106
178317
23122
55375
178272
174440
36321
102339
165031
157937
33773
83260
144144
163146
159183
169396
175536
34296
78546
179355
180207
140246
43909
165229
144314
169591
182071
179339
149020
179298
176977
169874
154110
127527
87986
143504
78670
167045
179535
151648
140488
39272
44649
181706
146934
167562
142439
178848
49708
181646
54260
51515
2231
176036
177879
177203
169913
142329
87187
140494
174706
169212
85264
181139
166225
118836
169203
177509
148119
179975
181793
167189
120659
157698
180723
85022
117814
148815
171052
63483
120951
179733
115406
182677
162261
155223
178780
95102
144898
115936
129571
125262
182489
182273
129594
52367
146909
181318
173235
90059
177994
130609
33428
183443
181444
171523
89447
54978
166118
182142
53087
175526
141513
159056
130387
130685
118642
169360
131413
163136
179705
110678
135753
162012
179967
170180
183053
146559
52562
183532
139786
144468
181194
41386
150002
177920
93240
123664
163755
66583
49837
171328
170250
164227
134166
165918
177610
62598
93981
21409
59242
95576
173883
123688
181866
49083
181315
183871
177187
41939
96758
26801
129870
180714
162615
184364
153588
39471
172070
184332
181179
152503
20629
154641
166764
156414
182717
157454
178780
-1
130716
117482
134962
179664
64502
101225
107674
173566
179153
92931
27041
176934
79097
181041
184889
160267
173335
175952
119350
183785
184360
176311
183882
181271
185242
176338
153365
138111
167208
185773
183957
175408
162594
140852
177284
168768
180541
184956
180433
175615
170691
165907
107506
63539
132944
153565
175891
169778
110460
164636
140369
91517
181615
155268
50508
179055
176137
184251
180822
182831
132618
105496
77009
76396
83255
146986
159851
87813
160578
32624
134897
182946
182802
183969
186121
150062
29721
100928
170206
180253
186838
119184
137016
110454
183998
179038
174646
187497
186884
187924
187487
115491
166389
163478
186835
83514
6569
162426
178381
132102
7290
186692
41159
17706
185513
134130
52997
107707
73314
181547
173756
176135
6291
179877
162958
181149
161218
100430
186010
140299
175739
80120
103020
160751
151444
186801
184824
6435
123201
140357
186485
165837
176348
154726
117413
131312
58663
186529
40558
51568
76247
155917
188121
171829
160225
186810
166492
160612
139101
169013
186261
160340
142282
117322
166734
89520
77933
168164
183586
181570
165214
165443
101934
46633
135726
168929
183410
165440
139432
159532
184740
176002
168559
188201
179713
172956
55694
184366
167204
89363
181554
104374
140904
160541
26224
188018
128258
167084
151582
187772
184180
189062
159438
112765
190289
185100
87841
149913
32740
185274
178330
32949
188741
183765
190205
44624
190847
164092
178450
176709
123355
190944
149482
127069
190349
108945
134713
179077
178186
155110
162587
110838
95278
10240
2761
159510
188418
191471
189913
191087
134618
190556
169235
54587
153636
191897
174309
179410
191765
189031
90853
95024
124183
189048
176321
161717
192476
147768
190070
104168
167590
189405
191403
20202
133938
14561
88617
98444
97129
114481
183789
152242
192538
179865
93379
115955
190807
138056
191752
187733
111751
25312
193092
90217
67877
187614
162749
189712
129323
191729
190263
36723
189867
187571
137935
193296
116673
132478
190214
117896
190585
187480
15598
191193
85021
193147
140262
168274
160335
186228
170213
165766
190031
152875
177822
165830
150820
128737
193161
174113
157048
181844
55456
184741
189996
164067
192166
91991
182324
189134
185223
129277
170989
79995
144325
194041
127933
179541
192232
186121
193280
192711
27955
114899
193672
79790
192686
186444
77580
-1
172920
149196
192851
191332
191338
129126
139257
190848
150776
194322
153854
183827
164121
102013
92564
168476
161994
194881
180252
169196
173194
187020
187170
193243
194384
168787
36383
192130
143503
128996
45638
169308
194077
181724
192610
191796
52953
170282
163739
98437
193899
94598
69669
183643
130560
68914
94468
85118
129345
145545
190198
40317
184993
10799
194250
184270
99644
180176
187840
183524
184066
57746
161299
190918
194859
143265
15780
173451
169857
184837
151709
194352
8014
113230
156745
194582
126483
153857
186849
156915
160445
186264
96906
152794
80810
85142
187351
94123
163674
91274
170990
115397
156896
164464
64617
127582
190793
84289
55647
196922
118999
116827
117585
195259
-1
196143
130036
185609
74798
194072
141614
194068
188949
122657
191673
162519
195953
132423
197711
179207
170320
196125
149762
195577
191949
145735
187328
196327
157045
166043
184853
94190
197899
197022
69582
196019
184639
165437
195830
84599
187522
155478
176250
198201
196064
164046
147908
197068
77824
158043
196281
101458
197894
170921
170923
162013
192967
147075
197792
145050
114340
166422
192964
194823
195495
171682
184976
195282
196890
162248
198507
185738
144086
71700
147112
151488
87168
55930
169686
100947
177860
96240
198839
193529
116473
176073
197647
127806
73756
198995
88719
132598
110337
70137
111621
146373
197693
124818
195614
199443
42228
117578
167182
28519
104807
86386
197724
194745
78537
199945
197874
141541
147305
188531
200025
33396
25544
199042
132360
187300
191750
161777
197855
63398
149361
167456
148438
198986
197686
200012
-1
163435
200002
165923
173328
59580
90201
150999
128180
189613
143210
198894
201028
198879
190976
136632
147756
156667
171550
149028
194933
115427
182412
150510
82783
186620
80320
184133
199893
82188
169536
28977
195838
200005
44101
129846
161788
199054
194758
105621
164758
184351
157374
157036
164654
97055
201529
199763
199634
169437
190139
179694
199910
145888
33585
202027
189322
63048
145883
187905
89810
133271
200296
185102
149893
172538
188282
81830
104718
121451
90109
184887
145476
149868
171689
168640
199784
114437
198318
168707
126075
201886
116651
96207
169042
163742
115402
189751
202272
89723
199642
178914
201308
127452
161230
199798
187316
89408
190004
171605
192888
135559
78932
163295
197324
202165
172381
101615
74997
191762
110462
70252
200174
175941
198068
94399
77390
163439
163804
138113
171073
106796
203476
90142
198400
160978
107217
198556
201180
201285
190740
184083
76079
119292
156342
161814
203828
139215
202140
117190
170421
203459
49944
10392
55828
178126
100361
203194
189559
150034
130097
158661
40197
175595
190989
202042
150173
202208
170247
109697
193499
149729
189227
119545
144386
192415
35274
169024
156528
204295
199221
202810
200963
129396
198129
149253
190683
157544
199375
124140
145529
203504
203445
29440
145171
204481
186849
190800
67569
195298
203112
179974
61465
192001
172809
169545
202401
203519
115584
184944
183008
106439
205191
204719
199773
194517
148945
185419
205759
88850
8911
117316
57198
130309
204950
56338
175676
100046
191160
199266
193870
120744
193292
59696
168367
155640
160237
203676
88010
103341
174363
191780
145468
101990
10201
145293
85433
194760
193641
155730
178909
186600
145436
206538
169870
199527
138180
101660
204807
179621
176324
205038
206369
200957
172795
135583
198186
161816
206044
116945
153517
165594
204723
36328
22615
161746
194412
90281
201417
130370
203685
194668
106922
196348
45790
89365
150310
204456
167376
100115
194864
182916
191090
99297
176299
173078
194429
205867
189808
139788
170053
191967
185323
6728
195471
108822
93858
207312
200442
119852
70095
205508
137037
133064
88081
135435
199855
153481
162185
159652
138390
205771
200667
105560
194457
193063
36837
100424
206445
134177
170729
189197
171847
195763
148627
206448
162559
52697
194898
128868
208670
130568
170314
198589
208632
169151
178101
79343
205940
207170
165945
135886
152586
82104
206530
207227
202577
197691
194480
13382
206497
97462
157017
190809
207613
3367
146582
186369
118257
203686
169474
208394
197470
209705
43187
208477
75532
156721
207776
134310
162146
191291
51445
150627
30113
193775
164466
198206
204623
197488
59444
211008
145512
208923
131036
115458
210091
175722
99635
174208
208049
198206
159069
107787
204840
162106
197414
186171
104850
209066
209837
129566
147486
210180
197645
126123
196217
157642
61846
210566
209212
211359
176029
118455
178606
10498
62361
198703
194354
168226
74953
82569
137693
198755
166364
121734
203094
209760
208758
155379
128343
194140
133853
181682
140426
81901
183283
179251
209507
180752
185807
194030
209374
212649
191441
161093
146213
200616
70361
192304
130423
199544
168087
194219
52084
206465
70737
201259
210652
50743
213132
158607
211042
205078
213212
160639
158537
212363
194676
169426
174607
209284
172393
180278
209667
166752
208294
112700
141082
104958
212912
59973
211302
208366
167847
65321
150573
207242
145284
199924
211463
185596
184057
204399
100533
58112
212806
95374
190942
212734
115016
62980
211242
145636
159198
181107
166356
132218
156892
213880
177114
212985
212792
206994
183246
212312
213525
212396
186981
151038
201450
193041
211418
206467
100701
122785
199489
180876
211264
211142
157951
164019
211890
206436
179069
212570
52174
67763
149567
101866
211104
178916
117035
90636
208860
213775
211915
100988
161121
203252
157655
181412
213345
211556
204586
200080
213296
156581
128632
214433
35264
123187
211584
198049
205161
99423
214921
173134
177795
215432
215718
201272
213491
114425
190473
213625
102123
202062
130429
204235
125497
212263
137937
205033
146583
212151
202794
113200
180238
187504
113014
58748
215270
98425
119994
168011
201247
214729
111670
138029
132848
216215
212961
193862
210815
96800
121436
195284
178068
213130
169337
203707
200641
189699
192839
134905
213444
158934
215678
206976
197732
211838
198770
137003
87404
203903
149135
87058
134147
14663
144805
201392
215262
194450
207337
64406
126953
47039
91378
108935
208930
202688
189145
214840
81204
176782
185377
214088
211941
189360
217684
61987
79100
129780
205846
204259
161203
87397
127836
98050
210153
198959
148374
175812
182436
182582
126729
201935
127316
196315
168695
163891
165553
216891
217552
108224
200891
58784
113394
218964
38154
213829
177914
106242
204571
173765
51562
137432
152054
131257
216748
176586
102610
215600
212762
215999
206536
118286
154917
6841
97198
212540
218472
219017
49054
207600
186349
188682
215716
216726
140370
209968
104742
219310
196944
216216
214001
191013
136571
165857
105036
215964
200714
60079
131324
200402
128933
217107
8893
204927
185803
46242
166074
206997
87924
132406
41197
83617
61902
184419
165005
187569
214023
53112
218526
192262
157286
32946
201651
217146
216887
125121
209317
216482
101457
206749
217459
183719
189624
212749
220479
220033
207946
134711
218980
220120
217377
164749
219714
3635
217978
219895
98491
211914
218992
192771
215232
207991
186964
130274
217347
122289
195159
217178
130915
160971
187688
219579
196563
151618
66492
199635
207441
212481
77042
128151
222029
106479
205754
150235
203050
192037
218046
86334
158550
185509
46112
198736
220040
133906
219854
126438
146324
198340
169951
156048
205713
218510
185472
220128
219458
218697
217184
216273
208951
101068
216339
161634
150327
27293
208542
87717
153198
219724
208400
-1
209416
207642
82389
168704
206600
209607
216754
168442
66496
222232
198813
130969
162318
211146
220572
106633
220321
176740
218450
222377
220625
219955
167664
222654
32302
112853
220495
220691
219980
210502
137318
212429
209492
209615
196172
139361
133020
222646
222655
222219
204877
223055
218830
220411
183977
221697
111633
223214
49403
218612
221523
209558
156035
157659
105457
223260
216044
73005
212207
79465
207837
134483
63679
218333
221967
170937
221842
114078
220238
220740
185184
181677
209130
50109
193071
137264
43256
170605
205499
210968
222691
213465
218147
224552
210766
224243
175110
195066
222204
112741
7392
157888
163553
222838
211888
131858
222846
191368
195632
140828
211453
91365
224649
76950
222282
192612
225317
223401
223568
131600
166166
74663
182591
213286
158573
39245
168510
179075
224095
52305
193538
157284
211936
122206
190490
33909
107031
181848
109901
224613
219790
225506
221651
121411
214756
141476
213115
223313
195329
211538
110477
220869
224496
223595
104010
176059
212865
63718
86339
226123
145159
219045
147470
226576
214961
213403
211923
116585
226876
210795
146161
224437
160702
219320
54572
155348
78291
132670
186865
212135
99269
215310
121089
92260
225474
180827
197176
128906
198341
213136
180238
225293
227319
206427
154771
213161
223881
207632
192038
186304
168032
224373
220848
220867
175265
103439
31863
208710
201671
226612
213952
41882
173390
182602
202146
209655
212928
144513
224767
166315
166590
190133
104116
162314
66207
126070
79080
191245
43480
207859
7822
75265
223841
213572
101435
220351
71128
225503
223642
201686
178731
187383
133816
221794
135112
187674
155429
111056
175865
156977
181544
134762
183997
98114
183973
215114
220363
162967
222425
204856
202597
88757
227882
158348
59440
217039
76805
216389
226683
210257
226238
148914
214334
215647
198471
212497
137654
67124
223211
191527
226899
226750
228332
215153
130772
217606
226707
197438
195751
226082
208586
193332
228991
227974
221877
198341
222397
198847
214458
111250
170801
136027
151437
134339
132771
192369
209413
225273
212344
144250
227525
179053
229492
227639
187304
217430
230213
205819
225542
201010
154083
229893
194725
95252
223441
94836
228627
214424
60791
228566
195595
223959
156726
227868
178740
186918
94104
227929
226976
173528
201565
229189
164633
203884
230121
170341
207688
124949
230081
228457
230353
132907
42964
162499
198903
214674
134795
205178
161976
226538
77014
230334
47528
226859
81742
229396
205603
134301
47382
213491
227087
218210
217982
101839
218455
223939
222476
229076
225831
162370
221607
228854
150292
163005
231280
196576
150490
196679
73049
161873
229998
87047
229025
110834
15654
35597
203636
230252
232023
34521
203924
226335
227785
52647
232012
219104
215474
147034
96505
55623
119548
232459
229216
108641
160681
226102
219735
127428
228455
229787
193480
159029
228284
164383
137828
226284
199936
213487
126439
202673
224969
195687
231974
165177
185411
218388
198334
135237
211871
137822
230625
151684
111663
157850
141884
188105
105616
140341
231911
190129
158965
231195
231718
197825
215845
220166
127956
231448
226439
212594
137928
228361
211285
66283
72734
133682
214669
232119
232148
109591
227363
226106
230453
231800
136459
206824
231590
39636
233656
230135
230837
232534
212725
15839
148755
116579
232207
231877
193831
144100
232951
189068
233008
207484
198401
143428
225454
94587
147986
225708
81420
233950
27797
221022
158697
127407
232498
73432
26138
229819
176553
220708
212118
232450
176473
234182
204189
203711
101771
208664
151046
68984
63864
162638
235122
234273
235272
128597
142327
226163
166336
221807
233454
100872
236154
228441
199716
198565
230457
232274
234063
216553
175626
77939
27982
113450
205523
228130
136822
235239
214871
232070
230380
56846
226495
227105
232754
157835
131564
133049
235299
103054
111458
217160
24704
142488
232874
185427
235914
41425
188895
140417
180719
234221
233485
7840
148047
33327
62916
223212
101208
80806
236559
-1
48126
235840
105479
217034
220777
235858
209237
65841
185195
169317
221107
236550
226248
237885
119065
235238
190583
102370
163302
235043
182645
146082
223875
28116
38854
224846
158150
52778
201149
156983
16956
225730
115402
221861
232299
98311
187241
237212
238229
150373
238159
176827
219737
235099
128448
141844
176861
214924
236786
201517
205729
181065
228226
199526
232980
154550
116489
125357
25410
226423
235850
200101
232322
4273
186395
171695
193812
71455
99911
111636
238449
116572
190406
143671
222783
235611
232333
232538
107421
80883
156284
139249
238473
136910
98136
206918
206454
233403
219532
191986
238708
140582
194944
92865
238713
237359
194240
128664
233197
173065
48776
98078
166993
220222
236907
165554
224912
165563
42731
101019
131908
240022
118455
237706
59121
187513
235012
139785
32830
202869
227080
90079
220165
137623
197974
152967
236763
109271
14591
226270
240690
139366
76694
40682
226086
226637
238483
191803
182384
240659
127859
175472
155750
179146
237966
201129
238708
85843
235252
240708
220079
124539
178922
117971
241140
124174
239202
224879
107125
147674
230742
213622
79399
125933
240150
237546
196502
236618
236777
182626
240671
236299
203943
211939
192045
225581
189261
195138
223781
192702
162208
202776
240078
149451
237464
55023
227901
184225
158195
140638
184785
208473
161087
130301
232336
194198
123986
240447
162556
227151
241565
242209
125538
234558
196448
108137
13433
112277
226182
206869
114521
227969
185972
240899
199588
237696
222451
199017
91501
241715
22711
63172
210099
230374
221127
239812
165636
18439
231778
127911
29216
237342
205773
216153
210212
94783
237697
211457
228988
242928
112184
97468
18599
239042
225673
125424
106612
242747
29243
50797
206941
241139
242070
232006
202574
134008
10972
242236
228933
241875
229269
203444
135309
183108
170687
139664
181018
241911
185015
230317
222212
197381
244052
230256
241512
157841
236688
241368
232935
241692
223443
191907
156651
205606
192817
129575
9112
169525
242119
196425
184444
243582
170113
224064
242094
242304
211759
244851
230831
223735
140838
234836
243878
245105
148007
243996
219890
207030
241362
230188
146179
169585
198155
114761
119368
244207
243311
9495
182259
72972
142899
166393
115373
230329
221097
228102
192722
213159
233972
197234
224603
119468
118769
75906
242746
130573
225717
221130
180397
140684
47651
173042
148164
14759
230060
87209
199665
165690
195031
61865
236341
195481
20542
170899
200033
209178
86267
244835
243621
243143
243548
239274
242987
200293
243738
207696
204184
207696
138907
227571
193999
244659
194443
161856
244215
16125
24591
244245
119846
229994
100481
243012
195116
221637
208616
133379
26561
141563
198164
83573
143962
128048
228537
142132
240476
235189
243380
184902
232916
215422
154082
228106
245600
243206
246417
139193
244567
104530
174094
243504
243644
246692
240940
104700
245624
232699
242067
187143
191304
239733
230485
203919
199274
212160
200457
211633
34820
196967
90941
55401
220793
193799
52374
170158
247280
123275
238617
131883
-1
43593
192540
156503
197478
231064
186859
247104
107438
167810
231699
243140
192622
246154
154432
120431
247912
150223
196763
115364
226696
102907
166615
248524
242042
166948
231359
230045
249151
234681
155695
197902
244487
213520
246336
184907
128207
164959
244220
246613
247540
245222
159883
245759
242831
200468
115517
243666
112602
238080
66749
213724
82663
225841
237603
83411
110363
227332
243579
246957
142090
65539
72814
101577
236319
249518
220744
19429
247796
249764
178434
171798
115229
167129
193130
153958
243010
214201
118427
21691
198416
165117
246166
81650
160150
160092
249967
237161
247824
193564
230241
160927
226162
139794
248290
187659
247532
214723
174828
161196
225091
139624
246612
138732
180285
249580
247221
240396
7424
216830
136710
245055
238136
187161
147960
200745
244110
226453
197748
182977
250976
249299
248538
145968
177786
249274
238462
52959
188406
172980
233946
230468
248321
161060
40646
234050
158671
221054
251831
238338
183269
249922
154779
209412
197085
234097
245929
153204
145089
172291
159071
199774
166804
188866
91656
157206
244581
246010
246149
204806
87690
246586
212993
205209
159493
246275
217222
249157
247916
249040
190191
239626
191681
188321
185945
252229
140911
251255
164278
169230
178352
248081
244067
247126
95229
249742
15488
124179
252745
191993
251828
248475
47273
132339
75221
198309
187303
247562
252401
252060
250214
239306
164155
233599
250604
239515
112632
242179
174136
166609
163579
252419
171239
216775
188587
254584
253672
248454
110462
162343
204048
10769
179567
249461
185188
145937
90090
252863
220752
255084
80777
254889
64439
8670
203568
150528
252832
37445
242706
213134
253861
155066
157662
130140
138971
123870
245620
253723
237273
188177
85815
255153
68038
180149
21465
114683
219528
252189
159620
72514
253168
80333
224492
131797
215824
103699
176508
166679
233377
250225
118173
113895
175984
209732
252442
200595
255704
141507
253673
252675
225961
242192
255113
215088
199338
222452
236215
254966
246660
242477
80391
189420
222082
254323
223256
250867
217030
254427
123590
218619
252799
255759
246869
224671
252364
253569
234599
256267
228362
251800
255793
216401
257216
254181
256735
128902
216197
255724
211751
254457
149513
237779
179018
204062
104378
255401
107783
174435
247720
231198
183148
256603
194443
242041
246308
220728
250709
243707
252702
244587
236912
255635
232400
209027
158640
211784
209245
79225
186536
165009
254807
203135
103388
80223
255585
31600
167332
103966
172877
258803
190973
103176
245358
232165
60629
256941
181697
14853
123850
122470
182506
214741
131682
215404
150054
-1
189869
224831
205393
179782
20685
48465
128171
131519
231185
120170
167945
229793
185762
256563
123641
252512
213900
249428
166468
258403
241265
128628
111466
82710
166171
237796
157770
156394
97041
254207
147875
167143
47137
53220
257083
109177
95578
173435
109246
237085
147853
256134
126989
248057
-1
228073
250129
243948
257426
258515
257890
43686
232586
256555
169161
258124
154983
243376
239246
174127
248463
257219
258068
212996
140307
249654
258334
253024
156991
259984
190124
258692
259204
233838
260178
254557
259599
148548
228606
228059
254232
51990
148743
119709
134491
260377
194641
67634
256965
65404
54504
166874
136193
215375
157811
258414
235746
258238
252987
255987
112019
261047
222241
211235
228464
81413
224688
184659
119983
189192
233750
175566
220122
259701
259434
164935
232636
152189
260092
183914
68630
169611
258283
252593
239240
257683
262132
246920
113260
259183
260264
240334
261607
249314
248683
184912
261469
183024
251133
212900
109722
258783
38492
221045
245415
82662
212850
260105
183937
176161
149791
261934
233077
262238
228026
261542
257926
94985
245741
224245
50041
260176
129159
260339
142152
205567
240597
249558
104714
99643
259139
204975
256559
258773
143073
221683
262545
101360
213205
195705
15130
121944
263631
242483
238106
156426
237544
248407
238545
205779
38149
263673
264675
186398
213430
208322
161028
82631
220185
87910
249392
228800
199840
96198
225471
248791
229450
131496
231860
262771
106921
138945
41360
144970
204700
264969
227526
262880
58438
264756
263012
245194
259002
264707
260429
194926
95024
222688
251629
121641
255000
95104
233695
67924
262498
264748
242020
77001
255710
258864
243267
161462
242869
170436
183365
252903
187113
262797
208989
129532
238779
167334
259490
177664
80699
242412
174518
209834
264578
15224
146282
265606
261590
244061
182017
230539
30017
254092
233112
183840
266500
216413
266084
230108
261026
242433
252109
265102
263122
261147
158142
252616
130574
246844
255252
250433
233305
264487
209839
183481
263888
264688
158678
262398
213197
252935
237208
167561
260712
265790
239292
192082
12504
263103
245542
129932
265315
156631
255715
100407
215288
141571
122807
260979
128571
149323
196678
267454
261981
216661
205024
166596
91015
221036
178573
259489
224391
265439
235105
117960
116938
265312
265582
254299
124765
179699
125982
259001
265826
245692
214368
263184
170399
179975
172980
223678
263769
107319
267072
245161
221415
263585
260655
268422
138230
190000
265087
266713
180411
112474
191148
207278
186118
200592
267172
155105
254924
76869
268532
219153
258466
268488
268629
240942
254863
141601
140735
267121
166361
246411
208381
265877
222622
226623
246955
269526
192824
267922
225976
233572
197631
252344
267486
238324
268406
230509
149260
266739
243356
263562
252094
208657
120681
258934
185334
246644
90068
179831
262976
78857
131528
250114
91439
216024
156405
197945
129165
181048
129773
270131
88373
165016
269154
257032
106491
260347
269020
266991
211782
268326
259504
21633
157097
222812
224010
208221
270757
271531
233157
244282
270046
270397
152297
267923
40469
243605
124628
189599
108603
180710
168016
88793
268011
253275
268317
269880
268498
269528
131562
271989
270333
271663
80987
267158
215944
90271
271788
213544
257075
252708
264954
208697
208862
270515
256600
271049
162780
269177
273242
120804
165553
272448
191113
172504
270448
214816
36526
129910
16937
91060
272884
135334
129903
129399
268155
145820
212483
15702
245443
209617
217639
258347
253439
271499
205028
206495
190564
270316
137707
273950
222327
170896
253855
211089
197790
130307
255597
117708
272603
236257
266408
268237
259561
249206
271286
90100
242969
273941
273217
268179
259900
270461
247945
265967
273160
270955
272775
212972
263497
273265
266496
137518
269536
270174
271925
272664
122022
268508
149259
271317
268422
220644
269367
168004
228433
273787
273917
230597
225041
116350
221280
93139
273354
240161
274158
236235
275131
68670
263620
99770
272691
159808
102939
263514
77458
273022
148575
246700
117045
274372
274756
241236
232289
152517
142311
263240
84871
274949
273557
275002
227656
262723
251289
49227
262405
274484
68304
274936
122454
244941
212666
206999
238742
145232
174227
274474
271123
246196
274579
275690
162420
271743
248489
270143
177793
119153
152426
275573
262572
193438
273915
207904
274224
255083
262302
159879
274326
239180
261419
69137
251700
161330
49837
230433
196642
272873
169775
231058
229076
228985
196319
196005
203320
235406
36081
225488
274003
144613
232305
263900
161298
209706
277919
108310
231456
143538
246737
254469
233028
37814
170850
274428
274321
227781
277181
276328
275196
213152
121067
277009
273554
232833
277541
140686
277268
211022
273745
223742
42627
215080
264093
236243
263137
277901
201025
226874
230790
200103
82648
215600
79105
277765
250394
141361
278613
145529
235780
264882
278373
215388
275442
263273
181496
245468
243547
217416
115770
255922
219908
44106
279693
278025
196031
165372
276395
126242
280241
197006
278583
276979
259998
132574
273921
129210
74838
274384
128517
250486
278764
197013
22530
276383
264023
279152
225473
35521
279147
278379
277568
278727
271896
236299
277477
274511
277641
277930
242392
275540
257179
228108
73517
218807
261222
265168
249528
162761
151607
232156
249065
204369
278437
155636
278487
243331
279519
276924
230770
188494
275920
279587
278234
239637
121902
194289
55373
216069
279719
72360
89994
156882
272595
269903
277898
135012
277615
261762
251118
279866
75257
264029
232971
280347
261562
170898
275783
231397
150674
191131
271732
169640
175751
190023
281051
50610
280587
168771
268500
274735
148151
275057
282292
139335
101244
262395
213481
177496
267324
126616
80098
205180
129679
219004
263681
230564
282790
102354
144086
277037
278306
281408
218747
171138
209426
153219
238790
226606
224559
275167
282200
172451
142398
182149
176321
273420
160498
87178
228383
43626
281088
96015
183388
242925
76948
282281
68950
86717
164936
266929
278072
281232
132602
94867
84105
187076
282333
240393
71372
175447
236905
180858
227247
251884
229175
21335
258222
83838
279571
260587
162988
181439
283903
227296
233472
262439
235158
277694
86913
196605
234213
242222
114459
282327
261999
272836
284556
281973
243975
260762
206972
130182
272091
132996
275959
283656
51700
24171
178027
257550
246492
169924
51799
135256
280931
282740
47345
259638
165657
285576
237587
156765
241962
282033
282251
101534
241213
140460
227253
224679
283860
26768
249194
187298
271566
220587
270682
262799
202488
68049
273307
154875
153066
117411
253274
132105
100638
135971
284010
193746
283923
244705
231194
285334
243610
198977
247679
208010
164751
54515
241760
284130
78108
76330
171660
204048
200229
119519
137021
120263
104676
215079
284159
189968
78616
153756
195579
199265
169429
87603
-1
186201
283039
125994
230840
79862
284140
222428
174937
99089
284291
283133
238569
260968
256041
191213
285968
285477
59939
277430
101567
282608
206506
281666
230427
285351
283377
285815
53475
249198
271664
69182
261581
287702
285495
208886
285372
284033
280430
279787
106399
286098
49501
121811
187112
262459
284741
159626
259233
284688
155413
271698
128090
142581
8607
279796
129716
280970
57313
145986
210132
286220
-1
144455
279272
239516
265709
245935
272953
151185
257258
215556
278012
287662
82509
270381
203907
8959
182504
212192
287347
124082
99615
151478
286609
287861
283014
247996
285570
65447
224970
105890
272235
283214
265783
284807
249663
287405
167387
235212
204377
263084
242901
272340
286920
283421
185582
146394
198090
134320
205181
289623
150543
54374
288504
141483
260349
217445
266116
258276
160186
196970
260050
248839
267646
285830
287338
272168
250085
201474
264693
244997
276114
211592
209709
89513
287244
199018
151540
98629
289685
77754
289162
287458
269466
281427
285761
134333
287907
61588
288217
162114
226089
225988
231349
290602
271541
155102
240488
287369
112117
249391
54312
281423
252753
274980
284374
267033
283652
275516
228657
288837
196647
278857
31082
196833
214464
234882
254242
114990
283540
288465
265966
204727
289333
289613
168375
68998
133867
58869
289747
281286
235366
204473
273263
289154
283445
289364
253517
146820
201476
99972
273803
253417
176203
169048
234871
165506
114276
224199
273860
289553
274054
274004
277298
205452
221907
153358
252750
254953
40665
144182
242177
278920
243884
103376
280552
263490
286549
150881
218225
292345
291136
48960
272964
32017
284178
274325
292504
61533
292746
288868
290481
278398
224029
253344
286008
99807
288753
64109
290415
274272
253239
183392
292204
229647
290717
289021
286640
75974
287976
222537
262345
106893
237460
134610
167998
267978
221404
283185
291599
175110
286064
232270
291719
292313
39907
266573
188118
132852
163325
292622
118130
140148
280781
240069
279394
194444
255561
202287
30351
248263
260113
155168
163147
210019
213180
65385
84188
214052
207441
291443
276813
291330
240953
79785
292155
219712
292574
200368
293314
256359
47971
284003
206978
238252
122002
294223
257009
293835
32620
287976
29418
172346
162769
84732
294879
239456
130404
230341
112008
93645
289476
246373
281848
169135
287254
207087
170045
292429
117071
134280
195411
176198
206450
294520
221520
215090
139023
169512
250017
60994
63019
231931
167307
139657
164870
163974
283701
184496
86304
254579
295876
279387
213580
264218
107678
238244
294776
280243
156198
85397
267036
72619
252698
282103
131306
72272
228036
270236
280896
186993
280717
248316
270554
96723
211932
257991
292767
256579
151834
266411
282849
221670
270899
254977
195165
290230
296755
173767
80768
235851
297656
138756
291448
144058
197949
213491
195823
190900
293278
294224
81512
217714
267728
243401
283941
282301
191002
160264
282817
295112
295793
229591
293644
140609
253495
189425
163948
295538
195061
254374
225835
293630
256239
166218
232702
288175
220939
278125
298096
286830
296001
296442
121589
39039
255079
252303
101060
7302
298287
299573
268316
296296
297314
175348
294998
93975
209275
287359
144149
196350
289281
182862
49340
172169
297011
284707
118340
291555
196533
194641
291080
295300
173304
283516
284581
254704
220156
298082
290628
282828
297972
232692
294855
293245
200721
298644
295748
183240
150559
281496
299701
288555
299995
293509
282969
176148
286505
250876
298405
282094
299059
296516
208455
300534
152528
258731
43694
299625
170257
51286
108831
179873
256126
300043
289669
275186
270107
176509
43684
193848
204615
300806
267579
292134
298953
299484
298744
221130
299568
218406
212104
238338
161082
269084
175631
212071
297641
299804
293424
193393
183726
195745
287986
94440
283307
300912
103885
261505
302358
163357
226262
249739
194065
296362
263650
249269
131669
184645
190245
111671
301128
299395
301085
180505
301076
158686
287421
236099
158286
289444
167349
191572
65745
236814
164060
87822
226625
118375
281513
299645
281628
260817
276034
301449
293891
300419
85412
23045
116958
289745
302955
300582
66107
182751
296255
64684
82672
302679
299086
154053
292733
294655
303402
264718
161752
216085
95159
301994
286029
189886
300752
299799
245447
285584
264928
65949
299471
126037
100950
303627
285424
304675
286995
285255
89297
149461
268326
302835
230980
122616
277578
137914
236484
236775
185477
302859
294438
237640
301979
298526
300249
125767
293530
303903
298792
247185
216929
225216
297301
62204
144283
205700
104489
290480
304509
88553
195621
296710
286157
263684
302820
264525
302505
181986
267741
23978
278178
241217
302143
76493
205956
305165
304034
286071
234629
302828
72739
246071
272425
227615
150396
68009
125932
282955
77954
265336
260365
302602
279469
271629
271742
304738
304977
305790
204956
206348
213776
248798
303689
203102
231498
297494
270313
303350
178669
294353
290079
278972
244946
67714
303613
136688
176208
301357
222568
125444
303670
304302
287546
303266
279613
162391
39329
212363
109365
117996
299240
280655
304231
299846
297276
238273
278727
303491
286827
138853
195173
192847
140762
229687
290843
79433
305521
252715
248140
297373
179749
305819
257247
287425
59752
304431
307331
284097
220834
304814
42736
211850
207829
144724
238003
239246
305938
305544
227470
300440
152364
305142
200531
290514
81563
282828
141083
215283
202457
303321
95224
250284
246994
276697
281648
292075
289864
293406
306043
128169
182345
107953
306897
205969
209322
240700
195285
154467
262645
253653
144239
28746
215930
253312
140650
290208
231128
161208
142384
306326
135513
296919
292086
20279
290501
306932
86290
306943
308493
290654
178112
12355
28345
306883
307785
276341
301161
260621
300501
290589
176954
299996
177458
188910
178049
290416
231087
263161
244154
301432
294093
307649
183390
73782
222224
181977
304179
308886
306946
231491
244216
186333
283441
290410
310779
131063
160555
189315
276187
271460
304859
219568
191835
-1
221302
224762
249066
306113
247626
294145
38271
302161
240952
303913
223838
305989
172470
309307
246793
228631
242254
269888
300867
310458
217073
6762
148830
272997
308209
235592
214389
311694
303979
300572
285838
225052
118948
306852
252882
278261
133188
190121
73855
98975
236238
290698
309430
269681
207053
217790
142625
299999
184527
246465
125665
299851
303821
272318
236318
96656
270518
289969
308637
76623
290132
235927
139362
132353
159356
289198
307492
306811
234113
300734
309990
207059
258038
137030
118697
307876
305507
308027
296597
202327
293017
198505
75534
210529
127860
154484
101897
135040
174576
307828
210834
279335
301775
291204
286075
311062
313527
224525
249041
177851
311017
-1
278976
287394
197644
169532
294032
269897
305447
305630
253091
67647
311793
313291
311238
294562
213847
287153
306883
259018
241415
287581
252826
313792
80462
307529
307110
306814
312626
208466
289390
71777
221887
274504
286394
69718
246839
207303
315622
312605
315258
275222
216235
296693
123270
223845
153015
314845
214043
315697
24536
283617
313263
115455
314072
283641
113303
244678
224053
132194
240058
301993
273066
307217
280617
246166
297107
104311
291624
219687
33588
260776
25406
110091
313397
260722
117263
186710
189923
88762
103663
249465
248446
285374
163788
285964
125387
304968
277619
310072
310085
95079
137758
314518
313025
289683
303824
311692
316704
313848
176149
280564
313712
131868
249081
33135
317010
313145
170868
315660
289430
47016
238689
286935
297441
314445
314533
315540
314493
297141
248270
310504
252085
297268
311939
131918
160037
316761
271483
314042
64650
301894
315899
138573
279709
239503
316798
304847
305063
37558
296228
306756
312841
145372
253758
303155
298163
167488
313106
148333
296400
219385
301600
318839
250293
317945
315655
104720
317201
131861
290943
248808
284122
143773
241379
280963
131318
316427
216948
314185
288124
263525
104190
123410
155888
255161
29659
53014
274505
27284
92509
285791
137788
209516
202001
313878
264638
86196
217198
65048
301074
316611
319129
304344
300124
108760
128392
73349
97794
194759
122562
270381
221100
307487
277030
292257
81554
318684
230431
316804
50439
311959
309907
142213
284997
226028
135461
174999
70874
164317
145746
89685
139749
85261
221180
316249
167155
134343
227325
163988
308065
291700
298807
311552
239833
301295
311788
316041
93721
318465
210344
105759
299460
314695
296100
279235
156254
305904
320077
315499
106462
171565
232017
85587
271970
142857
322392
316773
46861
297841
237432
111446
287635
227666
268945
137508
318147
259652
62789
162620
313580
109515
112505
226065
186349
302267
94066
319459
322450
87072
264948
323064
262172
295721
309781
301916
319849
147419
313307
253227
149748
281387
317156
321335
321557
183031
315713
286868
209986
197593
141748
320530
236119
193906
152687
109543
307066
307122
249554
311378
130365
111456
141617
5624
83499
227531
323483
301203
144639
313960
170558
323307
193546
311314
243365
305152
323362
105341
133121
320327
178607
318419
228400
304790
321919
115651
20111
304256
228714
97009
205247
230427
305907
233643
320225
294547
244649
184279
320444
231961
319946
278824
297433
163788
320313
322277
316852
212387
253960
321915
259762
286394
134912
103731
285494
239063
158918
275502
146733
145031
307435
321506
283925
115142
231494
311621
243227
322560
25808
311557
309226
325091
283836
79476
132141
190115
306024
301673
254684
293375
156614
290120
320103
325323
278591
90471
322857
271918
106183
325763
320475
296506
73507
294710
317557
143298
46479
322330
321741
319694
305614
319859
320389
284330
175326
224678
315378
209029
97282
322556
241293
322589
304666
275301
186043
272136
274951
184226
261884
121614
135385
200838
315089
280856
312348
293820
26733
316264
322669
321513
294310
260620
216151
321782
290895
234757
110697
165098
326856
218461
304794
322159
298913
308221
273702
124408
322104
236790
118886
298388
324473
208944
302488
324964
135896
323715
199478
318009
235995
319986
324757
309967
189533
240941
17555
298376
322273
325634
222462
276456
323996
160264
159988
53235
325524
219217
325360
309313
325383
325578
326632
325946
310823
189956
309267
321817
318072
306902
181078
