72
19
147
131
7
72
14
80
156
4
407
78
164
363
625
560
768
510
556
429
396
1160
738
1233
1095
871
1363
1335
1428
1434
1288
1401
986
1721
1827
1757
733
625
1517
1848
1429
1229
1510
1555
-1
681
1331
1712
255
1887
1712
2070
360
2068
1518
-1
2145
1296
1593
806
2454
2296
2368
1103
2340
2480
1782
1948
549
2145
1131
1991
1607
1643
1987
2156
1908
2634
-1
2260
2356
2717
2213
2356
2275
2792
2801
1338
1692
3013
3013
1938
2536
265
2326
-1
2810
3074
3199
1766
2109
863
2820
2298
2683
1332
2382
3200
2862
3432
2824
3048
2728
3598
2695
2396
3562
3081
757
1884
2636
3666
3323
3714
2276
3161
3262
3267
4032
3766
4098
3421
4292
3491
3423
3250
3142
3310
654
3748
1626
2155
4455
2708
3343
4520
3593
1079
3705
-1
3693
3539
3774
3671
2581
2006
3740
4497
2042
3737
310
3663
2800
2890
3886
4786
3105
3953
4850
3542
4182
3976
4130
4887
4187
4125
4974
2799
3187
2878
4336
5403
3602
3974
5409
4297
5067
5594
3179
5840
5112
4497
4488
4543
5907
2758
5988
4834
3344
2116
6046
4753
5219
4210
1324
4780
6161
5466
5064
3585
6542
5754
5864
6709
-1
5673
6646
5682
6410
3827
-1
3803
6636
1422
5672
1768
6078
6569
4488
6413
3083
-1
5956
6751
6771
5492
4270
438
3667
6952
5027
5089
2844
5460
5559
6778
5013
3841
7534
-1
7335
7274
6623
-1
5310
6806
7135
5837
6876
5611
5536
6660
5327
6421
6229
7027
6984
7668
5480
4774
7168
7876
7295
665
1785
5736
8077
5518
7664
181
4045
3422
7978
7597
8309
3116
1794
8271
7372
3511
6921
4767
8545
6708
6726
6820
6130
6084
6828
5227
-1
2278
8555
8179
2061
6633
7399
7463
7437
181
8329
6512
8390
3639
8986
6578
2588
8469
2201
7683
8210
7661
8860
8583
4332
8994
2250
4404
9131
8480
8510
8800
-1
6709
5359
6265
6918
5333
6655
8313
-1
9089
7939
8866
9248
5496
8720
9114
8961
8759
6575
8382
2581
7872
8574
5643
7060
9370
6914
6687
6487
4502
6605
9404
9620
2805
9670
8951
9261
2266
-1
5744
9535
9474
3920
4092
8914
8846
7503
8746
5146
9587
9559
7581
9884
5210
9069
9548
9721
5564
9939
9942
5508
9776
1685
9944
6913
2634
-1
-1
6540
6991
10345
8605
10179
9834
9416
9931
9331
6838
