36
279
258
306
229
405
625
749
640
336
731
724
688
767
689
1050
874
652
836
1166
171
1002
1128
929
938
1171
982
1101
1132
963
1112
1168
346
1055
588
220
781
1209
1350
1213
1199
1222
1092
1165
1108
1179
566
1062
785
1257
1475
1151
632
1210
1531
1148
1405
1357
1259
436
1716
1195
1343
1405
1353
1291
1474
1341
1352
1811
1592
1946
2012
1094
2031
1886
1293
1533
1276
1474
1605
220
1468
1752
2178
1406
2344
2424
2258
988
1288
2036
3042
2005
2630
1391
2919
2269
1717
3001
1476
1597
2750
745
1961
3138
3009
2735
694
2796
2239
2265
3546
3516
3143
3525
3068
2902
2374
3072
1746
3555
3213
3297
4123
2595
3977
4037
1008
2927
3886
2765
4587
2468
4064
3367
2895
1280
597
1905
3972
949
2877
3400
1233
3880
3371
2222
2262
4653
3316
4743
2053
2845
4253
2626
3699
1035
1642
3048
3342
3261
2771
1547
2068
2528
4576
1554
1924
2431
3326
1945
3247
2619
3566
3650
2976
1810
4651
4630
3567
5352
2917
3650
2098
4613
3804
1744
3033
3741
4668
1414
3812
4031
4666
3820
3589
4929
3267
3168
1389
3277
4464
4089
3525
5235
6157
4552
826
3351
3202
6401
4600
5939
4962
4566
3285
6469
4913
5235
4615
4603
4797
4862
5868
3629
2900
6068
5478
6176
3672
4427
5265
2902
4592
4174
2616
3584
3178
3958
7014
4784
5339
5605
2947
6951
7
4244
6747
6733
2894
1823
7608
6535
5098
68
7409
6264
3942
6210
6923
7359
4865
5610
1454
2060
7585
6164
5150
7330
7867
6243
8116
4185
5717
5700
3363
6849
6604
5781
6749
7488
5655
7822
6812
5884
3225
8454
5684
6203
7967
7330
3043
7935
6122
6145
6068
6043
4918
6429
8097
6082
6447
6396
4902
4718
5846
4799
2081
6022
5877
1280
2381
7186
8727
6217
2335
6547
5056
5456
217
8235
6269
6522
6290
6736
7280
3785
8340
1696
6109
5369
5591
8847
7469
5353
9484
8599
7702
9327
3884
4394
7683
6262
10211
6878
1249
7526
6353
7684
7407
5616
8280
8106
7790
8406
7378
6504
6751
6452
10248
9039
1368
7383
7445
8583
7232
9160
5896
4102
5514
7629
4538
9796
6438
8155
9086
5465
9517
5646
10397
9059
9225
11004
9890
6211
4807
9246
9656
9917
11286
5082
10257
5981
2196
9055
7192
4266
5909
8409
10922
4511
6602
8943
9880
10739
3289
10573
1875
3684
126
9651
4826
11152
1453
8047
9413
7212
8398
8566
10109
11983
11598
1516
6148
6764
2459
3014
8429
8447
2939
11955
7901
7233
12142
11196
8596
12495
10737
6354
7921
4190
3487
12707
11921
263
9335
7672
11028
3139
10763
9722
7503
9542
2713
5490
4837
9290
12807
8290
8581
10535
5225
9523
3792
3540
10277
8987
13413
11328
6490
11811
10509
3550
10679
7850
12381
10757
11528
3953
5065
10727
6787
11523
11595
8676
13766
8705
8018
3852
13025
12992
12351
10157
6111
13133
7821
12011
10192
11344
10279
10282
7901
10465
10238
3356
5664
3270
13280
8613
7543
4724
9536
10167
13164
5285
11177
13507
11965
9887
8384
14159
9358
10046
14661
11007
12158
12994
11392
7825
2396
11829
12293
789
9640
11203
12284
14494
10355
11299
11395
10394
5115
3810
10340
14412
14938
11536
-1
11874
13882
10607
2899
14462
3859
10112
15965
14471
14196
14194
13094
15848
14046
12734
6620
11131
15298
12540
12184
14493
4189
988
12310
11791
14325
14410
6016
13570
10145
12153
16126
15907
13395
11972
14063
810
9197
4199
15944
2284
13566
13344
4134
3833
7893
14596
16303
15564
12209
14328
15427
6555
12279
16583
15781
14397
9029
5796
16720
6294
14390
9019
7057
10353
12066
15218
15248
15773
15976
13318
14639
5178
12055
12483
15457
5561
14688
16545
12786
13709
13131
16384
6464
12756
14884
11105
12289
3777
17458
14580
7319
7118
17804
15519
11858
15054
14026
12430
16043
432
14262
13875
17141
5505
12306
5034
12443
7056
15294
13541
16027
13370
15903
1348
9597
18495
18130
10692
14352
11286
11496
17509
17789
18230
15510
7938
12234
10096
15134
16483
18222
4810
15706
12058
15967
15853
15795
1903
16795
9683
4988
17647
13524
8827
17755
12086
9592
5344
19478
14960
16569
13282
15941
14579
17721
14624
15586
7613
8478
18904
18280
9969
2196
18076
19164
4334
8682
5078
9097
12963
16641
12948
10181
10327
19460
17059
19152
19182
19065
13733
17505
11748
13378
16014
19579
17458
11170
17181
8081
14902
3818
1026
14503
5020
20090
20248
15288
16812
17357
14520
15237
18065
9125
15795
15394
16328
17882
18663
17859
19007
17751
16414
18330
16560
14567
6014
13496
5570
20532
13988
11471
5064
12534
19081
19594
9383
20213
20531
18222
20208
20765
18218
12611
18099
17969
15393
14409
18377
19790
14424
15938
20402
21583
17253
14367
18399
11795
17241
13292
18965
5018
20790
16903
15230
5715
16106
12641
16826
8713
20040
20358
16996
20740
11916
18667
20707
21500
21069
21733
19164
3361
20918
4867
8505
14865
21686
19169
9391
15388
20295
20497
10022
16669
16357
9378
18336
7547
20079
22133
16234
19832
19450
21654
18515
15367
13820
19525
18801
8080
6295
14666
15218
12589
22203
22294
4929
18102
20668
21793
14169
14358
21087
16096
17294
20700
23488
12300
21642
22015
18738
22084
23231
22158
22254
22425
23069
21547
14842
23542
20458
22309
19610
23606
22409
23214
19570
23425
19737
21487
17195
23226
3246
18701
17764
15163
21067
20402
15115
23893
21453
21484
14981
12158
20709
22911
24135
23061
18605
21480
24012
20262
9702
23419
20951
6210
19325
18988
21070
21908
20863
23361
10622
15845
20975
20584
15147
22193
4120
21540
14690
21216
23430
24265
11137
16476
11140
21929
25100
5563
25080
20418
21857
21907
22686
9716
13692
17220
20051
12737
20387
11852
12408
1647
6442
17387
25391
16663
22521
4325
20152
25376
25636
22562
17685
22703
23194
22209
25303
21783
18032
24689
21031
20568
21687
5555
12673
3252
21833
22884
22593
25100
22843
16435
3604
13273
24696
26583
20606
11346
5665
19349
25836
21610
1411
17135
22854
20855
22781
20901
24117
17087
26386
24062
1335
20994
25774
22099
14578
23622
23718
23157
16113
26829
19426
22160
23412
25905
20223
26344
21898
16500
3498
21674
27360
27319
18132
27486
26629
26279
25225
23540
25421
25931
5337
10943
19649
27684
24236
23594
10079
24405
19741
15928
26868
26846
20739
27995
27454
27045
5182
20553
24336
27937
11031
23881
28054
22267
14073
27141
20732
20975
14815
24445
22938
28314
28487
8132
25904
23643
20825
27201
24871
24523
23046
28788
26534
29288
21842
27605
25263
459
7522
25596
15556
17492
10293
29466
21272
13115
25142
12605
20601
12724
20708
29048
25930
26428
25183
12562
25787
9629
24231
28177
23524
25714
24139
29181
17583
22451
16337
29860
30760
13207
22631
23229
30348
24216
24832
30296
23928
15857
2216
18274
1661
24717
24558
6477
27199
2316
24359
20099
19228
29592
17751
21297
11376
24612
14917
8000
25727
29357
27411
29660
28143
24997
30317
21524
22759
13070
3834
18853
24750
28908
27711
24635
29554
15711
18593
1309
13555
31179
30019
22492
30293
23418
13274
14760
6694
20741
26425
7038
24927
25562
30933
30917
28980
22186
2957
18682
8599
27636
31111
20145
29172
27913
18190
25656
25657
28005
20626
31948
18932
32197
21307
25847
27619
16624
16478
19463
30503
21538
13971
23980
18974
13306
15342
32486
30076
29015
23257
31868
17999
30157
32568
31504
30091
15274
30457
23286
27295
21362
7958
8749
28279
24637
21493
25251
17335
28670
29109
28787
4409
31742
33085
27469
27164
13693
33138
33212
26711
32914
5171
27413
12192
28795
20670
24106
11379
32135
32233
30821
14474
19043
19105
27728
15293
9517
29903
28573
28590
31070
13736
32467
30969
32157
31921
27782
7889
28311
27780
30667
21905
24528
18098
29849
5404
33794
27955
11879
33219
20407
28660
31481
27201
27325
24158
28466
9502
10986
25465
31036
27883
20851
32639
23575
31626
30052
33775
34127
33715
15110
33456
33815
34405
28161
34085
33876
20164
22815
30295
30043
33188
30941
21070
33017
25766
34500
34164
11587
31796
34353
34106
27800
23088
33955
27845
27446
4851
22714
34058
30210
29794
23733
29225
17415
34251
33698
18677
24426
12001
31355
28460
20742
25989
5953
32900
35052
15647
6136
12621
35153
23166
23253
29464
29488
27187
9489
34503
33100
33292
30960
25174
24504
23582
31732
28829
11714
23132
35451
31420
9791
5647
4085
36013
30808
32429
18165
33494
21224
29820
12025
28194
32618
36262
30088
34497
36249
21759
29451
3594
35497
32695
23933
28662
20649
21055
11726
31297
33218
36530
15337
31897
35338
31666
24887
36299
29351
5937
32755
8254
19784
26450
34078
18281
23065
20664
29632
29260
6381
32053
7304
17388
33014
36896
26058
10865
22353
25405
32129
26460
13489
16612
32550
33612
19797
36588
29132
34557
32055
34712
28774
31110
25758
29362
17792
37483
35220
15857
23383
35503
36637
35366
20577
6763
37037
34812
37230
14196
32717
17740
32583
7067
36849
35694
10112
18266
37414
8607
29585
15445
31064
30367
32402
28553
37660
23361
32331
36076
24303
29104
19591
38077
13218
29103
1511
35852
38186
32005
22630
34844
29704
35917
38866
35735
37575
37806
5554
38798
38921
28782
30935
23862
36792
39263
27654
12740
31910
34466
38604
6044
28086
20718
8192
35116
39149
33310
39239
25590
15932
9323
37185
38700
22605
31270
37996
20060
32391
7755
34221
22897
10575
18261
36979
27131
35233
33584
36436
38844
33239
37003
23452
38292
31468
32698
37550
39853
32079
35254
37190
40011
10797
40171
27171
40470
14980
40606
7498
40923
37316
33212
37677
23170
34707
22738
35320
33598
6801
22105
39050
38583
38338
34492
41443
19042
27647
32205
18429
35975
38602
39481
5195
37191
38985
26058
41149
27791
40196
40953
18548
28960
31218
36128
39108
32320
35718
28263
36185
6757
39277
39239
41798
27443
16783
30535
36827
9010
12477
42028
40498
42028
39399
39613
18678
23025
34848
15022
9657
31359
41136
13523
18492
41961
21490
42087
40034
40071
42111
41082
42396
37954
32945
31989
6021
-1
9174
41960
37843
37955
31349
42621
23645
13859
28285
42269
40722
18549
40704
40304
16589
43051
43220
43985
33545
23543
20375
29169
32871
34312
11318
39405
15212
40053
38667
40790
42213
42425
6781
39198
41648
40965
37341
35602
35859
13687
41091
28143
13090
42719
18000
41234
33374
32151
41449
16081
44055
41227
33484
38216
38298
41070
37480
38581
27169
25587
29351
44499
38295
32273
25628
33724
43987
30917
30249
-1
11277
44322
44421
37976
4783
14534
42370
36185
36283
44238
38400
38564
44489
13145
37037
42266
45025
38183
29576
37585
36453
36737
21233
30132
37575
36742
42333
19928
38919
45425
21342
44765
33967
35130
45673
34078
39622
39869
11028
27613
17000
43472
45625
46212
36414
39549
13980
43051
2348
44206
38220
43703
42321
39611
20302
27719
38231
45291
42959
39180
44080
43937
30487
45496
46048
46576
46118
25660
40451
38556
19196
23734
10242
46440
40569
38201
45791
35550
26740
22183
-1
45435
25392
27157
41026
44334
40704
9652
35937
46959
29563
45419
37296
46337
47374
45552
45511
38361
39848
30958
24979
39439
40815
40887
13959
9708
47270
43267
21255
32382
44535
38637
9410
22539
26338
24666
35054
47527
35337
38996
28108
41863
45645
6940
47261
32689
47672
44221
14009
47826
45412
46602
41325
48280
12682
46581
38991
39777
25496
44140
14802
46882
47860
24153
41037
47884
21686
27198
40455
48903
19603
47092
48078
37967
40814
48272
29312
40540
46143
47879
42445
48959
11704
40308
30867
44965
45383
21403
41546
48630
33114
38132
49009
48508
49527
26148
46547
48839
22543
49220
33274
46286
45495
13671
45355
39906
25578
29141
13718
46639
47393
32727
21839
50102
43346
19833
49053
47645
39962
42198
39963
49516
41560
47223
41796
13254
46112
10193
37196
43027
27420
43781
47833
46427
34669
46437
49323
15549
10544
49933
27984
35897
13431
7253
26738
29992
42916
43906
47703
24572
41927
40696
4113
18371
22110
50487
50973
47916
40166
47632
2000
47559
37624
40588
7340
50253
23258
50231
50707
47930
45361
50308
42360
43232
44648
4626
40564
47714
35032
25814
34348
47894
49874
17681
51066
51397
48047
43681
50817
39788
41893
46742
14430
34028
35047
49052
49151
48129
48728
22204
51478
42231
42969
48279
17774
44218
42113
48022
41737
35349
15312
32591
49933
49554
47699
42278
47325
34072
34239
-1
51424
44942
15766
19266
50926
42821
49341
51394
51965
51603
43345
24070
51484
51480
33868
52008
37892
30978
23589
51629
52685
16753
32080
51910
45604
52209
39699
47541
49233
49598
35738
52322
19252
42985
32127
45340
52708
19617
50224
39863
50917
16516
51665
50360
32387
37129
52796
37315
53305
36127
20133
46012
53940
49662
43701
46082
46768
5407
49097
5786
53005
47146
53212
51293
42410
5805
50923
12724
28642
46947
20014
36155
45397
44208
50514
46136
16294
53935
41932
51363
46203
53618
48612
47602
31635
51580
47280
-1
39196
55046
52460
54570
52019
55091
55307
53921
51974
52275
14286
39711
47610
53287
31409
44896
40413
54156
44319
52352
45260
30662
44498
13159
54196
22229
54606
44510
54693
44609
47818
8291
55250
42507
52607
41350
53852
43096
50113
49726
5129
51821
16738
44828
43874
53862
55621
54068
55250
40855
32933
52549
52369
55876
51102
54207
16015
17938
38606
42814
25536
37804
18145
37848
32769
52066
46337
52929
30337
29272
52786
46447
51613
39123
53070
53610
55780
13503
45429
32091
35867
52382
47163
39757
53822
50089
54715
21697
42999
45184
54420
27596
56837
50401
55953
56051
56708
13536
46818
30669
50882
53813
46225
22401
45156
46968
42031
53971
41400
46210
42940
9736
54842
56121
35240
47258
48584
51708
54130
25969
41926
50788
56993
56794
56827
57141
55388
17327
57126
16406
50242
57965
49750
38479
57630
55788
49949
34341
49338
51176
57381
55209
49303
56812
25877
53708
52386
44514
57590
43555
48126
49366
56322
38457
53736
56505
44576
34931
53985
57373
45301
50204
55220
56984
49733
46622
56179
53952
49461
16026
32490
58729
37495
55540
3673
57244
55382
57300
6892
27820
45518
31901
3238
55321
50134
45225
54555
57136
57863
42317
42037
38837
54887
48432
50213
58781
9420
55630
48022
36365
44210
35065
40971
46625
58966
56053
49167
51835
39874
50468
18081
47489
34241
43246
47465
51812
56251
35014
59216
56319
56450
49497
54945
25801
59469
55304
48495
39231
44709
267
35387
37286
43704
25396
58987
31084
24918
45635
41897
37910
56521
35381
52188
58602
59344
50585
16620
58260
58949
43315
56800
50191
59141
10219
56868
40808
56843
36631
16659
14284
59547
51001
48640
55128
59890
54627
46470
57059
12949
53217
59572
59972
24059
33061
58567
12347
58873
4754
53181
59123
57446
8421
51668
57639
58313
56904
8023
45964
57326
56454
59124
3263
48880
42947
57415
45911
57706
53563
61099
49329
60721
6672
16954
56432
26281
60888
58841
56113
60007
60698
61264
38054
51322
23137
47546
41391
46412
52401
61075
60943
47335
32536
59454
60726
40465
60865
26739
31503
39378
61073
32734
62093
56749
60995
47968
61703
58867
50123
55281
50607
59805
60547
53086
52294
58293
44689
61249
51954
46469
61333
61488
54643
60642
51055
61911
58073
30096
14780
53992
17909
62555
57920
50483
58642
59453
52787
52764
61505
60587
48148
36377
8766
59808
53478
19694
24922
58054
51337
58394
61959
27547
58463
60515
62167
57446
27618
45971
26021
40620
59937
44566
51066
61380
42154
54216
58616
53427
34170
47551
63411
55554
58451
59136
47535
61092
62505
54967
15670
38510
55201
42584
29621
38698
62734
58909
63572
36434
28343
60157
50701
62236
44888
33808
47917
48134
17919
44081
24355
38254
60030
52186
36879
19224
63120
60116
53514
46719
58076
63228
55292
55447
45331
42305
61102
45218
50837
61201
42709
52635
26547
55219
62877
46947
61524
53124
17638
63408
55199
26861
58227
63996
40855
4017
64064
48562
62902
56393
11906
50017
64687
60598
53358
61899
64956
43914
62540
47873
48383
42756
57035
64837
53941
13301
64697
61624
16479
49417
36639
55776
46807
51285
65168
63407
62889
50109
64830
64449
56407
56659
65778
60585
65370
65167
66229
61497
61796
57838
64161
40058
43768
64417
65336
56878
65988
33056
66264
38521
25536
54663
10468
63793
58994
33971
42408
66359
66572
65118
65842
58307
42649
7397
66498
31553
55029
30011
67000
47689
65469
60376
27895
66323
66520
29264
63133
48967
50105
58038
66329
48060
54418
57912
39475
65456
30792
58348
56405
59142
56214
62483
64876
64934
51055
43183
58402
66131
4616
55129
47262
28529
39377
45887
58025
39889
38360
68264
46775
59050
57894
31871
29573
51814
60941
43030
36697
35440
52361
68708
59774
59089
69190
54063
60268
68480
64851
19109
67954
53231
54104
65417
13601
42621
66527
56700
69117
27093
8218
57041
37915
68075
59334
14556
51157
49596
69395
37990
66666
33133
52869
53855
47340
69269
65102
69443
59111
67027
67260
66203
22398
52502
22354
15479
34452
46609
69825
68648
61966
61015
9708
31788
43608
37631
47583
68990
54237
47429
-1
69540
57564
67094
59333
68413
64875
69856
29318
66374
67722
68241
52711
50525
51196
70573
15700
66962
24782
42684
60711
48569
50643
70670
58565
70763
58789
14715
48638
14202
59707
12311
30576
60742
14593
49900
70660
61475
33185
67335
59794
55026
55961
64102
69856
47853
62819
67460
39506
67258
45589
66825
48981
47263
62394
49095
54221
45224
59528
65337
69248
70266
70691
-1
71201
34029
71730
52900
70417
71288
24556
47883
69025
29574
67598
70768
60550
67627
67463
27323
72167
34635
66787
69413
62007
55273
65256
17043
65973
56308
60174
71123
42892
60610
72749
59758
50318
69329
46134
68418
43846
72804
71400
39068
65721
53809
63207
72870
72641
53083
62580
60594
36032
52181
52077
71311
70187
72417
3464
69490
69452
59234
57216
59931
28139
70538
64380
72566
54878
72585
66454
62430
68899
62379
34353
70272
44068
61896
64219
28767
74885
73777
61374
74809
20541
56951
53318
74547
74650
73515
67831
73625
65181
71264
70749
71205
75240
46276
66545
73615
50390
74352
47687
69211
46958
45204
72130
28814
65214
63494
57544
65981
71106
57594
63068
71576
63574
65745
26533
74785
57883
25223
69242
27839
51166
74161
6232
50746
74810
69275
74714
71776
33429
73919
73511
73346
45313
53484
36307
74263
75242
44761
70383
75128
66607
63567
66054
3478
75912
58466
49370
63574
62445
65328
14563
63126
72247
75804
71703
51308
42087
35599
59945
76841
39696
64342
45725
75970
24122
74149
60855
64400
63521
71694
53799
15269
65756
76025
53678
76052
72025
19987
14139
66490
73210
76079
29150
38029
77244
68913
73149
61420
9233
67728
76602
77080
35129
64327
34195
74665
76537
63317
68520
46198
10493
55240
52078
76531
53204
15906
75040
29278
40833
67837
77652
73308
67019
77468
76853
69427
68553
77444
31837
60916
36738
78878
74259
79054
32630
70999
78041
52375
50352
45573
53483
23465
78839
68157
78129
36555
67665
36311
78630
36232
61457
60901
57578
37205
44755
71018
74334
68004
54430
78300
73511
79026
52957
26992
79017
69821
75764
78625
49472
79101
26175
80131
78769
26236
79304
68080
77043
19140
64673
38277
78775
54783
25667
51218
80212
39786
66003
11405
68924
79515
18334
63351
76565
42014
42648
81272
61084
55423
9415
53730
76425
45276
66651
76409
59854
50264
63313
36706
40390
60115
48210
70769
65420
69369
79407
80011
75510
81140
80716
48174
54609
47166
67260
80654
61557
81452
63855
80618
72423
48605
63339
80836
77404
34981
78745
77979
60967
71762
70151
77807
77059
81666
77702
74974
46908
68967
82622
46725
57903
36245
72318
65856
82028
61491
71405
76755
82375
60989
8672
77617
84448
82397
82330
52809
37198
52341
82917
77256
68474
60402
17697
79318
64279
74892
19913
57957
82811
24301
70025
65718
82013
69512
36867
83939
55317
67564
67095
46113
83548
67778
82367
84564
72409
70189
27940
78987
57194
84003
57458
65422
60537
8299
83142
73107
63223
14839
39924
83831
21140
83484
44064
79802
75869
82619
81833
78902
83069
43525
79307
85664
56052
75744
77830
47456
83772
41136
86092
71025
86071
66111
85045
84404
84010
50937
85076
84040
41177
47634
77152
46353
86251
80351
82501
11585
86085
81803
29104
61010
78823
36710
75567
84170
52983
30183
48293
80278
52029
-1
63920
37993
83324
70476
37344
84566
86452
56710
65811
63329
56481
81953
53525
78826
42314
47338
50202
35443
66178
74208
73104
82896
85564
44740
44301
30899
84074
41485
73258
57172
83202
85402
85343
35426
85554
84868
77762
79329
45738
86999
19663
26350
40502
55047
43229
83658
76444
85864
61148
11483
82034
71364
45131
54586
74269
70351
87238
84545
70197
66356
85787
46577
85501
66578
86054
74297
86151
18372
74897
10500
64408
87349
82279
71041
39993
29214
86351
3557
79986
82919
48796
88072
77697
72825
15190
77587
57635
58855
88197
80117
52630
68626
41967
85227
82827
62430
70369
86583
56777
82527
17647
82424
62328
82718
86161
77763
87017
47348
53252
55712
80370
52588
61797
87032
75655
38011
87276
88164
88800
88270
42191
52748
66963
74915
78094
88805
83873
85091
86800
58761
67691
89323
52818
51321
66266
86644
79814
30403
51694
87879
76453
88658
16656
11479
80740
84860
40709
81124
83041
27466
39634
76669
87007
41795
15966
76728
76249
79916
5571
41059
42468
83825
89649
69060
86804
79786
14764
89062
75713
56533
55816
39486
59027
64756
74709
83366
88291
68412
87848
87224
60836
84615
52213
72538
49764
86385
56052
8856
76026
54037
31056
88477
81458
84751
79175
74952
84906
56503
88510
35507
56676
27585
79530
88728
87966
79533
76293
32824
77167
89559
42209
79158
80919
88808
76763
86978
42449
83285
45874
45828
75080
85895
61453
89373
27180
83748
85237
88217
77283
77570
80846
85798
43698
90842
71416
71451
83147
7435
65303
77874
51410
86226
39100
73593
44882
41098
76875
63550
89699
90928
48155
88729
89076
75884
83203
26470
66413
89870
85424
81307
90537
91030
64040
87680
89752
90728
63943
50470
91489
68655
57408
69891
48077
89731
87140
13300
40512
78516
59486
79371
70102
86278
89825
90731
36812
91006
92825
86315
32737
24948
76236
4256
55598
9426
19074
20928
19048
63794
86883
74966
78380
78316
82663
78863
24443
73533
93324
65927
78493
92766
84237
72770
36496
89939
67856
90911
87276
28436
78031
64051
90803
89474
76299
66255
91638
52924
93305
92175
70331
81343
41318
91074
93967
87582
84941
88974
84862
31671
92021
91978
90509
92867
35205
26407
77127
84821
92222
92977
91864
50228
66271
84865
76893
73975
91891
86391
63409
92775
93052
94397
37089
92934
29902
43750
52884
80640
18914
70927
74142
66946
56592
1637
93981
66858
93614
73928
31169
61547
51943
77881
25351
77147
-1
90802
49415
75164
89396
93015
93715
53817
72791
93344
88672
94635
94287
83473
93404
93650
90989
35858
49483
63711
68558
75870
89741
2635
91971
86084
60645
94256
93110
73628
85848
90759
65071
85454
44882
62203
34367
81202
57042
89328
87231
90153
81167
57597
30673
45500
11881
94057
69443
80377
91141
45517
62309
95693
74836
23398
2275
80235
23991
72645
66893
90479
89703
88027
89718
87540
83964
82561
88731
90604
93891
67260
90964
32510
71512
95213
96905
75617
96824
12560
81887
96515
96139
90960
83318
90926
95952
64434
94780
81825
81795
48298
44764
91204
91864
90956
76000
92036
90698
27572
55873
72451
77975
68694
84677
90549
92397
82561
96344
81517
90162
29868
85386
45496
96820
37364
95810
86124
96982
82750
30337
27971
82722
47044
81418
96854
95858
91987
76799
28750
97747
86645
95935
84308
25094
95863
93249
69244
81196
92535
16017
88880
25754
71267
21556
82385
94548
96082
96284
58943
62490
86371
62503
10384
37952
91309
27151
76279
62494
96786
56862
83504
93289
97837
83371
76356
77020
91476
97512
96947
44022
92783
79242
85013
97093
51423
95760
96421
95266
36572
98729
62684
61959
88877
63208
91874
98149
19140
89213
20444
85436
62910
71736
98287
93421
88635
74268
64758
94155
94440
88299
94267
98943
94680
86055
88169
93629
99512
49789
79846
74927
94670
97707
74537
22076
90652
94973
67602
40732
71469
29283
97208
67140
59987
49683
78997
81738
62124
59805
92718
94903
85272
42045
94810
94372
74556
98851
98498
26996
99819
84525
96079
98904
82069
78443
99105
47088
75140
66396
90114
98152
73337
78184
18390
58446
90846
89613
100775
82226
85457
86391
37734
90923
91732
95152
57601
100358
99853
13613
61435
87641
101249
40818
97097
59850
80532
85357
38554
92186
95344
39478
59297
39338
39323
91110
38542
86294
99290
95119
50504
100568
28939
94204
37730
21546
69965
82718
86489
101195
98534
91759
96489
96416
100760
11936
96553
57838
50170
96144
97872
97930
100762
46082
88072
33056
81520
57987
85943
61072
95640
97217
101398
44344
39887
89728
47009
89051
85372
96830
85490
87330
97100
30344
95904
58676
48413
100702
23973
86712
98754
68622
97478
69622
80236
89099
84241
45696
51482
99977
45770
93594
61100
101054
68745
89766
80918
102695
102230
102378
82140
82374
72589
77518
81075
51319
103586
39514
97353
101997
93731
88744
82985
87795
54207
97622
101821
53239
103376
86930
51932
86408
101972
85473
5503
98161
100908
87378
20323
79856
103662
73864
99300
89258
102451
67524
45983
103039
99452
74684
80032
101954
81586
34791
102904
24409
74210
86884
30102
67252
88732
102029
11763
28396
20572
68315
72326
89242
59029
56720
104371
88642
104451
104154
94217
104952
50338
85677
35832
53844
102707
94115
105309
102849
69185
101569
86015
99782
76099
84900
89631
94024
84385
81145
60616
85601
50937
104136
47009
105925
72682
28921
74382
103727
84701
88839
105194
97504
99244
58742
91506
30321
34066
100045
103509
101756
15581
103601
43758
86618
84816
75496
88538
89483
65080
29365
99314
77185
52378
30250
64305
92932
91932
88234
98007
71639
106437
106718
90184
83458
41973
99279
65245
105507
101515
83419
91606
14307
34774
96176
66338
105909
94935
74417
17288
90034
107297
45907
95266
81901
92929
103657
39157
96894
99971
50093
52410
107407
106472
91434
86503
95240
107887
107790
104935
68934
101859
86044
77979
107422
53284
100440
106025
101793
107747
95447
61780
105460
19495
101488
107967
101914
107866
103849
101396
66956
75061
92250
54013
76685
33951
59241
75961
21153
107525
108561
52670
45379
104874
108446
39214
94087
57202
39643
99455
105805
109081
106929
95009
6359
105012
92913
74237
94468
78715
102855
106804
109857
66362
102801
110005
74030
104145
22975
106987
98962
92136
107594
76511
29589
104056
44232
109435
101252
103707
89968
37212
107291
92798
82508
97419
31573
92958
89565
93244
83400
104682
100825
103534
108130
97704
98606
109039
92405
89714
110073
80060
93324
91409
108485
110379
105163
67018
109643
109541
93410
92784
107851
109300
54800
70718
96526
48291
109337
52840
94757
55529
109685
109808
110976
62171
30590
101450
109554
104612
91228
85597
83382
110985
106220
110158
110208
79407
110811
36278
34823
82348
12349
102618
110663
103889
68426
15498
106090
107685
68080
76221
60248
106249
105558
25830
111684
111252
104428
95369
100481
74138
79060
88470
95627
58007
46713
106616
44927
94045
112320
97026
43974
11354
110216
97033
76584
81629
20612
110381
50354
19286
104746
88094
102230
111676
97178
78492
111606
86241
51887
96100
110848
45072
104921
92927
70473
107037
91352
111771
22751
111844
81039
36915
95173
102161
112119
77202
36779
109946
84389
110925
113326
100135
31103
96389
113162
77448
111862
7722
113723
107777
100205
109880
49963
107083
104173
101446
106274
100301
96476
110002
106887
105713
93563
112132
113884
107902
16555
24082
111260
67436
90044
114249
55322
86404
39401
48562
114138
31724
114770
105660
83435
115116
97789
96377
43426
88609
94316
75531
112383
109605
96492
115171
115394
108705
110070
3735
67445
65371
114345
83715
111466
108266
13678
88631
63683
111066
28559
114383
108893
57452
115902
33574
99229
115860
86991
109211
62825
103987
94652
110401
65179
113400
75496
97516
113653
6353
79574
94395
76240
77564
116515
115185
57589
89950
116728
47399
99359
106712
99547
116676
10024
109591
90606
106622
93957
96268
110348
115934
115898
54407
116296
85244
24076
74515
101425
45355
106272
43945
38746
111128
89675
110529
107476
99549
71182
106327
117042
116898
115096
112552
103015
102590
59811
36817
111518
47912
111219
89294
24995
80098
101643
117264
100823
111606
104156
117364
74168
101969
116971
90566
95719
115600
99088
101781
112111
90747
88616
107680
110235
113579
55013
111849
9375
118599
91370
71198
89534
90854
77823
94900
90731
106816
118683
59113
48548
105731
81873
26069
58248
85579
118696
112023
90742
29348
40297
87921
117370
90913
10994
115818
94178
118973
108403
96166
111676
118824
76551
103351
107220
39411
76315
113968
96279
118405
32901
115210
118718
75512
32235
20109
24004
112781
98350
99848
4075
38783
35480
119103
17956
108914
96053
113277
118062
76499
42981
119345
49105
113941
95269
66113
86844
119695
30765
8438
113044
61178
88027
108784
71561
45478
84114
85499
33030
116987
115652
109320
105740
120065
97545
119658
92853
87413
87878
108228
104998
88642
121038
69573
94349
121097
86865
120809
47850
121015
112283
88924
109878
54455
101906
77661
120937
114709
94509
119089
47802
32616
24037
12743
121073
118090
99182
114629
104807
58650
102112
116460
117306
101891
17201
108361
121475
98306
76466
107857
117452
31447
55540
98382
50917
88530
116122
63746
118845
109123
121809
116780
99874
12389
87223
97222
105446
113816
37261
121872
71993
83276
121680
92162
115422
122621
72624
109918
16052
22351
122039
122371
122086
111395
115771
51119
88444
120852
108611
120019
104009
100857
121218
108611
120194
98584
107213
85297
97780
61543
123521
119907
67208
104025
88545
90880
103866
122759
109078
116540
123595
85845
51384
24409
74263
98220
71700
124256
107279
97379
112306
123978
124297
103236
118311
79941
124140
64865
88975
104286
74435
70804
106938
57650
59627
108894
95903
34361
121904
83447
117790
78902
118003
101875
28485
64910
76325
106171
101763
105520
105339
123819
85529
124131
85741
71491
88124
108446
10923
61114
116389
50162
125401
116081
111626
122990
124606
94314
118423
107955
103594
125251
111631
72474
110058
47836
108901
125909
125227
86410
107721
90146
120972
67754
90318
62219
99776
125700
121725
125693
124182
110631
94341
118574
120064
119221
106216
126564
57029
61014
84852
84550
110070
125461
93055
99254
101120
119910
117677
122970
108052
102497
125518
114277
122205
64780
27422
126303
4240
98332
126469
94712
126738
71672
50660
127274
119288
54735
100868
112050
123436
100861
74104
106483
115110
123767
112885
120911
127548
105077
118930
100611
50239
113179
77435
29329
114151
3127
119643
49585
92210
127824
122639
106061
128167
127843
100193
121887
121825
41579
121554
15269
111664
40576
118207
40528
89964
41193
111127
107253
90905
87002
119477
88287
99342
127871
127556
102043
128711
111624
91061
129069
29724
94391
128722
129214
122558
107136
103105
123502
127584
111615
48241
117943
78090
129628
42276
63317
84227
127239
90410
103780
104796
118996
75305
92269
88935
126754
123430
107870
107291
103298
124062
130389
53201
111578
129642
40734
129008
103660
123205
108994
129819
112974
109811
109064
64318
83786
129847
36977
84221
19448
119277
130402
67423
112056
129489
77856
25132
109142
40119
130481
29237
96621
126560
123813
75131
129582
15921
73562
80796
90380
129040
113294
119486
62739
122328
96593
122475
97079
84989
126989
100674
114310
126964
68384
6997
92913
122253
125628
109842
103269
69558
131278
109139
66054
131225
47313
77351
85506
119090
131055
124759
124251
64735
53983
120460
3729
126724
17256
117025
98078
125092
75999
125112
104929
42153
131871
128902
60188
131313
124839
125153
78211
87600
127641
125513
5247
77300
131112
73504
107291
132608
132073
94376
129983
132429
85984
122575
30205
111145
107269
114656
132499
93388
33134
63424
98120
94419
98352
105495
56775
111106
101906
652
26753
97622
52488
34571
105612
111687
132389
129958
133445
116741
94343
92275
125378
130154
126314
44584
64135
81535
83650
106155
128771
133733
133183
129944
122838
129159
49656
121148
86838
57383
57896
99760
90360
119739
686
130307
117823
134639
80574
129675
132275
133502
131997
132159
134783
97370
125789
93158
133932
76759
134497
110804
107024
71496
118575
86915
23676
135064
127721
122812
133552
134779
125187
28214
134415
109757
115496
121634
128072
129646
92061
134092
113774
82349
122775
55178
135270
123706
105543
128544
111971
134680
50070
95333
114146
24882
93776
135647
24629
99861
134223
21540
11592
132073
134457
96218
135779
101365
130850
135270
134660
116394
128811
108117
25298
126887
91341
136176
130292
130861
123751
56803
108357
106480
132394
98715
117244
123057
101064
77257
117263
69862
50255
111818
125474
136325
91675
71174
111544
48585
104315
74718
132239
128591
107286
132696
106131
125992
137226
134908
119876
134596
122303
108029
129750
113278
91799
51575
33044
130439
112342
137358
97274
99949
130826
23177
138024
26484
118128
65620
116194
45090
115346
60572
129104
138402
110957
133807
137165
120315
110340
14391
86954
95306
33712
130045
138755
79558
136832
131588
85896
129142
119217
135277
90371
117601
123765
137034
119370
109701
116930
138620
134215
126677
62642
139084
98210
120694
132137
136615
113462
134833
128725
139187
102732
131371
83056
48263
97792
94330
132226
131718
116535
131260
18037
139135
119735
110342
60058
122054
135967
120833
140555
126755
117654
37463
103575
135833
68493
140420
134174
130181
129407
5201
141101
120450
36396
141792
133333
125617
96830
124511
101822
136109
136216
91142
125661
111114
134180
104292
141016
138554
137563
95981
107669
39143
67194
63577
102537
141579
87990
89309
136848
141723
140964
129586
137380
94755
115991
140829
44915
9508
141904
93326
64771
118938
99878
126715
140704
139226
133040
66285
95109
120916
126684
139677
111271
126217
132938
31638
139371
135033
120830
108744
44986
113152
107825
112893
142355
53359
53864
119912
134712
137894
123532
54487
110643
98554
140720
137940
142849
125691
117584
2842
72235
102742
88247
96946
108714
113382
139289
134153
138615
100926
113476
143431
126841
83522
138493
130342
116388
135934
143596
74327
118895
143792
104672
142994
143188
128980
61597
73211
143062
75102
143801
117626
134982
37010
135902
86555
131430
70571
88991
33632
124923
142440
112140
127336
140119
136507
20982
144540
106400
143568
135635
144336
131295
92906
143622
137368
28841
140290
37186
137291
144738
137730
137806
115401
125010
141580
31095
118789
18618
114956
130546
101353
89339
128243
142743
127034
114497
101500
110950
65156
138336
141188
75008
35170
70396
138779
51197
136823
73754
141150
111941
136911
139761
143841
138983
138975
80828
138780
102004
84566
132033
144510
114036
41964
137197
116774
146876
87207
50928
146195
42703
125672
99916
65784
22847
108339
117919
102679
82304
145635
76508
90603
146107
52145
129463
125362
133290
116867
121411
88297
72876
85137
118978
71960
118619
46238
147068
100635
112063
142116
138421
126544
119669
130095
62797
130630
134073
144952
142177
117314
79211
135441
117042
70623
95015
136746
85722
147833
147428
144734
21999
144013
114762
50525
147662
147620
137232
141020
129574
143581
148031
108747
104829
128566
147040
39833
126465
145938
148773
148497
39753
88424
100780
117475
105622
147979
143655
99265
63189
99179
118393
141238
120970
98283
124321
140898
89080
141861
113210
144006
76220
20136
109237
125889
73160
59460
136225
148095
83228
106090
135409
141096
51930
97831
122587
48605
128316
126965
126686
148128
78771
103480
150363
2803
124732
136989
123911
28594
46850
143865
57462
140277
87018
115242
53799
149287
30885
150127
150421
46762
149273
149094
111092
30485
105256
150447
129371
63227
145503
150983
100288
66320
145986
149738
104545
145599
122841
66214
108456
147249
74211
150601
150202
118050
108421
150696
151010
76636
146352
105752
108997
85397
141340
20789
142302
145142
112389
114052
136332
143485
89000
150969
96401
117935
148505
107786
77749
134699
33078
95227
113625
132586
68802
151741
145536
87484
152481
150679
125380
125368
152391
55451
90447
102907
129339
141934
128010
152448
147906
132293
122889
153224
152401
69828
127918
126303
152589
126525
144446
153012
109859
144526
151921
58762
130246
103441
106262
153261
72217
146563
122080
152931
112107
144853
115601
89425
75171
148461
135477
24079
152569
89348
135449
145489
153322
152782
107163
73312
148778
79608
148771
141145
121884
149070
154125
130132
90879
49013
31861
141273
70507
136420
153799
99063
127617
132488
82139
59738
58873
153994
150036
138865
123709
22009
120637
145437
131147
146903
30143
99488
154744
129385
154487
11344
120910
74958
150488
156071
130729
147158
134806
122905
45178
149388
150327
154158
137248
108416
149612
155540
108504
155060
100612
130095
108755
138341
93128
-1
21155
21580
152145
50145
150883
154457
150851
45943
137290
138592
150571
144127
155815
123211
103747
94971
139799
154074
152817
156207
157159
72658
155678
139749
151415
15762
143410
82041
114264
130072
74198
148157
45632
89900
41212
123183
153031
80380
156976
153119
155919
76470
4532
156215
145975
44762
156461
149122
101215
147454
127394
143587
157350
28273
53981
15400
143810
152195
157583
76603
123801
62589
104655
156547
151916
147293
152746
136680
118739
134234
110082
78007
40218
124158
89177
81828
106575
136913
49333
121900
38009
17307
156006
156982
149777
121536
130209
147485
39075
3206
128211
76945
60077
111651
133704
94116
157224
91434
111891
156487
142540
154631
99595
146639
146362
135009
104442
157474
150145
20892
124854
153778
155184
153422
111845
158704
158121
56374
111910
154669
116749
150410
125327
116929
84405
84643
110998
157822
146030
133831
114251
63789
89900
159535
107267
140338
156322
154488
156977
45523
149633
125366
98654
156100
63912
132782
135761
118552
49619
55107
97514
124587
160010
158418
154909
108913
56398
75588
138426
81568
157502
46605
53918
108992
156217
113750
141408
86464
118464
116544
152645
158920
157836
63030
135118
152752
160625
152689
136541
104360
110522
160830
130775
96804
107063
138781
135046
145864
161412
153600
139686
111369
87785
102972
116505
159695
133450
140937
157014
42852
127724
153379
155193
159604
161767
132865
81684
113029
161935
68558
117883
127857
153828
74662
159244
160416
161232
160438
130306
95543
154917
123729
73496
72115
110833
158600
150313
161397
105370
101587
39906
150971
157623
162975
80758
144142
45716
162854
115814
103275
122196
152927
128482
161639
112385
160035
140433
116324
144941
34653
146208
92486
79284
163351
131760
154552
142228
97955
128034
135755
158176
113452
146078
78199
150922
32315
160277
63366
162895
163156
79531
138962
154453
69413
45273
153633
98912
155621
153390
155970
153563
103505
63240
133567
151028
80070
160153
82751
100282
69307
126276
9302
156019
163431
148589
133945
137618
161626
118737
121483
162753
71389
141626
153835
156189
164799
153297
98336
163602
122965
70595
164435
98732
127327
157916
107006
164291
24644
63539
10276
68322
154191
96454
76324
119070
122688
159866
57850
162003
135724
154479
150279
134843
159688
165232
146463
112728
159015
127018
157627
157154
160659
160496
107349
138964
69458
131448
106290
165931
119281
14483
139137
131303
100211
99267
68138
166370
162559
105378
166519
74883
148044
137437
160606
152501
77574
104468
52144
142629
140630
144814
116450
164386
117996
121389
125378
165244
11948
165290
165186
154759
152403
148703
101775
149833
15790
7819
165844
132698
94818
119228
110566
144508
109980
155731
142615
150379
166029
48011
158033
157069
113398
88012
140606
158990
136066
94647
122998
162745
159639
154866
157110
148674
159238
124101
31637
145559
108347
141780
102680
92585
93492
99522
166246
127857
153453
167278
74127
152212
163658
68805
162630
161786
153833
165296
23750
166519
65009
114274
16411
143846
5926
30230
31287
40886
159679
159637
141782
145995
160421
153297
142251
139271
160327
151999
9501
114935
165134
124887
114727
80770
141948
95031
152835
140406
129445
58848
167487
166145
71897
168782
159244
170059
167536
142870
166371
165992
166048
119662
102972
147341
168901
82440
161294
164590
164748
135998
169718
135829
151751
75811
165499
165776
134016
163638
166307
162294
35117
82259
126099
167353
145049
161669
114099
164687
17407
134715
95047
167318
168929
109628
149284
86349
167308
149186
126296
159098
122286
51149
162468
145825
142091
135624
168483
146535
126060
60280
106145
138980
170046
75387
158306
66042
125460
105843
169827
159855
150270
155935
169304
116244
159074
122162
157560
142386
156310
86606
115778
84837
50809
164901
165888
162053
144825
43605
166006
143956
83176
103312
116083
115746
165930
123474
145236
144385
51616
142047
26257
165725
163097
104839
17362
121031
71885
106226
96167
101220
171747
161115
139748
163646
147725
55449
127719
159474
171057
167335
172288
172391
63254
67953
170093
160723
143043
136230
82021
55186
133630
77215
170753
172496
138335
116070
117621
154375
143073
172317
90254
161308
166797
23096
171222
171089
109011
54140
153730
137272
95094
103079
167188
162431
129511
162146
104687
173804
108897
167103
148919
173392
104928
142431
169938
172262
83674
147885
140573
145793
128523
131329
172834
159826
57395
154139
79125
138330
113204
70207
47884
165098
67200
68975
143772
172238
165037
156808
97531
146010
148343
172535
159367
167981
146130
132677
70707
139312
115398
114806
134788
171179
69376
167957
46170
151266
173632
173694
165364
107836
139987
172175
148250
109362
154690
167257
170784
140480
15381
150827
172824
102392
94066
166965
143272
160028
171091
97653
69954
77701
166466
83079
108539
85725
171162
166207
154991
107906
168954
67158
129857
116657
173670
126918
167303
-1
131772
165918
137710
127150
171110
168774
138745
174177
169472
154169
147306
143303
175022
21314
5067
77544
51471
114156
175894
47012
169612
154760
84825
127254
169913
169301
172222
31902
98202
148397
154932
67031
167601
161961
108952
113637
142628
106164
63863
150081
10914
160987
170218
60945
170434
159566
145295
94220
150055
174479
165924
169903
176438
140671
38609
71813
135539
36861
75095
66669
176251
154077
101266
96762
9465
43604
95071
67538
87216
167594
164624
141011
58834
171019
140328
81962
170931
176926
70291
72625
137310
109746
125892
129697
156339
86025
137537
115868
52040
131717
168170
177167
169600
166747
137291
132469
76784
160423
175711
126708
141863
119459
147053
178465
143913
76547
172436
167642
175843
167478
142138
133163
177934
156837
81442
38539
43248
158555
172679
166093
174590
92483
85480
174854
169215
143690
173014
150527
125713
119162
99835
81277
153685
178217
144320
178794
98268
127818
177810
160583
175673
178726
33640
151862
109168
158073
78455
154723
155578
164048
126610
141635
174663
80143
179244
179262
23954
116825
22407
98460
151404
179539
155365
168021
161289
144668
43333
141321
48914
174047
76627
95179
97529
179133
117115
117172
30045
133762
164449
153583
165542
24183
93993
90709
82741
162227
164511
133319
106854
143125
28078
61903
138010
158783
50786
117951
56485
125252
53936
44279
132120
129730
129543
179795
110611
140680
30172
170274
6072
141921
95142
165318
114657
167224
161555
133800
142833
61114
142308
123397
126844
99800
160273
180592
180418
22680
154948
131179
124349
153120
71870
111536
174311
65023
67163
181532
35129
174087
174475
66584
136821
142929
126256
57266
180789
83932
104113
153332
144581
105685
74146
12823
180284
145323
173792
157936
177721
176667
151036
178617
159533
65102
70894
159940
146621
135285
105855
181670
154779
145727
181642
181393
94499
98521
106119
116936
182225
130676
110732
155249
30257
132304
170288
144509
174571
148046
109528
177011
84626
141305
102594
177137
128901
25330
114310
178932
180977
107941
147391
137781
181881
74720
174131
106104
175804
182637
175082
172931
183071
165170
180482
141940
179327
134228
15210
140395
181444
175592
161511
157874
173589
80271
166921
179883
83781
183694
174718
168297
183608
72698
181010
159447
148133
177614
157066
168132
136396
183197
152767
139673
130973
177220
184413
87507
179246
161043
173426
84720
168002
185137
171379
92861
161269
127173
162505
124262
140031
184878
139725
181878
20410
16256
19133
183726
148062
143065
86991
177529
183319
175519
121049
52110
177485
147776
161717
73035
185004
153998
148506
178890
125744
176252
121930
111883
132313
108640
162583
59530
156653
164274
130178
143868
175653
184807
186186
178120
57687
169433
185754
182566
185783
142403
153454
143942
41750
170545
180516
79611
186424
160733
31892
38018
156878
4446
177417
35691
174000
173839
62368
5798
175885
149216
184609
158142
163783
163734
178529
170617
122565
175228
169200
108631
101868
164883
92294
94683
178926
161098
185429
183541
103179
109723
100420
128983
180914
156467
93611
178840
159989
185515
181651
181757
20818
128365
117310
186093
176884
187517
185529
120906
159410
180513
146551
186703
86306
166068
178779
120710
148505
187660
187011
185488
188099
186937
30946
182485
181273
110140
124427
147130
164228
155875
187935
52536
141720
168432
188673
116364
5830
34193
178405
65160
185560
183633
152244
188705
159652
27139
49854
188400
159098
116192
104472
21312
127825
166837
159260
122912
103788
183527
160231
182913
189113
140776
169623
188422
186814
101995
5564
151642
173984
188849
168845
167195
180823
124764
32735
169754
188554
178455
182530
70936
93433
86961
182704
133529
156085
179505
178924
120643
149261
174032
170488
189175
27069
190175
99151
89696
182066
115426
177485
172196
115019
189157
146990
183866
181321
163196
138230
186746
106418
188055
187090
52017
189397
152966
189560
41355
191018
188429
184580
179951
181034
189803
159549
189866
153915
189788
157900
155695
160372
73126
181372
32944
163607
186631
167615
187127
189739
149237
188238
190698
182421
183057
-1
191188
169265
190506
144102
179679
149964
169963
124854
108711
120341
186332
143281
189315
128376
176767
117260
182615
174360
154855
82222
38334
132285
145002
168659
47234
158258
4682
32674
57093
118533
184286
188439
191097
149434
47244
186939
186071
153668
190537
188260
152602
137179
184725
143539
162893
136068
137476
167260
165307
189136
54515
162779
183326
170196
185948
180093
180045
191782
184582
161176
192992
168284
170145
159814
193280
105601
131037
192651
181344
144263
64786
136673
189725
170794
159589
138166
151341
192125
135002
184506
193498
188761
166185
183061
156767
137329
135550
111697
193879
171259
151681
190845
168645
192868
172488
107432
177684
126116
105955
182194
190360
133105
171793
186583
178577
118682
85756
31616
158062
128939
171400
183026
124486
192846
186118
191844
166262
190989
126339
189217
158519
183679
64494
141923
178756
175411
184811
187044
149958
164581
114936
173431
194348
185318
164185
194812
192848
183874
77375
100552
187587
162689
187929
80587
173729
144478
165548
105020
194421
195923
172615
171555
156029
195659
194753
173132
97765
144805
106405
189643
74422
125258
127984
90259
71157
59808
63023
136702
173868
99032
192585
67154
141978
187192
195387
152489
195830
137444
178547
195403
155975
156510
151325
186138
194878
196313
195970
78937
188783
196643
111456
196722
172399
13770
172656
9938
185605
130472
195349
188462
40312
133396
76732
141157
187529
114366
196299
140404
154351
197149
174701
46554
21297
121307
145230
46799
108804
186411
154738
138634
193011
196192
187679
186279
191151
126090
195808
195181
166073
188851
168131
179837
194228
107040
197067
193692
173761
22057
24118
187109
116631
179084
92258
163060
146532
105995
53924
188396
159332
171047
114074
102664
153729
163832
169971
175497
162307
168652
194690
175855
190141
54328
171499
192947
74759
142601
78526
198765
165285
123566
66144
26980
34705
130471
32595
158744
197217
103896
187597
168884
199069
39778
193596
179652
160383
152512
99005
180452
117806
171171
198683
165071
191140
176730
191897
192210
180666
72231
194040
44532
198456
193661
105432
150776
188709
175393
169746
184112
192081
144273
135227
17116
90719
166815
191186
198298
144174
151734
188508
199739
200290
188178
199003
191308
121039
166155
189792
170607
180069
168428
201522
165087
180756
200223
122273
148918
192328
157218
158731
131252
189909
199518
157930
40472
198495
144398
68532
166048
186517
174728
159185
193467
193509
169261
111510
50715
145292
191024
80826
172413
162510
110626
162510
172475
144705
47641
151865
201447
199591
194465
188224
81526
143787
191313
105944
87112
5374
199784
148552
166889
142968
137701
101808
193358
193433
78893
33041
201329
108984
181153
201552
122827
202262
173203
115370
94745
138593
106666
57791
160637
164408
172068
201903
140304
151769
134864
202134
201298
203268
191588
191415
191873
172361
182403
71520
179677
153981
148393
203127
201871
154802
202924
108357
164453
202812
116680
26167
199573
37559
194982
166200
202599
110444
192207
66654
176036
53192
202676
197652
203670
196391
202948
86654
202772
194986
161993
202651
199410
194502
180892
120288
161900
187637
114485
194139
112795
88677
150425
126645
203602
136703
201101
177884
180046
202182
119609
147959
1996
171888
146372
80433
146903
195161
117261
195193
198359
202935
110740
200224
203783
191143
128520
150509
56157
168183
148201
61353
201444
83393
142771
196517
144798
127727
171738
83012
94466
158214
149650
203722
205666
170256
201995
155188
202739
56560
94043
185508
162602
119075
189459
205397
146586
164214
169375
150268
82593
169326
178037
85921
51479
176399
149856
200065
150517
198605
72994
168537
174197
57378
113103
195860
205039
175866
200856
122103
206050
197029
194837
205124
197666
194326
149472
109675
33171
205716
167244
202228
46596
11428
206847
206063
204948
54081
98380
206627
167992
65999
206291
200833
104542
207032
206617
178260
197767
88518
179284
195008
134880
128733
136944
144496
173193
201318
201464
208524
55881
179040
62793
142703
4394
3132
67247
207878
17815
168033
168516
128629
208189
106097
183179
101815
151638
209044
38453
201450
206512
165367
207137
209295
189331
209300
121777
149470
115193
197746
166436
210038
196482
172594
125036
87291
168950
186526
208899
199582
200947
158178
205612
127438
82432
209015
191999
159234
134086
120379
33678
65180
125430
54709
199767
209605
203648
143815
209672
155616
200400
208496
72504
120041
209460
136908
188414
153725
208873
166145
138652
122910
193214
203818
192114
209436
198895
78249
167722
91578
152417
196785
210090
210005
163858
209622
194742
132760
158927
34288
145025
117386
187169
128119
208840
156040
204819
201103
198171
76619
211334
202808
161615
196001
138276
185769
144708
63154
201289
198209
36673
21977
150090
204667
204795
210814
168433
190863
174814
186348
211408
212313
208063
194908
149174
28726
196640
128689
211144
168052
203229
207824
103905
200790
211262
210685
200658
64105
115712
166023
201770
180959
60297
84277
210405
193057
68191
196036
168136
211047
187439
128182
192487
183689
209088
210377
182313
195266
212047
35868
193457
213204
205589
204052
57991
100161
74144
193072
212880
163824
179363
203083
181932
36562
212625
203333
28485
209760
211270
196204
101611
211546
172424
213524
63136
60018
164137
182937
142532
206988
68176
196048
212550
212956
183570
105348
124978
212764
167463
170710
188954
114327
193065
204532
211869
213107
170927
174065
85073
189113
140585
129105
213477
179788
202122
42810
202486
99222
180952
105240
140518
211467
204774
127685
172347
213773
73954
167432
207673
191957
187180
155359
177102
34347
137068
201932
204937
173255
203798
86488
164047
189477
214514
182058
215454
205114
143142
102384
195591
204800
80084
192430
139103
159384
156068
190712
173845
192097
214537
216096
205156
213443
200282
169962
97861
115211
168504
213329
53241
118751
203194
205171
170344
214557
214498
154853
202300
204877
156635
205810
78086
65808
128821
216512
140635
111646
198577
189221
-1
191315
132433
214427
122405
163264
205634
135572
46725
128639
205515
40937
200114
171647
206937
195698
214052
200171
172746
208371
215118
209322
164637
193898
171926
40556
180116
12204
121224
206856
179550
189975
57207
204218
203956
207664
6027
208111
203050
215520
214667
23007
194849
217325
139136
48409
216127
145023
38813
216781
179636
161101
190830
125409
149388
215954
134426
143450
196679
182134
11234
93156
216649
210583
191297
182449
144001
136921
116784
201684
172850
126527
118282
-1
158140
120068
198756
187239
207646
197106
66279
218368
213260
122488
140378
183117
132923
138506
182235
216582
136777
176951
183853
205397
26707
174859
216522
195097
76666
140269
62775
207578
152790
102015
75918
205346
142252
163626
217150
183364
120147
123171
216283
192276
110374
176526
217541
159256
116822
208612
219127
196521
208745
92369
202375
211789
17964
208396
207426
150187
211970
206562
208666
214934
211944
217874
136450
200345
180508
216439
174980
111535
59001
129937
201442
127201
55422
134121
201998
217767
124138
204066
208710
149347
189401
173214
109688
192920
212457
219376
37261
176327
131853
108717
210632
103348
188059
186907
93036
209249
218089
211115
211014
204475
125340
137336
171081
39656
127767
219329
40612
210880
47909
118723
194525
209790
209369
139210
221543
141362
193660
186524
218808
74517
209485
185499
219202
152490
66944
177247
172205
77465
201345
184097
197572
149368
180919
67390
159633
187219
211261
150714
221047
74391
211635
174731
195941
189689
221523
201548
182201
221595
140717
181040
212138
171336
176201
210012
105080
154336
206421
113870
195941
196458
9797
158981
222776
74616
179261
210481
211551
186802
200539
174965
154340
214965
189758
185568
222796
218608
223833
77800
210868
65281
38763
131451
207560
216143
64120
203681
126774
216953
211517
219661
223304
133637
156486
224970
137309
201761
217124
111886
90179
206578
133422
161863
191854
148538
150834
201459
224857
165906
150429
200600
215041
221463
168175
212377
182402
146382
213224
224045
220290
205532
214793
208614
211090
20010
156193
2780
131022
208845
148423
89949
163635
203999
224955
108175
159730
159719
171995
187910
185632
219948
223495
210640
150045
205861
121827
224872
194626
214345
62141
223436
223382
116766
190095
146760
92843
198147
217229
110390
88369
219533
226664
190490
198045
225516
219113
217059
151728
203670
143685
222439
102925
149562
48371
209944
164930
202946
38194
216236
84740
141725
191950
199507
84655
194506
131249
180109
84026
223161
201972
199978
205612
227266
69772
227808
226519
144084
213059
192663
156074
169636
215978
194728
191707
197994
75132
202389
220030
223804
217121
73109
227194
147684
204175
198391
187488
209133
224019
223321
159993
134880
81290
167747
217540
192587
217501
203840
169130
210694
224383
174297
217626
163225
227450
220849
170636
221187
182640
58719
136116
221055
224428
221696
217732
87433
228994
183892
175644
201215
224701
182414
191194
162334
225319
207509
223658
213134
228729
215945
168821
226218
228058
150938
224731
48642
114340
155241
200524
202713
61508
177521
123253
211991
229400
155447
214149
131113
227567
17375
228676
164635
161510
87578
221983
224239
153611
129928
196284
211843
213589
180551
216254
227828
194683
208481
62691
219943
91954
43593
198137
110402
187226
202437
162464
214843
105829
97488
212815
198090
218932
169922
129027
200816
216090
225590
25631
154415
79830
175791
224234
214562
83478
89007
229156
178261
25714
-1
216701
225943
214800
198624
165631
124119
182305
172527
142698
54582
208950
226067
207931
223526
64678
98611
207972
229419
149917
222873
231448
230021
208560
195872
222696
182055
181204
200578
101379
192740
230620
156171
75736
209107
167577
220029
229914
220312
63515
148724
90034
5777
200070
230023
97091
231115
129085
174502
196477
204961
110312
43431
15367
32044
183161
118209
172611
198709
201575
203035
136515
2834
230870
202497
93010
56295
137077
163580
91467
87756
159069
189670
232575
222770
189156
94677
207216
227666
210686
128844
220064
129877
162212
34111
220677
71822
42613
106053
217095
231569
86558
189152
165696
216220
152444
230754
226130
123571
52336
183468
227426
24172
211460
221553
139609
203164
223740
204820
209385
229694
146937
57685
226547
219487
229732
195759
5753
213415
61372
88394
220992
223786
160471
164001
219531
232617
80002
79298
232750
232341
129929
42915
209281
232289
224021
222611
202692
161976
231339
70911
209746
49655
231371
220914
220910
163399
219079
225594
220195
29886
128387
71482
119771
203091
227806
90226
226095
79158
234090
104798
233758
223448
202184
232857
224267
61296
208527
192891
201095
126969
80240
168434
230474
185028
100647
130897
234487
226817
229899
212492
205862
176834
212663
203377
135625
165541
231337
221503
81760
205229
233654
55228
183550
107049
174258
135123
227516
234888
66522
168931
190617
225266
117395
220923
111762
143712
190322
179775
228297
224895
147485
212823
185896
224832
195774
230838
143493
86175
218021
142613
91818
100535
180776
224599
236201
192750
22709
232782
118067
153257
188715
80312
122803
93373
222031
179337
221999
171515
218034
145297
162718
195312
166756
67556
163744
185559
226859
229182
225844
236049
160062
223672
139708
200224
229212
225046
131598
207472
208669
235680
168602
212901
237410
223348
201214
52112
43548
165237
113357
113518
190395
201539
179675
9429
234805
225335
228680
195822
207606
163413
226091
222682
229629
133038
175227
237133
42582
226631
234618
172387
236974
237030
164859
86102
220912
237383
127846
59476
93587
187723
111666
201924
170774
113139
149804
111627
230530
157057
233668
223158
157449
155072
105234
204339
170179
223682
237355
15567
44291
159548
224305
216276
235973
237765
119204
98384
92519
236004
225534
151225
229186
199220
177458
51052
167585
232102
110515
233609
209919
216887
166979
139052
172968
218085
180652
139126
99577
19692
224453
238625
230138
238772
217184
158549
236602
156257
104113
130797
37437
186820
192994
193078
94272
202388
73075
212140
153863
126941
192157
239859
204851
224546
239498
204499
167134
225080
183812
114958
149850
207136
107319
238977
224823
184842
92218
224677
64877
131694
228010
240148
241496
157139
226955
17454
118399
187715
225021
229080
212497
204537
87498
181432
115283
107254
159721
237016
151979
233762
113148
240502
140290
176943
234509
154656
127115
29406
149694
202492
192902
140589
211579
236197
216555
242600
165099
44886
135830
234657
172482
145499
235355
208221
190744
236497
239163
180624
208286
197948
198416
230346
240653
182808
224813
224867
20915
127961
209292
241271
216980
144987
48735
241699
35978
104283
96311
204952
224342
211706
87694
225763
35445
239014
105322
215267
237881
191106
234936
194167
236564
196178
231302
235815
230626
229331
238054
242272
227711
28468
215974
240521
107192
242137
199887
202637
242915
204164
242128
80909
242472
243173
198671
225671
202974
202715
234940
137623
220381
244413
41851
77967
243832
205008
190038
215230
83963
242758
229718
232425
243173
112531
73430
195542
206965
205477
182332
174281
64659
154690
93258
202211
235444
215779
157052
25600
238286
244999
64500
110994
238378
236915
232661
192912
236763
25595
157114
232796
224477
242840
506
13041
231899
241700
232033
217175
41996
236360
105528
236206
132712
140923
244312
233300
232654
230654
243333
174346
130280
120238
220794
204014
193540
137564
214153
224086
175800
211610
184082
244129
237166
38005
239526
118048
161208
73973
107403
214514
244879
195598
242595
220659
243734
50516
51049
211222
74725
228385
52213
244922
177717
239278
228808
168275
201230
85892
214388
128944
202254
13918
185518
26463
164648
226247
246763
228735
169473
223251
244729
141160
166473
230310
235832
146097
222343
245888
201402
232326
228957
235626
151700
71435
161331
194334
227336
160058
225511
173755
175706
136081
237907
207168
233021
174367
229320
245152
214957
232101
238950
236913
234378
210479
235222
238701
195207
208456
198372
245463
157329
220189
236061
182770
207564
163904
234916
226157
245797
145220
173717
24342
204830
196682
239307
139057
151947
211700
247699
121160
243811
113164
246644
247469
135478
98851
175317
236329
199158
246110
177259
169066
211555
235626
248741
245446
244829
187500
230126
179793
226252
91097
235385
94801
23315
247564
233175
211153
178677
178404
245408
144853
236726
224610
146458
154013
151951
153595
232137
140870
190427
106304
227328
128644
193191
156410
247679
164962
3040
57905
225589
236917
227520
58262
246296
221795
249841
13437
242906
224684
171425
247999
228813
236264
157522
95425
185332
145147
187203
180046
221493
128349
187328
241817
249031
165379
236422
160365
54476
137543
232195
133610
248529
235850
243588
238020
234870
103478
241665
242308
62235
230754
153741
133837
140216
236399
238619
223902
228567
239592
251633
207789
213094
245725
246197
219342
238717
250264
164669
237952
61348
198667
245722
214035
239233
242465
3040
224544
251771
143550
252131
242180
199735
75387
177364
243479
146819
170404
189191
99358
221441
204241
156713
208901
239951
47144
249111
238948
223352
181319
229345
234607
46159
206183
100721
246661
155791
200342
219694
249665
91669
218435
181401
244550
242333
165223
31996
219730
176672
154889
162092
196874
96853
85056
152261
251462
203336
221136
144345
240834
235930
109747
241229
199077
44991
241853
4913
185073
214926
186866
248537
188995
80279
174964
178156
240987
181656
230187
233403
238130
238777
250665
21147
154148
239704
204578
82682
44407
154613
111929
81429
65011
152615
254191
245654
169292
96650
254083
253147
79552
251530
49109
251859
230392
177473
201395
222250
248457
185565
240534
251428
222972
211537
222706
219708
253776
246620
202651
210905
178968
241947
241374
220654
215476
234353
249801
239657
70235
-1
215325
229091
254111
240804
181606
74393
80228
237592
135364
212327
88251
105446
49407
254721
223631
228902
223261
57406
247789
164393
254024
63612
222739
227021
59260
115337
224657
239028
177326
170270
250771
119336
232703
109328
128568
217810
138844
183780
238141
248060
66300
62142
254158
112238
239318
248739
207231
172892
207731
229506
184830
151546
253977
251543
221562
137496
207219
246693
251503
254914
156641
61939
255456
187301
242851
109460
189192
45650
1386
127758
175923
130318
204900
1703
221592
255598
109048
207649
197414
249454
216155
257681
245726
240097
256396
238337
254980
246127
149692
65847
136261
257688
141858
241602
255468
157686
240291
255656
126163
232540
240895
233243
207321
86665
190235
246747
230670
246829
127316
150547
235100
92003
245798
256055
248660
229740
235367
245817
162189
197133
248863
171122
250513
114739
251595
256107
194393
235462
33392
148407
258413
244221
232651
218629
237170
258064
254211
94972
139684
11044
103861
137971
222928
204560
200965
118493
241682
153478
157711
229654
166459
124049
251616
241674
195684
176313
95435
154702
190239
258668
232829
251932
59649
258112
226923
246712
123751
203857
134751
235111
110638
48189
246546
162706
135993
7356
252159
258882
152890
203889
27835
242528
258668
113535
211268
207584
174714
257829
241490
77160
247533
233566
252001
235569
12158
190447
260730
242260
210257
220823
241281
224816
75910
237067
90123
27900
98928
238859
254361
224694
90148
153681
211981
221178
248734
143591
124834
248841
259266
217098
141858
70399
138185
82120
249051
259247
156382
261150
141079
248776
183735
203326
229376
95641
212856
81138
181889
261373
262318
236340
247339
262033
253329
247085
22235
165383
240309
229102
244562
194353
239472
262669
153980
162791
214845
260702
250340
153856
222445
149202
214470
233590
146005
125977
257923
226206
127534
255611
206939
197054
229565
216753
141589
264274
264413
263219
201661
149792
207318
241062
261850
163545
248338
179697
57741
207800
251491
31042
252231
218081
183853
155877
263432
264668
261806
67134
241358
261435
185749
265103
114184
248698
223463
219582
219326
172596
226499
247892
222372
244756
201475
258359
255497
103146
243485
253085
220667
59300
70098
252963
213893
198312
114183
99794
17619
202481
116564
264003
234169
264247
185765
264463
113560
139780
251586
178132
52188
256322
256543
247533
208398
140085
129452
54168
260636
229157
252439
215367
244859
251898
87355
260360
219520
170468
239527
85409
173396
136060
202138
265163
227729
172982
118006
222119
264558
122511
236664
155250
195126
98020
209306
121621
266932
186856
164593
265619
12785
212482
113755
221939
225294
222458
71524
266634
263624
247641
235937
214088
199063
265271
218082
266302
268111
253778
151022
156347
167953
174522
267222
85272
252126
253607
216910
251406
179817
259088
66605
149137
128190
267221
200044
228298
216393
252887
248392
241836
264664
265789
64207
214853
201675
207345
51906
267036
83594
257397
240101
20228
51691
246763
26078
268068
261709
238830
235044
259535
71425
260069
262270
223037
266752
246704
254637
187901
210564
266248
252774
192761
147944
208075
84391
226381
229309
256719
40129
261639
154726
116190
265058
132962
267243
257191
266736
222796
38636
217745
200083
186797
225987
147597
233441
214340
228414
184783
140957
251639
253915
227820
106548
117902
90528
261583
114002
233139
155972
250680
260534
175745
267975
255755
171922
247644
204760
175808
245378
51338
247120
194753
228136
93141
246338
210317
262811
256564
182701
255190
35130
213582
268157
181203
265041
82922
268416
70724
267843
222353
231593
255969
262568
135806
267294
251549
263401
268818
195461
215177
263628
268764
254790
245032
251305
209807
202591
146380
268703
266933
83631
228104
206556
84437
249372
213926
204948
265178
188975
202504
247275
191134
29869
39423
269301
33913
254951
268276
22734
253251
270739
97585
178968
262114
237163
164511
197063
230625
235525
58297
248776
228923
254069
255640
269246
193129
177218
221232
147045
85411
262397
173177
87164
216915
227162
269841
230911
164322
85667
265492
123562
238191
117701
232805
270969
256562
56942
61006
199642
248592
270189
208056
224637
48467
209720
48912
203452
29907
106831
199555
124341
146932
238566
244148
228196
269583
232692
161839
146732
230701
231183
263892
155287
112612
153289
193196
181763
157555
244344
260067
172359
236484
264124
210506
225498
244309
64398
246081
236404
167138
273697
197568
264723
237031
271239
247902
221724
271758
43498
107498
115893
267837
134493
270801
172836
251776
254152
266928
211154
214881
161334
270133
187552
68776
208040
239548
271258
265817
266779
272734
134056
272614
272732
273160
240606
268080
46570
265444
268168
272615
274151
250970
252486
273186
274693
93167
273639
255452
242291
274112
262516
265960
52972
260160
75816
251191
150586
104724
273607
222795
267266
202059
269689
95075
255499
273858
193357
73919
254906
264311
175875
99875
203852
236075
256380
274692
254235
194873
189784
230075
231370
274816
246997
240401
168657
245948
229572
246156
270764
197128
182463
262425
246868
274726
267445
262430
242518
194143
275165
272606
203528
275076
98566
262807
262039
258036
271329
240620
79445
140803
258661
264267
272581
266038
275653
232367
273174
255750
273633
232525
191066
275291
257661
169339
125988
231508
116625
269699
244326
37412
233824
99295
263321
272882
84602
172878
84283
243085
94944
177208
35170
108129
249728
269701
277038
193326
276449
241917
130368
214871
211092
224563
155560
274363
264243
59549
266592
5619
189526
223170
238775
228972
277950
230893
22187
155936
161397
132045
276114
274120
278555
236457
13109
234396
85316
164215
270017
236614
267965
88543
140130
265100
148950
248427
221292
206309
152719
203578
273735
216782
246583
232055
270492
278864
215641
126194
279181
275777
263525
237108
230017
200363
222465
271409
266260
258558
252344
161014
237983
200766
200853
226981
118013
247269
264923
39196
208236
268690
73790
124661
255820
278624
45803
210219
223787
250840
144741
194063
249664
251405
227061
260435
195352
76607
177368
13652
231759
83865
234467
187339
279646
279424
214369
259265
272512
248024
274181
83925
262195
161997
260789
124130
248118
195765
278753
230356
70760
66670
55563
75125
279670
269396
278016
95424
279383
220517
280120
263684
277609
264184
265162
174720
225558
54906
215539
266442
151577
175755
212388
164961
212385
237834
237504
211236
154495
272912
143405
280895
261566
138202
119103
194148
260464
280619
273036
159338
265396
157669
272709
279490
192884
86263
272541
147923
237431
256908
200961
279432
279874
281440
276505
281224
268243
131375
245893
139444
5267
234847
153394
280951
245001
169124
172717
277593
171113
267129
74969
227902
273670
255983
264029
225150
216062
255910
124832
256100
172807
261380
114976
228337
251688
278514
230304
180004
281832
279305
249461
170313
266016
46445
282071
236255
261821
235718
211138
208910
269688
283226
257232
192522
252236
269641
265315
274134
213032
242312
283254
93986
43224
205767
269358
279860
261476
240621
209606
281221
37432
248828
32018
209339
210319
242704
270889
236163
283410
267034
267122
104533
279740
283262
276874
185814
213732
226646
275035
46498
281917
130452
271160
141002
174261
188858
239093
167486
266209
207444
197541
230871
278476
274858
79440
284632
249507
196155
270756
269033
156090
205205
255581
285673
265245
23959
285027
227724
253860
235253
242537
140518
241584
187730
279483
58949
271403
282112
206425
189598
11335
279925
282447
276555
280999
193986
266070
215977
134436
226248
85245
209620
246252
125154
92924
81943
191140
269459
286221
245821
268114
135183
204015
195686
273719
279031
229041
77927
282204
216620
129010
240000
281452
249187
169151
284370
278989
100153
269125
276143
207574
257569
130327
175991
98120
231637
285211
196051
150834
161003
244498
285212
275009
217370
252983
273659
203111
106976
288361
197452
155167
278655
151718
149743
271129
192209
155597
69282
163550
273482
157975
282486
99321
101593
166665
201598
282990
254243
236609
253770
113881
288503
269722
287673
273707
219445
78452
239365
49393
163059
155855
188269
100256
287969
287725
135059
285960
240906
250312
274082
128873
284496
252808
95466
283235
83905
266058
138017
286531
247456
226876
145652
281437
232933
155069
263944
287034
270859
240069
271258
279469
60319
275011
91954
273495
248863
290105
221087
275519
194580
234559
241492
281065
253251
96200
289271
280735
200216
282403
61526
232744
260906
280856
203478
289217
270791
191646
79542
265063
265021
277835
221994
240216
90631
181520
201991
290562
233666
277207
285352
171814
76960
289057
166778
286398
156215
118289
277188
186381
40181
122254
68806
167541
242445
289637
290669
232983
165251
286754
287878
277071
273465
270750
114406
276490
245925
266850
150512
217494
197534
259669
222795
291432
283100
284388
207488
261509
276381
290731
290599
287739
268430
273797
202676
132603
273724
284023
260577
277548
133028
249707
213737
284077
217945
288144
156277
262675
19375
233763
278692
255351
246911
288636
203734
280283
283082
197323
87868
287644
251336
199736
132867
208141
174203
233600
268847
247806
113753
247673
184728
276377
102679
227449
120023
277659
99758
270490
3826
51366
266729
203688
278940
228368
245417
144996
276623
264739
82486
82833
280061
284139
274951
224502
275626
186699
288656
289379
292754
206771
286506
285928
280497
275559
253391
233751
249781
268194
292476
123221
228821
233450
265043
119448
246522
253018
96633
291653
287233
103619
275498
254068
199714
144451
248695
292428
267549
289558
116133
249469
201977
188968
229515
7882
240432
234102
214116
292787
245841
246458
280113
89285
278962
241625
287624
122690
150327
267871
20381
250531
225086
282563
290790
255719
208071
294539
267651
259679
281315
191731
279780
292468
88705
125241
182304
284676
291082
251891
234202
7351
285527
119359
249552
247614
268437
110978
144117
245903
123621
63252
130845
214456
224384
83630
285320
244421
261938
140568
234418
167834
271897
215527
290465
293657
184101
139324
86721
293413
272393
235111
281495
170053
274861
154426
280529
201381
287051
166726
294275
132124
230731
259642
293696
261495
271871
281883
255982
82933
279762
240845
90517
196931
226036
252231
269512
226917
253037
277354
247780
44475
288748
285962
91481
273336
289838
283361
290276
265704
233981
245883
235674
138925
295222
178713
157990
161619
219285
222745
204679
202933
252880
186459
296302
213978
123140
275805
209345
203010
272624
295724
220311
280882
85258
254390
204520
228612
269384
286618
284752
271107
296993
58599
206335
288308
194939
283351
209564
258086
252663
296798
234082
263833
173406
281592
261856
236407
275729
274081
282358
197611
295665
227118
230332
140215
264356
11056
281660
136197
283765
295787
257025
212832
296244
43067
190312
268547
286089
293944
287786
274013
286061
297570
196026
292159
296362
121857
118035
227245
168549
296242
291270
282476
243163
284988
204003
278048
143552
236359
288499
237625
297676
183906
296772
173488
131376
297275
176000
248926
28953
268943
297876
289386
127641
277799
279259
286297
206907
297385
102290
264176
262920
284455
298138
109850
272500
255764
297537
207474
237121
282756
236161
236161
220756
238542
75684
191637
281661
258362
255870
34484
204805
280365
255092
286859
20112
102322
160326
265090
233932
205353
246193
125773
57311
254099
281908
290463
299110
262200
300082
297101
165670
253274
236792
283903
14259
239623
112260
264639
261164
261409
255674
144987
237966
273652
101443
249279
207470
197241
58042
199584
256033
254983
128615
280513
281666
226918
293746
267417
177643
271927
73003
294511
196655
129622
236908
239177
286605
259571
299513
285670
262672
247791
197114
263436
262965
300941
274464
189254
218826
240636
244272
300364
294574
45170
300791
207782
301222
157666
213176
141293
175945
253980
256036
209757
199011
301088
183548
77616
36250
284032
290484
243518
79441
33088
238204
293073
291962
154893
292873
300912
300610
300599
244981
162582
163383
207182
214395
250233
274397
279550
106996
295966
89572
98957
222483
160580
287220
161902
240482
24915
193849
293235
287829
302247
146160
217409
209330
302062
118117
236385
271911
303172
160125
168682
83528
264152
239723
93629
302942
284525
233990
147553
209472
301366
236758
252917
262597
225987
259013
134849
289167
23324
302884
218761
167638
287771
218023
210543
302570
288430
215665
48215
187609
266682
266699
266672
119990
294772
289168
97906
289368
249937
252084
261037
283885
288590
303638
301464
153979
149628
199445
181379
208108
303061
290117
273642
106460
298692
301513
282427
285219
245290
293959
247332
215014
304243
276925
193161
240512
304396
110100
98158
293615
303370
277411
304400
305032
288839
64564
233219
264227
290488
235185
218380
281459
31407
235450
294719
71225
139893
304632
282842
240092
27975
210477
251965
303258
68805
275736
270339
273746
41600
289095
179468
140595
304748
283331
50573
224667
305165
304217
287149
104241
254595
205453
294678
254343
51816
297680
254408
297006
230039
293656
289043
193688
291086
217537
303077
261214
261418
303086
238550
304451
171562
185824
300899
65685
280306
195821
211973
85566
241164
189635
92241
290475
301384
172581
260060
147743
297545
190795
305269
289532
152307
88017
66042
140186
284702
212781
268607
301727
298838
306789
293221
286546
205145
298172
299733
293649
303222
241723
304118
246142
37636
122053
289955
235076
269369
306912
234959
307622
227301
252700
249534
64818
307213
177135
298231
220493
306148
112563
278407
182971
150870
202965
244160
288716
192976
306989
114560
307574
290442
300735
308247
104625
215783
293010
266959
295350
223491
1212
288401
242731
309552
91333
131340
264227
202862
300252
305721
97136
257734
192449
294450
181678
263234
131501
104668
175680
289106
294072
304925
239378
238000
141842
266133
120496
124119
201137
300013
310206
284266
293996
260065
-1
300029
310545
122905
303190
55605
96292
159590
169207
275665
186763
292393
141407
227765
292172
227834
150935
297267
185040
78623
290018
252800
307824
265707
299009
307975
72062
295748
290942
275995
242628
310804
208303
242456
206537
255462
191357
266126
291301
308912
262583
147231
275108
178629
309782
303218
169111
110729
112580
301787
292868
311551
160916
10056
310779
141915
245046
250871
49168
234034
254412
312514
101572
128992
219206
292630
310937
293100
7671
112748
296672
240036
230784
159732
119726
294012
237181
266631
269305
139327
296357
244919
184096
149321
297144
265558
298049
311968
110335
63176
128318
197383
280298
290956
215004
264841
235186
265885
293956
74607
297361
291267
137386
42318
227310
200698
141895
261362
90706
306181
310591
246573
290362
234550
303030
310654
296541
182411
288073
82764
278524
293622
271045
267723
230612
111221
79361
204191
230598
290285
312003
264613
303266
267562
313200
291478
250648
298489
311437
235485
298432
277881
268648
101045
237650
42078
300243
311989
313402
273310
245591
284717
294337
277727
137458
295576
306709
99829
201714
261276
297688
182919
254922
295907
206940
298273
307618
310576
309416
313379
164522
236350
229665
238952
16968
244312
298982
206503
299702
309253
120430
184684
313926
142619
268550
288844
272775
314242
312745
305570
187333
221398
302675
189274
312278
261536
180433
299453
230952
246146
192696
200661
101506
217517
315285
297352
313526
13121
158194
304159
299760
306463
312847
314400
274347
313923
305095
305046
295535
290060
301683
222821
150944
311585
310238
264902
278313
203381
315068
301965
312464
303975
303696
202338
289483
260535
249545
282875
307029
297946
251745
288558
315286
301812
313948
268767
304786
233190
311442
146639
204927
85343
306289
309453
167679
245195
302566
303398
279348
314112
311898
62929
204991
160828
209802
288641
113908
310934
88814
201128
254440
192866
167895
150031
123805
63723
253589
310796
274002
306929
136121
264143
317941
315184
228289
263990
275065
277088
298538
307886
288802
299935
217542
312365
245680
221605
261710
267416
306940
255732
316483
256675
306558
273867
300120
272619
291495
253484
135925
281705
270548
235292
219488
270581
182663
297461
208585
313909
151666
19507
220136
201296
84097
312884
289278
154242
307788
86197
217725
183412
315846
55487
118747
100786
294476
307503
310225
309262
228899
276123
263953
281760
257575
201694
303232
121224
319037
237340
187490
302735
273012
317985
287043
191799
18279
306051
306923
196443
154728
310056
230280
318990
309155
318642
70565
108456
283263
187768
306325
237775
40380
303006
262815
87313
288541
20216
268630
293808
299658
186521
313604
316740
194118
238252
188618
312107
46869
240733
239245
162298
278820
295658
107017
247618
306897
194409
97142
320669
252381
211025
321433
111291
307804
154591
208420
271264
319915
297433
306271
17682
270283
297925
276814
280044
277916
321130
317904
312055
319859
321349
75470
150084
308259
267200
218172
211942
237349
303878
157007
139894
286615
293778
221260
314788
277272
86975
105903
295151
321822
311037
258909
206280
135023
308009
259767
63228
302352
136732
306114
227527
309071
297397
278577
300814
251047
216314
156199
297329
192411
247692
207839
320278
193547
266036
248696
290555
303790
302698
139405
312418
302483
307240
108234
30681
227835
304246
78104
264056
263915
223669
275031
55008
283813
198498
176271
133498
312354
138324
238487
112810
248945
176282
319818
100913
294265
89577
322621
322690
280896
318079
298870
49556
256001
248351
291043
8018
288159
245717
311796
238900
320833
306892
243129
297841
323104
323207
275508
192936
173427
274547
102707
310912
211695
22380
232132
270113
6700
222684
317464
190665
27368
249226
317940
164942
96444
306663
297625
216994
313589
314243
323042
230232
193209
246005
323338
216772
297008
321218
300117
236331
318119
163757
322559
259882
220360
160099
249379
323502
187771
289759
278852
203299
298981
159280
318449
70346
200787
320966
220608
308421
275081
203490
269169
270490
203353
265519
69154
289869
100266
323647
303529
263189
279321
86416
268205
323617
188081
325348
217634
316027
324474
224270
262106
296145
154068
228176
220844
259740
312188
243808
217510
174802
258577
299839
112302
322189
282718
306340
307032
261267
9188
324249
197182
258668
62651
314865
321280
309667
305066
305213
158027
115915
286782
208873
129840
241483
235977
136522
104952
277028
144296
260804
326116
312390
121620
259015
326094
238888
301210
309089
278928
207318
267177
284447
255922
264197
313208
326370
62675
220754
203072
257249
326953
277180
321034
128616
304962
325329
326492
266877
270596
238966
279545
309939
327543
325046
133114
327894
74022
129875
302941
310215
283010
317541
149905
245023
326293
272960
299493
325355
324918
267453
288408
313870
176705
276087
220716
326894
266866
163755
284087
314276
306334
291490
315136
279024
202932
100881
227744
288791
261396
90881
320682
277326
208853
326468
134661
180830
329476
229338
306032
327505
79723
248900
320199
294695
247883
303994
328301
286719
328477
328677
301934
328850
178041
153993
325234
253398
317126
260612
105055
273579
286988
301266
284331
201304
20505
290417
266624
26816
279801
245922
224852
299123
320764
262956
317529
324652
268841
194350
329019
289485
327226
232794
330269
190370
271932
152851
325326
245239
285164
276797
238795
327351
282844
202204
329662
269754
263784
256665
314300
293566
292287
233582
271339
271125
307581
295826
195558
316095
299578
331264
324682
126959
308191
299716
300213
304650
