48
70
7
282
271
272
251
169
241
186
57
241
302
349
421
369
425
303
445
420
527
429
360
402
463
214
445
455
339
353
498
454
143
518
127
428
365
437
484
635
618
592
631
910
969
906
545
640
620
779
758
759
846
722
907
533
916
245
890
480
1270
1270
1400
512
1335
1592
378
575
1659
1480
1533
1364
1315
1003
1678
1574
1265
1823
1458
551
1333
492
1685
1746
1283
1812
1797
1845
1852
1097
1836
1607
869
869
1151
2083
1365
1297
2109
2023
1536
2057
1956
2308
421
2373
2444
2107
2455
2314
1118
2150
2376
2485
2836
2356
2480
2080
442
2857
1857
2275
2732
2915
2880
3053
1931
2959
2003
3025
2929
1216
3137
1878
2642
1669
3254
2745
2846
3211
3487
2154
3271
3423
3588
3510
3396
3623
3470
3887
1388
3793
3289
1555
2935
3802
3695
3335
3186
3950
2990
4046
4196
4108
3936
3957
4110
4380
4255
3366
2925
3227
3492
4207
4389
3532
3752
2702
3526
3387
3836
3144
3992
4311
3372
4365
3738
4331
4500
4654
4621
4513
3325
4156
988
3774
3320
4854
3671
3346
3720
4567
5036
3530
3732
5103
4000
2509
4808
982
4796
4002
4809
5042
2837
2612
3266
5021
4097
5241
4055
5204
460
5377
5025
5102
4866
1634
5347
5250
143
-1
2126
4512
4950
4011
4081
4327
5094
4154
1679
5639
3593
5588
847
5941
4902
5844
2485
4226
2164
5442
6027
2776
1689
5288
4797
2700
4851
4155
4416
5719
3740
5980
5330
4450
1877
3038
5180
3474
6134
5164
1867
6155
6088
6321
6414
6346
4804
6291
446
6517
6193
4747
6519
5762
5845
5485
5122
6699
4435
4601
7014
5008
4835
1200
6969
7122
7007
3382
2130
6733
4625
6387
6835
3905
4975
7060
6276
7086
5444
2789
7129
7014
7433
7727
7412
7663
3149
7301
6507
4900
-1
7840
7824
5838
5152
6519
7996
6122
4192
8019
1689
6026
6118
4111
7845
7932
2536
4466
6360
8025
5787
5024
6800
7817
8401
8166
8266
8053
7709
1710
5733
3195
8061
8095
3525
7509
7041
6560
6431
8327
5118
8857
8535
6493
-1
5630
3283
6159
5433
8694
8687
8911
4894
9416
8060
8964
3044
7345
8835
9448
9483
9521
1265
2125
9780
9625
3695
6544
7079
10108
9545
9551
3644
5728
9708
9930
9739
9268
9393
9881
9806
9830
9967
9860
8803
6626
9987
5590
9887
7970
10722
5207
10345
4078
10409
10412
10409
6886
10368
8148
4299
8214
10839
9138
6974
9984
10722
6594
9252
10222
6839
10093
10230
9646
8407
6801
10055
10085
8252
10451
8489
10682
10053
9368
4904
6691
6432
10985
10524
10663
10594
10721
3003
8877
7012
11099
11408
11794
10961
11269
11492
11219
11457
11809
11749
11230
7920
11175
4124
12173
11744
11337
9491
11440
11717
9717
11530
10506
7382
9296
12445
9333
11603
11462
11803
6390
8556
12233
11723
4563
12761
12687
8643
12730
5525
8219
12476
8452
-1
12214
7616
12732
13137
12304
10972
12338
9666
12918
12271
12008
10440
8876
12600
2671
9213
10648
9524
12076
7885
10664
11245
8994
4254
12956
10141
8677
7399
5831
13734
10775
13145
8073
8643
6166
6064
11383
2526
7143
13465
9127
1211
10910
13833
2295
11741
9210
13670
13468
12749
13977
8587
11739
12743
14278
1295
6961
10836
11181
7011
6027
9241
14834
8665
11945
8698
12107
13673
14709
14269
9090
7755
12224
14962
9970
7423
8387
15261
13707
11963
15171
14262
12710
1874
12818
13610
15685
11301
15575
4419
15977
13342
16216
9378
10135
5467
15975
14137
14411
12852
13930
13290
15797
15210
15750
16299
9332
15101
12939
15646
12174
16041
15835
16181
6671
14904
16235
16560
4918
15167
16098
15871
5725
16145
8779
9982
13105
11982
15191
16483
13547
15799
15054
16187
15283
13210
7180
13452
7863
16934
6560
9857
16413
8838
7983
16830
7054
15664
5246
17093
11390
12958
14671
15763
8773
13125
13033
16248
17210
15672
6555
17423
7212
7559
12637
9731
17369
8364
16167
16437
12568
12899
13271
17927
16665
15506
18460
15032
13924
6742
8191
18079
10810
16786
9786
13462
12885
17925
18651
18803
13464
17825
16534
17415
17845
13615
17670
16983
10377
3676
16634
18303
17107
18815
18166
2185
18619
19121
10929
16532
14759
18781
17629
14049
8987
18762
18578
18581
18150
13623
11762
15831
16275
13115
17470
18603
14943
15352
5720
19547
14221
18410
14751
11833
18717
15472
13864
8225
16966
13167
19772
14343
8651
17567
19076
19629
7074
19010
17511
19587
18153
20419
8602
16806
6196
7206
14752
11062
18256
6580
16826
20583
14868
4521
18627
16216
19128
12369
14851
20582
12369
18876
10765
14942
15687
11797
20718
711
14571
2027
17731
20798
20432
15958
15793
15058
15759
20944
19427
19137
19695
8159
17981
16091
20164
12889
17671
20772
20324
19310
9645
12035
12403
17684
20117
12713
17766
20032
13903
20638
21100
240
21340
19522
21543
14026
8391
19986
21408
19887
12683
21868
17543
21635
22215
21950
14116
22136
22236
14668
22334
5532
14803
19154
13076
8231
21661
16260
2865
3886
16092
21818
22365
20534
13166
22544
22294
15671
17312
19931
22013
6685
18294
9142
12291
22692
22661
22724
23061
22317
8630
22551
22172
21319
22651
12545
21977
22219
23191
19643
12648
16994
18938
21071
17096
23307
20088
14185
22777
19296
10996
20610
18284
12924
22510
22566
21813
19139
23504
23002
19790
14065
6620
22129
23494
17702
5746
12503
5134
23800
12754
22453
18057
23063
20201
23247
23975
21686
23106
21609
23134
23561
13871
14483
14676
10015
24296
19198
17403
18850
24415
24904
24563
11347
22227
23713
19558
13085
13159
22833
17956
21346
13300
17766
20802
25220
20992
11338
12470
24709
13564
24115
18565
23456
18365
24819
22270
25071
24612
18708
22565
18468
21058
25903
25796
24446
22910
16304
24484
25920
26076
17492
7545
21394
25905
19049
22407
24067
14119
21214
18846
24799
15540
23701
21986
8862
22086
22478
13475
22810
24039
21999
23229
13063
19656
3413
26528
16692
26541
9648
24273
5497
26528
25060
1992
25066
17020
2098
21791
11994
25368
21316
22527
26666
16484
23015
7618
26435
5204
26642
26977
10473
22189
18960
26981
25633
23095
25807
8587
4859
26267
26765
26564
19957
19931
25737
22986
24700
26307
27006
12109
25708
19977
25262
11410
27351
27022
25163
5583
23369
12351
10604
15654
21234
22111
19782
26245
26854
24194
27464
997
27770
17713
26958
26380
21151
25144
27127
28342
27232
6659
13187
26873
27027
26263
5119
17636
16394
26861
27344
24596
23596
28647
25842
22433
25337
12796
28707
24710
26966
21102
27491
24687
21626
22450
29003
27680
22752
24538
28722
24632
28298
11354
15902
29321
13132
20820
28236
29097
20652
9411
18334
16939
27141
1403
20124
26227
29634
25726
24036
29712
29767
21602
21580
27401
25590
29789
19998
19764
24783
28636
29492
29553
23865
13429
30236
25671
29963
21033
27907
15092
28907
29819
25700
29762
26196
23837
21842
30221
7749
21846
29676
24752
26919
29854
30344
29657
29929
18574
20186
17359
17951
29769
29342
29996
30483
28298
30582
26672
17083
30047
30824
14254
22476
27243
23920
9947
6241
31046
28601
11938
22713
31184
20829
31158
28252
13516
31260
29382
30826
29412
30709
28257
27034
27735
30009
7190
23104
20811
24169
31453
30618
30790
10981
30787
23085
23449
22837
25519
24332
26170
31804
27366
30973
26875
16903
30015
3058
27299
18565
28477
29505
19130
29517
30540
27370
31404
31870
30316
9346
13786
12257
27105
28023
31221
32318
31443
22351
11183
10303
27025
30939
32615
27233
10585
13666
21643
21044
8857
31884
25623
25009
27711
18661
29743
27842
32897
27781
13234
32235
29798
29385
29786
25444
17030
25377
24852
8175
23710
32612
10482
31127
31481
27178
32664
33166
33593
17409
20123
31258
9046
25159
31370
5894
20773
33606
31651
27215
31889
33528
31537
31513
25864
34227
23770
24193
25065
17037
13274
8392
30760
33500
5752
15561
33438
21013
24747
28615
17556
26808
1522
33271
33966
15352
33672
25983
33003
26932
12514
34371
28274
15081
34283
14561
27288
23400
29793
24155
26496
33233
780
28501
26585
25514
33755
15745
16273
7202
31128
34356
33725
33124
29622
17139
12822
34215
16760
17983
26096
31201
12076
25165
24280
35149
29470
34507
35118
31966
28014
30096
2894
21765
28236
33536
32267
27059
6643
8800
35238
27750
35382
35383
35065
16141
35928
27743
17686
34094
34679
20775
13739
34775
35386
20011
19993
35480
26658
6585
19324
9447
32774
30010
36599
35929
30408
36845
35377
11306
35715
30335
34727
20816
34865
28935
35110
13900
2766
27796
24217
34438
37353
35554
32163
35378
37523
16992
20906
12500
12487
35495
26267
34271
35737
36689
36209
36730
37021
7530
32127
37024
15761
12651
27885
37891
23413
32459
35217
35887
30450
6830
28416
35702
30457
17086
37696
12139
19297
28805
37646
34221
38433
8067
35178
30440
37765
37980
7215
27318
37447
14865
27177
34140
30642
31016
37035
34569
38217
38668
34229
30679
38120
37131
32379
37016
19465
34381
34858
33303
32104
34638
25396
37831
27263
37213
28183
39300
23976
37783
29901
36615
29882
39470
34730
34176
30709
39783
16867
16340
36268
37401
29275
29069
33730
20612
32358
38531
34581
29732
31423
37300
37542
33824
36502
33718
39974
39705
14656
36261
39668
29808
18519
40125
37812
18740
38098
39981
28448
2560
23075
40098
28420
22606
3988
31090
39371
39211
39951
40082
40132
38750
37913
36252
40197
32124
38827
9519
39283
25300
30131
37589
39007
39333
39831
9576
24511
31350
39727
40884
9480
24720
32629
37008
7554
28107
40448
38982
15526
36526
41732
41619
40466
39333
16456
25812
41100
42078
15301
41770
39733
40656
33397
2122
27998
40608
41770
35315
29989
28825
36006
39720
17481
4123
35906
34374
15769
30586
31426
32202
36083
27519
15473
19980
16269
36368
42801
39752
40304
40563
41686
36305
3106
41751
21967
31287
42800
1791
17403
42759
18526
42459
42782
33001
33042
27507
40596
42014
42977
32682
39980
19104
42889
42047
38302
41214
38165
39412
16907
43441
42174
25073
43306
41611
22672
39223
38565
42267
7699
36755
10552
31071
24222
25268
4262
31172
21548
19915
34033
37310
38486
44329
41625
5878
33857
20544
39802
41524
24643
43191
43769
30824
34289
33538
34202
35234
43197
41198
15125
43936
44092
35486
42747
42429
43191
23251
43271
21144
43605
26102
831
44371
19552
22085
27540
43068
43631
34168
19604
36932
28961
42164
42291
18363
25154
39172
41891
32189
34532
17441
23317
43369
44428
31919
28684
31537
33948
42913
17506
18897
34092
11921
34939
43851
8185
42658
40556
44329
26564
43580
42657
33236
44524
-1
15988
43996
38411
42937
16964
33028
42566
30469
31264
45315
42820
45636
41060
16975
42885
43399
45562
38953
6428
31966
34958
20197
42058
19791
30552
33167
43768
23736
45266
45893
29197
40874
44045
16685
45424
15162
44689
27050
37532
23931
45904
44274
46752
4350
39383
43889
34897
46585
44432
45398
568
20345
32092
41642
42200
22563
19702
46668
35400
44240
26862
47564
11541
47063
22478
39418
47479
44127
48209
4973
17980
41568
42504
42948
46331
46045
47514
47852
47384
30357
28904
26819
34326
38478
42129
46954
36948
14421
43193
42525
19361
47076
36419
37222
42618
46338
49049
46094
47607
20620
23717
20735
48070
31241
43137
46674
40640
45085
40785
46460
39400
21454
30411
43670
48002
40757
47448
48775
29208
49386
10204
43431
49074
47872
43954
33429
38720
46079
46810
7425
50108
51116
43322
4187
14784
48010
28056
50507
44068
49074
9725
27484
47316
14883
34913
40159
40204
49044
47418
49513
40338
47467
37309
39435
38488
48001
49078
47319
50760
47450
17762
47386
41680
34807
19747
17768
41750
33107
30202
30759
45991
40609
3150
6918
38302
51634
36535
39577
12110
21708
10174
46633
31468
47742
48484
28231
48454
51212
50756
25435
42654
43038
49538
48742
40311
38800
43104
48232
52356
34164
43966
37533
52668
50599
48850
50421
50506
52490
50476
52298
45798
37303
51798
49409
39091
38054
51198
35238
46899
36983
49160
50906
37643
32611
37496
52203
46269
31520
15040
45273
49726
8836
40566
52787
33017
21560
19088
52570
51649
49996
23315
53544
52568
52827
49792
34701
29711
53514
44946
45880
18618
37603
47338
54224
50627
37662
50371
41730
21624
45556
38223
50686
52405
52724
39400
41865
31960
34393
51204
45443
52506
45419
28347
50608
44155
52067
47376
52821
52823
53092
40531
42097
46278
46834
41067
43335
33748
24792
54273
53339
39640
53410
42176
54753
50785
45913
46284
25182
21359
50838
23139
46905
48155
25059
45989
48370
55049
38617
40506
53877
51116
54048
39137
38333
54036
326
52499
12832
35444
54377
10211
19699
55242
51986
54534
55259
54395
53228
24155
52416
49581
55278
48751
10057
48691
35134
17128
23664
55434
55594
54491
37987
45038
37664
42290
15968
43004
52964
55772
47187
31568
26312
10931
45145
48109
55814
46923
35367
53683
56022
47125
33169
47158
53654
56333
41459
19471
53523
56520
11704
55958
45188
18381
55542
33572
50713
38704
36589
43320
22188
44351
35393
56620
29757
31954
44062
31598
54167
41699
40909
48093
36944
20191
45068
57112
30520
50521
50341
57060
39783
54213
54419
39470
26545
53102
43577
49091
57375
25136
26316
9771
33936
53809
51219
53934
53399
36784
41894
24405
54232
43751
34356
17999
52778
38002
25537
18789
56141
47046
16221
49044
18460
54149
54674
58465
56962
39749
57307
35031
35798
45040
19259
56153
47544
57000
29099
54893
56771
54808
54674
54878
51025
40822
39357
57070
57117
54463
50841
45933
40666
49997
23536
43682
20915
50608
54460
55450
57997
45229
56601
35523
50678
50175
38247
57782
19461
49064
55298
33298
55463
41663
59100
59072
51019
58645
56062
56322
10018
50771
56040
7462
58779
55965
31462
9857
56254
55302
54620
46049
6287
25614
34253
44353
58493
45935
55905
21426
53592
39662
10476
31500
53778
48101
56726
53053
40841
58962
50939
60924
10430
35207
56211
39715
49827
24209
60831
60278
56151
60844
56765
54043
13456
59694
51886
37096
46827
52680
32526
6113
57364
16175
36319
50873
58667
47182
59046
48029
58312
54248
45929
57480
45744
50928
9721
47518
32624
60165
48231
61553
42548
61313
10110
56322
61382
59893
30651
55022
60532
62242
32923
49178
57763
57344
13368
61570
5964
58198
48706
61279
28247
60600
44240
56599
6918
43816
51229
61917
57703
50155
61078
55982
54089
52474
52073
58629
55903
48169
53713
54958
53598
62489
62543
60383
58112
60516
62636
53474
23751
10207
18586
61038
33947
44186
56678
43281
32034
46352
57584
62780
13319
31801
58314
44795
44587
52829
40097
14526
367
35696
54199
7403
52489
45730
40768
27720
24289
63255
62800
59340
62237
25386
30541
63051
35028
35945
44234
39919
19893
48091
63020
43311
56342
50683
31363
56084
63216
48232
46159
14711
49418
54713
4105
50199
50760
46747
12260
20717
63668
50056
59983
63885
60509
18210
30613
26886
42162
48163
56901
63242
56243
45285
58360
62322
19470
37075
49083
55378
59211
63664
31117
63360
62247
41025
45740
50516
55623
4426
39744
13949
50293
59327
63273
44647
60575
52093
63341
26707
63656
21371
42359
60325
63773
29041
46467
57074
49266
49306
33120
45468
51560
29013
46169
65192
64565
31252
64238
64547
7714
65558
54320
48615
62534
64623
56649
25431
35899
65683
23109
65307
43394
45600
64763
65209
65957
63285
51479
40957
64674
3233
65295
56585
50390
61578
64780
26165
62157
23594
21659
12892
38662
50679
54714
62869
37782
35713
58165
62629
20812
66621
40672
19879
28780
47327
54682
65725
45980
66743
51210
50276
66523
65857
36617
42320
53000
51832
48674
46530
67287
43071
60835
63246
52124
52303
41150
48996
67137
63259
63648
60909
65415
46088
62506
43351
61573
42498
8467
65228
19965
52638
67898
28216
66646
68458
60356
65474
53755
52869
58541
66459
3286
66915
48348
34169
55313
26712
63888
67405
17377
63946
63751
66692
53036
30133
55948
7996
55637
48069
68695
16159
59276
67421
39919
59333
22812
67689
64150
40010
44928
66866
45616
37184
45298
26759
23129
36458
25035
57232
64243
62337
37600
64652
67257
47529
65465
42590
53537
60963
64635
64282
68366
66557
63897
40639
61704
57898
4559
48100
39064
34437
67562
65218
51915
47282
27584
68443
55138
5467
14617
26409
52774
12510
44761
69175
16411
69870
68434
35526
67351
50837
47053
69733
14480
50175
14083
65796
46582
29198
55940
34331
11872
5729
65651
53334
16436
53941
54476
46747
69836
52150
61583
52161
69867
66012
65241
29766
15451
16550
68277
26362
60983
26381
49512
66535
27590
70462
61912
70391
51536
47246
58675
69225
14330
67786
71229
16435
53804
49317
64880
71457
70830
54239
63766
37375
37149
69625
49083
3331
42678
71978
70595
61673
67033
70137
54692
41123
41208
67477
31806
67091
45540
67080
10853
41904
68333
60774
70073
59914
42666
50795
68539
45978
69888
71211
40235
72451
67701
70565
41377
70008
46414
32291
50884
43825
68389
57195
73424
26455
59149
73201
66849
59975
65076
39466
65512
67135
66320
61786
68450
72002
26516
12607
66637
5132
63114
2687
51737
68780
51641
64663
73967
70141
45772
68930
73027
65591
33036
56679
42215
38175
56668
49114
38100
67373
68841
71661
71091
21495
48852
9777
73336
71853
47198
65604
25140
52677
17190
55794
73574
67479
66211
33633
12824
73120
58421
44864
69045
52952
48583
33326
44593
65442
69113
52215
41164
56415
41266
52886
41647
70153
63050
69827
73045
26510
20508
57525
72844
33064
51153
70046
66871
27331
52867
58423
73285
4345
48597
35788
72768
43100
69867
72917
56520
72148
65063
13019
68813
40884
70111
40382
41219
71505
49469
71438
68907
46478
63153
74560
60220
41887
15149
53475
75531
69988
42252
68268
48792
70389
57402
25919
38090
50756
68293
72917
65386
45084
65116
70948
57274
75854
67988
68085
68314
2824
75792
70893
75742
75796
16175
55457
27850
71009
28079
50370
62958
50677
61647
45885
75157
76866
66341
54288
75232
64683
76774
15505
67840
65982
33237
76377
28455
75139
66459
53630
76480
69220
73672
45077
52828
67714
72504
54646
14316
54169
74998
71881
69942
69521
72417
72227
65175
74891
76570
77311
77449
70461
49515
49890
40679
72537
68159
47970
53820
75276
52808
75604
77897
74564
55237
58420
72963
55173
20906
52184
52751
77813
39633
69476
76024
72218
58897
66606
73630
55861
74813
14842
55498
29160
73751
56879
73470
34744
78104
25295
63658
55808
56676
52388
76998
14491
62894
74516
40117
42161
45695
62497
64120
78731
44579
67431
56476
58566
78058
68351
11968
68979
61863
74396
29720
69143
29849
70360
56230
38379
77785
79538
46076
68483
45514
61025
16788
68978
54137
61547
75260
49174
76019
42220
68240
24332
77973
75249
24269
22558
53108
79589
68179
43181
76343
7405
75640
34575
53125
68243
60291
75903
80908
66994
78733
67328
58448
14375
78276
80817
40204
36120
59676
35230
62522
79968
76018
52483
60980
38761
62028
66511
76221
35850
76832
21805
62557
49991
19339
34793
63529
81154
80832
59441
72014
54720
82251
81367
45538
80831
30382
57766
64629
72075
76875
81409
55701
72036
32255
41231
81049
77232
81858
69759
73692
65935
81567
80020
61945
80286
22650
75533
82743
78793
67227
64567
72392
80019
36511
77295
81388
57621
48359
2401
74490
70673
80235
48458
60300
41629
61411
40745
55788
60272
83045
81919
13963
70675
68152
56503
55288
81668
80323
81259
81585
17031
82361
47199
36432
27555
24758
64396
5546
81118
5925
79774
82502
48942
83704
68419
64596
74893
79403
36196
83803
22798
48221
65946
48067
73734
46860
30918
45496
77779
79504
84202
79598
76746
72229
51539
80508
82208
42075
78115
82785
59160
74242
82542
84130
83761
79677
79704
80517
82697
85715
74140
33953
68867
67312
70473
82369
83129
84609
6551
72107
58269
77100
65699
42779
74915
84369
66583
75365
-1
65413
71037
81540
84675
74844
81215
84512
83034
35663
28258
61800
85551
41112
67314
73194
14929
85835
23374
76247
83834
84792
37302
81997
11490
34324
86963
75020
68908
83650
61082
84435
65651
81879
27819
77518
25375
62645
65222
61664
80093
64548
83958
41040
48486
65167
41133
67842
61982
75488
76343
62970
54295
28197
52575
72074
78259
72103
19572
80643
61806
79076
86425
54620
68904
84773
46715
9129
85172
61004
85728
85999
74794
55487
72356
82739
87239
86893
13706
37782
86496
86445
80477
52406
43234
47624
82414
72610
71165
80177
63680
87882
29445
3395
82444
6857
85694
43527
86711
86984
87281
74887
71989
87917
83749
78646
31055
87858
40545
80391
22628
68887
38032
62104
66554
39713
83947
32056
24877
88061
56841
87141
87517
67888
87094
79387
73979
88997
70456
60566
89279
85438
27914
87803
61043
68120
50341
89056
49288
43134
86374
81500
87577
62502
52011
71758
88746
90044
86566
58532
88442
30495
12877
50035
65727
89153
89172
89246
80263
17094
11765
86685
80716
31124
53076
89833
89745
81821
89693
89232
37057
32777
88126
37446
86482
79673
17326
53602
85141
54001
31870
70492
89281
43532
84678
91598
89775
38713
75444
91544
79501
89355
72500
66411
89758
90265
52535
86281
86496
89581
74227
68197
82719
86615
65233
91493
35599
91566
91616
85612
90889
89627
91516
91401
38920
45395
91064
79619
79097
84596
66728
61854
92367
85874
75317
70945
73623
87310
66780
71893
72195
91271
83504
89279
31740
88606
3787
88780
86631
7989
47420
69954
74293
60117
89917
67156
22646
91493
53768
24233
82536
24967
82966
68076
88227
91995
45733
78774
77333
38802
81207
53926
71716
42263
43230
87781
78547
91002
33257
78140
41491
86192
38580
94351
87836
51479
86510
80609
91413
63783
81387
88661
93461
90430
93080
35074
72969
91138
40516
91810
30126
86868
50947
93232
45707
45105
68701
78542
56804
94015
56299
70313
39189
71880
90937
94430
84121
77045
55187
83963
63071
91824
79440
49202
72469
66347
91781
72940
89790
93648
81682
35961
56077
95818
50619
77825
90575
92461
91309
85115
84904
47819
84856
90102
91582
30468
85094
78352
94580
75498
52035
42762
89025
89888
92236
47206
95183
75212
69048
44047
81752
93160
86596
30289
34330
39700
91649
93124
60898
73586
90792
89785
86051
95269
80125
86023
80650
22626
96628
18086
95312
76098
84895
11743
67751
63533
64791
91329
56068
97143
78266
90109
87607
91464
72058
96062
96431
95289
12829
86007
93693
94224
73304
93768
94397
96206
95323
58997
84906
34146
58512
96654
97713
88420
97895
84926
61882
96709
7249
95904
23275
81202
20832
96603
89750
66401
92598
50350
55884
97081
68426
74181
46151
22097
97009
80190
95943
75053
65727
91625
96902
95501
52957
81669
85442
84067
56166
92931
89252
85760
44848
48180
97183
57699
10012
93238
69898
66325
75481
33511
16333
94201
90515
90005
86444
98153
70973
83107
98365
70107
98429
36279
97396
57263
94104
59641
19818
53499
75650
65051
94295
75873
96023
85931
96362
97999
94463
60715
85596
25971
73608
99295
58541
50303
100146
55104
92769
74196
83830
69633
97048
76574
68712
72144
94887
73387
83594
82830
98355
79374
98386
83839
40689
99392
99040
84614
27369
97486
66209
81769
98228
36936
37533
22663
101411
71196
48249
71742
28838
84988
18215
95924
92210
88871
31002
14888
85320
96028
61259
42632
36691
44737
89028
75065
47211
58230
98860
69632
85140
62924
88845
91121
24009
99849
49082
93176
83060
31665
40498
28211
99776
98129
94557
19454
55052
15385
103376
27911
97622
43640
100719
101775
85305
98088
97580
57600
98608
86305
100071
70026
79536
66271
101662
79826
101349
59520
102539
83010
22706
60180
17466
22059
100741
76649
95795
100947
73019
55655
49886
102464
87534
45492
101999
26218
79297
97622
102475
65807
33395
102734
14395
69735
95188
61441
91018
78564
99474
90597
28458
31179
74440
51367
69521
98584
84045
95716
95925
98188
103793
24898
103747
79272
60896
102344
82942
45365
93810
82268
57793
101353
99810
89221
79771
78599
101981
49876
97107
18459
63121
53837
96230
60310
95197
101047
16933
44670
87114
85875
10175
100430
83573
51335
98940
97184
96125
90578
99602
94287
16058
104037
99257
92834
61868
34893
104332
52661
63381
101040
80082
69145
86681
96745
35284
31746
40138
87471
101584
103928
18444
76504
100863
32258
105217
101181
89376
52945
105685
89134
21326
61004
49548
54191
5759
70796
17818
81326
17414
99698
68377
83180
77180
104666
102080
36253
71249
71492
105777
25243
98777
94511
101185
92168
101779
103066
6345
95612
78869
96776
91644
55334
91451
76488
84121
93066
107948
104296
34145
88576
85329
78707
58439
53394
94039
36638
87453
94537
104398
52989
101837
67834
105473
17867
32806
96321
96909
105562
106714
59058
108639
106830
37234
108608
57396
93886
38582
106361
74019
96339
106369
58210
76408
97742
94193
89681
98761
4833
80412
93603
107760
38051
88905
106782
103183
101154
-1
99556
106421
104947
99552
80147
106244
105770
93930
106754
103118
105855
29189
67058
101050
17303
78879
103429
9227
63157
50078
107317
107881
88346
72111
75778
92094
74882
106025
93149
6345
74081
108075
80767
84948
57281
103234
45735
106927
108005
65440
96140
98728
3224
103363
100937
107471
102374
110676
106006
107648
82064
29090
73439
108213
91540
71280
72008
103777
25613
108717
60654
60262
97628
107142
91185
73479
96140
77009
108579
105566
9679
70373
26530
79256
108645
103965
55552
21148
6359
107795
107505
100755
110251
101339
69932
111267
56132
46380
93935
74742
33457
67476
106802
109599
65983
41550
85976
77640
60249
105964
103705
22918
57026
108649
18140
97485
24830
73863
10118
63740
106120
87048
41976
40064
64898
109549
52081
108043
112366
98756
42413
110827
111526
107467
86007
108360
84167
85254
99143
106766
82578
110154
58746
76395
81894
110383
111960
58182
97706
110896
103996
97984
42771
113210
108739
106799
111360
56384
102872
111492
107266
67573
97754
89567
98235
105095
89924
108687
113916
66816
111550
52060
58610
109229
83350
112298
90720
88801
111776
88712
112222
98061
86709
54187
46380
81084
104733
94894
112775
84602
110638
17625
43105
112817
114401
108275
111310
112609
114593
112621
112732
85439
-1
111789
98920
99093
14354
81272
76780
59383
113987
111085
74564
111537
92410
100764
88005
79373
108916
69680
113058
111378
35272
62173
101232
109265
108620
103945
53977
99475
52369
41816
48319
74766
111635
88564
116136
114028
105831
66659
110959
111915
95023
113800
101033
113217
109567
28349
62910
111227
15830
86813
113877
109828
44351
110089
115918
106110
111272
48975
112217
60001
100960
60058
107264
72916
106469
106275
107522
83011
30006
79339
23614
86690
108689
53506
73425
115308
100655
115852
114808
22097
8989
115372
88512
43367
102878
28185
14275
84348
26344
97594
113189
26280
2850
83777
116445
117293
116212
115115
16292
83426
14617
102780
112465
55540
55897
112835
63628
70802
8831
111130
96689
99621
107652
99002
83287
113796
95285
115262
102624
50918
71512
115940
114466
83637
109229
73104
90347
25153
117262
86844
102252
95681
114863
73963
70252
111846
58466
117739
66422
55778
108333
117765
108232
55723
91183
117801
104362
70777
88202
90271
116277
103660
114524
111886
59819
112135
58258
88092
104502
54197
117377
112562
96208
64019
118259
82338
118023
106640
114256
105798
88501
112207
117673
28986
108463
61889
50560
39617
112943
72880
31153
23218
115171
17652
115840
13330
108567
57491
71237
100712
118894
116351
118299
71827
110058
75655
112689
12559
50876
114539
106863
116146
75178
106541
50590
113434
90792
72306
118561
63799
91748
87032
115002
103976
118096
70073
37579
6023
20263
117904
118587
109411
86757
91168
117975
118481
97787
110284
88981
24886
102324
105229
90500
111054
107134
87958
79188
103812
27786
41989
103478
30910
110521
116806
106125
85700
107600
92588
101675
118051
117890
66405
24194
115612
104262
117470
65839
117296
105029
113153
12244
118378
45116
81775
44168
114793
110856
114407
106860
106806
19849
114622
90474
119446
118834
101757
4667
117507
13503
37187
94921
27335
97336
80978
63042
116961
48586
51890
110202
113034
78861
102410
34114
80582
111159
89918
90975
111612
48834
71219
93795
115819
119238
118380
115155
53841
120400
120505
83070
91021
119892
120548
80997
112834
109070
82256
109228
43604
97471
118694
92432
77686
92137
120692
118679
109818
107307
63794
118159
88762
110787
107682
117770
121171
71643
90657
108026
47082
94541
122075
120799
96570
120548
93482
121342
118263
99530
116413
98793
112900
63606
121457
120758
21127
101464
116871
56185
103334
26849
64738
70937
70233
67196
94105
94466
65504
95062
93811
116229
103249
113702
121898
117244
19637
66333
121944
75860
122617
88960
11267
125052
125073
120525
122784
114319
97692
106764
42373
122575
18945
118474
89051
122854
108544
120761
109111
120375
123288
118139
125330
123937
18429
117872
57496
114089
92884
25322
120274
84223
101606
117853
8506
121974
112127
65617
111469
83941
94941
80310
10941
125541
120274
77802
121954
14756
119046
110287
91610
111301
95075
118244
119072
28130
123004
114379
75163
110777
109735
42288
61777
125127
116558
86919
8218
126749
78701
100929
93999
84159
103578
120232
100514
78348
76043
120417
40363
101665
123394
107885
103141
123898
112815
92436
121379
110259
79896
48659
124867
123898
110361
119486
97701
69906
126140
100094
39503
62004
105265
94340
114870
60673
61705
73726
113235
127513
69105
84252
126000
123682
26047
126615
111592
117400
126087
21319
116192
48909
124550
121016
128409
54764
57872
47908
121846
124118
27887
46615
126290
66769
44249
103302
127481
60847
95697
95712
111578
91972
113271
128234
119076
76002
127158
31553
122000
111093
75578
105936
127482
93076
46548
111936
92910
19195
64883
43327
96716
115192
122355
99753
33381
101107
123733
8493
124354
114138
123014
114712
105753
107734
97759
112337
122927
73063
127786
86002
117944
127893
124862
127504
112693
9769
109793
128570
87784
118737
102843
71277
78935
127372
128140
130018
49210
125109
110094
37462
124310
113111
121582
123431
123420
124809
77581
109833
125576
84109
94070
79191
124030
113907
128101
105954
128414
68991
129994
127179
115336
123470
131160
128885
113335
126859
15729
15287
101672
32730
77572
124482
81682
116498
76043
39534
107241
102284
104665
74404
69200
49922
123594
116301
38102
113954
122319
124214
8237
37972
119579
32177
131394
116687
130218
99292
128865
75325
130351
125197
116338
115870
130314
56560
94767
128235
102046
116599
74804
93056
114683
103784
131751
40551
103663
130935
132457
126351
101817
131685
123904
48365
66817
131761
128635
82851
88657
80211
110214
38115
120410
102636
91835
90619
77064
130344
121411
80892
98445
47531
103362
52803
22660
132458
112968
117484
126824
49807
131896
126857
80829
30385
133736
117379
105652
99292
63905
112771
131145
114271
132492
51525
111564
118499
133065
132727
123294
123434
99660
130085
88981
132729
71077
132643
109673
111152
99915
60303
106241
121748
123541
72022
126524
57534
127382
77502
116792
130854
132279
48727
123279
127176
114962
18179
132037
127645
95087
71301
127368
116128
8778
128447
129014
77646
14946
132038
132930
91946
129681
132019
113868
35816
133204
119424
133912
73144
110229
124256
116993
99248
135376
97155
128853
109240
134359
123675
71683
117897
67695
125220
118546
75047
53127
120359
42009
80061
33423
117787
132418
136668
5304
130484
122043
135832
135454
133920
131014
59756
134554
125402
115060
89687
129638
117488
134828
102481
134303
136579
128653
80732
130283
124964
81345
122731
132723
128161
17480
132597
115699
134653
106677
128831
118949
73499
129865
128900
106493
56194
80988
67798
115847
93428
134756
86997
134885
19351
135515
129092
109342
41412
130314
71480
78665
82415
134606
131760
137532
133099
127087
134137
35844
134135
86894
65002
22468
134761
85754
-1
35239
93447
36862
135455
53817
131858
24267
51469
48064
134679
10648
135393
99250
121754
105976
100630
131426
121366
112408
80437
125711
79598
122345
134957
105364
133942
134047
87423
119947
41652
136566
52136
109552
138391
117009
137973
79461
119626
102233
134756
135761
135648
136161
132546
136506
132328
110150
137473
79439
12650
63660
106420
90557
137904
57447
139462
108717
137701
127425
21215
80285
79949
82951
102227
138185
134469
137190
134744
126558
117950
60087
138456
134999
138155
131207
42326
100591
108020
75187
51239
80348
117918
135587
66731
26261
90095
53475
12585
133174
110596
132806
103291
97881
139280
113236
8367
133603
100179
48797
134079
59748
115960
100545
104451
107645
135200
107577
138339
134993
140794
117596
131481
141104
106301
136235
107511
132502
86008
18833
80438
89551
127851
141353
92123
91926
121240
105748
79058
126248
50138
129570
132064
122696
124496
66070
136300
136360
104260
86630
91391
134586
53514
139311
99414
137740
136438
24241
21350
141130
87654
122951
126178
104569
82908
133701
93743
139953
88083
102385
93611
62928
127725
141101
126675
142022
76400
63546
85324
134376
140731
108405
75524
117838
112173
142578
125365
108873
71500
56856
103131
135328
138859
138177
129022
40359
137776
137132
108681
45105
138828
39938
108974
89419
132342
142053
106486
136135
85767
37703
75386
131454
130420
72957
55282
28268
116736
30035
67043
136775
143007
101125
69493
137463
51391
112673
83896
126564
135724
124809
33166
46794
137745
122718
137036
119689
119374
121978
131391
141875
139854
90080
106908
141946
134828
142456
134230
107194
34649
135569
19564
120733
142869
103276
119646
137997
143161
141064
80891
58881
103514
142666
140762
127274
72712
138917
136409
141799
73977
58151
145186
120850
27813
133063
95790
71066
126340
52184
143037
99105
138962
18076
79630
143430
137782
126167
134354
144335
99295
142222
107777
132531
18730
95534
137145
144495
103750
136883
126471
141959
144548
142496
134992
133599
80703
129390
61742
145510
68645
76786
144241
102509
135719
139432
143276
130410
142126
80907
76964
145404
63256
147244
123399
101178
140272
107805
106346
105630
139983
104133
129776
139368
112650
112819
104152
146134
144917
127772
49754
83464
144305
105737
146438
97083
68709
36335
146102
101015
138780
146588
144949
142204
127347
130738
79940
77444
80904
38630
36631
121491
134885
65764
146253
142856
141997
113228
113756
139798
147482
90219
121699
27518
145440
131480
107806
142669
140969
118520
12799
62939
120329
141335
140847
135560
146845
106333
102783
123236
22482
96923
78294
138359
146101
135079
146526
146786
144342
137071
89446
90929
79969
147354
29880
82574
148312
95116
136561
127428
147806
63866
106710
131160
102279
116738
134704
95007
147079
133233
68094
6861
108691
146271
147022
146348
69646
110912
77827
148858
95404
147382
77926
133660
145246
148621
65477
125981
68403
135196
109303
134820
41003
120618
146359
142613
129437
130940
117269
32840
78748
112191
54109
148288
126058
148101
26400
141624
82978
117647
116183
137970
123343
148325
54458
141984
106837
129301
115236
92105
133687
144174
140048
144150
57419
82965
120443
106174
106216
125119
123431
133500
115525
122038
84647
136687
145476
120522
82372
148602
146655
147636
137007
120319
149599
120408
50396
120391
54372
116054
148788
141738
24661
117597
130128
108218
130296
99112
90449
85660
137063
14871
150385
80273
42921
112325
45546
149654
9019
131358
84652
120731
106340
136794
151240
149548
71304
127181
131131
151090
117203
80601
119911
19267
133568
141880
11420
150997
105380
133904
152588
143797
51108
53944
116811
144954
135075
135202
149321
150687
54928
102840
150464
144116
131804
151710
150300
125181
140890
147022
85582
137713
100903
148963
136292
83694
142001
108005
142119
68709
145518
145049
53026
125834
70167
139683
57500
145843
42599
136724
65834
147701
84546
152265
145993
121459
150846
150795
150564
115264
140224
129233
151255
150557
105484
112360
101705
146341
93031
40012
41649
76994
47475
129564
97938
149131
100542
146326
13822
148399
152284
10794
118001
103936
107752
131751
146938
150460
124671
150684
130611
135912
91828
147140
95024
122984
145300
152313
148273
145627
143003
111430
128097
133430
69004
147357
129319
140588
131824
151750
154894
145804
221
152684
137792
152459
120906
70263
153078
153397
137309
147139
153841
112986
108380
154825
147942
146805
150395
150590
82479
138471
155961
153157
37681
94213
68544
141363
131556
151418
153248
68718
96273
83792
106494
42025
28978
129033
99074
92677
154393
34917
150767
152437
147539
155787
155994
132925
140140
156593
15669
131980
150627
155248
138456
153711
124049
143434
23386
105794
145833
103813
151689
114629
48302
134827
151973
153203
143824
153806
154523
145996
154523
155435
156764
46841
149850
155588
133378
143351
49296
155879
153810
79395
148211
157046
156689
112032
156245
133202
6050
35069
146289
107754
96912
6065
113880
157826
152671
102125
20957
158329
144844
70676
145630
148630
147752
153175
86312
65246
151385
140741
126484
50054
131253
145458
24423
72247
11299
132163
122092
119121
157421
157874
56665
16452
77086
141041
127148
151738
133010
125397
157718
76776
80617
71634
132602
145431
105464
152057
142184
158390
151870
148164
138412
43809
143914
139351
120796
47180
157709
110342
152157
122910
160675
150763
148717
145427
138432
160416
154148
69652
146810
126112
160080
112393
160089
72908
135945
141348
139410
31170
124222
105996
9386
159421
161577
54662
149547
76946
80633
79111
58436
79295
154570
160869
84490
139213
158763
107748
66018
37779
114963
155561
138875
147657
153541
17886
106635
159161
48274
161564
143739
93851
68187
143726
91732
161943
140054
161979
159402
115939
107128
142072
136277
93624
159661
143286
45604
156483
72336
142593
120136
93781
138765
144054
90891
163013
86595
154245
125669
154275
151415
118473
47746
138707
163136
142943
160307
102347
159954
116996
37174
154188
103291
162506
89448
160538
153677
150391
105465
56680
116473
83439
68406
160263
148743
163630
122735
160907
144206
18603
108951
160634
114822
155595
148270
159024
79759
137284
129936
52228
103801
156881
139860
104731
155680
142519
123013
152174
14358
139558
155930
8289
124863
115181
153741
161404
125244
97739
93674
29657
69634
147468
119569
119112
155418
34167
39670
143964
126451
142744
160324
153839
158714
156159
118902
145108
39783
163452
164822
151543
154503
89950
142230
122032
94238
126689
140022
161807
50679
141929
145130
23477
160150
162141
86242
120991
23738
164103
165356
164410
134630
158241
162403
123909
34370
131577
142948
67876
145117
39667
72343
116298
140095
162393
122508
29273
161342
89847
150246
156931
121117
149882
30251
162368
122756
23856
153397
162989
154874
120401
151201
132126
42555
126859
87595
141278
95426
165171
123279
105121
126308
135524
150011
114623
166235
106999
123528
151223
142289
155446
124234
157850
17286
158800
151335
136074
116973
151021
159144
165257
158982
62976
160529
125110
30592
127804
133232
112444
162809
147393
93289
128103
161086
-1
56735
162995
79138
165200
149586
151447
74617
125262
34760
165817
160967
96146
164173
124305
96888
154880
60457
167074
95748
45250
164213
153112
141723
142498
74746
149231
164572
142689
93660
161670
156186
141164
137888
111221
165375
161076
159793
167531
91065
96189
164136
154341
105806
146797
161162
43740
58224
112181
119739
118319
142317
155355
160419
156179
57924
164496
163902
103479
167671
110817
149984
167950
130067
159717
138971
158282
139938
154044
74385
-1
123079
152411
142560
48331
65399
135753
131221
139737
165971
125198
129282
68897
167915
156895
150656
166448
144483
107579
147747
81095
148082
-1
167921
124485
162893
167442
30717
82930
93336
131328
36915
161925
79543
157682
113431
129729
130600
73122
126118
168468
166180
51135
159883
121865
157307
168242
104092
137167
74003
154500
104755
27351
95839
159508
162310
116490
152235
156145
156160
153726
100322
39837
149159
132712
168086
156354
150751
142898
110571
150659
168777
19120
101520
159955
161749
48445
167750
124974
75445
167894
138705
162857
154978
142800
59422
167897
146370
165432
154011
41302
63559
61631
137764
163294
94501
82570
141190
144272
165767
135428
169877
97841
53522
152219
162653
116211
74293
157428
99382
169115
74407
169874
162503
166357
169755
157217
74548
37296
170063
169961
166769
143837
163939
134287
142412
88448
169020
150236
128114
167711
160997
146047
132843
157033
148492
133734
33111
169553
130191
134681
168263
156323
170346
163062
169223
13747
156509
168675
137334
21969
151071
150690
102938
116980
156124
4933
11738
164133
158870
103845
162208
147949
113594
143245
158607
168800
93718
82480
135253
168425
100927
149270
162743
151129
168667
165182
172165
137042
143231
28318
122725
99503
144786
165436
55998
93363
165730
170024
172447
32919
171897
84272
167722
118606
77331
33374
170094
167176
24196
108289
153723
122899
165288
159525
164867
160901
146795
164887
100464
16235
157600
64978
146009
75894
141846
168666
110526
154177
35670
68901
146474
160887
129180
141281
136848
91037
67435
146460
168761
168532
94451
157654
168820
75476
98690
141795
161533
152901
138922
64332
172526
138200
173614
125124
101471
129014
77380
146960
116646
58831
175163
150791
172758
132463
173323
155329
173796
131360
125677
43212
90792
173341
40646
153110
113732
170104
154382
142337
38381
170073
169123
142458
153940
170415
167444
28477
150020
132878
88842
151595
170439
162758
155591
171905
71831
173215
172480
174214
62209
173503
166801
155330
6567
145512
171515
114752
170114
139351
75106
106072
145200
126833
60120
126607
167021
167153
136544
156727
160664
123647
135839
58583
161546
158067
143179
173523
171844
156484
175375
174035
119789
101625
121639
163844
34340
171616
119204
142977
71881
123073
60131
173757
172196
82306
168223
163900
151829
119730
154398
150631
118521
15644
158984
173384
172521
70119
168952
175020
38704
69660
84134
134815
110868
175559
166131
149224
42828
159234
159891
174462
175208
176450
152565
120517
159616
144164
131894
118277
131965
175866
155855
106833
123744
153784
173884
105720
143537
151356
91000
175903
174749
173945
137206
165247
82402
158308
175432
125706
118500
157308
28752
176189
171114
79734
43359
171456
177451
130095
169430
153385
75050
164309
154139
142413
168919
150186
148011
175115
95839
108720
128850
48515
45096
176077
132981
130291
169422
136920
156020
174711
45780
176551
75880
130367
168528
153310
177101
155299
133337
170283
156618
158696
143041
174813
165389
156737
178505
137315
125574
177837
94470
168437
157853
129806
150379
177359
158693
31205
122391
138782
177306
140852
169044
171424
126144
84707
164752
169352
178075
168524
107941
166275
175192
121831
169220
177086
158939
170602
52427
171106
75462
176433
179667
178385
122044
125455
165376
156930
177540
179828
42565
177079
163212
178267
173279
149097
89523
134353
151974
12042
178503
146980
107198
152522
170588
134853
153680
83245
150104
110266
170224
175310
144132
127151
32138
123909
176693
173290
99310
74494
161123
134604
150465
180909
100449
179658
175935
92933
135048
171354
177117
149983
29459
60389
160517
176977
171820
156967
180509
118783
68930
58858
179949
100604
177379
179543
98146
177962
173137
179040
120194
130911
140117
172265
105501
158900
124377
18951
173796
131640
179563
177823
178996
92064
121590
170400
161670
155815
28099
137065
132912
154379
91961
168028
181061
179853
173789
105929
33043
119725
126000
173929
151634
119864
18676
107775
137644
152674
146532
130813
104319
98219
139202
127754
84967
94119
72473
76571
66651
161921
146905
179150
82122
178704
173605
135093
137759
168929
172574
172202
158903
102567
49245
174274
179038
107694
131764
159146
91185
133887
77605
77513
140406
122048
181953
181492
13949
162137
178288
171365
14487
110581
147075
111929
160791
18948
168746
175990
149052
69355
180745
161408
166548
127887
71923
111703
157481
131009
182306
83555
183202
183410
107381
163384
102583
159510
156648
171427
166584
24672
19805
174928
183649
183866
139236
170539
132549
161709
73343
162224
67709
159978
183651
144467
32467
164335
182278
150527
174177
184056
171968
39129
148205
149084
14038
180770
137465
85924
183048
35939
150188
87507
52202
179149
180871
170446
181714
183400
6623
127163
177812
180919
126473
147187
182115
176648
181315
139015
52527
181363
162658
175912
168583
174776
181445
99058
156864
180378
146273
152141
181728
183306
178523
63632
184196
28620
180995
175228
113266
163897
161138
184086
185805
62616
168220
184678
33166
121149
159058
171582
135357
130427
55530
176938
176418
176461
23968
147821
185166
183671
150297
177038
112779
184343
168758
6919
129459
73000
180583
181131
158003
170835
179038
135997
19028
180132
83424
60479
148952
123155
165370
181238
131427
180969
157976
183387
184768
157201
183403
155414
180559
150918
178931
182584
89781
94020
143513
177316
70001
117048
103992
140740
135692
127408
185202
141199
176871
181456
169609
142520
183286
166958
185513
135618
117721
179892
150109
185025
188322
183982
187163
186226
183027
167507
153194
180529
179169
180791
166588
185333
87095
144411
109461
172274
159113
179915
185402
104616
42468
35775
176493
86898
102026
39553
140731
175587
186750
135894
178022
115580
188292
143940
132320
182163
80976
186681
186412
57983
186357
115925
139739
186384
107105
188141
182021
188131
109389
175670
172775
187316
11563
154430
105823
99265
164679
33717
77407
188666
185061
182912
45989
176347
70775
114761
184670
64351
93642
141764
158562
99629
145901
81161
66805
121874
186015
49088
182705
121884
68032
186727
111464
188812
180327
155148
143211
168611
189600
140979
149962
109896
82513
172978
137019
177471
102468
189165
148894
153041
185145
37468
178418
71750
80488
113546
138224
110918
30401
135631
152102
152347
84214
58284
142735
176117
188306
182827
150160
40930
188435
185828
93565
189011
165338
45051
189262
188064
166218
91177
191035
190100
189401
189520
141504
108230
170179
190106
190077
163812
166264
117288
187469
188133
187249
180902
184888
128832
190736
189648
190773
191470
45028
188730
191915
127570
83660
95672
184790
182115
114362
178094
191719
181248
125154
127801
171138
170908
140042
106291
177495
163416
172485
177771
180771
121858
153471
124577
172079
184036
160016
171728
95647
191073
143052
41008
157690
39100
129961
193045
138565
169599
191566
182593
187038
182889
152353
191004
193422
183496
187988
61007
70562
192370
138084
148716
193749
83948
132631
191555
163024
191258
147009
170205
148871
191924
193243
162260
139503
176844
189977
141441
152897
165629
72333
149748
97792
186218
69580
158460
121661
133404
191994
81052
186150
188730
192607
47156
193680
173145
194446
98584
110248
74406
172962
149308
140907
191711
166473
193463
57746
188585
143469
32225
38656
195600
192838
44926
187280
186992
94935
75749
174931
194283
193985
64702
181025
65565
173910
61766
185933
37335
106792
195697
150686
168668
97448
186621
173377
193792
196656
195259
182092
195119
31965
170875
22999
158201
108717
120073
195392
49963
173068
182623
185890
188569
17287
161119
54716
175244
174410
167076
113303
152031
117126
190387
150563
194875
159116
63471
70906
192552
198110
150089
133198
142415
88009
118390
192122
185773
74096
197947
162995
119121
183775
158378
37751
75638
67881
139427
133890
196931
187749
196326
197039
85963
114049
6503
197406
190559
79023
190717
50010
193980
195267
182757
172689
196450
199434
198567
160683
195436
158382
108685
190572
189661
165687
196171
167131
156793
119022
189802
133147
88527
120429
75846
84263
176921
61446
196452
106598
171441
196659
193615
174374
148446
192233
194366
11292
163738
154770
198334
40636
151408
178878
153675
187100
176581
83795
192011
87979
94921
126622
113626
199755
186118
194400
177667
95528
28366
187163
200003
182039
171049
184790
198695
173594
10104
155430
200944
182713
143430
190613
167291
173851
183048
131973
199265
169094
145062
53876
160375
125648
199676
103523
192126
150902
185060
177780
183042
191319
127702
187474
114166
122595
99278
167262
194728
107080
186071
195335
127473
200572
199778
200741
178603
158975
174285
40848
146438
145580
161321
66219
168477
155850
172677
185911
107671
38931
190186
182105
201405
153876
178902
139935
170891
193527
183573
199616
143304
201963
182518
55669
200803
180914
72074
103764
30357
89019
175144
169453
199052
190261
151905
78337
162362
143233
185736
191574
179638
109751
61232
176190
189088
200594
166013
79931
202143
100848
109020
150940
165539
193777
108429
185111
201481
189504
150447
194587
152525
191354
161374
182265
121595
170906
159370
181318
177858
82981
194363
123788
153644
196606
54499
202181
202591
151077
113189
193948
157256
196224
73683
194021
80435
194772
200908
181900
197365
142010
113702
179043
91119
197530
145602
200068
176733
154821
44281
42827
143028
78944
110005
191413
47598
123357
14585
147618
173770
51717
90676
187810
188166
98673
203915
196082
188568
172153
199748
117855
150699
182151
172904
32295
74908
198284
158226
123476
204424
122427
197586
179452
102861
205557
183430
33802
203710
189067
196309
160899
167932
164539
204673
169008
202568
172036
204014
92632
164048
188276
204662
158737
195497
196070
115374
204436
21806
29844
53401
170676
162051
192205
163127
174716
205064
202855
139392
187413
206268
3079
195776
45204
202775
190849
171236
204851
202919
191617
185351
206030
196790
179987
179187
187847
188319
203079
21765
197535
165313
37961
158851
165222
161350
202753
143369
205507
202008
204881
188514
204504
183234
200314
205116
149399
59392
192716
181731
176429
-1
160776
43563
183407
182690
39222
113287
104587
197320
164603
180754
137268
179530
6967
165352
114597
129732
206959
205817
203402
185670
84321
97943
187215
185470
144335
130871
34834
66341
192399
203812
200467
170813
205099
75378
204110
61386
205151
203247
162753
134893
129643
184260
183310
204492
162605
198616
206062
206359
183971
201308
190430
201969
167307
184426
122348
206720
113823
142512
26916
61474
170839
208381
200812
183858
56571
186046
124456
194891
185650
193252
167845
196289
164835
205873
202482
43564
10713
195179
177495
182731
80637
133478
89232
208073
198835
205638
205006
204013
206067
206113
208929
197986
207196
156919
171486
184250
145891
197882
84734
138740
161004
210014
207267
203141
192671
206782
142945
124866
207807
83201
200287
199977
184255
193650
184878
208749
37594
179669
206655
121102
198158
150229
187491
24482
210593
197159
126667
134838
200495
199970
182403
16803
205096
29166
124625
143493
80257
17601
160903
76857
160904
182415
209918
166917
116476
168068
173204
208729
201084
140397
130848
168261
175266
84809
200963
190380
152756
152533
209948
202008
209651
209866
149070
192668
83971
183917
105138
190475
188274
209263
211223
144191
209470
196578
155270
211531
192233
200603
194123
30003
180999
184180
195534
212149
201007
79219
161822
154080
199113
83637
210649
6175
-1
199727
145619
209103
175173
92170
80932
212250
185188
169062
207050
20536
36561
129044
211098
212265
208828
102585
193936
198844
77556
104997
198414
163498
186901
189752
57117
199844
161997
197652
106842
185888
172368
114935
176102
212180
203499
178121
180683
150837
150084
212646
211193
42511
213941
108464
209790
159141
214464
131476
161943
58631
202387
209783
124240
158793
204811
150734
175457
51722
138210
211482
144297
214321
161425
72498
185559
197386
108315
212072
199165
17960
194462
202798
127696
186671
212595
197554
212298
200606
91761
176226
136354
212038
99555
213732
72981
182400
211535
213497
51256
211709
213908
139202
193052
155515
179555
214781
57819
184226
109633
190334
120045
179978
157802
201974
212328
203806
207790
203388
163435
215125
179652
199163
212143
206095
198561
182252
147551
160790
208623
199099
146488
115351
165108
69234
205797
205231
120980
204404
162737
213900
175351
204419
182011
157560
60038
154023
150156
209773
7530
198693
37686
115548
198159
134468
209642
143313
216618
106505
73086
204716
121854
212039
214287
76917
205856
182070
204941
213724
20795
92460
191873
148859
215072
123204
194341
207250
181358
142926
197971
215061
216660
171858
202034
97429
137956
67820
185688
99645
200866
216949
215167
160181
173984
197202
57148
197817
48618
211013
188519
117188
205334
216807
216153
148942
201454
160480
173434
157650
178320
208043
214084
150101
203734
184844
206294
130022
216242
210864
125301
202533
184851
208387
178094
121184
161114
186599
147867
89227
72264
177406
188155
209521
202393
178278
202153
106959
215561
181969
164529
208578
206291
130025
93366
168219
192345
217490
198996
157070
217214
206533
9968
143574
130204
190154
183449
215991
209810
120728
146416
204777
211330
96632
214628
108543
215115
215718
196055
158570
152597
195089
82481
157208
205773
99934
196416
43299
190490
207637
182240
219062
193744
216896
188557
15908
218186
205311
210057
167544
93418
-1
114908
93417
218611
216806
77687
55584
134159
185486
210424
114501
90002
216428
147757
159613
217742
216836
174956
215913
208681
156091
23549
92418
217925
197768
209807
181428
188798
210424
129021
128670
171747
215067
202616
20212
111598
217803
175795
217997
212427
76263
125414
123377
207416
216380
105279
155236
208629
80643
218357
194865
153458
170846
200069
176227
213899
192711
210872
102907
171727
108735
208947
129555
191785
49838
69778
105432
215182
146272
219648
213679
151373
122586
139125
219660
132846
37516
125833
166784
218387
55439
219578
210642
210350
58118
213815
128196
184653
194913
210268
77807
215743
151555
190150
167780
13534
142442
194411
220399
26545
22338
218555
216075
167761
169971
138728
222199
113518
197681
184652
203282
207884
96451
212706
81671
203078
167291
133551
155505
26640
145499
17217
220342
213676
212550
217806
211143
211976
42099
199265
211853
220586
187837
177821
99285
158792
222214
213778
179229
164333
211432
222876
209321
163049
153655
159211
123753
118735
220879
120887
177911
215433
207907
212448
195670
213246
184082
211924
212845
202353
185664
112945
89322
186486
16837
100007
197489
73473
216690
177845
181077
160623
188245
204001
92645
127087
152468
212917
200671
187345
214265
194319
222742
90938
879
15793
223949
221228
216856
189461
15982
218631
115416
180434
223928
74750
210875
75337
224686
71153
26491
205572
62703
186098
15881
215018
44339
81643
118775
104133
136558
211110
222985
111250
62750
222102
116250
79207
174276
33106
99062
55833
79785
191863
211517
79869
213426
206426
165790
195729
218710
127721
208977
204723
49802
175684
210800
172722
223291
203206
220774
133342
94612
152631
220786
225527
115002
131923
46094
192294
183591
29564
200553
224268
213082
165233
142044
88745
223763
210178
217075
188400
210205
136092
77784
160470
224018
160115
166931
220858
164216
225269
35237
214604
221453
217497
209973
214242
101023
203513
176705
208121
104667
218469
23683
221505
74648
209012
156316
198099
226399
201868
211114
225862
225318
194203
225637
89692
226063
104577
94588
217013
206106
114847
202989
226566
190331
220901
206553
226269
119978
227265
107980
212786
155466
152033
110090
218943
197911
207596
214324
218213
225559
227035
87518
225800
215913
208052
118412
184992
194329
83931
191396
223181
93367
216448
227809
225877
196174
160548
105467
227919
209723
137720
214455
217891
134488
225264
223502
173225
188447
227384
219722
194472
112424
219480
208731
89407
229163
110329
147773
217370
227876
99753
158531
60704
228940
214872
210237
180139
225961
140713
160612
229167
24139
97140
221669
56316
226037
226938
220787
119082
199115
212686
226962
208517
82754
175035
104442
199332
193698
118316
202488
229996
220429
186129
223746
157782
170935
193699
218258
161160
219768
182783
179378
202083
124518
211336
224594
45949
118206
224668
157338
229884
8751
221501
210266
224390
189303
229195
224906
219841
152721
95471
204807
165494
148703
178444
221023
132362
227876
216399
76062
184238
218533
98516
216050
37802
200388
192938
205664
220792
111906
228658
152570
228736
219083
229672
168339
180086
230352
100761
209807
219032
229455
221435
154724
229041
210499
202582
210808
220867
223948
221071
176372
211588
221267
175037
226039
203680
194430
39857
230417
163441
183697
153356
214865
93234
119859
128602
185042
35501
229727
93040
154682
231798
162628
199605
225036
226129
73642
80083
181631
226659
230040
232291
161410
220947
120668
222594
222858
231255
184606
170687
164289
223099
203588
230342
200337
140778
195786
131740
186601
219775
54139
19795
162997
176123
224770
231001
157019
207458
190956
126317
195167
141565
221663
150871
23937
216464
219950
137148
198071
206166
224468
225130
135558
168568
195848
202978
198490
96518
224969
186241
219970
227987
231140
231906
171175
175856
173682
225063
87202
190238
9680
204701
224031
231917
65383
102293
233035
234617
182317
24285
229594
233683
207492
207409
213775
222774
98751
227022
222194
233577
180349
81517
131531
154501
183913
168585
125020
224685
227863
232129
213481
226672
181948
222668
79482
230140
120745
197223
75448
151630
179621
176800
149280
60930
164086
234894
58731
172983
207946
25560
185611
146376
187339
207962
113239
214251
226711
190194
235384
235136
205072
73565
138518
173987
88168
201084
180348
233122
234065
210081
234481
48750
133932
89099
179429
206124
235098
118470
234503
138947
235740
160192
225036
102157
151364
124770
136451
200063
220619
229799
236397
192756
228882
229970
234001
188070
36280
57445
203841
226859
112309
235806
231065
159491
76374
142428
94565
187867
15393
235754
192876
162795
24268
204470
236269
231971
63651
185785
162260
131306
69188
223897
210972
177232
123247
114613
223230
235733
236651
183625
236857
94650
236249
194824
236155
214289
193593
236885
126737
183328
217693
52067
120252
205297
217942
220697
238072
167206
236363
235707
107543
79269
237021
211424
232444
195369
235288
139556
-1
234492
41396
188778
198643
228869
225116
88687
234078
232897
237703
228941
237566
131495
237556
79728
159269
227884
200638
11959
198940
235811
122479
145311
225927
86066
157631
183119
204134
92579
83593
185550
228077
42358
182845
182255
174677
180003
228738
112997
186995
97122
227526
211656
236213
135577
236865
172534
180448
230224
237585
82042
238869
235169
192121
87634
188225
236040
202681
212307
236101
187600
227178
194157
155336
189047
229608
212188
229833
238692
221211
226587
191424
239077
210340
233378
211806
183299
185320
115400
237183
237593
226752
191393
215687
184341
152633
129207
225218
191802
210089
212777
209195
230999
237471
218645
4100
170256
210615
74734
19080
222596
134694
239519
205518
239328
164611
216848
227205
228435
194348
233904
230773
226098
238104
240049
50189
233897
190431
239621
220473
219566
223058
160886
205679
217393
219778
240372
236444
238478
113914
240308
163423
231553
236354
238235
225055
238578
168903
151720
217087
157384
153990
200470
151697
91565
136620
92540
186041
135664
232653
233880
222550
89180
137071
215236
238910
235406
55949
121029
241195
72655
178709
225708
145809
184869
72829
149427
214265
224570
230225
232336
230297
215169
217167
242276
241587
242222
122277
203354
142384
229782
112254
122730
224777
222048
86119
240836
72107
46894
192372
155418
67752
207562
221704
185685
144023
240425
158105
188729
242192
185464
206436
90871
241085
164240
239679
229383
64192
175409
181440
108346
243102
230398
61553
167088
241044
225414
241752
221653
156133
213873
129634
242231
234365
224505
238911
173249
234078
238549
230598
214263
86157
216426
209486
228033
242665
177158
85243
242207
232068
176122
242682
242603
26523
159658
175734
240461
179149
244585
178776
241746
88399
231720
235158
173527
242065
177083
177360
9344
152132
242404
133359
216340
148071
93395
226761
217460
160298
204262
190790
241925
104059
243972
217667
229905
140377
169552
42230
218995
59756
235754
162299
237740
112275
168574
237877
239965
164443
233601
83771
244948
242756
143560
29518
205191
240697
150903
215619
180761
75847
245008
217146
223591
243897
227413
184459
234052
245297
206183
236425
209517
234306
195173
193260
139619
217168
215065
191251
144284
125708
161872
156450
94225
165005
72138
245726
237609
236732
180411
194610
213916
241432
188734
230547
241282
223854
215071
238097
230016
221349
195881
174924
232298
67530
199983
233625
229290
212447
246732
246102
240441
196928
225780
241525
186197
242008
89090
246276
167116
154168
191471
136489
245452
72398
210942
194032
106955
238084
157439
243041
226675
237776
242416
135205
226236
203212
112755
38261
214314
110250
175218
112574
245521
83847
96794
119801
242818
156462
247132
244551
155558
191164
246753
233032
242760
246089
134023
217913
165421
242912
231027
192376
247193
247281
231754
248333
236974
247290
228822
78223
238590
245847
165157
148383
233825
236648
231244
230733
234621
245408
155380
209132
102479
247086
246385
118278
244654
234011
135740
248881
151308
222821
198729
239872
170591
138100
247418
249087
231349
73522
246806
232507
238981
182764
243295
164323
230316
216694
82215
174645
132312
64843
207901
204127
231355
174426
195793
218384
77064
152953
248050
52750
207464
161469
80693
244034
204555
247545
248622
234932
152209
-1
171521
227766
176710
243440
224037
200987
174853
211319
160337
1404
234418
32705
249463
50066
109183
106380
233083
243859
234674
208627
249956
233451
238860
227001
119883
191701
242894
115595
140887
248143
146037
211469
225082
241622
192638
245899
113651
191714
210150
154768
239387
202391
224118
184023
241990
243940
249581
240581
112116
199468
234084
250021
220596
98694
186008
114472
245707
164472
175038
249754
234151
175728
236857
192550
234022
250380
241134
242008
191710
194079
205174
221248
239030
249632
246165
95220
202365
252018
152003
228722
21008
251214
145605
248987
241200
102266
204921
149888
149903
243427
251336
123088
230323
19924
245102
250455
67371
146650
249911
249272
110250
251315
214187
202762
243249
231667
246017
23562
250826
252089
251434
221791
252189
93008
252074
182078
49240
234768
250209
212658
219179
161499
207840
243664
221161
174117
224881
232819
201196
40388
219581
177071
251301
45480
230178
250712
185869
198614
253197
147849
158288
251636
239519
59033
223399
191394
248472
225872
194849
247282
250613
253258
169844
241996
218083
182729
241637
155734
141990
162587
136561
199138
249168
201665
121900
59572
201626
223105
251216
150939
251864
27868
68952
245088
55615
87102
248469
32102
240334
253623
251362
251948
252429
140648
167379
189415
243003
177667
253139
253842
239373
94749
254617
193729
250195
253521
252464
236547
237260
223884
239933
176546
244685
216361
194351
227173
109317
254268
234288
243180
241669
144827
219877
254480
189730
124236
170813
159047
163937
203061
219705
177830
256640
253263
253007
21212
249100
200509
241381
237736
250215
249712
165605
251285
255914
233195
233150
161111
142970
249860
129762
254568
254436
155071
5706
255532
193599
253356
243186
223180
254135
244014
221571
241622
223015
252060
255446
238917
93377
223460
230898
255504
61722
247979
235464
255629
155502
57117
254373
255355
219358
235218
256870
106644
245338
252399
244563
112972
30533
246590
210442
192698
171107
249158
256929
74287
183185
92674
227382
216619
239507
250352
165903
136137
256478
249451
257644
177496
231441
186849
239739
160909
239547
114863
244329
244391
169791
176275
183588
240100
257840
258536
246680
252242
137511
240263
249361
89234
205550
226297
240141
136487
252920
201363
255689
219354
251482
258026
246658
112310
69887
237044
224237
255693
252371
22905
206230
253169
102526
258330
61825
253344
258065
118664
155582
200913
258164
254384
258510
205666
257920
247722
223820
208356
176722
246936
45599
250608
174259
257950
257387
116356
81733
235288
232175
227812
252492
195841
231233
190904
254356
232260
250728
208880
250501
259078
259089
207304
205774
257287
253960
258815
126564
181252
259779
201620
209003
254384
238710
147205
65866
204844
74727
69855
173427
250962
82080
259031
228553
256495
250521
223062
241684
235725
204636
255248
259460
171457
199943
222506
136244
205393
226087
214033
44531
255046
242734
251320
248721
259592
207126
107903
247258
237266
251829
208503
186158
74956
208411
259507
114206
173587
204409
215860
223374
153745
196657
222553
259504
252155
258796
260942
166158
258955
103207
156730
190435
173222
241993
253351
261205
224747
247928
135736
235656
168744
260834
259162
182212
184624
252306
117612
204796
176511
221541
125542
173874
232868
260095
256219
208534
259549
261946
125693
244519
224537
237927
188548
176031
186089
218141
259654
260982
259948
106933
243800
222733
253714
261590
91230
165995
233269
224560
211860
243761
129125
251485
261012
183627
233526
198061
259752
247043
99028
236915
95981
260868
233491
27268
245522
166297
249476
63334
261836
35158
21197
262746
188685
127160
201952
154698
260456
207472
245924
189694
257721
86303
253095
253878
64484
239746
197602
212542
226526
213400
18584
27676
237976
134516
210472
262073
261407
246718
263494
157441
263684
195574
258858
184238
229327
191058
261910
227987
147524
262318
194043
241753
262315
147079
242166
127440
210260
262766
258235
258734
120135
187642
139566
251973
193511
260013
262377
237953
205892
253251
146442
264190
92560
215443
262549
130876
247501
127812
230344
225805
185878
109570
188859
160628
253561
68188
169404
247994
214722
159719
263076
171484
248500
230645
245488
180327
255671
239633
108636
206362
191651
265495
121362
263399
203881
263601
192609
261056
186495
203961
247788
200858
264892
224411
240996
236880
249791
256884
198174
88994
175891
9179
265138
81472
189549
53091
153564
102924
264352
166169
264896
160618
258081
251826
232147
239285
135645
176171
265174
98902
265988
210163
258092
186983
227446
202075
238273
107913
188438
104517
229737
83891
219987
263016
218591
258552
65485
179566
224385
189289
166142
249926
217773
267109
84582
250118
125995
191674
46541
266768
263003
132821
202012
244608
266302
267071
7154
255536
88463
259619
90197
259010
213927
267354
224349
190321
199561
213065
9725
222060
268049
235860
107201
152020
253619
266217
251179
220961
165676
111487
185703
264188
267054
266795
27211
140524
242040
125255
13602
268609
266945
254805
220300
238391
248236
232128
43720
182736
134249
266584
235098
230241
260322
251245
266856
49762
266755
221413
218375
215562
186715
262538
160469
41322
51626
22985
169276
50610
199771
185187
266446
268663
268957
258625
137628
247899
269100
178507
267749
44528
173193
255037
258541
269167
78209
259096
255541
166485
268707
230243
260204
213173
190686
143721
153595
46226
193823
177691
132882
264861
255724
127661
265127
131949
236080
195764
269163
243768
192167
77568
70316
237281
258666
201849
253015
214445
59002
89431
252806
268828
261437
251333
260278
270923
241574
196405
269925
264750
191529
268648
110104
265155
67924
264860
189212
227020
267793
224242
219140
262710
246615
85111
270218
269534
125225
217887
159218
204992
218311
259656
166556
194978
208933
214473
226313
215453
254058
215117
190768
271846
219290
40989
110087
260062
244994
127468
94497
270803
269894
222684
183908
262566
192952
39972
76122
270006
254970
263404
225976
232505
48775
270386
83024
253128
234367
199181
259844
250578
165879
270880
221601
153527
265624
225349
263800
168683
212621
54480
246121
264198
263985
245672
215322
194247
175633
134226
246081
155292
206515
242337
210875
57554
251236
169409
242065
233110
272978
19008
273475
167646
156528
110507
245061
125908
222995
266296
263142
259662
31146
70851
158801
231465
182852
130392
269319
272648
167795
131587
217636
270678
195817
47114
230654
272591
272139
202656
226692
151348
265523
166047
231447
164457
263928
262347
259032
243486
260118
264597
272143
274032
259310
222246
145943
189317
37709
267958
273250
262504
274443
187345
223872
266851
273249
269706
257195
242935
232316
257603
87618
273456
159018
233250
226821
97802
149633
259177
217314
274853
273994
262799
275353
222311
236032
177311
191372
224144
245453
273396
255760
201035
231987
252698
269455
186477
274935
170440
200331
207986
166435
220575
165450
214089
236206
34882
160034
243735
69804
213962
84922
206597
167485
161923
241701
274934
274212
205189
245420
275549
259785
200374
210621
105565
193134
42213
255572
157619
176072
203994
214306
276259
266477
197136
215545
275039
201550
271733
53729
247991
160827
267795
227359
201335
240784
261429
271579
228570
226813
264591
70581
272875
207316
271915
148112
244371
221646
244336
167606
188169
193578
155043
115475
122610
185792
176284
128320
114272
239126
261070
154417
277395
263731
144508
264745
276092
231303
273051
236455
276253
223422
104759
273618
210492
122184
104670
227732
193838
264768
249479
2137
264552
273741
250824
244178
112536
268941
254422
227202
227540
276337
276639
227269
118759
275890
172706
266991
192187
198140
57960
265748
277252
277191
32717
203137
251701
217358
227326
277943
278242
260447
278584
92566
276454
250666
262651
273470
269590
276844
270605
138020
216379
265286
201943
94192
209978
275181
276725
277315
1255
249509
241774
100529
182626
28803
203336
120471
197939
211475
273187
225819
265248
68494
214989
277508
28355
172331
270259
270393
163717
155487
249867
137524
125373
271962
257285
272390
222110
188216
239620
278962
236006
273520
21600
267041
269960
206625
208603
232059
247321
275291
277712
178067
228720
72695
-1
267526
215865
278274
279200
151539
214536
268566
265397
262782
274035
183323
279209
243865
83328
110145
227656
63082
278319
278046
278671
272762
279090
187077
199345
215948
244316
222677
279792
257262
234824
269365
171126
253494
166503
193872
209472
267511
223996
274871
280478
279630
78181
135455
281460
130044
262341
186616
272725
227224
240459
273385
269373
257029
43
208187
273414
269593
264638
262762
272590
37253
239900
272307
183093
259473
127932
239645
207697
167506
66556
281918
275461
279771
140478
70661
243084
269183
179498
124594
180255
124888
273382
74657
275693
196385
280466
281498
154139
280640
272618
278402
272697
275716
230972
152404
108268
281208
258071
274359
245623
223110
206554
238594
88800
281517
191779
193798
280677
91976
166168
240924
273373
237318
263425
113825
98931
271897
126997
250593
278537
282327
74563
274069
263853
200257
174156
89610
274410
280731
233676
251127
108925
160258
140321
270164
274765
153789
206142
263988
178348
272345
154935
269309
237793
107866
175054
253210
214562
224105
283538
154520
260576
282405
181483
275572
249179
265220
262875
256960
207482
147789
282530
60938
283123
269503
284513
192152
277139
282331
207489
42406
283011
272832
207420
215654
219972
166208
255862
113534
267552
211209
284577
263982
60856
58283
276212
255606
279207
273087
274157
274027
237445
153740
152585
284874
272246
266866
133311
276749
162471
284110
273402
285597
163700
22875
57333
281109
151755
204788
205655
264625
107549
154374
219585
244194
280441
249261
157359
272327
74036
280875
187024
231912
241642
196157
142342
228687
280235
270109
284543
126200
265653
280516
280639
277253
117237
237072
241369
24161
267429
235914
276618
11922
282250
284265
167610
286373
57981
270462
284682
285761
120729
148751
276053
263094
106411
246759
206875
284500
224130
278463
283223
284987
29052
226950
268723
247447
265099
263936
225949
285266
213785
270116
152263
281415
245729
280201
179111
274944
279563
198278
285094
102570
273042
198490
277697
265503
32696
286531
74779
250879
101220
189137
250643
225375
285914
181909
283762
120283
238029
231741
253106
283287
274392
165144
214917
131681
288024
134042
283446
27550
92971
229819
234588
224456
285646
283868
272055
253290
162277
286684
192962
51896
267859
286470
286016
279644
190562
266973
286932
285439
253568
215758
276462
237200
209239
244130
201153
225502
276764
264834
287662
144116
73735
263454
287296
254877
168921
279928
283262
217307
285584
249108
222598
281835
273533
198106
282189
288515
260498
73791
287180
230689
80291
288058
151186
128197
223298
127922
284800
286782
271913
286486
286729
180856
263546
191998
288479
289032
264388
219349
207123
289179
189174
286963
282770
62139
239114
131627
277605
20697
288655
194551
288967
277084
129186
220309
289691
258577
213237
271871
28231
288190
276666
263200
288635
228404
279701
278149
273042
233945
275392
75648
189483
239090
282709
282561
210989
70154
288353
238605
288668
55045
251573
31587
195766
258848
217074
132309
39432
203732
223885
191836
289606
74199
287481
263725
289821
285544
289744
248064
289536
279723
272521
178124
291587
275167
289580
223326
93362
288629
247392
120534
279294
45521
119124
178273
281888
272632
19092
289758
227129
236615
160178
130119
253213
285599
290240
215454
276047
280587
256130
98345
276183
203252
227836
290412
183777
183508
224113
237529
291684
272014
148664
275034
194701
273383
291945
282943
286649
290365
292240
125357
268402
290021
188552
269295
280794
236761
232506
90902
278566
279296
181663
222370
206316
266561
292093
86597
198128
287372
282629
117496
171257
259786
235831
253122
230595
210092
292940
290932
282696
287534
236834
141612
287750
278210
291134
195437
279671
275888
165183
143922
288106
283318
194743
291892
129195
288115
242162
126253
262474
199310
138183
278054
108583
293830
138884
293995
213481
255482
291992
294291
130202
149435
77395
293199
290343
195443
293018
293063
262035
120061
270625
288117
256029
256570
286238
124961
214346
231948
282619
279203
149621
294471
293123
242766
256352
293103
197985
13252
261052
95440
191580
290621
214423
167813
194091
84386
293792
136744
293837
292159
286630
235462
156477
293392
194149
232195
148205
243974
210713
140745
69430
279426
282639
294073
293969
174058
227526
203662
279574
293943
193856
204825
201454
262424
25862
296693
192837
255631
219286
216891
210481
297329
259002
293026
295734
158408
291548
295150
295010
260987
285337
222449
283538
291667
284143
271345
288256
174368
293567
266670
263574
275528
117079
296553
292107
271986
296427
58000
294063
262629
265788
229909
246657
26142
297421
284253
294875
286281
220197
36248
293064
130650
243402
289728
275421
142904
168764
230101
236430
104329
256709
298265
124276
174019
298772
122346
144208
297498
279354
293087
283692
71531
260503
230252
267777
274584
45232
291593
163418
175127
268330
107153
298921
294208
292326
173916
279452
173097
268411
257887
61683
279688
159528
79580
84490
299604
298517
75656
261466
294581
273526
298556
285377
115415
72494
237465
298478
294462
295339
175591
299716
234952
298388
288299
287410
299299
261479
300741
150383
248226
252921
294688
128684
296812
142867
284877
72147
171083
300693
298603
297908
224486
245675
37567
275495
283371
301298
292476
265240
98227
265485
301150
212407
187720
147573
175812
283013
166933
268595
301548
161396
299867
240032
205191
180395
287706
159747
85921
293874
232634
301833
297923
297613
278319
296462
232911
301558
159634
161015
295039
279390
93728
239012
117998
184390
138460
292634
266772
289055
109040
290315
284452
136844
179163
287249
273823
230087
300936
182303
301902
40029
301527
224705
257967
294293
242459
135332
282452
300394
286983
164001
281754
142722
226044
194901
299638
292889
290521
283150
147793
272345
302820
301248
283531
253557
100784
190289
271748
289859
114475
202508
297782
301461
299688
278795
185982
214179
239198
295739
231963
303666
234026
209128
144445
136538
296425
152045
282964
295340
284090
206819
26133
292363
6616
167087
304421
284906
106972
287162
81093
246195
296685
205570
303236
237744
272471
300465
260293
41380
36269
303095
304711
295925
224817
302592
176733
301368
304340
132323
298915
92182
298242
298666
228570
289864
298774
76584
241407
303322
304678
272128
215294
303528
189680
284978
268639
94240
289316
303556
267537
303106
106179
130697
208816
301314
281407
193073
176095
38395
303541
224566
138638
84453
304204
222810
181210
624
302888
97126
295209
303927
304700
249263
303597
202762
303583
241435
290003
166780
251043
288044
73951
278160
148832
112836
131747
261221
210695
301677
-1
301317
293659
77024
265978
290360
108419
61148
249120
180192
287329
225966
119789
278765
304233
298827
93051
246310
297611
226457
217870
278823
257986
299089
297803
247689
300886
131608
306889
292315
295199
194139
237282
244518
252456
185114
166539
303807
80425
256562
203052
298389
234861
247465
305008
237244
170850
214425
56107
292698
133659
228922
305976
218285
168976
61887
294230
282538
296671
205982
305897
227881
298865
306124
298600
230118
294697
293016
298833
218808
301661
210337
299592
290363
130166
259097
299753
215117
306816
255079
305577
163532
128133
270837
246278
299071
222985
196287
306976
293793
172313
237347
222720
305323
222376
299035
289912
302947
264071
216490
292826
300195
301009
62992
213034
60621
307217
237683
203599
307462
236899
72691
306911
88144
307321
307079
307612
304517
288563
266235
287239
269120
88754
201321
180867
305367
271891
300224
173535
252108
206446
266806
198638
306291
289979
233847
205513
245437
247889
81662
274420
298831
113814
310220
253943
207084
255829
307696
223730
182775
304555
120440
247313
309976
310526
297901
268595
307538
308301
268103
289590
188437
258144
273158
309569
311041
300876
173868
206375
309774
59530
304727
262517
209779
137134
124700
203274
283320
250260
311766
273014
247615
273034
290428
237196
279254
196095
28337
279191
308813
306774
49062
285860
9933
-1
281541
150591
12674
276391
266615
161441
240954
179868
291768
199635
243464
229914
282912
269336
252775
152572
130131
173183
217530
196805
238743
198507
299445
242033
275554
198523
116896
271463
309375
311249
274681
311365
240805
244914
310006
299815
311647
209655
310712
270800
311424
231841
172601
300132
54277
309450
311106
144157
205808
192005
299374
253010
204527
227434
259037
235873
165687
160847
313488
306326
311697
313791
165272
277994
159885
185659
90424
222847
305416
182193
314429
151927
110747
304786
298535
230069
142978
304451
279045
296344
242508
297449
308993
309449
143796
250590
165859
296606
296172
238578
185572
291076
309058
311837
315033
265244
314716
228202
188230
162335
241012
217866
196158
313766
254633
222314
229336
313190
201504
302028
276355
190481
182100
275325
306679
314872
158410
300425
197289
307786
233218
278751
250927
213958
288636
314865
252418
21160
265531
277266
289062
130825
251961
312674
67740
313975
181865
258517
297658
256508
218157
149236
131971
220591
40294
303261
214783
309026
51804
301518
291485
297661
148031
315051
268642
314474
314801
293970
268604
314563
281748
299301
128671
274386
295171
248542
315132
231748
295426
64870
303353
24571
315005
203027
127048
255714
81744
314859
315073
276916
316283
311877
314574
310848
306291
69576
183660
209440
302388
275515
310172
317244
250883
318133
273760
246347
301636
183724
128897
278373
35664
186567
226656
236808
256116
282422
283641
74982
267284
310441
267717
81000
230854
302074
316611
312676
315321
311192
295459
316938
259054
146467
310478
276599
130889
316631
181902
67717
210580
261794
79279
316130
315470
258244
229501
172322
229185
243043
316340
251903
311716
286232
287397
231079
317526
146099
117787
317399
243213
34490
253633
272024
265679
277139
249828
175846
49283
269591
137580
229697
124051
296716
317169
317388
317078
169451
124791
309834
286974
256869
318117
7440
250433
259855
303105
303983
293155
284217
123663
282893
112648
315357
133647
303696
116790
159658
308609
288057
181232
266412
70242
95748
198742
263934
30466
276837
310214
320369
316933
303432
318236
225206
155770
317685
261196
235826
243541
124927
207201
320933
195495
223056
289513
211993
194302
207626
198362
300716
200445
251622
100346
299575
173253
52889
230739
246474
262155
251744
294184
277328
318707
314921
259204
273155
316020
171923
298997
209289
320966
182110
282857
282295
221423
39206
316474
251884
314674
307720
315440
62106
236380
85711
268379
186793
320111
140187
145612
299210
216080
199598
322078
254091
275938
320400
304032
129442
218035
174260
278107
294772
304063
319909
193017
307902
201939
204663
183704
304014
279573
309779
319166
293110
285429
240348
319997
195623
144771
254858
319348
281294
321064
182762
312340
290752
100765
320024
309823
265101
316037
278486
103703
308829
273145
313262
308079
315327
167693
262032
288935
310823
314103
117646
311882
312845
197889
167621
302417
29139
249449
27425
154400
265192
321138
287369
321207
263238
65605
173017
291296
60757
219735
206989
316502
303896
322945
281645
243403
260566
322384
309727
324024
71924
291025
323370
234839
195887
285926
322080
323578
245546
229201
84437
322764
192079
249276
185146
48700
115967
316509
316879
307256
210895
277669
305784
314654
92480
318973
290791
263308
138203
190522
321725
286698
323122
146579
315189
162286
261243
266906
255274
121768
325727
323187
235234
323184
104884
324948
317426
317975
284929
258254
296749
294751
314749
225201
203775
323206
144429
322604
237278
284184
279984
263385
298624
325241
320134
151587
254306
325008
315246
311322
235564
265601
277441
208976
323711
303288
151080
122117
205190
323617
324828
326529
141383
325785
308918
318923
322794
299319
303365
305607
303347
166893
308049
188639
214911
305525
323602
285392
244431
93169
172525
325069
272707
325146
324707
285492
321990
191393
84138
284942
162643
305924
289344
92720
