78
127
168
79
209
83
299
104
286
85
64
349
228
171
137
506
233
269
553
157
695
370
187
341
506
365
397
417
367
948
526
568
578
562
764
395
1000
1077
164
1035
1030
1136
1025
975
447
844
-1
684
1043
1220
1242
1273
491
1224
387
1599
1661
1559
987
1610
1679
1478
1688
1273
1782
1623
987
1360
1892
1039
1939
2196
1273
1240
2131
-1
928
2057
2219
1506
2521
1865
2317
1993
1060
2239
1677
1556
2318
2474
787
1777
2551
2072
2792
862
2911
1473
2965
3094
2771
2898
3030
1938
2308
2176
3404
3171
3415
900
2687
1382
1352
2971
3605
3555
3509
3695
3865
3823
3764
3760
2351
3376
3409
4038
3539
3064
3312
2140
3767
455
1435
3662
1809
2957
2392
3563
3069
2863
4148
4219
3440
4412
3392
4366
841
2825
4259
2645
4736
4614
3204
3267
4118
1764
1953
4608
2714
4779
4236
4750
5231
2831
3082
5112
4942
5023
5133
5115
5201
3107
5225
5263
4620
3394
5551
5524
5207
4194
5160
3489
5362
5344
5926
5929
5574
5819
5471
4923
4525
4738
3564
6211
6106
5473
6164
5870
3962
3782
6444
588
1463
6587
4350
5671
3659
6001
5819
902
6538
6735
4678
5393
6478
2957
4244
6185
4778
6485
955
6375
6537
6769
6322
6400
3841
3266
6890
2846
6424
7136
4128
6294
3611
1654
7312
7244
1847
6699
6555
6660
7369
6749
1301
6526
3238
7468
5075
6028
3790
2771
795
6495
583
7355
1343
7266
6720
6959
5504
7260
6792
6741
6336
7201
7630
7387
2103
6294
5946
5879
7830
1513
7646
8022
4660
3034
8315
6223
7996
4152
1302
8476
8581
6320
8021
8573
8188
3077
3791
8393
8469
5775
4971
8118
5879
8700
6275
8709
8306
4256
8740
4325
-1
5647
3851
2723
6525
8903
5911
8458
9056
9124
8951
8881
9275
9009
8292
6054
4686
5570
9345
9385
7834
8390
4499
9022
9432
9133
9437
760
8715
9512
9571
8655
9011
9042
5364
9248
9721
7760
8439
9202
8851
9537
788
9953
9106
9861
8981
9339
10171
10361
9165
8429
9864
7685
9831
8969
7062
10027
9444
10125
10520
3080
10110
10709
9690
10162
10312
9925
10015
10234
9722
10369
10785
7579
10576
9816
10373
7768
10400
4484
10440
4957
3836
7985
7584
7593
5282
1460
7796
6783
5635
11676
11030
10795
10743
5269
9709
8442
9381
10111
10629
11124
3918
10355
4149
4109
11523
10546
10725
11452
5685
8398
12501
6936
8867
11798
8882
11558
11040
9904
8851
10883
11511
7613
9805
6946
11359
1476
4633
9770
11861
12003
9765
11116
9058
12014
12568
12282
12099
11265
7966
9150
9278
8512
7060
9293
10120
8704
4040
10644
11800
5428
12394
10411
12075
10761
12588
12226
6051
13301
9817
13439
11713
6666
11694
4634
12865
6954
9498
13100
7877
5746
11900
13623
10959
8636
13375
12033
12954
9835
13597
3628
3188
7068
13532
12604
14378
12595
5934
13483
14447
11520
9443
1822
8696
13542
5775
14120
12959
5204
10069
13931
8416
5195
13268
13914
13859
9337
9188
7401
11836
12793
11632
13105
13422
8854
9544
13116
13081
13136
14826
10846
14954
6993
12850
8634
9963
15277
15000
14853
10790
10303
15203
15319
9039
14720
15429
13831
14208
14079
14702
2613
13874
15281
12701
11168
11732
15214
13103
9132
15596
14912
12568
14956
5334
7316
15725
12357
1034
11416
11176
9461
9027
11651
7709
8936
15180
11650
13881
15928
15063
13594
15080
15942
13331
16104
9081
8448
10800
8283
14836
15298
15902
8160
15552
16314
15462
15936
12748
12918
11799
14120
10976
15874
15598
13123
15324
13175
12610
16155
1569
13622
11105
5468
13528
16173
15364
13430
16012
10045
15368
10705
16863
16996
16334
10545
15151
13178
15988
17289
12218
13948
16401
14068
13330
16918
15337
9522
15921
7463
13707
10438
16637
11936
17416
14599
6569
14055
16600
16267
11306
16631
17111
12366
15495
11531
16255
16698
17695
10445
12895
16977
9970
16833
16143
17922
16756
18015
16630
14101
18155
10866
12780
16567
17407
15042
13348
6908
13926
3682
12073
17708
16769
18399
14843
17111
13209
5902
6850
14428
17634
2172
9153
15187
18277
18070
17449
17786
1691
15371
17269
17420
17533
18336
17844
3685
10500
5311
9997
16828
18523
17564
12624
6831
10446
3686
7082
19092
18211
12134
17913
12104
17481
18066
10535
17504
11658
19203
17345
13673
5242
18818
13870
13377
13055
17957
12165
9535
12246
17928
12700
7129
17924
19396
18422
13729
12156
19275
18950
14685
18517
19350
20035
18780
19491
15642
18506
19136
10705
18755
18544
19770
17055
18398
20453
20317
19754
18566
2766
18656
16185
11821
18997
20521
9740
9340
11260
18911
13118
15009
18624
20147
19128
18172
18422
19850
16362
17115
16594
14810
20542
1819
19531
20175
20972
19325
20836
16539
17492
16596
20478
3797
21214
11652
20351
21115
19498
21601
19258
21901
3698
21848
12963
7717
17377
18446
17703
17947
17935
9265
12800
22489
7804
21290
16628
22702
9375
21000
21440
7992
22330
22391
19113
22934
21121
19157
13682
20185
12522
14049
21539
17241
22438
23625
23293
21422
21689
8961
11253
16414
23564
14227
7986
21560
22013
6417
10651
23358
21362
15769
18936
19469
20637
9134
23738
23889
20930
23504
8131
19061
16763
21887
16649
14776
16494
24204
23863
22887
22527
14555
23720
23258
12652
23532
24429
23666
23170
18278
24204
13733
23431
22419
3479
24671
12082
8689
22978
24439
22286
23099
2646
20248
18134
6420
22308
24776
25014
25102
25444
25178
21104
25178
22611
23533
22685
23416
20013
23814
23352
18457
18944
24118
22961
11708
22874
18460
15724
18480
21814
22687
12783
6460
22809
19780
14159
24248
12308
7998
23636
25925
13720
25382
20745
15783
22878
23730
26149
7507
21525
1729
26092
24807
25866
16030
20923
21027
19595
24973
8921
19407
25951
3871
24937
26431
24674
25372
12106
9249
24660
7881
25150
18771
19504
25345
24784
26552
21367
23808
26148
16165
8057
19389
17929
16573
27826
27532
24916
26155
27241
3827
18679
20591
11217
22577
24637
27162
26145
21151
19399
16565
27278
19286
26352
27314
26552
23525
25442
24514
26538
9404
17936
27097
2672
26460
11318
26633
24754
25008
21515
26791
25920
17939
24945
28108
3158
25086
23169
28279
1768
25487
19704
28232
26036
25757
28090
27276
25409
27980
28404
24446
13434
4840
18330
19621
6395
22901
19399
18689
24118
28886
25149
26680
28727
26618
26232
17240
20345
24519
27804
21500
26609
25812
29172
27844
27368
18860
26014
28220
26726
27744
21058
26973
28091
26104
29581
18105
24984
27192
25537
13991
27280
2707
28983
28640
8128
15490
14525
24006
27524
26863
26991
27150
24585
22344
30356
23882
20753
27943
28658
27097
26302
29609
24668
19775
27774
26431
29247
28144
26754
31115
16766
19614
22004
7322
21304
23604
27202
22217
27293
27260
9176
21495
29229
25488
31476
8237
28105
31075
30924
30573
6807
8013
4128
27533
10748
26352
13343
22106
25785
28628
28771
27671
21069
18210
29533
31635
5366
27924
25958
30666
11525
17309
26005
22763
13919
20496
30544
27897
29456
29171
16447
29385
7395
31090
31856
21128
31970
26813
31305
32300
24560
23200
31033
23201
32763
32694
28305
13198
21637
27144
32885
33156
24526
30081
26911
28686
29988
10558
559
32641
11133
27257
23643
28988
9022
28132
11143
21204
28067
30788
33120
24577
32556
3162
31898
29646
16695
31832
26319
30585
33113
7958
29574
29019
10697
21964
26424
28651
23938
28534
31569
14555
32290
25731
22632
17252
3013
8861
28883
31934
29796
10451
1533
33444
29248
21250
27154
21816
31078
32547
20333
21816
31480
33825
28075
32992
32954
31128
31518
33967
4706
33914
32530
22423
29513
33939
23733
24444
17991
29032
2276
33189
28638
22013
33041
34229
32902
29404
18730
28179
31717
33101
26601
31886
30634
31464
33258
17469
30828
26576
29841
31540
24722
5295
6266
25650
24968
6870
27829
29198
15203
32217
34374
33777
33599
12627
34092
25092
31008
34957
31673
18789
32055
35013
9097
32526
34158
22269
22943
31569
35201
27539
11885
15736
29745
17771
9965
34780
28217
29948
35386
35807
35523
21910
28315
33380
6881
33276
12908
2973
9604
35729
21272
36015
29577
11971
36159
5599
35385
28990
26872
19982
34275
33944
28743
18329
30917
16451
7190
11649
33481
35971
17895
23803
24097
23059
25508
34187
32522
4488
36185
34096
27032
32297
11769
29984
36748
22473
36457
14465
28367
12460
23029
34918
35908
37646
15667
27015
34639
24172
23931
37257
28846
24611
37905
23547
37151
35034
32974
13110
26351
16377
19528
29477
10076
12127
37792
36923
32505
12695
16446
32226
26361
25223
37255
27267
-1
37841
5422
30095
38233
32973
20268
38002
36756
37598
35723
16894
23006
37980
28876
31932
35314
37493
26197
36271
21076
32395
38398
36064
21869
37735
34920
27072
16642
30344
36093
11699
29430
31192
37759
38031
30258
17185
38778
28695
12581
38918
38729
31206
38060
12107
28255
24064
31239
30413
20225
34843
38800
37190
34910
10197
25390
26078
32400
36844
34682
32906
31817
38714
23725
27743
30700
35428
31819
36915
13090
30316
30659
17734
19878
26633
29231
10380
15951
31680
21096
39343
29462
39677
39312
11954
33484
39139
39820
14764
23757
35666
25200
37276
28918
17564
34703
39624
33603
21321
39126
37486
24793
39283
39643
33034
8457
38961
23465
34859
33757
37930
14704
33537
26094
28834
32548
40754
37338
37172
15193
15078
38832
38181
38253
24284
4599
27766
33137
40687
32335
36321
27963
36111
35187
35344
38185
36157
25334
27994
35725
10337
34585
36646
40152
14274
39089
33330
36173
38346
33369
33314
38774
41280
33190
34454
40828
36270
40852
38508
14127
32998
15749
41340
39390
41344
23496
30895
38066
17758
13832
39239
41043
36110
3416
22757
17837
41222
36368
37232
33741
41316
36923
40330
37981
35985
41482
35775
24055
40779
25256
41658
42018
40354
7718
26577
41897
41974
36515
19039
42036
37091
10472
40477
31595
36761
30267
38687
40676
40743
26479
25378
33920
15346
6266
29983
35350
35679
39024
40960
40355
38728
16907
41363
42901
38130
18095
37236
40627
33985
42982
28778
17309
42995
40891
43926
34328
39116
43102
14617
40247
796
41920
20864
36156
15679
27293
37850
9420
4822
38140
39628
40066
41947
43830
39892
34613
37672
42432
26203
10429
41140
40205
31717
22847
41116
14215
39968
44249
44434
42500
40032
35491
44255
42430
39913
36605
32630
17772
42048
38211
37303
45440
43207
11774
45541
38705
39211
38700
45614
44893
40322
40404
41010
40961
39278
44757
40283
18664
41226
45592
5550
20589
35737
45189
43877
26287
34878
46318
43696
45346
21377
38474
37008
46312
35836
33385
14834
3208
28120
46036
43796
46041
41627
3030
33806
45532
20799
46327
45603
41855
47058
28446
44466
44657
45296
42530
20281
44422
8103
34065
43954
31209
29805
44692
34435
29056
18993
45482
27634
31253
46620
39125
7310
29932
10303
38610
47110
39850
36781
29574
36174
27013
27038
15904
44188
22328
46803
5544
45795
29936
8246
44905
45439
46094
11738
40729
35942
19539
40563
11631
42950
6855
41274
47705
41395
35330
32968
34268
39693
46553
20708
44951
47380
28465
22583
20579
46008
38155
44995
4651
39191
43834
48310
47218
45255
43281
38334
48889
48870
26418
48223
48902
14373
27700
35764
9674
31211
44204
47796
11390
45052
40939
41871
48070
22572
47511
43892
3769
45709
48318
27717
45766
48509
44104
2760
47284
49337
28671
37787
42432
38554
23162
35827
40415
48326
39924
44720
6435
49122
36683
49161
38899
47010
11994
17961
40649
42040
21865
47437
48429
43998
49786
13759
44954
25752
43844
29970
48703
44826
39900
34690
38415
49006
48164
49363
49253
42352
48083
41633
47525
31205
47381
50385
27559
46078
47589
31187
47716
49009
48582
45555
15825
50935
37819
16470
50257
51901
48719
50337
49343
44909
31243
51304
40638
31525
29153
36855
49503
46069
49218
37688
49870
46117
49728
41306
47759
40656
47124
51946
48489
41283
49090
49285
14817
9187
51440
41298
13486
49618
43133
49212
47577
37179
42227
50007
46979
28249
46313
29853
51816
46068
43050
15980
50731
7245
17192
47898
52356
36510
38644
51344
52947
51686
31941
44562
29143
33566
33663
41570
46777
17387
6433
35379
52930
51549
34246
52036
35576
18644
33427
41016
53016
48300
50391
33545
826
16105
47449
21768
42764
31077
41831
23065
52873
43241
30366
53241
53068
33119
50583
33400
8229
52708
53891
22574
52555
54241
39535
29032
25714
21778
54723
21865
40237
36579
35290
30841
54106
45066
24515
54881
10457
13358
55142
56055
10901
45105
42006
51519
53526
46298
52465
51663
54751
39548
27563
52354
22732
50058
55922
44168
52888
50960
48937
14279
43183
35376
3614
23255
27087
53217
52769
7233
31772
41851
52712
37159
37756
55710
55530
19092
13443
42705
55287
49853
50122
56878
55512
10786
55515
40245
44246
49311
46694
46805
28842
50276
56759
31783
51543
43173
46747
56892
46429
16287
55917
53857
32456
53716
56198
54447
56344
24124
53242
52134
56290
56700
52038
56320
57546
50811
47082
51013
43454
49653
41703
33038
50754
16772
48866
10471
45252
46764
56683
16201
55665
41297
42555
55096
49529
39987
24558
51152
56976
45360
52930
35832
45567
35244
54769
15394
33315
48582
57147
51359
55091
47382
57474
51662
16054
49599
57801
58809
56368
56302
43607
42265
33478
35263
52661
56242
56074
49892
50560
58255
33609
41302
53657
18711
25389
59205
47312
59521
53295
35161
58376
58603
55031
33500
7457
20430
51466
52559
59229
54001
47572
228
56121
55599
42239
51910
52690
38304
58243
48289
59305
59478
31018
22659
59309
47512
58666
24803
38659
53087
50789
56473
26095
11464
46151
59614
59104
44520
57591
27693
56871
47897
23893
58866
28339
57104
51587
52182
59936
48488
27218
52833
34417
57839
16988
52176
59401
23434
39010
50048
43668
60052
19272
35431
44651
48210
12087
58562
48168
19568
50250
59860
59471
59636
50146
59699
45319
60288
54487
51376
57712
60719
30190
56959
46996
51965
53028
60737
60038
21353
58283
60439
47902
58318
47681
54945
60994
55333
52091
57399
39381
60196
61470
26702
59791
56535
22587
57333
42504
57587
59500
22951
60023
60873
50974
49806
61526
61675
60647
58939
36447
59667
5853
60623
58794
53194
53455
54576
55489
10395
32620
12971
28726
20587
61476
48503
61376
59342
59722
51435
50056
24315
49673
10069
53858
38151
61690
58214
51438
59589
61803
17807
28211
54028
57000
13076
58705
46094
62056
62421
59997
39799
51213
58783
12125
13470
54158
56716
23540
51222
63583
51336
60043
26865
52898
54819
50192
63833
30232
46912
63017
56783
57409
62068
41922
58250
27443
17944
64256
17344
53216
61059
54984
21587
33812
31397
56771
60152
57285
40577
55791
63602
58293
62249
50166
61054
25062
60787
5795
62580
63178
64766
50602
43396
52356
36177
12615
62178
61280
6113
41792
31161
49571
61788
56398
35294
61121
58422
64224
61217
61649
61940
59603
25463
55450
45258
50889
62434
53014
46106
64849
12048
57910
50947
41962
56698
27065
31508
62114
52548
64981
65062
54739
35003
57708
58997
55449
52881
61715
23233
62545
33955
32822
51939
17580
11706
59224
61485
54803
62463
32956
43061
66480
31655
9641
53132
56173
65862
62005
40168
57067
56483
50237
57620
27237
54270
63855
55774
66046
67001
61566
19067
63685
63098
60984
66025
67512
61290
45378
65119
55692
62866
15355
55635
2649
67682
66783
63726
30713
67524
24229
45981
65944
64367
19542
57727
22497
66859
68003
21725
59179
47848
54874
64785
52933
60460
15681
39509
49645
42208
55798
68769
44094
57262
64744
64269
49867
64318
66587
14903
5741
63959
67548
66805
48848
39562
67818
67603
61382
28958
65659
41111
64530
14462
24368
64961
44520
61503
58990
64982
34889
68132
54308
56741
34884
57170
61617
49151
65084
53595
65309
25437
67212
30265
55084
68274
55440
48412
35646
64243
59576
65679
43545
56133
64432
68292
69938
68750
63269
57218
61323
10352
33537
44175
42871
31901
60451
68961
6614
7762
70544
55614
67702
25170
70232
68693
55282
70712
70428
37003
57902
54575
66970
29868
60810
41935
46929
68592
48897
41955
57454
48723
70447
54150
69544
62083
69657
34374
59203
70604
64504
51394
69565
66724
56214
70261
64543
61780
70375
70439
70495
10962
64860
49840
54945
70680
60049
31436
70550
65124
69960
66929
40907
66274
58246
58439
69919
64328
61670
68824
66842
32548
71358
22142
69310
66955
55291
57474
13763
70202
70920
20113
35355
70513
59287
24179
71094
59971
31785
58296
71555
58342
70597
66722
31092
61417
40245
59825
66764
64291
47826
69580
69704
56433
72462
71775
66960
57831
64299
69778
69993
44964
70720
68174
64058
72164
54023
13977
34647
61338
21322
42608
58806
70906
45879
71124
71430
72398
11719
30751
13779
70139
61263
35347
66518
64617
50411
68264
63724
66593
38020
59362
41031
18225
61626
64427
71334
50851
66623
68105
42916
69324
66548
67165
72207
29714
57831
71561
44549
64548
61772
72585
68726
60823
53650
62217
43578
34919
67039
52339
61334
46877
63073
73912
72242
68662
17014
66001
38229
62855
74047
10082
23832
64509
34746
58596
18030
60022
38199
53833
69406
72072
69566
43843
62089
42547
71883
60285
70280
32873
42638
21577
66670
66017
18650
40929
58443
41829
55013
63842
64909
74610
75075
58712
70064
74684
64015
60799
40998
20035
75155
58310
72827
73705
74781
58645
55091
42788
72132
68258
17382
66625
64183
12045
57657
35440
47884
65151
42976
60040
64659
70677
61042
67347
31366
12697
66125
55095
2489
70873
56338
69901
74497
72070
59122
59257
60095
21855
32242
44640
55014
65703
75956
74588
74794
34849
74026
42232
51741
75028
19455
67416
68178
27123
63631
67172
11969
43153
72954
67131
60196
74098
57980
30485
75452
10603
44655
66636
46011
76646
1962
60743
10687
64393
49368
74157
75429
75850
72849
68570
60700
57722
73009
70089
76691
66080
70259
76742
70494
44822
15065
27918
60187
3742
76035
41629
77039
67867
62447
39771
38958
67490
77768
7101
75997
72122
74262
61958
65702
33325
77867
60660
75983
76555
45627
63117
14512
69784
70005
73687
68679
7482
61868
78089
41456
75193
63521
61597
77287
76198
20496
68426
70919
46238
73906
38834
71958
72557
78476
48271
46916
49689
72500
56896
77159
77577
61964
51056
76584
73561
62001
75576
59244
7212
74663
73056
77985
18969
73075
64657
55952
80054
79310
79002
61681
69900
78631
62545
42566
76565
66537
71938
58323
67815
58207
13820
36625
47516
70931
76451
58168
79768
51280
73441
66231
61892
56541
80362
38793
79143
72445
49367
45353
21606
50535
25304
56482
79808
79179
79267
51437
70760
54077
66574
79555
80873
64606
58710
11038
32363
56588
70045
59683
59679
62728
77751
71408
18536
43928
79094
59187
64614
68839
74821
34127
59782
71744
61838
78907
37984
78790
74327
81950
56631
59146
76619
81130
30692
45908
65079
74962
62836
58542
66713
42754
70994
71793
79553
76384
75065
73784
63892
37959
70650
80067
39833
56165
42336
73731
35200
24439
67461
81831
51200
72531
81339
62023
75891
57837
73395
67743
35215
63309
74954
77444
81182
75650
21137
71399
67907
42172
37802
59299
70189
77964
75808
17894
62748
68588
54059
45783
80058
63131
73466
6009
64052
80363
55390
78463
80390
35537
65783
82697
80048
81820
69234
81679
79474
44260
59033
78173
57989
73331
54478
66770
77746
75156
81926
74966
70115
51044
23183
24844
76778
81497
36249
63534
78161
76655
69575
74178
81143
83406
4445
79879
76583
77531
82580
83059
49750
75622
79443
3453
50793
17087
42415
80267
49000
35601
74624
83783
83985
82966
61641
67733
82145
65289
20295
57416
37872
83867
67922
75073
68015
62934
76643
81859
79957
42104
69493
76419
60487
39330
50968
84248
82763
54814
39765
12768
77579
49432
81176
82530
81339
76615
65424
83592
50230
74949
78672
64793
56923
41140
74899
73173
84288
73152
84768
30708
71424
84316
55170
75070
79408
14787
84636
50141
85423
62256
83946
27557
84139
81582
76861
46923
82473
77590
41020
83643
35063
84845
57245
12883
40230
86151
50227
84218
81861
69939
80413
82163
6341
78453
84839
84005
84502
80132
77072
76674
61247
85342
84191
80865
22497
85699
80299
80793
63899
84183
62965
66602
47343
69371
26454
59551
34058
71997
84829
10366
67759
83613
78143
76395
80809
44096
77143
80690
78135
81153
70387
83332
82374
72866
66347
83300
52218
85184
85568
50745
72246
19069
23664
78290
69864
88612
84298
54124
86925
71740
83947
73252
83368
46679
69882
73042
70660
13622
83986
88205
87977
82681
84680
78915
77729
78726
76021
87145
20593
33260
75603
75024
60075
87766
14819
72785
76042
86524
50491
67104
55758
83351
78850
87967
89484
19470
21842
67089
76392
25110
22394
7292
5512
40824
61666
74822
40495
84450
82655
75216
31844
89387
69652
37570
82950
87704
88553
46246
79925
87334
21524
73146
81048
68314
87802
81483
75983
23909
35136
84864
90153
87982
83673
87979
89475
84363
87740
86945
80074
25419
23956
87083
89134
89267
75611
83173
57679
34781
33436
84231
86530
71628
89209
52968
88500
44733
88089
23732
82196
64541
87799
21049
71085
23849
83452
23660
88016
39686
89862
81057
81163
86289
80416
30001
71597
88495
80614
90339
90796
82202
75114
56409
73562
50578
90300
88029
82234
84584
86302
33875
87795
81162
78496
87414
26446
85055
87146
43446
87914
81419
87752
91300
21633
46862
76984
76165
91492
85930
89671
71326
53783
75908
74647
22581
81198
81251
85826
64119
69006
53319
70295
79266
72511
90907
76938
73550
14154
88201
77073
63320
69793
81874
74744
91968
75870
72787
19128
86518
55212
73067
83668
69515
92359
46039
26830
93067
92372
88175
92500
53141
45470
35511
77143
40197
73561
85448
82672
92909
19783
39852
90717
8252
5670
35405
91340
20444
57117
25574
72260
47268
60319
57729
86548
92941
93074
78962
84919
24385
84993
93246
41202
87635
93602
88460
30506
93394
57158
65459
80294
72855
60325
60214
64164
63928
89357
65576
38354
91489
82206
81268
86989
93788
94132
92932
94220
57774
84860
63317
94151
10848
92717
19161
94749
36835
60724
86457
94774
31323
27964
60120
87160
95077
75838
87590
74407
80361
73533
94675
87709
79643
71312
92211
31482
87068
68867
41931
94439
92343
91076
95558
81015
93192
95011
64895
60691
17633
91057
61063
92962
92542
94026
84388
74419
87474
93633
93984
16073
82298
77158
92987
92607
14988
61713
69057
94150
62193
91363
91366
91862
46518
78720
96896
88410
29893
91417
93243
39210
35452
80495
84169
19259
96245
74563
91668
56962
91332
67736
87772
7380
13455
48801
86505
86754
19991
82880
87411
32281
92522
61964
74703
95085
96692
90373
51181
73747
76331
55222
91739
86485
56725
95626
89915
88911
69520
27806
96740
94360
76776
35912
96850
93669
28246
70631
85311
83792
94328
94269
96921
91861
63369
51240
85658
96814
83011
30171
95636
58252
85524
86848
75170
68017
93862
81411
92887
88161
41499
73180
41751
70769
52150
58201
89282
97217
92933
57104
73567
82964
94256
87509
96657
94021
44917
97332
39764
28888
59231
65344
91693
92637
97301
97533
95447
90246
55959
57925
64636
43360
73237
95013
94936
30768
76859
71503
82137
97213
97475
37158
93724
83870
82976
98239
81482
85314
82136
76312
71598
56665
70205
41472
93544
40017
88451
72054
76129
87826
86382
21420
54083
28227
79888
90876
46247
12869
94271
86840
70198
87887
98318
74517
98472
35442
86575
18868
91546
75969
98454
84524
50227
83629
82227
64694
75652
73914
68283
83463
78277
43823
91524
57143
99020
98538
65063
72294
73366
25431
63774
83427
91692
97791
65425
99309
62339
97491
70402
60930
82962
93650
97859
91737
96389
90264
48901
84028
95904
100622
96678
88415
87279
43656
50030
93840
83251
66816
64538
75242
68586
86242
97413
98516
90176
87285
90285
96749
101251
96578
41488
8832
61373
91575
93965
85609
96745
52629
96691
91388
88885
97580
58229
43183
85948
101275
18876
61532
94672
37119
85139
81727
78561
94650
99406
96524
90858
96717
97806
97311
70234
76987
14515
79166
81814
101548
72712
49662
18383
100949
85860
29154
94364
84628
98011
101181
34457
71333
47357
25660
27865
68603
95637
63867
48964
70236
102069
18168
96886
91616
59449
99504
53017
80864
90687
94395
66112
29231
80210
102902
98052
102353
70641
102495
67297
96405
97534
66138
72720
65497
103069
3423
25353
33319
61006
102973
86681
95605
103068
9774
90818
82980
80387
90000
95103
99787
30732
74736
95974
102777
50761
100271
88341
90883
88950
100342
62910
74899
98876
81544
83199
71298
103849
91075
86746
80141
37280
81373
102730
97107
86214
79463
91560
55340
84645
23420
102089
58186
63653
92366
80234
85462
99087
101908
101781
89960
102243
76617
104015
95934
76709
100945
29549
15604
66288
101844
87901
99761
58819
103991
104579
104896
91962
82812
104656
67084
97747
88368
91781
104366
98176
80597
3239
35160
92187
102919
86095
98611
67985
101198
103289
93601
88257
53342
59629
46537
93515
83761
104702
92110
104791
73098
20669
104837
1898
10635
93424
76112
104674
92410
83606
58664
33902
40815
86883
59831
93186
19676
91940
105314
79740
105656
95527
71349
89860
100683
102266
72779
64871
39627
60867
102654
97576
101593
70534
96397
49161
93196
59683
86225
77722
105680
71681
107014
104344
76501
89360
55694
103224
99789
88191
77601
106745
106474
100834
14160
50289
104309
106399
99230
104797
96156
41314
100621
75105
76769
107394
103481
37452
95643
49119
107467
103646
95212
103070
40920
16828
74211
105080
57234
12617
91602
67139
37102
82796
26426
102462
75959
107340
108208
30648
39820
43043
72578
102509
108089
90377
97917
108186
107682
97742
102880
97287
102304
107837
65198
82174
98985
99477
60571
44732
31379
68169
54596
107975
83250
106634
98896
104955
105943
102332
11616
103294
61458
52937
54951
106274
108653
106539
6790
77659
101653
109360
103422
85943
72401
94460
48717
45472
107986
50277
87914
106254
106097
82974
99682
36066
104550
60011
50259
107464
15082
106266
108939
89281
92728
97091
78240
97649
69071
14468
84976
77486
41281
29175
102822
90510
10315
107962
45795
28194
106361
70897
104484
16877
75529
86926
84468
101165
31765
98242
110143
108221
110419
110811
15350
95755
107854
104686
70626
97504
94732
103713
90355
90552
106126
108578
106205
79710
70550
111250
99856
90043
101736
111147
94300
45709
95136
71038
111221
92644
97934
105914
18994
107732
86068
105413
110714
103180
101848
53534
67868
107152
110819
109262
104627
84310
89530
31204
47801
110850
64526
111863
39654
21590
91406
103673
91589
102987
109426
6974
112390
105259
89376
106667
75313
8594
102091
68202
108170
76414
31740
104212
97505
89087
108096
112701
48470
97312
99859
37366
42484
65335
80166
58067
54012
102013
111662
73369
72587
103443
108765
110920
87231
74674
28129
113120
28710
110515
108394
55810
113571
106867
98308
57499
95342
44012
64528
8093
102726
101038
42206
113604
92386
112940
97368
47703
96117
44191
19323
89503
97225
49444
67628
70484
57867
110894
114602
67295
108402
103650
108969
101057
92662
101406
40874
12864
83630
103028
113868
78409
110754
108851
114395
71207
103160
28711
114617
111653
54497
107173
111051
110695
106206
93340
113582
27551
87305
106282
70199
104794
109655
108866
43415
114638
42678
29280
94408
17249
70752
53385
34801
107936
114995
112066
76103
88364
50609
73700
109150
81401
114490
115011
115086
80311
115836
108529
110201
98162
83592
108537
90245
96713
43504
7350
48123
110032
115670
109987
113277
59428
100514
111572
44234
80556
85946
113783
91490
69642
43272
114738
115429
97576
90218
20533
116148
36938
110390
25937
42935
78774
75831
89350
68702
109752
66132
65221
15940
77832
96216
66869
29982
100883
91578
109856
111631
96929
69943
116942
84549
58129
75895
117300
25897
87677
83410
66677
105947
61001
108038
51071
105403
43975
35980
107320
72789
108351
112687
113674
103276
59561
93620
75400
117562
118302
98142
98839
46904
106934
76352
46863
117380
97201
111960
49471
36960
81772
118083
59197
56157
112292
109722
111625
113699
118363
101390
68843
117935
97448
108519
103844
77398
61582
104906
101460
85383
119280
98257
66847
119163
106193
109418
115553
23431
98269
52663
88089
112649
118377
52492
96602
48914
79681
37949
118126
42519
113276
106105
77469
41830
97975
39358
53721
78546
69808
49713
13133
115051
110963
35962
95000
58939
68521
120202
120185
94351
96998
107276
116261
119813
94782
103199
120064
53082
112366
100195
91635
119215
45379
118410
113319
102904
114269
121226
118338
69361
113542
8975
105246
99238
103411
51374
108415
94315
107618
53890
62280
65958
92634
112766
99702
85367
117873
69449
79094
92832
76305
104747
85073
117293
121511
68677
2669
53023
73549
90370
99916
116329
114556
9447
105565
58061
86360
118644
116046
75984
118691
121277
110153
69877
103737
96375
122219
49529
116556
87389
122371
111273
108581
121673
68358
79445
68030
102659
120658
102847
113863
29207
117952
27524
102020
121957
122155
14144
122033
65441
866
117604
12476
93315
3801
34228
122755
116538
120542
40497
117530
118873
39100
109978
102099
68787
118662
123749
117559
79106
20309
93375
100339
74762
123014
120245
123317
105612
108276
68421
90873
112434
116588
123436
96613
102358
118486
118217
102655
118307
118816
116748
117428
84484
105309
23561
120466
111821
112115
123994
106463
120226
20343
44426
98393
124144
102551
123205
3801
61104
50787
83348
103772
54749
123260
113803
109158
123108
85728
70827
106891
124935
79554
124805
81618
114741
69789
51498
23744
124026
120875
118498
121591
75526
121114
10603
103808
114243
117540
21351
124758
122497
75708
126403
55881
88398
77879
125922
71291
95185
72355
95360
76822
118711
114173
95529
126154
84309
30853
95658
125712
119542
74519
55182
91393
86577
63978
126343
72445
126283
45803
119470
122863
78480
76654
92885
120348
46115
23706
127860
98839
114582
92668
75206
101431
108449
69741
52559
115424
53804
115423
127517
120572
115860
121869
81795
128065
35280
103781
99266
73701
73977
123862
127652
108978
127140
127936
117995
61865
68184
107749
128394
63971
56612
67450
123313
124112
127091
120924
87819
39987
102615
65838
97630
103090
125870
96900
124791
88615
71670
103905
122429
71238
126803
123447
26259
117911
106893
97735
129308
60722
125383
87633
125601
53533
43127
128399
124525
106399
77989
109440
108227
125322
121262
101718
126822
102045
126080
84966
117370
118978
127519
126334
47698
5646
70095
103541
126202
44549
122559
97066
129640
125133
111137
61158
47929
90392
116545
40697
124086
119072
118985
74255
77023
119735
85673
88759
96773
124596
81104
102588
59312
111724
115397
108538
128796
55196
117722
127007
93545
130588
50341
64110
113541
119344
32160
99085
89952
93267
107298
123068
93997
103069
116908
90100
95682
53281
111527
122709
127992
120499
129458
124384
82642
11309
129038
131134
120400
63168
77405
131160
99736
11130
117813
41290
44604
101634
125755
131893
123208
57758
120044
112228
112708
117865
5870
128164
108323
128850
109296
102684
15810
126681
82235
123166
81629
106533
114208
12749
127934
108055
40722
126961
123921
133080
73222
131753
75586
104562
101692
109108
85267
30124
34113
99231
128409
78765
115674
28796
112166
88345
59871
87859
20657
103594
49389
53219
129308
114493
93351
132474
131004
97996
126779
90308
80932
45685
111325
125769
120296
128656
129424
133566
14633
84783
122809
74656
121015
74724
134177
122922
25472
128958
125640
118288
51570
88273
132910
114676
134256
78227
126859
92733
131826
129536
113824
115887
92435
35075
114778
68113
132478
78398
88333
105855
102991
75091
122090
135289
73828
128914
80359
116604
135559
98535
133897
135057
115982
13048
106332
131183
135237
42611
50374
8069
134999
90560
127985
121525
36439
110879
105390
79479
128204
130601
131669
131809
4478
130889
122853
69452
123088
136044
130920
108682
73232
125174
70539
29716
38152
136920
131762
134808
137127
127777
111998
115342
64193
116977
102242
97423
63694
69429
76492
131519
77643
137642
96173
25691
119201
136368
136591
134251
135398
68427
106905
133859
131930
46199
114426
133198
132136
13361
137636
137953
132802
125330
21251
134148
911
136444
138229
47291
81143
60574
127839
91895
120850
137440
36925
131810
131702
38765
81383
138371
123746
73601
68931
69375
120093
130006
125037
117275
138912
132753
82143
138930
106600
138705
92199
129355
84552
117709
134469
115068
89677
120545
132592
132946
125220
124155
138965
85406
127375
31906
112651
115976
120897
95900
127864
63861
114730
77695
45182
132663
90872
133834
59891
136367
134924
104816
131931
112563
130278
54545
138442
85388
51622
138048
108380
127610
83367
120248
134474
139628
140386
117678
94799
68054
20932
130043
135366
105842
78143
59162
114109
84671
132853
41378
127475
134340
96405
101685
139898
124503
112563
92118
140770
116990
82280
70935
136567
132877
30501
128071
127492
138166
31191
76274
43326
134107
139189
77011
138061
90980
104275
104181
66576
119340
127581
137996
134237
121733
117536
21711
106931
2404
110877
127027
7701
102447
131803
132584
133472
15561
70674
62227
84857
113716
139945
91509
120016
115198
138382
131870
117236
114533
141458
92976
115583
137457
133069
30173
107195
40314
110312
52628
141672
134514
142024
99568
120239
141119
78789
133825
137367
133333
110195
122495
75981
116548
120584
124768
137922
141766
41649
114929
138932
124301
111783
136971
97227
76656
70979
93984
96697
72086
123031
139460
92595
109481
122896
83955
135657
51836
142854
137742
81411
133138
27806
128240
142880
107695
130300
132411
137376
143151
56726
103192
133046
100371
142846
142848
73425
95284
125372
107521
140634
112870
113415
130545
143108
97074
129186
142580
129237
89890
60434
124748
45300
26147
138311
129741
122845
131217
115121
119471
137270
120941
134735
82675
126873
101585
143007
138320
102047
126138
139467
31489
115090
40103
80024
120091
131787
140703
83125
80297
140593
75223
69804
128450
136443
141346
144610
54266
131183
113686
83950
127614
68066
57191
135560
21128
101456
101940
121941
20043
144156
92116
141082
129389
48441
63477
144616
137874
101136
120225
115364
118863
143484
131318
137210
137629
115213
126893
141908
132674
139664
102332
128330
77691
145463
111846
101417
80512
124686
120013
145151
7939
120947
45716
136981
126636
89361
110018
13661
145237
140240
146116
116767
128868
146163
144898
142326
97914
110678
145721
144710
146063
42132
41500
114911
92068
144876
120984
142687
82802
79992
146517
136353
102992
140996
83482
82019
69039
146761
128575
145016
86165
128618
119845
62618
123568
140234
68154
19723
122569
139566
126992
136922
134211
118941
94250
89250
136836
86692
123079
126206
90725
124051
120234
141754
141142
104252
89790
126959
134310
124438
100148
43383
116056
77232
107952
147886
125400
122298
142304
104708
139379
138044
147059
117729
78421
115633
132327
64860
38234
63884
148113
38182
148036
135923
9290
147220
147814
94551
127003
72501
65338
129293
149179
140132
133184
57010
82574
148870
121560
138298
119351
107821
112276
112010
148892
106722
62134
27986
141157
104010
127210
127421
119585
82722
693
117162
133565
144321
144013
30586
144642
127989
103925
149581
148699
149474
116608
130573
116827
80392
93680
83878
66399
149203
101969
104790
117614
141459
132094
148816
131117
16320
45646
110411
143905
131977
71812
136944
103119
111929
65574
140845
111672
72411
150834
95071
147129
63220
144893
109389
73719
109408
47653
4238
136580
150367
85179
84051
121404
145156
95304
83877
150659
21712
113747
94210
130122
129216
57207
128876
145444
51472
110187
139341
145248
152028
-1
44435
135918
137472
8057
61709
69166
42005
127209
90452
152016
90435
98448
128001
151686
139011
151628
151599
84390
149451
32702
152027
145730
138502
119389
147826
144291
113658
125954
145422
83546
134908
148869
151489
151342
138300
144802
107804
149313
142401
3844
127413
152446
128060
146767
90819
134759
129207
139308
146856
148759
146519
151260
151810
107985
40069
86124
148636
85308
69612
121153
147230
88396
108621
147787
136105
144606
57867
145256
95266
120860
137349
153328
143878
126702
148444
152871
152768
37170
124505
121055
151507
92520
119164
94988
145513
144569
148024
140731
44642
54450
153089
76158
149693
136428
12231
153792
118685
153601
136172
113501
139218
133827
143864
142592
141627
153893
150451
142102
93416
129093
85868
150024
62482
59444
115097
153059
123157
140468
135387
102708
130037
150562
140850
29288
120033
95902
154852
85045
155174
154984
103640
15694
141852
129063
149374
149309
95730
150981
145077
74664
47604
139597
147122
125620
58993
119410
151216
141526
62898
151008
142120
154254
134869
151297
-1
131031
151198
152584
138408
58632
73577
133307
81438
151621
110400
157246
119509
107227
150627
143784
127954
156833
96528
153361
135438
83910
147348
157442
95444
157277
69125
142699
33120
145016
151479
75476
114417
87992
99728
152557
146532
140895
123926
157405
38100
87965
152130
96501
64272
97669
109667
132781
94987
134610
121806
157635
153203
139628
142702
154121
52557
156893
132212
158562
155200
122701
53949
569
158529
133754
108886
158525
68675
26657
159348
103291
149860
123168
155097
150055
43808
158821
153114
158765
149117
160004
82100
148725
58426
140728
151717
159701
139460
155052
153130
95947
149020
155551
145059
136400
106810
157605
137301
149479
106324
126451
51368
123417
78574
106506
127926
45433
16361
147967
151059
127848
140413
158646
44284
145216
40706
94973
159736
20618
24232
151249
149845
111811
51887
75189
120178
-1
92976
69696
131496
132735
119283
160310
37993
147467
141117
130130
155762
147097
152001
153833
131601
77454
148834
139316
137211
142870
122158
140529
142436
125992
154029
148070
116083
158420
154296
56945
108189
161411
126724
90811
161421
160348
41605
160012
126243
155421
135355
92887
160770
90598
66877
90355
133814
41843
155414
142976
138485
160888
155457
100528
37497
111803
137983
161573
82432
96375
160065
91949
138393
148139
106297
135589
127823
153116
153080
159478
43791
75859
140986
133760
141513
123550
31085
125619
117931
110607
156668
15957
127941
65140
89462
121254
150215
140608
119350
106973
161259
55002
87289
105572
140841
66795
144397
161996
127403
154122
155223
148859
162444
152265
151512
159594
120821
157812
93224
141640
128079
107906
148870
97083
76057
131716
151395
116468
158970
121160
156784
162467
142851
163103
155168
139309
154998
65182
162475
162712
86998
146617
152019
156147
132354
25015
82770
110422
111437
153653
100330
108902
5319
118917
139564
160475
154074
27159
145687
58347
159899
161558
20847
158717
162793
162306
129747
69248
129619
154629
82583
143741
163113
164484
55810
26826
147712
126505
133692
49046
142836
99093
99212
156360
28662
162287
138069
145400
141954
151451
164699
133205
130094
164939
102576
164458
143969
90698
146939
159558
25147
62450
100393
138286
152979
164887
145314
118743
136356
158559
67249
133605
103804
160527
149165
157205
137296
148448
164757
151403
65958
166494
71549
166073
10578
102117
153596
164160
93463
162979
166218
163932
166728
30494
82837
165439
165351
156593
15617
152351
71857
114869
154010
159676
167590
165534
146464
126150
135249
49241
96946
166481
113433
156817
139140
164339
161520
94043
155257
161369
151695
48961
138592
161371
166850
161428
49551
81866
162125
23638
158271
138929
157115
152143
136762
161674
151535
31058
166928
140325
145905
156249
129153
146840
146555
125692
161832
166834
156675
141692
154012
166585
135925
161439
59460
166597
167662
167452
165874
163950
158365
159160
92116
85001
101012
162386
162347
157013
54502
93419
14312
41445
26833
53859
153586
155820
154288
148099
15881
139784
134676
144372
48499
160098
115878
147962
153560
69632
154359
127225
85644
161518
64396
166285
138468
37951
130956
18519
58930
169525
19110
167790
20561
128945
129692
115623
152108
159461
130178
92416
165219
63821
116967
169352
168139
109666
124962
169179
168985
167958
115525
126940
80184
154923
108701
101011
144787
99887
94835
144907
110641
167390
109052
164179
107010
72397
118996
156818
150599
49663
132007
163474
124333
91079
92579
168739
170104
169160
162659
146472
161193
160370
48855
139259
159483
144537
168058
163963
170720
127379
136885
106413
85643
155110
135820
77967
80471
66590
109500
133648
115718
151856
147533
153191
119365
47328
94743
133267
96827
140918
69218
112674
148084
156811
144971
171153
118925
20987
118707
98286
127915
34850
167331
172446
114635
170639
171534
171044
171170
104331
69167
154418
121301
14004
123572
172168
157144
171933
25464
154208
161871
119830
136897
164934
148405
163670
68455
164038
170683
140471
148483
143917
145456
142442
170391
165579
155422
117096
15638
168562
166440
164599
137254
79039
171055
171960
82894
146975
156402
126612
171092
131666
13733
137249
86118
102170
172923
127543
171403
112249
162878
119531
163151
116796
147894
170788
155909
107445
148959
171010
33281
142615
135176
142720
53672
41754
57194
168514
167182
98366
159632
34833
121431
118893
51285
40259
122019
173596
103560
98273
13268
95559
172469
140166
143485
137920
172443
172596
159073
129209
101429
135215
112171
128471
153438
139912
169575
174438
49970
125944
144201
61894
173020
130216
173570
135301
151100
145251
57560
140100
127942
109730
91937
169770
58905
173834
172967
169779
167714
129974
62609
173754
168458
72661
165303
45826
159917
154121
79544
175420
160182
40921
152658
173401
167170
8207
57894
175687
154049
174056
60015
118176
159202
121334
52691
70802
157593
132061
49673
64257
131715
104088
167868
167624
123645
152857
169516
127988
159973
134085
176537
144088
86140
173973
52082
161496
151131
151886
89030
169726
174296
176847
6237
140606
170952
161610
69031
177574
81398
130294
152429
129797
176639
121906
157052
169880
156156
104743
94263
9711
85052
167216
166869
165012
109350
138932
140033
149440
80227
176300
45568
153935
114083
112213
168803
171149
56495
170300
67319
177190
157825
104450
156748
177841
156168
172296
111589
58097
97344
38685
170634
42365
108734
82033
30812
171999
154767
14385
110058
146409
171979
177820
156360
69038
115219
172416
63478
170029
156502
177991
148747
176786
35953
76137
172332
151243
170708
154576
174106
176461
134854
124617
75457
85976
145971
171803
69263
151870
159191
171235
87279
176704
119575
155081
128143
178592
117813
163116
143383
94243
149057
160112
171983
173577
135070
169909
124847
172297
147877
132994
166329
133647
173220
95574
142608
179632
173903
173933
94913
143538
178735
76460
115818
170846
167648
173285
141414
158610
180076
123922
173579
167210
178919
172062
178854
64018
153164
87538
94656
167919
139808
174338
169939
165208
163678
136336
174993
117802
149426
177216
147586
157308
151369
74462
180576
99909
96235
128007
165054
174963
174563
171198
173603
107808
85810
120610
136091
150516
144099
85157
155938
143159
154257
158322
174094
85520
173990
142393
69792
172089
134272
166533
180614
157147
98791
175657
62436
150820
181705
181207
176515
180873
98802
156113
181242
170187
158410
82533
162498
150262
168958
129270
73745
175052
173450
170223
148159
42970
177567
163784
60256
151593
177882
45410
182480
170739
176966
119140
90706
165381
182497
171167
81666
81309
167860
140618
126593
99786
176162
176798
72249
68440
175460
-1
115916
180022
181664
178437
159555
167229
156290
94148
132663
89753
63019
29203
183374
175811
167659
183638
156547
147956
155437
176959
169147
176626
173730
177364
172681
184802
182488
146676
54694
176945
139143
118685
181493
177419
184059
183685
115114
184384
152006
143128
184431
65939
165309
49830
157199
179002
150878
177982
178141
161408
150404
110627
155024
178803
171026
111077
133273
152652
114853
133379
177551
162661
119540
86438
41949
183844
171363
66723
181373
152761
143278
112931
180741
138202
184172
137665
100932
65475
37496
151027
20419
124629
181928
101868
129864
66863
17966
160910
48931
2733
171682
185646
180262
180738
175535
179200
9869
156573
145599
77669
137159
99806
77535
77089
152438
185597
122190
46027
160793
179312
154864
186315
185998
24954
185043
104842
144268
178616
88393
129637
163847
173287
-1
75869
129225
122896
161839
154792
185577
162546
185762
117683
107348
96359
54318
144721
85019
107759
55141
147823
160834
187268
59308
70693
48931
186725
152057
36328
164599
155442
178006
180158
181318
4623
66478
112886
63544
99482
123313
180356
146988
145845
178330
144997
60659
167670
187175
56430
183230
28330
129734
182465
164149
120258
141871
158140
144330
182401
140181
182499
187572
174594
141945
151751
171450
159560
144319
178416
145978
152281
92225
90742
135384
131040
117996
108851
142966
114353
185220
133531
188478
23139
181123
188686
167977
145565
99731
181589
133418
179061
131497
158001
90220
188786
-1
59779
108225
105342
184256
187829
172533
120329
170876
187272
85895
182416
183837
183224
183529
183264
188745
187832
158794
109218
143598
153378
119265
55968
158571
132013
129144
181481
12718
189977
88553
183517
93655
136534
167935
107393
157277
28787
55307
186847
186110
184862
168953
61305
17488
191109
96810
90120
185515
71590
105090
185735
134457
176226
125033
143368
149194
145574
142501
104311
132697
115115
178575
108156
135217
13983
112515
164967
131085
124349
97485
189759
93296
158674
11834
169993
171332
120201
170179
96449
108413
154274
161997
190260
178261
22235
174281
186540
177862
67927
108574
180496
168027
181725
186187
84689
119015
66066
154869
167378
118743
190057
172466
77161
186580
113812
173272
110900
191241
182336
187651
186908
175118
185721
132747
185556
101419
142295
118585
100099
179774
6398
183368
190810
187875
181341
187025
176051
28500
92893
186803
190251
186037
75076
63105
103658
112544
166599
155204
191042
131713
34699
191976
145634
184795
189624
93538
178532
175779
191377
170010
187007
159642
161170
12509
184919
143374
157416
139800
106369
74730
166372
161093
152415
160019
192607
152437
49289
188363
99245
160209
112419
132401
164491
187137
169100
84752
161630
170212
149638
128200
142476
149806
193533
94195
154699
51763
192755
181609
192913
183635
102989
165210
165531
123254
152137
187146
59220
188868
133608
63934
90231
111267
173063
187046
173221
97135
149880
184135
60657
151499
95925
153052
111670
153556
153545
18625
27199
130601
169883
107643
192622
144766
195083
190921
143425
106196
194602
177911
168801
137036
183942
155661
131864
84699
72767
183941
129349
185072
194398
94181
178211
185000
106878
106608
76444
76392
168037
57050
179388
189017
192816
169261
142218
95114
172587
57115
179778
156146
162209
171127
96012
120480
179127
108292
181682
89920
142572
132318
174098
175655
171871
181288
106838
148482
141374
191781
27190
181471
107747
94506
32045
189177
178431
191435
105308
42807
153723
189912
27445
160004
140212
195622
168418
169062
54527
164245
74824
196092
191848
196379
155125
160580
195878
24214
128189
191062
195932
34451
179570
193050
191378
183192
132422
165123
75145
159738
159106
190140
187051
101289
152185
91122
157601
105617
197930
192104
163028
162687
189836
198114
191547
191370
178740
70451
151331
14536
149676
190371
164602
191414
92213
88557
186716
132238
63848
180640
197574
83217
179014
137721
182524
145043
115193
125690
83130
194315
142361
199003
190423
49856
58240
13382
180680
113991
112107
182778
91134
12926
187469
166278
156725
192041
91437
197193
60437
139955
132355
64162
66505
199021
189099
162999
191274
195149
157711
197662
163312
179999
195148
-1
184823
198875
116134
188582
81252
156013
191356
200189
163189
198691
44328
192656
189273
91470
90485
135276
104287
193741
91622
193385
109733
49886
199056
191916
106771
186167
112480
178958
189666
178098
101216
130608
181134
199305
64372
187660
30227
195555
120793
28550
199679
184436
125618
187822
171571
199425
192858
84690
194794
200940
26729
120649
200052
96833
151768
81332
167709
190666
2948
182935
188888
157484
67601
167199
183360
186477
168185
56189
141830
69835
102653
51906
193042
129105
196269
50169
34562
59216
89268
111135
197420
161230
190385
95597
43595
96448
174503
146862
163245
111535
166160
201191
49814
174377
198760
168719
196302
178503
94637
164472
192628
186822
196127
160774
134347
16092
193997
75674
196550
150774
175558
190057
159105
45478
153143
195287
161171
90289
192310
195810
196630
72131
185119
115197
78110
202961
52089
144894
165571
191126
194099
15738
202019
174931
177986
183732
63772
203114
174366
172802
164691
43236
198367
85672
201705
191784
192000
112797
174575
81826
196550
198756
102904
184642
196978
203686
107311
103883
105958
123160
193900
195537
186746
186922
97191
49753
153670
204449
160022
198393
165389
186610
167509
22853
88488
196158
198451
204266
166678
204022
163104
179338
142589
126128
199047
144920
196905
200385
197998
198313
194158
203784
52500
197468
85848
194588
163195
188334
122873
88410
112065
177468
160930
198423
146110
169227
204951
116140
68679
67414
169423
169129
166271
172462
195154
157790
191988
152923
119861
47334
117094
191842
63738
181752
203411
125947
180494
199037
186425
142132
204879
143301
173058
204951
112667
186329
100086
51539
157785
206747
206055
184650
186400
204453
193623
58866
121964
172858
198569
206699
158311
206573
142766
205680
96344
150687
192556
181840
200336
176588
103099
150239
199645
199066
117534
92347
182114
171845
158833
168672
179531
83997
62573
60933
88899
196418
196593
55306
136825
187218
191492
180889
66572
146313
136312
138965
197360
207448
156403
98380
108211
207715
125210
41797
169523
203149
183671
188808
83495
193236
206751
208294
199965
195031
191658
201473
201874
169955
101839
208662
52515
81482
206955
203008
141246
98825
149171
186829
202215
200434
98874
208244
123188
181633
159004
114099
64717
201872
114459
188315
94101
160868
208661
151412
190453
67353
189057
201718
-1
32148
169677
208688
208760
173437
209488
136538
198845
206463
209096
116011
97894
206460
182843
120487
177179
43680
185864
111715
202745
157710
209286
140345
99413
199743
182202
33043
195904
185231
197028
209205
209800
156166
182605
204469
190848
210235
194104
64729
201814
207212
123728
188674
187889
162615
209777
97409
205868
165241
103217
116018
203421
209851
196095
205017
190990
182870
192360
196579
208938
199356
116124
19570
205450
36975
189387
41027
187950
102345
167184
82293
185683
103795
45215
197054
190949
94401
205722
197258
209097
197868
137701
72999
64970
174606
158764
182280
208733
172770
102403
157571
186740
180819
205459
167090
40267
156061
205376
167955
204314
211114
175673
156472
203506
38976
171162
165340
194714
205910
165717
117847
115679
204697
204530
211135
132503
99213
129939
145882
164216
203216
199591
204162
191316
205316
51982
181200
191281
61024
77219
123328
210178
128889
177828
201968
29950
199363
109698
211423
211748
209831
74584
199736
138574
203915
211406
41326
147179
73934
170814
211763
98090
74291
205234
212822
120828
123825
170184
177948
194241
166723
207089
77022
145436
188023
203694
175589
88301
177639
207815
129742
192842
187539
106229
138379
208026
188192
198900
86546
213964
206369
194857
197850
166398
182704
159487
214164
37833
214523
68605
134780
115187
137369
201168
131849
32806
73320
185301
90822
193837
172498
168858
143727
136367
158486
213679
193427
196453
149825
209833
208656
154710
110481
188651
206463
189519
204171
35155
101801
207941
164337
203843
175785
7721
154890
16307
207533
100055
204838
115224
214149
96079
169803
101678
214362
214280
206967
157064
212003
52294
215157
192858
165439
186338
102890
215834
209435
207561
197238
172829
128994
214298
126021
91696
120231
214613
204340
199644
171611
118426
149998
203043
165665
177476
201478
116520
204976
52522
121101
192330
180808
181553
177055
187243
125306
211091
163077
140207
216367
66371
213799
68437
185736
129178
127968
216420
95565
207707
20380
158647
202160
34300
157631
204034
205863
150408
209845
203949
100783
171728
194803
216262
216509
156892
181776
132985
211082
106387
73878
134488
183179
169098
31292
140447
136585
61806
209049
206757
180485
120908
186676
186799
211440
98498
202739
216616
197269
189382
65703
201292
148804
213040
193003
21579
216168
71875
210482
211016
192394
174479
213462
171281
174746
188585
188618
191309
218734
138776
172051
9139
147801
206704
134810
199733
213348
43157
218440
183125
218553
206271
98029
192004
140659
205460
212260
208589
87944
46313
167699
215616
108929
105747
103176
206396
181631
121056
140825
49325
208791
208923
211247
202247
45376
86772
141237
208980
178787
163152
212201
174788
219557
209732
152473
217493
26199
219422
219450
180271
216496
116986
43792
202616
143871
202823
212719
145480
218731
178733
219640
212095
209196
191600
219423
91449
157908
52381
168218
220653
181232
165507
135520
177116
216196
201400
184470
212322
103398
214279
93392
105669
201275
186783
9565
204389
212569
173362
172338
73019
208341
76034
214833
207764
168931
53533
215235
220189
69539
166215
220939
195161
47966
214928
145036
214643
208478
211763
207019
179717
189885
124761
220885
214817
215500
99879
215109
221909
214024
215053
194311
211467
83417
204145
154876
220573
61615
126900
201077
188821
201259
220592
145006
52902
46326
112038
132897
43275
214611
141324
210926
146887
189981
218983
213777
176828
222893
163490
167246
207714
199569
207923
221024
216370
222471
197392
222839
218430
175252
193928
150981
214203
213558
191828
210897
154483
79174
83953
191117
212750
204103
146014
209757
200948
222107
23881
33303
167888
139582
151273
155421
176544
216781
179546
224015
143649
195271
193073
224356
176119
205062
201595
107641
136240
180689
207539
107480
215122
135844
210012
105521
167107
205469
217320
97668
32604
215650
200740
168168
223533
124652
89499
111646
223237
192597
130844
166757
219920
219736
188486
222320
127432
108501
95901
215693
88987
88810
168673
175713
88015
135392
212161
123271
194596
210259
225354
132285
218765
223305
195813
219752
60484
196895
219472
131380
209954
214768
225583
89230
37833
195893
217358
225199
188958
162154
123689
225504
226054
225759
187930
109419
182022
198311
125631
201550
216300
216795
108077
197637
107056
143420
181986
186296
197745
104233
203645
221192
196458
226061
217908
214497
199806
212019
114040
106472
104640
154284
35249
102387
204677
75005
226901
134825
55587
184548
87018
197140
76589
227688
226560
87364
209992
217297
173790
99030
159547
162518
195721
155476
219736
209705
219978
219555
65279
160622
226707
225283
225367
115685
213708
206887
77322
157533
204439
184324
180216
216205
226879
103096
159429
35711
214189
194640
226703
185711
209779
78067
220379
182585
73699
225454
200527
102257
179994
225464
116850
38056
167729
208945
215897
220375
216671
157672
217207
222929
204661
225763
179151
166656
134158
219435
177391
227378
185387
185840
190928
201478
105586
221582
180661
142743
228023
184737
219982
111963
51995
61880
203090
138303
218879
214441
225843
218750
200020
203108
146844
222266
227913
197608
194463
220374
124505
215914
32763
214646
213752
39507
134239
225586
226008
215449
84969
164909
219954
129954
165999
121911
196017
210597
221631
184630
19946
123141
189666
222762
183848
197261
226884
173832
177552
216488
221560
178430
87111
94086
211534
221726
214651
73772
127113
204090
100699
213078
222548
227989
222251
180662
187173
125088
207149
215478
202282
203639
185036
186584
221893
219603
193892
126705
167882
84564
168233
223313
141626
174033
221575
221290
230405
86980
171324
216362
205962
101584
179908
201997
206081
163508
223907
165827
38294
104668
230826
138882
180092
214183
228017
215666
117980
231299
61973
116512
144948
108958
160227
211979
230893
230121
153389
228951
230972
221880
107614
225778
146357
22118
228652
230096
72980
218174
148145
222841
12649
168160
61668
164484
64515
232439
223522
126343
142878
217317
5024
223043
231073
111192
220768
224587
225178
192727
201611
33688
221362
135438
107774
223095
232386
117123
177209
231359
181491
232340
181546
196634
120086
225214
232312
203684
131982
202037
206559
211260
233202
214164
200160
113043
59508
94981
169911
165677
214992
199142
232699
201968
159917
215987
226467
172344
121625
73599
232480
177567
231198
209430
160332
217716
202589
215894
115057
171516
64344
175868
232241
177875
231804
224950
39867
231378
70157
233925
192049
163289
233598
217561
59735
227706
169768
93264
178457
52243
158075
136873
115798
232288
21642
220030
187827
234262
212870
57371
113509
14079
233849
86714
228759
154767
226661
226349
191910
179558
140161
177410
186308
222514
200846
226596
234222
210773
51688
227350
115641
173378
185715
194177
205198
214426
228485
194260
233797
221274
229229
157988
235040
221038
164064
225686
126908
229969
234749
232875
118518
224096
181118
197885
45148
208291
229416
185636
191666
212999
127358
78371
206673
91783
196835
174588
227398
232431
228043
5342
207588
187113
207717
228622
72937
235449
227403
76380
212383
205424
236334
86950
192059
143565
95711
211999
133651
235793
210996
217994
64124
222706
210729
168946
194937
195115
50657
189253
233402
163219
163066
199881
203134
129342
220466
156465
175779
120373
168681
162028
179752
186241
160064
94444
112244
235799
235666
232461
99166
227603
133041
72545
224505
202328
237319
219127
131302
197996
228833
93437
61262
160947
14890
149352
232449
211892
195954
160235
236789
230109
230397
157330
221729
205730
204965
237724
107363
230736
112959
232011
175963
40537
232234
92612
227571
235688
81456
230404
223459
187754
87992
34047
209253
206789
84874
238220
237922
206242
209909
130772
216640
186168
-1
196414
230078
233390
142163
209480
168468
231589
210818
191647
200235
210941
215646
227492
209955
87427
84067
204541
99210
184984
217329
187370
156615
194912
238784
236593
236213
222004
114075
171836
237469
206246
176607
239519
218574
234226
189520
234771
239380
196551
232599
216810
144233
72870
138664
238769
176898
153803
231846
48125
170542
148645
105246
204209
219422
231443
48471
230670
211230
79730
237572
232912
182081
176941
172460
191218
221334
225369
219787
138121
191908
10723
228854
239057
182287
179386
233108
239992
162050
218833
219860
238295
59411
202883
234224
236147
233907
203197
238539
41825
209681
178861
12346
184250
99643
186232
143376
240147
77817
240360
97679
15572
68636
113520
241455
204113
172335
199325
34967
163333
113519
234603
234597
192680
221358
205115
223791
127542
202424
119790
221954
175476
206914
35325
182210
232310
86799
235382
108689
190137
234223
31906
148851
174222
241555
237305
32586
34879
224073
222523
70743
231265
52133
101102
213792
205284
206557
241220
179189
151266
231077
226352
234591
178517
206541
167112
188466
230568
194297
202161
188294
218390
222129
243026
201217
226842
172087
119932
94585
227190
244121
226694
127473
222572
235814
186440
210948
47251
203087
92470
56323
235093
115531
178485
118361
67412
231180
118108
234079
169545
213695
234931
240519
208508
223973
198386
122971
133159
96084
239547
201098
114987
120410
95849
160709
181356
23566
234559
132034
237996
204918
179295
207296
108307
21710
244843
229033
164246
205362
123336
206291
147231
177312
244433
214539
231737
236808
216644
204735
179989
222614
229246
150440
224023
188728
95638
243520
144971
146689
221297
188323
188881
245104
44637
202862
170699
131943
192215
86434
117638
240085
235179
156754
118281
175679
181799
209097
243465
159173
142953
66165
189308
173893
216947
183001
199692
227358
35586
193955
238625
207135
203900
232722
203858
204828
180930
122859
143845
172884
243626
10313
63755
237049
218015
237152
238987
187415
246179
96616
97992
125383
238734
241364
202641
13107
142831
21387
57894
235287
116714
194616
112225
149227
211444
226860
46898
221051
201847
247278
184522
112225
59919
159140
46804
246637
207559
190083
231177
181446
120157
246108
207428
62488
247568
247062
197889
232882
150801
142297
236475
247600
237025
222650
199360
120446
247560
150024
247189
231718
35914
237409
245819
26445
215219
134536
145230
236310
227048
232808
226853
241049
248091
174565
109054
94582
141423
60471
184395
247415
65959
96154
135916
172611
221828
144376
246662
219857
198423
205140
153982
237286
201668
150626
152816
186421
114490
239231
226699
241235
247703
248269
171171
220841
23493
215936
214599
193842
248703
16072
171269
39035
246724
212341
192934
208694
182984
233911
115500
248876
78191
227484
228506
115938
75451
248532
248754
230799
225983
233162
248615
61422
213877
234781
186220
229898
230460
248225
244475
108042
250145
240804
10624
246888
241228
132168
216353
248334
223827
146691
103335
70727
151423
98097
228852
101954
224927
38833
197486
188145
220507
242342
190102
179301
232477
242982
205704
134333
223904
250614
226893
126526
100667
223207
203989
128480
189805
156946
236863
224171
196046
248172
31371
165043
204858
236377
241074
147050
218969
106251
122662
224506
244334
38564
243506
93395
187275
241539
74131
55792
206430
161780
250480
166026
56461
189418
27148
251276
217493
208469
194138
234534
110413
246251
139320
150956
189419
47006
132306
240420
121261
223516
115482
71551
246936
139617
240380
236934
220084
104343
252097
215920
250009
111522
238579
190460
225054
251113
120610
252577
81612
216381
127660
182515
252945
252739
235513
250881
208965
125660
246402
203821
242365
179396
245139
15562
212226
241438
203648
127066
247511
113115
196744
197382
163787
244904
229588
252866
222132
179344
193905
219554
116451
80250
237928
169295
253633
196902
118323
127816
141440
49902
190749
251630
246953
30911
211911
153433
241394
207337
244865
138322
201017
151307
252081
-1
242231
246498
200224
240007
251331
81524
252372
72511
123135
213734
167334
222220
243859
243867
150359
237975
135409
228435
211695
180389
180339
124221
253544
247795
58468
217525
248467
132144
183783
63761
87155
130219
104344
244944
253066
63664
247369
201509
252511
254484
209499
251145
233725
198117
5530
234412
254955
235016
243155
117361
48190
244232
220584
192779
180566
10711
247756
104890
161985
57289
256077
220320
249264
252837
244660
250824
248159
254483
201210
239722
207652
180389
242667
250863
83341
244245
249897
68634
123368
240265
248008
242790
180429
179740
156467
174984
112698
204456
204464
141552
253287
47914
118062
212217
107336
249098
163651
240293
124503
224475
241344
248553
202510
250322
245042
129611
240335
42678
71432
208515
248824
129671
198907
-1
252765
113865
153435
255280
161104
248416
250289
153995
208598
146575
131628
245849
194778
248385
257229
256616
226056
64591
167864
95405
257284
256938
209820
255697
217789
-1
256725
214324
243579
257517
134915
230351
62190
140393
138074
170433
160901
252305
116073
219812
254802
161483
167689
240459
243801
28244
238300
240378
-1
205920
246575
242064
148492
258689
74323
157092
215463
191152
251155
188225
70447
45723
189354
219939
16376
216033
250518
152559
250747
148874
183776
209146
238383
221928
104927
260027
122327
160254
204992
135334
105796
234676
252075
258064
187473
176192
250879
259699
217873
235810
249857
161972
182432
221690
217007
56263
108868
215777
238030
250494
58822
243612
79751
116843
249094
226460
246408
198442
200126
236419
230779
94675
151873
145174
256471
229206
259983
258257
252069
148608
194315
68250
234052
259755
128084
249504
141451
248254
231632
187618
254518
238686
44084
95796
91859
154250
105536
252031
185863
125377
72922
187612
65083
230100
83432
244912
41966
260762
185554
254425
261428
258591
198629
255994
244682
232607
74908
240404
148072
7871
200359
228311
247613
156087
251723
223541
252279
250267
261638
262115
113244
185378
110866
259841
149465
228930
261991
255682
260555
194052
170094
252890
130822
188329
114530
115206
171673
203063
224108
242596
251564
243895
167172
144557
166053
249697
228883
21931
233710
240792
184740
159528
207432
98368
260446
186813
206672
260656
241497
231864
130897
130384
176886
262683
122749
248694
96908
187754
132070
190765
212130
236569
254286
167370
262407
201982
262391
195302
133366
221104
251504
256217
228496
87426
20298
234851
77736
69232
224392
192496
197151
240164
201724
209159
79626
249301
86367
213123
254062
42215
206127
258626
253383
213669
220167
62197
212523
49757
140866
225949
255814
213868
251788
263244
226368
24435
208392
158540
262644
207332
246762
242815
85391
195688
256773
98622
213428
223097
262563
220191
173294
218080
91164
253212
113849
176994
200473
214996
256963
262227
125662
258045
33221
262634
92052
248170
134885
113713
221402
156327
122085
257755
251316
264505
158170
117781
263092
262336
258053
265061
249893
144970
255757
251202
223647
209826
148009
231029
215379
109198
258352
153738
147116
240777
137806
230392
215102
246822
187501
227787
265049
212344
257833
191243
92120
254061
187570
144287
252231
115512
261893
180922
214022
259000
255621
266721
193800
153070
261799
203683
213155
263267
259529
31238
209158
148453
251200
216046
251092
253159
200544
216042
249999
247938
43423
207438
49443
204887
119369
266741
166023
112458
261579
257172
105257
234951
71634
264413
237750
110141
116842
252808
233446
74203
40342
197905
247914
260718
120965
185846
23205
256472
264887
76615
63029
244252
260178
263908
55536
267651
184768
244703
257336
213575
157344
235597
28836
196057
190646
144838
247943
47571
258425
165464
266724
162347
262548
268893
268634
268066
251710
266768
59549
246239
115083
205484
204113
244625
28008
266890
177522
195798
178690
257695
78222
135018
103612
258132
268957
189883
204000
251471
191446
269266
56637
257003
203474
199050
257998
172483
259775
268599
254948
98707
115545
67866
259984
230934
237865
234089
269019
224517
246213
-1
91365
102255
231949
224345
269772
41467
114852
84171
221155
25798
165353
261955
261442
104406
227841
259948
93618
158222
221769
245692
207909
270786
250035
163694
232698
152278
201319
253789
240304
16701
183270
261582
246257
261218
217941
253825
114791
179443
256582
257999
132365
149376
210189
267865
218235
207448
86014
255487
252845
261470
263470
220353
75838
252364
135933
185908
96300
264153
267793
251202
266607
264584
265113
162411
262563
272934
136051
178235
270685
39198
227347
215096
140698
265428
42616
264027
261186
193073
270991
255823
256334
100535
172214
256124
260534
255107
263421
263057
262539
140883
241560
155173
259026
248127
103967
160899
236513
273827
216917
255170
161960
261419
238196
203528
249229
273542
166868
202024
271191
266239
271884
95459
271680
270583
255676
259206
273525
177683
27830
153775
230276
271243
272358
261114
196513
259397
139967
272534
93452
266643
152877
269749
244704
229020
272568
273027
71065
98739
266813
188405
261772
94125
173098
275612
271710
243898
198768
203776
214559
178018
256514
196675
217721
270608
254745
239719
268816
245622
33397
180861
233925
164351
234502
88618
273869
228964
108350
91212
51978
277712
256110
268018
217818
254990
188483
96611
223034
258026
164540
201945
273348
119775
264068
56401
209730
142205
230741
227067
254593
181072
271065
269432
56849
247902
252475
86973
116001
270482
56395
267859
253764
250168
222043
276965
231961
278269
223550
270194
53437
274686
173179
138511
260541
137923
143602
96002
69732
239315
251345
245178
242244
253920
266149
132351
196547
146965
278581
175001
272871
256044
277579
277630
267770
127785
111130
201640
251473
148893
273647
266537
275254
128937
253451
275625
266796
279508
95147
163692
175785
263997
167709
101608
131726
235101
266862
183588
105535
274857
158581
264817
40081
86926
234511
232049
202478
206567
273300
269157
213060
258354
208675
226100
263626
132325
225947
168070
270786
266280
270023
273270
101522
228973
279586
251378
106636
272616
192279
235511
271945
170902
131505
251534
229030
84203
226206
177589
155018
229795
219142
188256
94663
278992
242103
178552
243897
118900
252768
260386
263563
128741
217385
276001
245567
37935
265867
243786
17610
213188
210649
255546
243206
274457
269686
274476
40573
208522
214323
272759
111589
260868
136183
264577
212030
186667
234743
221544
165210
198485
224255
280998
159722
281843
29483
56172
212642
50795
279398
245468
168729
254960
204921
280787
281656
243016
204351
182669
197467
226367
93276
186812
44414
245200
36323
282317
234532
184675
279487
230398
215061
271449
259456
279551
254861
281394
233425
282551
39539
272457
149882
99799
97467
236268
229168
224118
247878
270390
260470
223908
258470
134118
283143
250709
16399
223848
142672
181436
279281
52554
218034
209328
282773
265212
279623
249164
42157
270076
217394
270750
250203
282177
237440
34941
269949
273314
231938
163866
277524
93361
232244
283083
283363
249102
266248
179486
221874
136398
262845
282596
253614
133221
209715
169243
280519
198367
281229
100452
271772
84084
46744
240344
283001
284111
183731
283972
244384
248787
284181
197951
281362
255595
280516
232661
198856
238267
247095
268180
278077
258259
247300
186992
240465
222565
278839
233207
284570
161939
156788
274241
282294
173498
254860
92423
282572
108964
142953
12753
243505
66844
284992
278441
275940
234979
282615
15353
286218
276157
282993
276965
280567
160859
117499
132182
176288
110153
281805
261422
273147
65526
286495
190512
256811
277558
163732
274300
250629
227884
279027
197597
243694
172525
81277
273895
171035
278553
206413
272558
238209
159143
49102
285586
164871
10066
223877
-1
194928
164855
127743
161189
41077
46804
219255
226144
241046
216770
215906
272384
277356
162682
37575
108594
268137
178657
288055
226480
279030
235219
250134
275622
235089
253208
145818
212534
275033
260358
266694
234522
268097
148893
217518
288076
287742
285770
235002
240870
237993
195190
288355
254681
246962
226894
267007
257097
181625
275492
281103
203573
288349
274927
288559
282542
287874
276565
135466
273058
285177
231569
289165
228560
289658
246502
229154
137425
226514
263865
83804
47082
201176
281376
228014
288673
168776
19241
186720
114134
250609
280265
283450
289406
289686
178257
282702
197723
268207
266052
285824
198127
274913
119846
188797
276966
280581
282919
283902
235630
258716
266007
237731
163175
280176
68168
108838
290753
279323
286538
289919
198411
288159
276268
143668
259384
105012
235967
107940
176590
279620
286390
287250
133430
281990
45840
217912
287187
122923
283327
150685
51229
287981
237137
263769
220015
152907
289527
199374
213601
171174
259539
237045
283215
224050
18560
82462
117290
248627
125587
143600
47071
270733
243689
232531
290557
68984
105782
253884
78939
278019
177696
220717
253553
205366
222750
218525
257538
291506
290819
290754
288648
207912
288418
80842
205002
291647
101075
228219
116089
104431
180666
282858
290165
187318
229060
292887
288981
275840
105587
212100
259495
258615
165999
245943
289329
291460
282974
170998
290238
284914
290462
162147
179211
238811
271440
228549
278979
294351
189613
292981
158323
136308
119290
293470
284958
249160
264262
287752
221300
187594
274776
253500
255094
283574
80723
128172
285738
293268
230809
133073
292466
291909
215943
220666
265372
118212
274029
261940
176917
163173
259979
284049
284491
290660
233785
43070
258151
230372
280314
73512
202185
37330
268411
207186
231878
293616
131956
216274
284370
201708
204515
18107
290283
193884
252336
198231
208301
59991
171573
284578
273589
140871
165362
294582
294486
55025
157512
251953
207126
265752
237985
291818
236692
87045
286572
149203
146889
173311
202806
258948
277668
294434
292169
50837
266191
143269
282206
161643
7259
282477
292720
294630
285157
291326
254183
151415
-1
295491
294865
291165
236419
286748
91244
234546
148223
255805
277710
11689
87035
292351
276971
167324
295406
281296
259405
206233
168491
295989
256858
260993
32282
163337
121592
188024
230889
96613
223821
164418
295463
199157
125061
234060
282489
167774
23792
295414
222101
134457
262905
265095
125613
263370
184661
258701
119453
281157
295623
287315
288800
129976
101867
161262
293219
285986
248135
103417
241759
209804
286411
163670
294043
281248
42356
229058
296862
42922
271334
141433
278272
297269
248987
289719
199599
268057
202620
141364
271351
245301
281533
293282
264603
236400
291236
288078
211599
297720
231373
214121
218941
283627
277765
272758
249188
293243
123515
160251
187251
213760
48641
295387
76617
240861
298568
279624
187099
47298
296990
264289
215505
193149
192207
275542
112910
203250
268885
232046
245183
116754
223544
189978
229836
285674
258067
290755
294910
138401
298850
291550
295316
215836
293938
280740
240797
289677
101277
162288
262027
192183
292361
270622
299581
269802
251931
225216
267846
208172
296484
172750
232953
298925
262866
273407
224269
177019
233860
134830
299634
263652
233528
225601
232936
299151
280510
260403
93903
249730
254179
284274
277805
80501
289675
298915
257960
197865
288107
299071
201000
299312
297106
144130
179730
122273
285548
298929
254796
285167
210647
175897
163142
259766
270993
154706
293193
206634
292270
230257
300246
193253
246378
122200
298933
120141
284602
221808
294805
276660
280823
272862
264825
153739
269367
300056
274752
272462
121808
297087
196530
299255
196678
291163
165379
133037
281617
241010
242392
299954
287152
261677
143617
216027
186813
222541
237762
293094
281214
209137
275863
300935
177170
136551
300201
254775
297396
301090
270861
291020
195506
242679
286962
272078
272394
190106
294735
277350
293664
287358
223908
46248
301421
182502
300118
243488
73917
301085
268209
297135
288021
295646
228223
299350
241896
293821
154780
267769
225953
177636
236428
282558
91262
296611
287545
153509
276253
97251
295699
165603
257832
295507
75897
297968
265902
198579
299952
74779
251499
257858
171572
280490
294352
58939
247023
302312
295924
271062
94733
288229
235760
252558
287298
244776
95441
294563
199241
297414
268331
268376
218506
290746
167666
258928
254117
248254
106446
303129
292990
292374
124128
199772
216760
6236
285359
249347
67610
298202
244494
304303
277455
275059
160279
237296
250854
168850
299991
276483
176140
238835
131840
269420
211234
277691
188183
46200
261036
212672
304841
217646
267973
114968
233810
264263
60270
283892
23871
205066
105515
271201
274577
184647
184649
259410
247648
297308
209690
295832
264545
107063
260826
124779
98242
124406
245490
289777
235205
298733
268668
200562
44902
179312
231354
278756
209552
196344
181554
241793
277764
304258
296459
156527
213201
273229
297377
301848
260716
298477
302397
198076
301455
221673
212136
295082
126556
132824
63058
275997
297763
299338
295223
151148
210941
246911
233848
210375
290416
293361
304696
168228
253918
295556
155071
266168
299546
119729
295800
177021
259684
305275
73505
227062
16686
299156
299826
156806
282166
194221
119591
66808
54425
221542
272322
217016
271381
282027
195648
69173
233108
297311
225385
262689
170330
264293
242761
80605
28273
257964
258915
202542
303858
239663
254782
269828
105581
289153
288951
227540
283763
297096
293292
201396
232750
219932
300089
162041
301763
187634
272118
136876
252558
294013
218310
266737
226346
279224
287482
307842
293664
24153
294523
277378
295042
279765
288547
214823
67283
180201
283095
301939
18412
296384
143280
280061
300072
103060
304623
232562
238221
216825
217912
102433
111058
246233
307511
306030
300144
281457
242244
255032
230352
307959
2867
219959
293651
306026
290435
256677
281605
301337
25889
105297
301535
295981
273708
291178
230281
148962
309417
147280
309672
223066
246462
297254
308728
262594
308513
27595
182482
133677
307789
289914
236902
188336
308749
93171
256353
269020
189131
21359
301322
159111
219055
256282
282819
259786
306961
308404
103077
202178
302771
120809
308814
275618
307894
296354
299665
135977
249648
182082
268263
164960
231815
262936
9802
148371
250428
219366
297282
244706
203067
178476
191009
159237
27691
217493
195696
247509
170016
282906
188822
309904
275482
219909
172775
219785
275964
310392
76609
49872
302169
247052
21161
267260
186418
212611
304757
220944
106207
119888
86296
297038
291885
297115
243493
58802
297834
272948
122293
205753
297317
174393
312761
311446
219211
282066
24036
30750
170501
194273
302364
248718
296914
252174
311693
298612
108629
304601
265495
173903
283841
240400
209996
249466
252241
269158
58887
137476
297630
301687
283267
308477
222096
201298
251719
297420
203987
311046
311139
220118
200494
126879
305560
292660
271194
311248
245128
228409
283895
278945
43537
297658
294227
168811
225419
307641
276036
302512
311167
301331
304419
289187
286362
98120
97307
310443
75246
300134
304078
309053
281251
220197
311547
296629
145704
56470
259533
197132
191008
280435
214054
267829
272153
247691
216738
237278
307166
204768
289939
134229
127876
186297
304439
249509
312889
312917
95813
3807
186129
47143
272209
257701
206108
307403
134099
223489
251835
291293
273499
222137
252798
309549
262598
303681
314540
264150
109348
298192
102659
86791
118593
209692
176580
245188
89691
293053
307271
303000
280675
308001
300511
32512
245462
311275
170682
152915
316006
308551
278636
283591
170798
175258
194248
110300
307008
249259
242757
304699
247159
127890
127786
304950
17305
269248
235620
31379
177866
288010
72661
311302
305337
299958
224370
214578
289577
191983
274339
313566
314209
282638
268307
129062
268468
-1
305882
236755
311675
307045
178213
214612
221997
239054
232497
256359
22632
312594
190669
203551
307540
248959
312101
219659
300736
305904
220951
295570
202953
309058
276793
309983
306016
67346
172225
273869
261701
306628
214492
284446
147404
256755
298675
318610
242688
224492
301566
292560
316330
303077
311705
219970
155648
278827
76575
207020
136313
189241
209678
262526
282198
96438
317751
310298
36123
317449
70280
196982
224489
232394
310544
260162
132729
252147
309642
261982
256820
277528
313548
306313
171826
272803
190624
55856
282861
175163
163553
319017
52986
190649
309614
317798
34277
277203
275996
309656
308731
283637
124945
66473
111305
294113
247757
229718
310289
81990
152240
119664
299028
300283
285180
254769
304536
293043
90238
312191
309280
188786
156465
267285
186148
174570
105111
224901
121063
316059
222001
293083
318671
280637
265169
213295
276945
207965
293511
319081
170222
253033
319647
279943
311153
126967
135638
-1
306085
145057
120202
311917
258390
263165
301234
240159
309753
239386
201483
181469
269282
311662
107778
315448
248284
251136
165998
261804
320555
173563
320551
294496
316797
320097
314054
181394
271872
269444
248289
313073
134698
246672
184749
198084
169129
234982
240257
321391
223402
292035
269126
316708
218419
128767
271064
317318
312364
289016
59014
307245
313349
299428
123463
317449
255816
202718
275952
54983
308753
318634
74818
302882
313625
306908
301580
307624
56727
317449
223672
207085
294625
219626
268365
154106
182342
258158
306022
250592
306204
319187
197309
273676
205319
181589
92788
265280
294803
268160
54679
242608
126920
27970
175063
305957
315497
296055
47595
14200
211689
153083
221342
282192
322176
269160
107551
207686
323228
87749
259625
156992
105520
313024
323561
118977
244008
157885
168531
318772
322952
207585
92101
84857
180214
178637
107111
304008
265649
313534
231329
171922
51967
322244
273437
313269
325918
315242
299948
317531
183200
225657
248583
86653
260032
276910
302436
308415
323249
227813
238756
133609
292055
320226
9125
291307
254757
248448
210621
167647
234363
184179
312501
291106
253503
322855
124324
188758
308903
312107
272549
51997
324346
77684
315640
254724
298822
109151
318124
282304
264407
78198
145249
235562
246651
229360
184022
316414
262753
324561
310191
258620
228815
269667
254558
177996
311284
304125
276516
124287
291861
309859
238376
271285
326041
86697
276944
326192
134483
278586
261479
109039
316819
117232
178883
154741
-1
312957
214118
268620
308284
307269
318663
316163
236009
117445
318360
247409
308750
270675
285064
153578
308077
264982
301215
171176
89337
326207
323396
197717
249790
262658
68576
59224
232946
316242
212494
326359
269761
263436
68693
326605
306761
310547
268032
248063
312750
263248
310788
323586
309151
284682
294665
86134
305344
306591
262496
328958
308119
72876
298994
78939
99659
316913
196514
188271
242259
299493
243586
319334
245192
250707
139372
260894
193547
242356
165579
328071
303879
50358
300045
149642
247048
324450
199215
138222
57267
237604
232849
208258
225092
327851
302843
56747
66426
294587
312314
302660
126033
113000
261728
271481
286618
279935
170178
101295
260589
103917
321831
275921
189487
190309
290831
176280
317223
257427
217705
283499
258522
227694
254094
316207
222172
321198
325034
78400
259142
233003
240128
330208
297742
190825
291619
215112
326552
274016
189489
318718
237645
326039
241503
318806
319646
266371
328474
316984
204139
329887
225609
262880
207255
36040
60154
194366
180478
313513
201235
330184
282867
195611
304813
271891
330347
111811
261172
282911
314575
327253
306068
331134
329217
176962
322277
326478
320293
112887
275021
296251
323464
46298
310158
324876
237934
235636
307276
318213
304737
116630
311918
331432
194853
15707
327585
226018
245266
320525
271921
201791
313555
231974
323111
66545
91345
322076
208533
210705
149255
301804
292152
228971
321295
313772
245015
303405
220059
320225
257952
328223
328847
314823
305769
198569
324824
71760
277361
