1
1
117
1
136
8
31
63
193
611
1
1
133
122
96
147
1
78
273
612
116
5
96
32
141
269
325
166
69
639
123
98
344
154
295
6
374
269
6
174
98
187
14
725
74
73
308
1
18
80
3
15
278
102
178
11
258
514
86
568
80
187
79
70
20
301
47
61
199
74
399
3
6
108
80
91
457
849
517
61
209
55
17
3
268
65
51
96
89
81
52
6
770
25
173
1
72
476
27
76
476
13
60
308
485
450
131
68
9
205
395
435
89
8
725
417
50
5
79
18
273
2
274
516
157
13
301
340
317
15
660
322
84
297
3
159
44
133
223
296
366
56
133
115
48
352
90
40
152
46
59
399
323
187
200
581
211
40
265
179
413
473
142
176
226
258
26
101
337
53
77
123
318
8
58
715
14
302
104
578
149
16
324
726
7
664
57
470
205
271
7
286
96
70
65
281
350
122
15
119
50
125
65
133
40
233
464
113
33
229
45
229
89
43
401
134
145
115
3
21
564
82
564
432
579
300
629
2
566
769
160
106
335
386
274
41
170
73
321
37
760
146
494
121
625
2
103
16
699
36
190
43
235
71
350
179
417
452
140
25
253
117
78
192
173
753
652
418
80
243
457
499
76
366
140
175
574
57
114
699
37
17
273
45
408
256
341
137
18
51
139
12
352
197
231
204
9
126
798
125
7
23
28
429
58
756
386
287
398
174
116
773
144
45
228
105
322
210
173
118
63
10
22
353
134
794
371
39
239
138
151
185
76
478
449
91
235
652
522
544
8
227
335
662
586
86
45
197
137
427
113
98
284
303
73
695
587
4
193
51
239
470
101
589
348
204
788
50
31
530
37
216
123
206
350
655
550
89
30
109
50
4
505
10
24
92
85
35
449
194
132
221
91
40
492
402
122
486
495
229
112
267
129
132
221
501
74
616
83
262
278
506
28
33
344
17
432
213
253
458
192
233
722
107
563
38
885
598
23
268
21
24
199
39
351
493
186
70
463
573
521
514
64
901
165
87
176
513
21
46
336
856
514
129
737
860
71
370
48
158
178
68
210
524
17
401
479
156
98
405
344
152
39
153
288
17
216
214
4
190
112
807
154
505
84
18
23
244
343
155
274
234
84
490
55
183
189
93
737
173
8
437
219
276
51
541
172
214
70
455
631
520
688
18
198
327
48
55
424
37
317
461
3
159
272
282
497
232
85
312
227
625
664
33
127
821
214
10
73
30
39
194
7
2
51
776
90
475
204
62
272
580
611
186
647
246
435
251
185
543
230
60
356
442
69
76
48
155
495
679
515
183
293
362
163
23
288
37
563
240
618
367
125
822
80
277
229
429
96
560
9
149
183
390
55
97
118
73
129
1
344
455
35
118
224
16
490
227
375
14
230
178
45
97
13
247
24
206
3
528
385
655
595
677
4
35
377
11
148
325
49
533
14
543
385
146
371
497
375
4
244
409
124
4
449
88
351
250
54
150
272
396
200
370
262
95
309
39
343
3
195
89
206
318
92
281
216
248
105
29
511
264
757
64
222
14
130
463
146
33
114
105
658
126
11
504
53
64
393
543
856
689
305
195
546
53
105
3
778
79
263
161
811
158
110
158
104
98
2
699
488
523
753
186
515
360
165
728
108
123
126
210
308
239
734
316
143
298
260
79
282
116
810
564
310
588
349
181
681
103
1
192
115
19
65
276
201
235
194
193
113
25
477
217
9
193
702
197
384
111
61
11
490
64
195
19
30
68
73
329
267
25
340
100
77
200
14
280
231
54
498
349
174
9
208
222
23
899
83
659
112
64
100
409
211
345
151
124
111
212
9
77
444
191
541
197
196
247
74
320
476
265
5
551
344
76
72
746
70
245
419
164
299
51
393
29
626
293
48
567
250
27
321
173
150
31
66
90
161
76
669
234
620
36
202
39
418
5
143
57
376
318
945
27
446
388
325
157
72
6
655
382
50
542
17
209
433
136
625
820
83
9
72
43
623
110
41
602
5
580
84
102
42
690
206
17
260
499
128
11
111
68
783
450
316
133
420
133
240
8
97
213
16
752
172
225
22
53
511
597
391
27
451
434
74
100
400
135
15
138
18
669
505
44
117
91
30
89
94
16
752
271
71
529
197
6
195
216
551
541
320
600
232
53
364
672
406
74
408
49
251
24
51
481
472
754
235
338
216
142
41
407
331
277
514
38
128
348
11
111
99
80
315
95
58
325
55
19
451
110
157
902
11
76
313
385
543
130
509
150
245
102
637
70
105
54
31
91
582
276
