0
0
0
0
30
52
320
480
3
35
125
461
87
0
61
58
0
458
103
95
56
226
172
528
45
178
213
285
7
323
440
5
221
152
153
81
114
1
30
576
238
239
228
648
44
443
90
11
310
93
125
127
151
750
41
299
663
5
10
101
663
43
259
127
266
32
846
239
277
154
526
221
129
548
321
234
115
753
413
187
471
186
214
145
222
190
14
51
220
168
66
128
268
152
59
4
86
78
41
728
97
11
211
15
296
312
486
504
262
809
369
480
509
24
411
23
17
15
201
442
8
183
3
397
376
243
10
410
14
185
14
267
37
46
93
106
409
74
91
124
323
66
191
456
126
488
188
212
528
58
157
195
85
119
173
234
7
436
381
7
120
184
108
319
224
165
457
329
575
265
699
103
68
80
26
329
263
244
505
22
19
140
617
327
182
839
48
523
20
563
40
384
443
454
1
194
46
98
79
29
695
59
401
2
574
815
500
472
48
78
641
477
3
5
66
65
41
269
207
133
114
110
67
216
371
245
380
822
17
2
154
664
368
340
299
103
3
297
405
287
416
185
286
245
6
407
353
235
125
647
708
297
96
203
86
79
328
624
68
378
714
378
140
274
680
10
639
48
298
609
259
130
128
83
351
429
340
281
361
21
9
301
189
125
13
609
115
332
18
37
73
53
319
278
242
431
308
260
292
380
288
61
424
200
117
316
22
64
280
185
1
395
73
699
122
607
780
448
91
414
589
191
514
41
363
65
51
254
89
377
803
180
81
316
205
441
182
35
732
69
234
264
130
196
151
573
252
169
67
894
118
247
80
403
417
23
465
201
619
7
165
92
179
424
415
71
291
183
559
599
33
638
189
600
5
48
264
505
403
3
4
250
210
55
493
643
13
15
3
102
21
199
204
238
296
735
163
106
9
681
769
197
13
727
108
538
315
36
740
581
64
34
424
13
32
291
34
762
246
18
85
531
11
612
54
187
41
387
30
65
702
248
287
95
338
208
318
432
58
422
90
304
60
257
227
327
53
750
12
11
34
59
749
851
711
70
485
124
347
17
194
393
417
47
307
276
134
453
10
332
53
271
216
33
264
621
27
144
119
7
286
35
359
366
72
226
466
155
1
120
293
468
200
301
332
24
268
55
48
784
163
7
229
78
41
663
578
1
638
37
68
1
8
15
159
670
320
66
244
691
191
30
257
211
421
395
355
133
977
423
33
175
335
64
493
192
603
287
490
555
556
261
706
56
122
304
614
55
153
18
763
126
166
339
14
428
10
90
296
25
30
79
36
375
629
99
322
177
46
125
62
214
47
52
396
423
40
179
811
167
63
522
96
564
5
91
232
394
129
40
400
174
378
325
570
456
365
392
5
117
31
495
585
182
11
811
164
115
201
570
632
218
43
67
233
160
216
126
53
350
363
50
499
17
5
23
148
445
385
275
6
146
258
59
91
87
24
42
319
50
656
379
233
433
125
286
383
380
320
51
588
68
43
103
678
98
39
584
111
136
55
57
660
274
177
263
321
258
61
193
388
156
405
293
55
659
568
69
62
124
259
344
317
38
276
177
429
600
293
84
97
420
9
190
548
506
452
116
254
202
206
774
339
117
21
171
207
546
1
146
17
200
224
205
171
286
299
142
471
371
196
217
432
413
39
555
99
308
702
53
5
419
621
296
283
93
2
254
864
31
20
430
36
11
99
654
587
17
419
574
37
14
195
291
494
13
434
323
461
12
801
497
232
100
498
427
219
93
21
30
231
280
30
67
209
65
52
156
32
8
44
729
154
795
10
138
438
97
113
964
223
67
21
133
404
735
186
14
29
14
59
52
362
705
10
79
547
54
74
11
219
375
83
414
751
192
799
449
445
267
248
139
149
233
65
579
192
124
505
118
568
155
175
103
37
109
248
8
140
249
230
213
38
21
78
147
341
401
73
87
125
317
49
205
366
140
499
302
41
220
40
199
308
270
214
2
89
485
570
316
42
2
344
170
163
90
479
787
96
529
347
291
701
298
170
742
34
29
62
115
595
943
133
477
205
62
74
24
211
161
296
25
384
418
121
626
286
751
441
33
41
8
435
399
93
657
21
136
52
10
103
333
376
476
343
426
539
158
283
393
30
136
125
68
164
95
487
63
10
713
312
153
194
19
549
259
23
382
251
195
591
207
66
13
81
321
282
20
588
994
54
14
165
293
99
103
175
569
215
27
207
36
128
738
324
105
217
41
630
98
452
37
597
468
324
55
56
12
450
230
290
47
4
104
561
59
72
46
241
408
