0
0
56
0
0
23
292
26
145
0
181
176
71
15
104
351
213
161
73
375
227
84
363
142
15
37
243
244
82
295
3
65
405
83
158
7
433
447
61
66
133
82
80
180
63
45
6
441
73
312
26
325
99
893
24
449
103
79
417
192
175
6
7
91
23
134
112
367
22
195
24
8
73
16
91
14
751
139
191
252
323
615
34
90
107
37
8
88
326
210
317
51
36
547
335
381
1
4
231
632
170
26
187
151
19
363
47
376
11
138
267
567
686
716
89
398
73
30
231
296
291
153
490
13
718
13
16
269
116
181
307
143
364
923
460
340
310
719
631
516
217
500
30
263
269
173
15
206
341
546
32
10
86
179
221
411
66
39
220
10
310
177
117
6
190
11
43
318
273
80
291
233
255
329
594
557
180
871
195
86
1
114
84
497
158
203
105
170
221
8
550
286
905
233
332
157
237
450
395
38
252
963
207
70
53
35
14
50
36
8
648
216
424
59
286
420
121
124
38
606
266
626
300
8
437
203
429
94
139
23
245
149
55
509
99
14
227
281
160
103
73
310
50
780
215
203
11
437
830
135
318
46
484
10
193
600
81
574
110
422
133
631
172
18
181
176
78
868
185
673
511
1
186
285
17
167
184
92
79
242
843
202
65
44
720
671
91
83
400
80
317
408
441
51
584
640
244
636
236
37
56
94
170
248
182
436
370
174
195
288
61
329
304
122
289
532
368
156
966
470
236
353
34
336
121
192
189
479
85
357
4
655
728
561
797
47
29
17
78
906
68
45
344
94
57
89
264
58
118
388
74
216
32
211
108
105
200
829
4
39
29
11
221
597
15
436
58
139
787
637
82
91
611
218
535
114
39
27
85
175
190
688
33
101
287
15
162
4
94
6
38
2
172
133
439
228
355
3
52
27
109
490
359
245
2
106
38
69
319
28
801
789
15
194
193
17
152
64
531
390
3
24
479
278
75
100
149
314
934
984
763
29
282
712
297
106
59
634
848
159
817
245
295
337
225
174
35
305
429
94
697
81
541
418
252
113
187
12
900
377
56
77
254
342
514
723
130
428
198
711
5
19
523
400
16
5
624
27
219
80
174
355
606
77
33
56
42
556
49
844
376
499
379
161
128
24
524
175
382
34
470
13
168
283
175
2
645
316
50
97
192
28
559
24
261
249
49
143
647
445
476
187
536
139
542
285
322
294
522
163
328
79
63
442
79
20
814
94
640
28
258
245
3
224
807
314
215
29
8
130
604
554
551
3
220
789
190
144
87
25
736
342
21
1
837
176
190
119
627
349
37
146
467
131
320
458
29
606
108
212
20
488
83
724
51
224
138
49
232
148
84
161
41
433
415
107
360
58
28
138
752
24
190
6
758
9
327
57
530
117
52
302
6
128
122
149
367
95
173
22
207
46
8
460
648
112
46
97
554
22
514
25
442
370
80
70
525
107
26
45
64
364
19
218
204
340
296
55
9
50
619
127
29
217
309
241
351
102
148
431
92
568
7
178
129
740
804
407
662
750
12
675
24
638
485
377
615
248
80
100
157
217
341
364
7
55
678
904
103
38
162
449
211
224
33
337
112
174
23
341
18
63
362
22
118
4
247
412
58
109
649
203
320
136
25
127
306
822
294
612
43
613
290
125
80
215
343
206
425
3
35
508
13
585
511
247
570
10
319
26
104
299
9
40
75
40
251
65
389
123
18
618
436
613
39
166
154
39
773
9
383
318
265
37
15
25
135
291
28
1
283
23
325
3
487
127
296
695
300
245
95
361
298
21
41
26
42
295
162
74
6
392
253
94
122
456
925
633
155
185
408
112
419
227
622
12
241
12
276
39
315
443
300
3
140
232
23
77
101
584
250
260
251
609
439
39
111
256
135
393
128
75
294
29
47
370
63
450
392
71
396
253
474
4
278
71
235
236
573
107
241
490
332
44
66
15
476
72
91
774
180
582
540
91
7
110
376
495
61
114
474
20
593
223
8
57
166
238
13
799
110
7
293
32
127
22
374
224
531
160
717
227
361
229
624
222
41
374
294
99
283
568
262
37
614
16
158
486
634
137
235
14
138
351
28
19
7
385
54
139
140
247
614
453
5
66
548
276
238
170
6
267
56
384
100
2
213
87
790
142
10
327
134
73
96
195
325
49
246
243
523
198
371
274
221
114
194
14
67
34
554
129
75
695
87
161
619
217
210
274
5
208
196
39
206
7
149
389
552
138
210
96
556
85
165
583
49
241
46
64
77
356
51
635
256
157
227
263
134
223
