0
0
0
92
458
152
351
100
409
6
131
23
4
87
318
26
393
29
395
508
965
166
220
588
437
834
254
28
625
22
319
280
691
135
329
622
13
8
280
225
655
49
24
352
142
96
765
406
329
192
178
301
33
79
11
180
719
141
357
118
240
203
161
94
20
142
615
59
8
262
127
352
443
518
232
6
120
2
79
771
215
627
249
676
50
282
61
96
296
750
457
13
21
439
440
344
96
350
198
644
3
24
661
227
253
167
289
463
10
27
846
185
413
193
232
172
545
110
76
470
765
243
548
227
511
199
178
147
9
566
220
7
381
37
104
11
6
465
195
304
569
132
258
390
22
522
22
3
143
269
180
308
305
51
551
212
717
221
246
108
647
575
47
231
30
105
118
124
732
155
16
143
54
219
86
121
566
514
8
286
74
31
51
279
172
407
235
616
10
62
567
82
78
619
416
129
6
357
11
374
155
472
120
36
100
731
109
256
365
332
7
562
90
338
52
226
97
130
741
691
283
96
27
497
248
425
83
5
205
398
72
127
64
367
3
602
48
636
56
554
53
759
157
478
9
288
58
180
33
520
226
384
594
155
511
795
19
182
375
6
393
417
266
213
117
158
167
808
7
474
357
378
10
129
206
22
127
353
150
218
69
106
360
310
41
517
25
293
184
504
720
381
348
14
33
269
132
33
475
19
414
271
59
134
557
942
21
39
41
801
267
32
284
19
182
163
3
40
325
157
161
154
210
89
60
188
367
42
769
742
50
148
20
120
402
477
22
336
107
149
19
18
70
120
36
6
111
93
120
20
105
851
538
599
10
141
176
736
221
479
747
722
289
100
404
82
100
86
265
336
298
7
114
389
621
82
17
4
162
22
202
659
82
21
6
95
141
11
181
265
97
119
251
166
176
325
26
550
255
550
564
70
259
156
95
75
35
558
151
107
171
131
620
349
391
185
121
20
924
17
200
73
21
10
357
552
66
33
458
37
55
103
297
710
691
209
65
362
237
654
399
627
254
381
379
503
496
288
154
53
66
251
64
89
44
70
260
83
55
18
351
78
241
75
83
118
155
92
78
330
9
54
443
306
824
36
259
617
342
287
10
20
260
72
248
85
28
154
570
662
660
35
627
322
110
381
607
76
92
702
151
254
192
88
533
624
477
927
660
343
465
252
213
31
396
328
27
84
45
45
532
903
426
552
65
671
322
15
759
55
1
353
876
659
145
245
816
124
322
680
40
496
133
379
13
372
10
500
76
61
767
325
760
538
322
822
253
204
279
678
499
203
212
63
14
379
563
619
75
231
38
712
61
421
156
4
103
29
5
841
416
181
513
134
7
747
35
171
140
63
59
50
70
294
107
154
425
67
316
92
55
102
118
380
102
188
245
171
310
137
261
589
221
227
9
436
198
18
48
72
78
579
304
168
14
3
241
264
79
569
21
50
340
105
29
69
62
316
209
341
132
332
221
184
522
410
534
147
93
93
202
200
507
292
210
246
55
84
74
353
657
565
390
33
126
873
526
81
804
528
70
390
69
672
289
92
33
6
26
163
552
115
123
43
375
169
212
114
61
311
120
66
78
389
5
549
181
306
144
101
24
83
135
62
39
571
32
81
535
560
95
639
259
166
91
26
253
255
547
32
789
113
874
148
53
202
71
18
536
212
121
2
112
8
294
623
838
43
159
209
203
32
40
427
441
392
30
360
309
147
14
44
549
17
3
622
533
280
175
384
606
675
370
239
383
655
163
429
828
12
314
422
687
60
101
120
413
452
24
349
44
286
104
131
374
93
43
41
221
88
30
612
602
111
274
84
81
725
379
58
459
831
272
400
386
65
39
254
70
211
20
3
414
243
95
87
484
53
18
181
130
625
439
102
93
347
180
145
86
49
469
197
438
52
352
82
416
487
36
130
203
49
325
577
174
313
365
352
4
145
805
76
87
162
56
10
28
58
99
144
486
187
203
487
89
551
6
497
500
61
56
69
580
672
2
603
64
481
250
366
31
300
76
356
86
355
51
107
95
38
101
23
10
132
353
320
701
492
128
246
89
26
481
20
886
427
88
21
429
249
249
435
98
41
630
339
225
342
112
323
46
652
243
11
134
414
494
471
234
287
165
426
542
369
277
548
314
502
162
611
309
11
139
3
10
445
37
393
491
58
127
233
60
653
2
267
566
251
60
127
94
182
153
51
840
374
83
116
446
153
14
386
748
563
77
379
35
115
41
386
10
369
522
82
9
229
442
452
58
382
79
392
106
335
157
189
142
675
659
265
