1
1
1
18
46
1
99
117
193
8
543
208
669
65
129
157
366
471
1
225
26
86
37
226
278
146
10
224
112
682
495
100
315
140
119
398
302
44
1
72
236
42
8
559
17
305
187
10
228
170
34
37
669
411
671
142
208
261
1
556
45
405
38
280
55
529
287
205
349
161
40
23
41
604
74
84
7
433
87
24
304
55
216
80
216
47
274
4
204
366
265
387
118
36
149
228
545
418
109
246
196
242
15
41
56
266
331
493
399
26
511
745
358
54
6
23
66
370
165
203
239
4
285
177
324
251
485
449
12
157
469
124
339
208
240
631
97
38
94
17
240
234
55
264
471
277
100
85
136
9
1
118
109
19
282
71
247
352
167
8
125
396
58
263
144
130
369
206
219
137
533
73
173
29
600
379
271
10
85
523
280
339
117
21
42
300
801
492
154
106
301
27
169
42
31
169
63
37
357
267
67
69
294
203
240
115
911
399
115
503
318
5
16
104
15
491
216
187
211
132
259
31
102
140
320
125
34
707
59
183
488
532
594
385
248
331
388
337
13
622
495
12
566
78
205
400
441
156
506
190
55
127
360
161
96
78
542
240
633
12
403
17
480
293
296
62
108
648
41
175
342
38
114
203
14
286
486
210
29
1
107
33
206
29
126
84
80
229
213
35
171
48
294
188
496
18
445
86
185
187
224
192
295
665
162
676
346
46
276
371
158
132
230
217
58
385
117
359
190
596
96
98
265
10
24
441
145
142
186
58
120
16
239
187
797
432
79
487
89
163
41
68
355
357
176
57
104
806
6
110
585
236
206
29
106
23
8
339
1
551
91
261
302
150
164
34
64
269
116
402
35
722
302
177
122
205
811
9
21
45
432
54
171
535
635
292
27
286
690
559
12
2
569
383
69
27
793
482
221
50
350
4
6
794
124
194
44
91
193
511
69
239
411
496
51
372
263
434
410
726
266
304
177
327
337
8
790
3
271
94
87
234
115
480
239
241
331
232
290
708
85
35
24
84
191
297
453
152
771
148
543
156
288
9
7
279
196
404
4
20
22
59
9
138
568
170
273
35
27
67
683
635
623
89
153
138
308
208
651
82
909
216
905
519
378
127
636
348
94
99
171
430
4
16
294
289
55
811
111
6
446
153
143
84
202
304
726
522
363
203
12
247
525
527
894
882
127
121
447
95
236
84
32
553
571
210
214
491
509
672
470
434
520
343
67
58
104
52
7
88
31
199
156
12
661
246
339
121
588
226
116
91
610
68
501
105
571
460
581
263
280
587
383
55
231
171
238
484
19
5
205
303
844
19
522
377
199
15
132
348
123
775
591
70
358
478
16
572
480
258
177
72
758
581
43
39
156
9
35
175
486
350
139
162
49
595
377
53
676
33
25
47
19
138
8
6
20
493
69
185
776
670
388
155
331
648
557
919
523
272
391
68
34
373
84
10
52
294
12
216
173
30
661
132
290
12
54
397
8
112
272
311
55
729
769
26
433
36
27
467
647
648
435
547
761
85
624
190
82
172
56
74
20
147
19
594
385
723
724
108
191
108
325
168
25
495
93
241
115
3
348
40
816
3
48
619
334
100
299
212
254
2
611
17
382
112
585
91
2
969
99
144
256
143
645
82
66
42
376
592
202
129
5
40
312
302
101
225
530
162
62
257
107
196
19
10
295
72
778
556
5
4
89
666
28
149
469
275
670
838
148
202
569
179
30
269
7
406
749
199
91
150
13
349
129
613
346
155
100
585
39
26
162
270
574
140
153
66
275
65
30
169
217
29
711
241
553
452
162
489
46
168
6
642
162
469
167
288
43
177
8
23
69
166
298
48
143
10
226
217
417
191
9
102
30
98
526
314
535
165
132
726
443
157
116
145
841
7
117
423
257
116
421
39
874
317
240
49
102
697
226
186
22
40
157
760
447
570
237
35
618
106
89
277
175
368
522
396
579
143
515
217
35
14
175
53
469
622
743
176
78
383
80
400
10
511
596
340
291
220
453
52
50
564
528
214
46
296
22
226
789
18
1
917
50
402
5
57
194
340
196
123
688
143
99
573
707
148
306
31
836
94
2
184
268
139
149
81
10
160
230
69
741
142
8
42
44
4
116
425
29
137
31
327
411
116
299
198
195
760
282
30
23
69
391
8
1
130
69
39
268
90
30
215
182
174
43
248
7
42
898
76
255
202
66
708
638
413
158
13
119
406
139
884
154
474
81
748
146
368
879
334
511
2
4
174
4
186
242
206
55
379
264
29
17
523
234
507
250
86
